#
# A fatal error has been detected by the Java Runtime Environment:
#
#  EXCEPTION_ACCESS_VIOLATION (0xc0000005) at pc=0x00007ffcb0076997, pid=13888, tid=10980
#
# JRE version: Java(TM) SE Runtime Environment (16.0.1+9) (build 16.0.1+9-24)
# Java VM: Java HotSpot(TM) 64-Bit Server VM (16.0.1+9-24, mixed mode, sharing, tiered, compressed oops, compressed class ptrs, g1 gc, windows-amd64)
# Problematic frame:
# C  [glass.dll+0x26997]
#
# No core dump will be written. Minidumps are not enabled by default on client versions of Windows
#
# If you would like to submit a bug report, please visit:
#   https://bugreport.java.com/bugreport/crash.jsp
#

---------------  S U M M A R Y ------------

Command Line: --module-path=C:\Users\farha\Downloads\openjfx-16_windows-x64_bin-sdk\javafx-sdk-16\lib --add-modules=javafx.controls,javafx.fxml -Dfile.encoding=Cp1252 --module-path=C:\Users\farha\.p2\pool\plugins\org.eclipse.fx.ide.css.jfx8_3.7.0.202010120832.jar;C:\Users\farha\Downloads\openjfx-16_windows-x64_bin-sdk\javafx-sdk-16\lib\javafx.base.jar;C:\Users\farha\Downloads\openjfx-16_windows-x64_bin-sdk\javafx-sdk-16\lib\javafx.controls.jar;C:\Users\farha\Downloads\openjfx-16_windows-x64_bin-sdk\javafx-sdk-16\lib\javafx.fxml.jar;C:\Users\farha\Downloads\openjfx-16_windows-x64_bin-sdk\javafx-sdk-16\lib\javafx.graphics.jar;C:\Users\farha\Downloads\openjfx-16_windows-x64_bin-sdk\javafx-sdk-16\lib\javafx.media.jar;C:\Users\farha\Downloads\openjfx-16_windows-x64_bin-sdk\javafx-sdk-16\lib\javafx.swing.jar;C:\Users\farha\Downloads\openjfx-16_windows-x64_bin-sdk\javafx-sdk-16\lib\javafx.web.jar;C:\Users\farha\Downloads\openjfx-16_windows-x64_bin-sdk\javafx-sdk-16\lib\javafx-swt.jar -XX:+ShowCodeDetailsInExceptionMessages application.SystemManager

Host: Intel(R) Core(TM) i5-8250U CPU @ 1.60GHz, 8 cores, 7G,  Windows 10 , 64 bit Build 19041 (10.0.19041.1023)
Time: Thu Aug  5 21:39:57 2021 Malay Peninsula Standard Time elapsed time: 139.440291 seconds (0d 0h 2m 19s)

---------------  T H R E A D  ---------------

Current thread (0x0000020b15070830):  VMThread "VM Thread" [stack: 0x000000afd3f00000,0x000000afd4000000] [id=10980]

Stack: [0x000000afd3f00000,0x000000afd4000000],  sp=0x000000afd3ffef60,  free space=1019k
Native frames: (J=compiled Java code, j=interpreted, Vv=VM code, C=native code)
C  [glass.dll+0x26997]


siginfo: EXCEPTION_ACCESS_VIOLATION (0xc0000005), reading address 0x0000000000000000


Register to memory mapping:

RIP=0x00007ffcb0076997 glass.dll
RAX=0x0 is NULL
RBX=0x0000020b150773b0 is a global jni handle
RCX=0x0000020b15070830 points into unknown readable memory: 0x00007ffc831bf628 | 28 f6 1b 83 fc 7f 00 00
RDX=0x000000afd3ffef60 points into unknown readable memory: 0x0000000000000000 | 00 00 00 00 00 00 00 00
RSP=0x000000afd3ffef60 points into unknown readable memory: 0x0000000000000000 | 00 00 00 00 00 00 00 00
RBP=0x0000020b161547e8 points into unknown readable memory: 0x00000ac21ed554b6 | b6 54 d5 1e c2 0a 00 00
RSI=0x0000020b161547c0 points into unknown readable memory: 0x53000adde1f95579 | 79 55 f9 e1 dd 0a 00 53
RDI=0x00000ac21ed554b6 is an unknown value
R8 =0x0000000000010002 is an unknown value
R9 =0x00000ac21ed554b6 is an unknown value
R10=0x0000000000008000 is an unknown value
R11=0x000000afd3ffeef0 points into unknown readable memory: 0x0000020b161547c0 | c0 47 15 16 0b 02 00 00
R12=0x00007ffcb0074234 glass.dll
R13=0x0000020b770ec170 points into unknown readable memory: 0x8000000900000001 | 01 00 00 00 09 00 00 80
R14=0x000000afd3fff058 points into unknown readable memory: 0x000000afd3fff040 | 40 f0 ff d3 af 00 00 00
R15=0x0000020b161547c0 points into unknown readable memory: 0x53000adde1f95579 | 79 55 f9 e1 dd 0a 00 53


Registers:
RAX=0x0000000000000000, RBX=0x0000020b150773b0, RCX=0x0000020b15070830, RDX=0x000000afd3ffef60
RSP=0x000000afd3ffef60, RBP=0x0000020b161547e8, RSI=0x0000020b161547c0, RDI=0x00000ac21ed554b6
R8 =0x0000000000010002, R9 =0x00000ac21ed554b6, R10=0x0000000000008000, R11=0x000000afd3ffeef0
R12=0x00007ffcb0074234, R13=0x0000020b770ec170, R14=0x000000afd3fff058, R15=0x0000020b161547c0
RIP=0x00007ffcb0076997, EFLAGS=0x0000000000010202

Top of Stack: (sp=0x000000afd3ffef60)
0x000000afd3ffef60:   0000000000000000 0000020b161547c0
0x000000afd3ffef70:   0000020b770ec170 00007ffcb0074234
0x000000afd3ffef80:   0000020b161547c8 00007ffcdd5942d6
0x000000afd3ffef90:   00000ac21ed554b6 0000020b00000000
0x000000afd3ffefa0:   0000020b161547e8 0000020b161547c0
0x000000afd3ffefb0:   fffffffffffffffe 0000000000000000
0x000000afd3ffefc0:   0000000000000001 00007ffcb0050000
0x000000afd3ffefd0:   000000afd3fff048 00007ffcdd5941fb
0x000000afd3ffefe0:   0000000000000000 000000afd3fff058
0x000000afd3ffeff0:   000000afd3fff320 00007ffcdd670e40
0x000000afd3fff000:   0000000000000001 00007ffcdd5941b4
0x000000afd3fff010:   0000000000000000 0000000000000001
0x000000afd3fff020:   0000000000000000 000000afd3fff048
0x000000afd3fff030:   0000000000000001 00007ffcb00740c1
0x000000afd3fff040:   00007ffcb008a128 00007ffc00000002
0x000000afd3fff050:   0000000000000002 000000afd3fff040 

Instructions: (pc=0x00007ffcb0076997)
0x00007ffcb0076897:   8b 4d 58 e8 d1 ce ff ff 48 8b 4d 60 e8 c8 ce ff
0x00007ffcb00768a7:   ff 48 8b 95 80 00 00 00 48 8b 8d 18 01 00 00 e8
0x00007ffcb00768b7:   96 c3 ff ff 33 d2 33 c9 e8 12 e1 ff ff 90 48 89
0x00007ffcb00768c7:   54 24 10 55 48 83 ec 20 48 8b ea 48 b8 00 00 00
0x00007ffcb00768d7:   00 00 00 00 00 48 83 c4 20 5d c3 cc 40 55 48 8b
0x00007ffcb00768e7:   ea 48 8b 01 33 c9 81 38 05 00 00 c0 0f 94 c1 8b
0x00007ffcb00768f7:   c1 5d c3 cc 40 55 48 83 ec 20 48 8b ea 8a 4d 40
0x00007ffcb0076907:   48 83 c4 20 5d e9 c7 d2 ff ff cc 40 55 48 83 ec
0x00007ffcb0076917:   20 48 8b ea 8a 4d 20 e8 b5 d2 ff ff 90 48 83 c4
0x00007ffcb0076927:   20 5d c3 cc 40 55 48 83 ec 20 48 8b ea 48 83 c4
0x00007ffcb0076937:   20 5d e9 16 d1 ff ff cc 40 55 48 83 ec 30 48 8b
0x00007ffcb0076947:   ea 48 8b 01 8b 10 48 89 4c 24 28 89 54 24 20 4c
0x00007ffcb0076957:   8d 0d b7 d5 ff ff 4c 8b 45 70 8b 55 68 48 8b 4d
0x00007ffcb0076967:   60 e8 57 d0 ff ff 90 48 83 c4 30 5d c3 cc cc cc
0x00007ffcb0076977:   cc cc cc cc cc cc cc cc cc 40 53 48 83 ec 20 48
0x00007ffcb0076987:   8b 1d 93 31 01 00 48 85 db 74 16 e8 29 8b ff ff
0x00007ffcb0076997:   4c 8b 00 48 8b d3 48 8b c8 41 ff 90 b0 00 00 00
0x00007ffcb00769a7:   90 48 83 c4 20 5b c3 cc cc 40 53 48 83 ec 20 48
0x00007ffcb00769b7:   8b 1d 0b 33 01 00 48 85 db 74 57 b8 ff ff ff ff
0x00007ffcb00769c7:   f0 0f c1 43 10 83 f8 01 75 3d 48 85 db 74 38 48
0x00007ffcb00769d7:   8b 0b 48 85 c9 74 0d ff 15 c4 08 00 00 48 c7 03
0x00007ffcb00769e7:   00 00 00 00 48 8b 4b 08 48 85 c9 74 0d e8 77 cd
0x00007ffcb00769f7:   ff ff 48 c7 43 08 00 00 00 00 ba 18 00 00 00 48
0x00007ffcb0076a07:   8b cb e8 62 cd ff ff 48 c7 05 af 32 01 00 00 00
0x00007ffcb0076a17:   00 00 48 83 c4 20 5b c3 cc 40 53 48 83 ec 20 48
0x00007ffcb0076a27:   8b 1d 7b 32 01 00 48 85 db 74 57 b8 ff ff ff ff
0x00007ffcb0076a37:   f0 0f c1 43 10 83 f8 01 75 3d 48 85 db 74 38 48
0x00007ffcb0076a47:   8b 0b 48 85 c9 74 0d ff 15 54 08 00 00 48 c7 03
0x00007ffcb0076a57:   00 00 00 00 48 8b 4b 08 48 85 c9 74 0d e8 07 cd
0x00007ffcb0076a67:   ff ff 48 c7 43 08 00 00 00 00 ba 18 00 00 00 48
0x00007ffcb0076a77:   8b cb e8 f2 cc ff ff 48 c7 05 1f 32 01 00 00 00
0x00007ffcb0076a87:   00 00 48 83 c4 20 5b c3 cc 40 53 48 83 ec 20 48 


Stack slot to memory mapping:
stack at sp + 0 slots: 0x0 is NULL
stack at sp + 1 slots: 0x0000020b161547c0 points into unknown readable memory: 0x53000adde1f95579 | 79 55 f9 e1 dd 0a 00 53
stack at sp + 2 slots: 0x0000020b770ec170 points into unknown readable memory: 0x8000000900000001 | 01 00 00 00 09 00 00 80
stack at sp + 3 slots: 0x00007ffcb0074234 glass.dll
stack at sp + 4 slots: 0x0000020b161547c8 points into unknown readable memory: 0x00000ac21ed554b6 | b6 54 d5 1e c2 0a 00 00
stack at sp + 5 slots: 0x00007ffcdd5942d6 ucrtbase.dll
stack at sp + 6 slots: 0x00000ac21ed554b6 is an unknown value
stack at sp + 7 slots: 0x0000020b00000000 points into unknown readable memory: 0x0000000000000006 | 06 00 00 00 00 00 00 00

VM_Operation (0x000000afd51fba20): Exit, mode: safepoint, requested by thread 0x0000020b165f9690


---------------  P R O C E S S  ---------------

Threads class SMR info:
_java_thread_list=0x0000020b162017f0, length=19, elements={
0x0000020b77089a10, 0x0000020b7708aa00, 0x0000020b7708af50, 0x0000020b7708b4a0,
0x0000020b7708b9f0, 0x0000020b77089f60, 0x0000020b7708bf40, 0x0000020b15096a30,
0x0000020b15099450, 0x0000020b1509b9c0, 0x0000020b7708a4b0, 0x0000020b77088f70,
0x0000020b770894c0, 0x0000020b165fcbb0, 0x0000020b165f9690, 0x0000020b165f9be0,
0x0000020b165fbbc0, 0x0000020b165fc660, 0x0000020b165fa130
}

Java Threads: ( => current thread )
  0x0000020b77089a10 JavaThread "main" [_thread_blocked, id=1844, stack(0x000000afd3900000,0x000000afd3a00000)]
  0x0000020b7708aa00 JavaThread "Reference Handler" daemon [_thread_blocked, id=2148, stack(0x000000afd4000000,0x000000afd4100000)]
  0x0000020b7708af50 JavaThread "Finalizer" daemon [_thread_blocked, id=10392, stack(0x000000afd4100000,0x000000afd4200000)]
  0x0000020b7708b4a0 JavaThread "Signal Dispatcher" daemon [_thread_blocked, id=1156, stack(0x000000afd4200000,0x000000afd4300000)]
  0x0000020b7708b9f0 JavaThread "Attach Listener" daemon [_thread_blocked, id=9640, stack(0x000000afd4300000,0x000000afd4400000)]
  0x0000020b77089f60 JavaThread "Service Thread" daemon [_thread_blocked, id=13044, stack(0x000000afd4400000,0x000000afd4500000)]
  0x0000020b7708bf40 JavaThread "Monitor Deflation Thread" daemon [_thread_blocked, id=3308, stack(0x000000afd4500000,0x000000afd4600000)]
  0x0000020b15096a30 JavaThread "C2 CompilerThread0" daemon [_thread_blocked, id=13220, stack(0x000000afd4600000,0x000000afd4700000)]
  0x0000020b15099450 JavaThread "C1 CompilerThread0" daemon [_thread_blocked, id=2872, stack(0x000000afd4700000,0x000000afd4800000)]
  0x0000020b1509b9c0 JavaThread "Sweeper thread" daemon [_thread_blocked, id=676, stack(0x000000afd4800000,0x000000afd4900000)]
  0x0000020b7708a4b0 JavaThread "Common-Cleaner" daemon [_thread_blocked, id=2316, stack(0x000000afd4900000,0x000000afd4a00000)]
  0x0000020b77088f70 JavaThread "Notification Thread" daemon [_thread_blocked, id=14188, stack(0x000000afd4c00000,0x000000afd4d00000)]
  0x0000020b770894c0 JavaThread "QuantumRenderer-0" daemon [_thread_blocked, id=8660, stack(0x000000afd4e00000,0x000000afd4f00000)]
  0x0000020b165fcbb0 JavaThread "InvokeLaterDispatcher" daemon [_thread_blocked, id=12016, stack(0x000000afd5000000,0x000000afd5100000)]
  0x0000020b165f9690 JavaThread "JavaFX Application Thread" [_thread_blocked, id=12948, stack(0x000000afd5100000,0x000000afd5200000)]
  0x0000020b165f9be0 JavaThread "JavaFX-Launcher" [_thread_blocked, id=12648, stack(0x000000afd5300000,0x000000afd5400000)]
  0x0000020b165fbbc0 JavaThread "Thread-2" daemon [_thread_in_native, id=6256, stack(0x000000afd5200000,0x000000afd5300000)]
  0x0000020b165fc660 JavaThread "Prism Font Disposer" daemon [_thread_blocked, id=8048, stack(0x000000afd5d00000,0x000000afd5e00000)]
  0x0000020b165fa130 JavaThread "Cleaner-0" daemon [_thread_blocked, id=4616, stack(0x000000afd5e00000,0x000000afd5f00000)]

Other Threads:
=>0x0000020b15070830 VMThread "VM Thread" [stack: 0x000000afd3f00000,0x000000afd4000000] [id=10980]
  0x0000020b770cdb80 GCTaskThread "GC Thread#0" [stack: 0x000000afd3a00000,0x000000afd3b00000] [id=12984]
  0x0000020b167f6830 GCTaskThread "GC Thread#1" [stack: 0x000000afd5400000,0x000000afd5500000] [id=13440]
  0x0000020b167f4fb0 GCTaskThread "GC Thread#2" [stack: 0x000000afd5500000,0x000000afd5600000] [id=12480]
  0x0000020b167f55d0 GCTaskThread "GC Thread#3" [stack: 0x000000afd5600000,0x000000afd5700000] [id=9004]
  0x0000020b167f58e0 GCTaskThread "GC Thread#4" [stack: 0x000000afd5700000,0x000000afd5800000] [id=6768]
  0x0000020b167f5bf0 GCTaskThread "GC Thread#5" [stack: 0x000000afd5800000,0x000000afd5900000] [id=6368]
  0x0000020b770df860 ConcurrentGCThread "G1 Main Marker" terminated
  0x0000020b770e0a00 ConcurrentGCThread "G1 Conc#0" [stack: 0x000000afd3c00000,0x000000afd3d00000] [id=12668]
  0x0000020b771600c0 ConcurrentGCThread "G1 Refine#0" terminated
  0x0000020b77160ad0 ConcurrentGCThread "G1 Service" terminated

Threads with active compile tasks:
C2 CompilerThread0  
[error occurred during error reporting (printing all threads), id 0xc0000005, EXCEPTION_ACCESS_VIOLATION (0xc0000005) at pc=0x00007ffc82fdbb63]

VM state: at safepoint (shutting down)

VM Mutex/Monitor currently owned by a thread:  ([mutex/lock_event])
[0x0000020b77085a90] Threads_lock - owner thread: 0x0000020b15070830
[0x0000020b77086c90] Heap_lock - owner thread: 0x0000020b165f9690

Heap address: 0x0000000081c00000, size: 2020 MB, Compressed Oops mode: 32-bit

CDS archive(s) mapped at: [0x0000000800000000-0x0000000800bb0000-0x0000000800bb0000), size 12255232, SharedBaseAddress: 0x0000000800000000, ArchiveRelocationMode: 0.
Compressed class space mapped at: 0x0000000800c00000-0x0000000840c00000, reserved size: 1073741824
Narrow klass base: 0x0000000800000000, Narrow klass shift: 3, Narrow klass range: 0x100000000

GC Precious Log:
 CPUs: 8 total, 8 available
 Memory: 8074M
 Large Page Support: Disabled
 NUMA Support: Disabled
 Compressed Oops: Enabled (32-bit)
 Heap Region Size: 1M
 Heap Min Capacity: 8M
 Heap Initial Capacity: 128M
 Heap Max Capacity: 2020M
 Pre-touch: Disabled
 Parallel Workers: 8
 Concurrent Workers: 2
 Concurrent Refinement Workers: 8
 Periodic GC: Disabled

Heap:
 garbage-first heap   total 131072K, used 35750K [0x0000000081c00000, 0x0000000100000000)
  region size 1024K, 34 young (34816K), 3 survivors (3072K)
 Metaspace       used 14444K, committed 14656K, reserved 1064960K
  class space    used 2027K, committed 2112K, reserved 1048576K

Heap Regions: E=young(eden), S=young(survivor), O=old, HS=humongous(starts), HC=humongous(continues), CS=collection set, F=free, OA=open archive, CA=closed archive, TAMS=top-at-mark-start (previous, next)
|   0|0x0000000081c00000, 0x0000000081d00000, 0x0000000081d00000|100%|HS|  |TAMS 0x0000000081c00000, 0x0000000081c00000| Complete 
|   1|0x0000000081d00000, 0x0000000081e00000, 0x0000000081e00000|100%|HC|  |TAMS 0x0000000081d00000, 0x0000000081d00000| Complete 
|   2|0x0000000081e00000, 0x0000000081e00000, 0x0000000081f00000|  0%| F|  |TAMS 0x0000000081e00000, 0x0000000081e00000| Untracked 
|   3|0x0000000081f00000, 0x0000000081f00000, 0x0000000082000000|  0%| F|  |TAMS 0x0000000081f00000, 0x0000000081f00000| Untracked 
|   4|0x0000000082000000, 0x0000000082000000, 0x0000000082100000|  0%| F|  |TAMS 0x0000000082000000, 0x0000000082000000| Untracked 
|   5|0x0000000082100000, 0x0000000082100000, 0x0000000082200000|  0%| F|  |TAMS 0x0000000082100000, 0x0000000082100000| Untracked 
|   6|0x0000000082200000, 0x0000000082200000, 0x0000000082300000|  0%| F|  |TAMS 0x0000000082200000, 0x0000000082200000| Untracked 
|   7|0x0000000082300000, 0x0000000082300000, 0x0000000082400000|  0%| F|  |TAMS 0x0000000082300000, 0x0000000082300000| Untracked 
|   8|0x0000000082400000, 0x0000000082400000, 0x0000000082500000|  0%| F|  |TAMS 0x0000000082400000, 0x0000000082400000| Untracked 
|   9|0x0000000082500000, 0x0000000082500000, 0x0000000082600000|  0%| F|  |TAMS 0x0000000082500000, 0x0000000082500000| Untracked 
|  10|0x0000000082600000, 0x0000000082600000, 0x0000000082700000|  0%| F|  |TAMS 0x0000000082600000, 0x0000000082600000| Untracked 
|  11|0x0000000082700000, 0x0000000082700000, 0x0000000082800000|  0%| F|  |TAMS 0x0000000082700000, 0x0000000082700000| Untracked 
|  12|0x0000000082800000, 0x0000000082800000, 0x0000000082900000|  0%| F|  |TAMS 0x0000000082800000, 0x0000000082800000| Untracked 
|  13|0x0000000082900000, 0x0000000082900000, 0x0000000082a00000|  0%| F|  |TAMS 0x0000000082900000, 0x0000000082900000| Untracked 
|  14|0x0000000082a00000, 0x0000000082a00000, 0x0000000082b00000|  0%| F|  |TAMS 0x0000000082a00000, 0x0000000082a00000| Untracked 
|  15|0x0000000082b00000, 0x0000000082b00000, 0x0000000082c00000|  0%| F|  |TAMS 0x0000000082b00000, 0x0000000082b00000| Untracked 
|  16|0x0000000082c00000, 0x0000000082c00000, 0x0000000082d00000|  0%| F|  |TAMS 0x0000000082c00000, 0x0000000082c00000| Untracked 
|  17|0x0000000082d00000, 0x0000000082d00000, 0x0000000082e00000|  0%| F|  |TAMS 0x0000000082d00000, 0x0000000082d00000| Untracked 
|  18|0x0000000082e00000, 0x0000000082e00000, 0x0000000082f00000|  0%| F|  |TAMS 0x0000000082e00000, 0x0000000082e00000| Untracked 
|  19|0x0000000082f00000, 0x0000000082f00000, 0x0000000083000000|  0%| F|  |TAMS 0x0000000082f00000, 0x0000000082f00000| Untracked 
|  20|0x0000000083000000, 0x0000000083000000, 0x0000000083100000|  0%| F|  |TAMS 0x0000000083000000, 0x0000000083000000| Untracked 
|  21|0x0000000083100000, 0x0000000083100000, 0x0000000083200000|  0%| F|  |TAMS 0x0000000083100000, 0x0000000083100000| Untracked 
|  22|0x0000000083200000, 0x0000000083200000, 0x0000000083300000|  0%| F|  |TAMS 0x0000000083200000, 0x0000000083200000| Untracked 
|  23|0x0000000083300000, 0x0000000083300000, 0x0000000083400000|  0%| F|  |TAMS 0x0000000083300000, 0x0000000083300000| Untracked 
|  24|0x0000000083400000, 0x0000000083400000, 0x0000000083500000|  0%| F|  |TAMS 0x0000000083400000, 0x0000000083400000| Untracked 
|  25|0x0000000083500000, 0x0000000083500000, 0x0000000083600000|  0%| F|  |TAMS 0x0000000083500000, 0x0000000083500000| Untracked 
|  26|0x0000000083600000, 0x0000000083600000, 0x0000000083700000|  0%| F|  |TAMS 0x0000000083600000, 0x0000000083600000| Untracked 
|  27|0x0000000083700000, 0x0000000083700000, 0x0000000083800000|  0%| F|  |TAMS 0x0000000083700000, 0x0000000083700000| Untracked 
|  28|0x0000000083800000, 0x0000000083800000, 0x0000000083900000|  0%| F|  |TAMS 0x0000000083800000, 0x0000000083800000| Untracked 
|  29|0x0000000083900000, 0x0000000083900000, 0x0000000083a00000|  0%| F|  |TAMS 0x0000000083900000, 0x0000000083900000| Untracked 
|  30|0x0000000083a00000, 0x0000000083a00000, 0x0000000083b00000|  0%| F|  |TAMS 0x0000000083a00000, 0x0000000083a00000| Untracked 
|  31|0x0000000083b00000, 0x0000000083b00000, 0x0000000083c00000|  0%| F|  |TAMS 0x0000000083b00000, 0x0000000083b00000| Untracked 
|  32|0x0000000083c00000, 0x0000000083c00000, 0x0000000083d00000|  0%| F|  |TAMS 0x0000000083c00000, 0x0000000083c00000| Untracked 
|  33|0x0000000083d00000, 0x0000000083d00000, 0x0000000083e00000|  0%| F|  |TAMS 0x0000000083d00000, 0x0000000083d00000| Untracked 
|  34|0x0000000083e00000, 0x0000000083e00000, 0x0000000083f00000|  0%| F|  |TAMS 0x0000000083e00000, 0x0000000083e00000| Untracked 
|  35|0x0000000083f00000, 0x0000000083f00000, 0x0000000084000000|  0%| F|  |TAMS 0x0000000083f00000, 0x0000000083f00000| Untracked 
|  36|0x0000000084000000, 0x0000000084000000, 0x0000000084100000|  0%| F|  |TAMS 0x0000000084000000, 0x0000000084000000| Untracked 
|  37|0x0000000084100000, 0x0000000084100000, 0x0000000084200000|  0%| F|  |TAMS 0x0000000084100000, 0x0000000084100000| Untracked 
|  38|0x0000000084200000, 0x0000000084200000, 0x0000000084300000|  0%| F|  |TAMS 0x0000000084200000, 0x0000000084200000| Untracked 
|  39|0x0000000084300000, 0x0000000084300000, 0x0000000084400000|  0%| F|  |TAMS 0x0000000084300000, 0x0000000084300000| Untracked 
|  40|0x0000000084400000, 0x0000000084400000, 0x0000000084500000|  0%| F|  |TAMS 0x0000000084400000, 0x0000000084400000| Untracked 
|  41|0x0000000084500000, 0x0000000084500000, 0x0000000084600000|  0%| F|  |TAMS 0x0000000084500000, 0x0000000084500000| Untracked 
|  42|0x0000000084600000, 0x0000000084600000, 0x0000000084700000|  0%| F|  |TAMS 0x0000000084600000, 0x0000000084600000| Untracked 
|  43|0x0000000084700000, 0x0000000084700000, 0x0000000084800000|  0%| F|  |TAMS 0x0000000084700000, 0x0000000084700000| Untracked 
|  44|0x0000000084800000, 0x0000000084800000, 0x0000000084900000|  0%| F|  |TAMS 0x0000000084800000, 0x0000000084800000| Untracked 
|  45|0x0000000084900000, 0x0000000084900000, 0x0000000084a00000|  0%| F|  |TAMS 0x0000000084900000, 0x0000000084900000| Untracked 
|  46|0x0000000084a00000, 0x0000000084a00000, 0x0000000084b00000|  0%| F|  |TAMS 0x0000000084a00000, 0x0000000084a00000| Untracked 
|  47|0x0000000084b00000, 0x0000000084b00000, 0x0000000084c00000|  0%| F|  |TAMS 0x0000000084b00000, 0x0000000084b00000| Untracked 
|  48|0x0000000084c00000, 0x0000000084c00000, 0x0000000084d00000|  0%| F|  |TAMS 0x0000000084c00000, 0x0000000084c00000| Untracked 
|  49|0x0000000084d00000, 0x0000000084d00000, 0x0000000084e00000|  0%| F|  |TAMS 0x0000000084d00000, 0x0000000084d00000| Untracked 
|  50|0x0000000084e00000, 0x0000000084e00000, 0x0000000084f00000|  0%| F|  |TAMS 0x0000000084e00000, 0x0000000084e00000| Untracked 
|  51|0x0000000084f00000, 0x0000000084f00000, 0x0000000085000000|  0%| F|  |TAMS 0x0000000084f00000, 0x0000000084f00000| Untracked 
|  52|0x0000000085000000, 0x0000000085000000, 0x0000000085100000|  0%| F|  |TAMS 0x0000000085000000, 0x0000000085000000| Untracked 
|  53|0x0000000085100000, 0x0000000085100000, 0x0000000085200000|  0%| F|  |TAMS 0x0000000085100000, 0x0000000085100000| Untracked 
|  54|0x0000000085200000, 0x0000000085200000, 0x0000000085300000|  0%| F|  |TAMS 0x0000000085200000, 0x0000000085200000| Untracked 
|  55|0x0000000085300000, 0x0000000085300000, 0x0000000085400000|  0%| F|  |TAMS 0x0000000085300000, 0x0000000085300000| Untracked 
|  56|0x0000000085400000, 0x0000000085400000, 0x0000000085500000|  0%| F|  |TAMS 0x0000000085400000, 0x0000000085400000| Untracked 
|  57|0x0000000085500000, 0x0000000085500000, 0x0000000085600000|  0%| F|  |TAMS 0x0000000085500000, 0x0000000085500000| Untracked 
|  58|0x0000000085600000, 0x0000000085600000, 0x0000000085700000|  0%| F|  |TAMS 0x0000000085600000, 0x0000000085600000| Untracked 
|  59|0x0000000085700000, 0x0000000085700000, 0x0000000085800000|  0%| F|  |TAMS 0x0000000085700000, 0x0000000085700000| Untracked 
|  60|0x0000000085800000, 0x0000000085800000, 0x0000000085900000|  0%| F|  |TAMS 0x0000000085800000, 0x0000000085800000| Untracked 
|  61|0x0000000085900000, 0x0000000085900000, 0x0000000085a00000|  0%| F|  |TAMS 0x0000000085900000, 0x0000000085900000| Untracked 
|  62|0x0000000085a00000, 0x0000000085a00000, 0x0000000085b00000|  0%| F|  |TAMS 0x0000000085a00000, 0x0000000085a00000| Untracked 
|  63|0x0000000085b00000, 0x0000000085b00000, 0x0000000085c00000|  0%| F|  |TAMS 0x0000000085b00000, 0x0000000085b00000| Untracked 
|  64|0x0000000085c00000, 0x0000000085c00000, 0x0000000085d00000|  0%| F|  |TAMS 0x0000000085c00000, 0x0000000085c00000| Untracked 
|  65|0x0000000085d00000, 0x0000000085d00000, 0x0000000085e00000|  0%| F|  |TAMS 0x0000000085d00000, 0x0000000085d00000| Untracked 
|  66|0x0000000085e00000, 0x0000000085e00000, 0x0000000085f00000|  0%| F|  |TAMS 0x0000000085e00000, 0x0000000085e00000| Untracked 
|  67|0x0000000085f00000, 0x0000000085f00000, 0x0000000086000000|  0%| F|  |TAMS 0x0000000085f00000, 0x0000000085f00000| Untracked 
|  68|0x0000000086000000, 0x0000000086000000, 0x0000000086100000|  0%| F|  |TAMS 0x0000000086000000, 0x0000000086000000| Untracked 
|  69|0x0000000086100000, 0x0000000086100000, 0x0000000086200000|  0%| F|  |TAMS 0x0000000086100000, 0x0000000086100000| Untracked 
|  70|0x0000000086200000, 0x0000000086200000, 0x0000000086300000|  0%| F|  |TAMS 0x0000000086200000, 0x0000000086200000| Untracked 
|  71|0x0000000086300000, 0x0000000086300000, 0x0000000086400000|  0%| F|  |TAMS 0x0000000086300000, 0x0000000086300000| Untracked 
|  72|0x0000000086400000, 0x0000000086400000, 0x0000000086500000|  0%| F|  |TAMS 0x0000000086400000, 0x0000000086400000| Untracked 
|  73|0x0000000086500000, 0x0000000086500000, 0x0000000086600000|  0%| F|  |TAMS 0x0000000086500000, 0x0000000086500000| Untracked 
|  74|0x0000000086600000, 0x0000000086600000, 0x0000000086700000|  0%| F|  |TAMS 0x0000000086600000, 0x0000000086600000| Untracked 
|  75|0x0000000086700000, 0x0000000086700000, 0x0000000086800000|  0%| F|  |TAMS 0x0000000086700000, 0x0000000086700000| Untracked 
|  76|0x0000000086800000, 0x0000000086800000, 0x0000000086900000|  0%| F|  |TAMS 0x0000000086800000, 0x0000000086800000| Untracked 
|  77|0x0000000086900000, 0x0000000086900000, 0x0000000086a00000|  0%| F|  |TAMS 0x0000000086900000, 0x0000000086900000| Untracked 
|  78|0x0000000086a00000, 0x0000000086a00000, 0x0000000086b00000|  0%| F|  |TAMS 0x0000000086a00000, 0x0000000086a00000| Untracked 
|  79|0x0000000086b00000, 0x0000000086b00000, 0x0000000086c00000|  0%| F|  |TAMS 0x0000000086b00000, 0x0000000086b00000| Untracked 
|  80|0x0000000086c00000, 0x0000000086c00000, 0x0000000086d00000|  0%| F|  |TAMS 0x0000000086c00000, 0x0000000086c00000| Untracked 
|  81|0x0000000086d00000, 0x0000000086d00000, 0x0000000086e00000|  0%| F|  |TAMS 0x0000000086d00000, 0x0000000086d00000| Untracked 
|  82|0x0000000086e00000, 0x0000000086e00000, 0x0000000086f00000|  0%| F|  |TAMS 0x0000000086e00000, 0x0000000086e00000| Untracked 
|  83|0x0000000086f00000, 0x0000000086f00000, 0x0000000087000000|  0%| F|  |TAMS 0x0000000086f00000, 0x0000000086f00000| Untracked 
|  84|0x0000000087000000, 0x0000000087000000, 0x0000000087100000|  0%| F|  |TAMS 0x0000000087000000, 0x0000000087000000| Untracked 
|  85|0x0000000087100000, 0x0000000087100000, 0x0000000087200000|  0%| F|  |TAMS 0x0000000087100000, 0x0000000087100000| Untracked 
|  86|0x0000000087200000, 0x0000000087200000, 0x0000000087300000|  0%| F|  |TAMS 0x0000000087200000, 0x0000000087200000| Untracked 
|  87|0x0000000087300000, 0x0000000087300000, 0x0000000087400000|  0%| F|  |TAMS 0x0000000087300000, 0x0000000087300000| Untracked 
|  88|0x0000000087400000, 0x0000000087400000, 0x0000000087500000|  0%| F|  |TAMS 0x0000000087400000, 0x0000000087400000| Untracked 
|  89|0x0000000087500000, 0x0000000087500000, 0x0000000087600000|  0%| F|  |TAMS 0x0000000087500000, 0x0000000087500000| Untracked 
|  90|0x0000000087600000, 0x0000000087600000, 0x0000000087700000|  0%| F|  |TAMS 0x0000000087600000, 0x0000000087600000| Untracked 
|  91|0x0000000087700000, 0x0000000087700000, 0x0000000087800000|  0%| F|  |TAMS 0x0000000087700000, 0x0000000087700000| Untracked 
|  92|0x0000000087800000, 0x0000000087800000, 0x0000000087900000|  0%| F|  |TAMS 0x0000000087800000, 0x0000000087800000| Untracked 
|  93|0x0000000087900000, 0x0000000087900000, 0x0000000087a00000|  0%| F|  |TAMS 0x0000000087900000, 0x0000000087900000| Untracked 
|  94|0x0000000087a00000, 0x0000000087b00000, 0x0000000087b00000|100%| E|  |TAMS 0x0000000087a00000, 0x0000000087a00000| Complete 
|  95|0x0000000087b00000, 0x0000000087c00000, 0x0000000087c00000|100%| E|CS|TAMS 0x0000000087b00000, 0x0000000087b00000| Complete 
|  96|0x0000000087c00000, 0x0000000087d00000, 0x0000000087d00000|100%| E|CS|TAMS 0x0000000087c00000, 0x0000000087c00000| Complete 
|  97|0x0000000087d00000, 0x0000000087e00000, 0x0000000087e00000|100%| E|CS|TAMS 0x0000000087d00000, 0x0000000087d00000| Complete 
|  98|0x0000000087e00000, 0x0000000087f00000, 0x0000000087f00000|100%| E|CS|TAMS 0x0000000087e00000, 0x0000000087e00000| Complete 
|  99|0x0000000087f00000, 0x0000000088000000, 0x0000000088000000|100%| E|CS|TAMS 0x0000000087f00000, 0x0000000087f00000| Complete 
| 100|0x0000000088000000, 0x0000000088100000, 0x0000000088100000|100%| E|CS|TAMS 0x0000000088000000, 0x0000000088000000| Complete 
| 101|0x0000000088100000, 0x0000000088200000, 0x0000000088200000|100%| E|CS|TAMS 0x0000000088100000, 0x0000000088100000| Complete 
| 102|0x0000000088200000, 0x00000000882e9858, 0x0000000088300000| 91%| S|CS|TAMS 0x0000000088200000, 0x0000000088200000| Complete 
| 103|0x0000000088300000, 0x0000000088400000, 0x0000000088400000|100%| S|CS|TAMS 0x0000000088300000, 0x0000000088300000| Complete 
| 104|0x0000000088400000, 0x0000000088500000, 0x0000000088500000|100%| S|CS|TAMS 0x0000000088400000, 0x0000000088400000| Complete 
| 105|0x0000000088500000, 0x0000000088600000, 0x0000000088600000|100%| E|CS|TAMS 0x0000000088500000, 0x0000000088500000| Complete 
| 106|0x0000000088600000, 0x0000000088700000, 0x0000000088700000|100%| E|CS|TAMS 0x0000000088600000, 0x0000000088600000| Complete 
| 107|0x0000000088700000, 0x0000000088800000, 0x0000000088800000|100%| E|CS|TAMS 0x0000000088700000, 0x0000000088700000| Complete 
| 108|0x0000000088800000, 0x0000000088900000, 0x0000000088900000|100%| E|CS|TAMS 0x0000000088800000, 0x0000000088800000| Complete 
| 109|0x0000000088900000, 0x0000000088a00000, 0x0000000088a00000|100%| E|CS|TAMS 0x0000000088900000, 0x0000000088900000| Complete 
| 110|0x0000000088a00000, 0x0000000088b00000, 0x0000000088b00000|100%| E|CS|TAMS 0x0000000088a00000, 0x0000000088a00000| Complete 
| 111|0x0000000088b00000, 0x0000000088c00000, 0x0000000088c00000|100%| E|CS|TAMS 0x0000000088b00000, 0x0000000088b00000| Complete 
| 112|0x0000000088c00000, 0x0000000088d00000, 0x0000000088d00000|100%| E|CS|TAMS 0x0000000088c00000, 0x0000000088c00000| Complete 
| 113|0x0000000088d00000, 0x0000000088e00000, 0x0000000088e00000|100%| E|CS|TAMS 0x0000000088d00000, 0x0000000088d00000| Complete 
| 114|0x0000000088e00000, 0x0000000088f00000, 0x0000000088f00000|100%| E|CS|TAMS 0x0000000088e00000, 0x0000000088e00000| Complete 
| 115|0x0000000088f00000, 0x0000000089000000, 0x0000000089000000|100%| E|CS|TAMS 0x0000000088f00000, 0x0000000088f00000| Complete 
| 116|0x0000000089000000, 0x0000000089100000, 0x0000000089100000|100%| E|CS|TAMS 0x0000000089000000, 0x0000000089000000| Complete 
| 117|0x0000000089100000, 0x0000000089200000, 0x0000000089200000|100%| E|CS|TAMS 0x0000000089100000, 0x0000000089100000| Complete 
| 118|0x0000000089200000, 0x0000000089300000, 0x0000000089300000|100%| E|CS|TAMS 0x0000000089200000, 0x0000000089200000| Complete 
| 119|0x0000000089300000, 0x0000000089400000, 0x0000000089400000|100%| E|CS|TAMS 0x0000000089300000, 0x0000000089300000| Complete 
| 120|0x0000000089400000, 0x0000000089500000, 0x0000000089500000|100%| E|CS|TAMS 0x0000000089400000, 0x0000000089400000| Complete 
| 121|0x0000000089500000, 0x0000000089600000, 0x0000000089600000|100%| E|CS|TAMS 0x0000000089500000, 0x0000000089500000| Complete 
| 122|0x0000000089600000, 0x0000000089700000, 0x0000000089700000|100%| E|CS|TAMS 0x0000000089600000, 0x0000000089600000| Complete 
| 123|0x0000000089700000, 0x0000000089800000, 0x0000000089800000|100%| E|CS|TAMS 0x0000000089700000, 0x0000000089700000| Complete 
| 124|0x0000000089800000, 0x0000000089900000, 0x0000000089900000|100%| E|CS|TAMS 0x0000000089800000, 0x0000000089800000| Complete 
| 125|0x0000000089900000, 0x0000000089a00000, 0x0000000089a00000|100%| E|CS|TAMS 0x0000000089900000, 0x0000000089900000| Complete 
| 126|0x0000000089a00000, 0x0000000089b00000, 0x0000000089b00000|100%| E|CS|TAMS 0x0000000089a00000, 0x0000000089a00000| Complete 
| 127|0x0000000089b00000, 0x0000000089c00000, 0x0000000089c00000|100%| E|CS|TAMS 0x0000000089b00000, 0x0000000089b00000| Complete 

Card table byte_map: [0x0000020b7ef50000,0x0000020b7f350000] _byte_map_base: 0x0000020b7eb42000

Marking Bits (Prev, Next): (CMBitMap*) 0x0000020b770cf190, (CMBitMap*) 0x0000020b770cf1d0
 Prev Bits: [0x0000020b0f000000, 0x0000020b10f90000)
 Next Bits: [0x0000020b10f90000, 0x0000020b12f20000)

Polling page: 0x0000020b75020000

Metaspace:

Usage:
  Non-class:     12.13 MB used.
      Class:      1.98 MB used.
       Both:     14.11 MB used.

Virtual space:
  Non-class space:       16.00 MB reserved,      12.25 MB ( 77%) committed,  2 nodes.
      Class space:        1.00 GB reserved,       2.06 MB ( <1%) committed,  1 nodes.
              Both:        1.02 GB reserved,      14.31 MB (  1%) committed. 

Chunk freelists:
   Non-Class:  3.19 MB
       Class:  1.88 MB
        Both:  5.07 MB

MaxMetaspaceSize: 17179869184.00 GB
CompressedClassSpaceSize: 1.00 GB
 - commit_granule_bytes: 65536.
 - commit_granule_words: 8192.
 - virtual_space_node_default_size: 1048576.
 - enlarge_chunks_in_place: 1.
 - new_chunks_are_fully_committed: 0.
 - uncommit_free_chunks: 1.
 - use_allocation_guard: 0.
 - handle_deallocations: 1.


Internal statistics:

num_allocs_failed_limit: 0.
num_arena_births: 224.
num_arena_deaths: 0.
num_vsnodes_births: 3.
num_vsnodes_deaths: 0.
num_space_committed: 229.
num_space_uncommitted: 0.
num_chunks_returned_to_freelist: 0.
num_chunks_taken_from_freelist: 727.
num_chunk_merges: 0.
num_chunk_splits: 486.
num_chunks_enlarged: 367.
num_purges: 0.

CodeHeap 'non-profiled nmethods': size=120000Kb used=952Kb max_used=952Kb free=119047Kb
 bounds [0x0000020b07ad0000, 0x0000020b07d40000, 0x0000020b0f000000]
CodeHeap 'profiled nmethods': size=120000Kb used=4887Kb max_used=4887Kb free=115112Kb
 bounds [0x0000020b005a0000, 0x0000020b00a70000, 0x0000020b07ad0000]
CodeHeap 'non-nmethods': size=5760Kb used=1429Kb max_used=1474Kb free=4331Kb
 bounds [0x0000020b00000000, 0x0000020b00270000, 0x0000020b005a0000]
 total_blobs=3391 nmethods=2606 adapters=697
 compilation: enabled
              stopped_count=0, restarted_count=0
 full_count=0

Compilation events (20 events):
Event: 137.578 Thread 0x0000020b15099450 nmethod 2597 0x0000020b00a60090 code [0x0000020b00a60260, 0x0000020b00a60748]
Event: 137.578 Thread 0x0000020b15099450 2598       3       javafx.scene.Node::prefHeight (27 bytes)
Event: 137.578 Thread 0x0000020b15099450 nmethod 2598 0x0000020b00a60890 code [0x0000020b00a60a60, 0x0000020b00a60f48]
Event: 137.578 Thread 0x0000020b15099450 2599       3       javafx.scene.Node::relocate (59 bytes)
Event: 137.579 Thread 0x0000020b15099450 nmethod 2599 0x0000020b00a61090 code [0x0000020b00a61360, 0x0000020b00a62258]
Event: 137.579 Thread 0x0000020b15099450 2602       3       com.sun.javafx.geom.Point2D::setLocation (11 bytes)
Event: 137.579 Thread 0x0000020b15099450 nmethod 2602 0x0000020b00a62790 code [0x0000020b00a62920, 0x0000020b00a62a38]
Event: 137.579 Thread 0x0000020b15099450 2601       3       com.sun.javafx.font.CompositeStrike::getStrikeSlot (165 bytes)
Event: 137.579 Thread 0x0000020b15099450 nmethod 2601 0x0000020b00a62b10 code [0x0000020b00a62dc0, 0x0000020b00a63ec8]
Event: 137.579 Thread 0x0000020b15099450 2600       3       com.sun.javafx.geom.transform.Affine3D::deriveWithConcatenation (6 bytes)
Event: 137.580 Thread 0x0000020b15099450 nmethod 2600 0x0000020b00a64390 code [0x0000020b00a64540, 0x0000020b00a64708]
Event: 137.638 Thread 0x0000020b15096a30 2603       4       com.sun.javafx.event.EventDispatchChainImpl::dispatchEvent (101 bytes)
Event: 137.639 Thread 0x0000020b15096a30 nmethod 2603 0x0000020b07bbde90 code [0x0000020b07bbe020, 0x0000020b07bbe1b8]
Event: 137.677 Thread 0x0000020b15099450 2604       3       javafx.beans.property.ReadOnlyBooleanWrapper::fireValueChangedEvent (19 bytes)
Event: 137.677 Thread 0x0000020b15099450 nmethod 2604 0x0000020b00a64810 code [0x0000020b00a64a00, 0x0000020b00a64f58]
Event: 138.909 Thread 0x0000020b15099450 2605       3       javafx.collections.ListChangeBuilder::findSubChange (84 bytes)
Event: 138.909 Thread 0x0000020b15099450 nmethod 2605 0x0000020b00a65110 code [0x0000020b00a65300, 0x0000020b00a65898]
Event: 138.909 Thread 0x0000020b15099450 2606       3       javafx.collections.ListChangeBuilder$SubChange::<init> (32 bytes)
Event: 138.910 Thread 0x0000020b15099450 nmethod 2606 0x0000020b00a65a90 code [0x0000020b00a65c40, 0x0000020b00a65e78]
Event: 138.919 Thread 0x0000020b15096a30 2607       4       java.util.Arrays::equals (57 bytes)

GC Heap History (2 events):
Event: 0.645 GC heap before
{Heap before GC invocations=0 (full 0):
 garbage-first heap   total 131072K, used 22528K [0x0000000081c00000, 0x0000000100000000)
  region size 1024K, 23 young (23552K), 0 survivors (0K)
 Metaspace       used 6210K, committed 6336K, reserved 1056768K
  class space    used 764K, committed 832K, reserved 1048576K
}
Event: 0.648 GC heap after
{Heap after GC invocations=1 (full 0):
 garbage-first heap   total 131072K, used 2982K [0x0000000081c00000, 0x0000000100000000)
  region size 1024K, 3 young (3072K), 3 survivors (3072K)
 Metaspace       used 6210K, committed 6336K, reserved 1056768K
  class space    used 764K, committed 832K, reserved 1048576K
}

Deoptimization events (20 events):
Event: 1.017 Thread 0x0000020b165f9690 DEOPT PACKING pc=0x0000020b07b26ed4 sp=0x000000afd51fc360
Event: 1.017 Thread 0x0000020b165f9690 DEOPT UNPACKING pc=0x0000020b0004d72e sp=0x000000afd51fc318 mode 2
Event: 2.559 Thread 0x0000020b165f9690 Uncommon trap: trap_request=0xffffff45 fr.pc=0x0000020b07b414e8 relative=0x0000000000000f48
Event: 2.559 Thread 0x0000020b165f9690 Uncommon trap: reason=unstable_if action=reinterpret pc=0x0000020b07b414e8 method=java.util.concurrent.ConcurrentHashMap.putVal(Ljava/lang/Object;Ljava/lang/Object;Z)Ljava/lang/Object; @ 148 c2
Event: 2.559 Thread 0x0000020b165f9690 DEOPT PACKING pc=0x0000020b07b414e8 sp=0x000000afd51fb100
Event: 2.559 Thread 0x0000020b165f9690 DEOPT UNPACKING pc=0x0000020b0004d72e sp=0x000000afd51fb080 mode 2
Event: 2.576 Thread 0x0000020b770894c0 DEOPT PACKING pc=0x0000020b008338db sp=0x000000afd4efdd40
Event: 2.576 Thread 0x0000020b770894c0 DEOPT UNPACKING pc=0x0000020b0004dece sp=0x000000afd4efd1a8 mode 0
Event: 2.578 Thread 0x0000020b770894c0 DEOPT PACKING pc=0x0000020b008338db sp=0x000000afd4efdd40
Event: 2.578 Thread 0x0000020b770894c0 DEOPT UNPACKING pc=0x0000020b0004dece sp=0x000000afd4efd1a8 mode 0
Event: 8.586 Thread 0x0000020b770894c0 DEOPT PACKING pc=0x0000020b008aa87f sp=0x000000afd4efe010
Event: 8.586 Thread 0x0000020b770894c0 DEOPT UNPACKING pc=0x0000020b0004dece sp=0x000000afd4efd430 mode 0
Event: 14.262 Thread 0x0000020b165f9690 Uncommon trap: trap_request=0xfffffff4 fr.pc=0x0000020b07ba42b4 relative=0x0000000000000094
Event: 14.262 Thread 0x0000020b165f9690 Uncommon trap: reason=null_check action=make_not_entrant pc=0x0000020b07ba42b4 method=javafx.scene.Scene.getWindow()Ljavafx/stage/Window; @ 18 c2
Event: 14.262 Thread 0x0000020b165f9690 DEOPT PACKING pc=0x0000020b07ba42b4 sp=0x000000afd51fdc10
Event: 14.262 Thread 0x0000020b165f9690 DEOPT UNPACKING pc=0x0000020b0004d72e sp=0x000000afd51fdbb0 mode 2
Event: 14.272 Thread 0x0000020b165f9690 Uncommon trap: trap_request=0xffffff45 fr.pc=0x0000020b07b8e57c relative=0x000000000000005c
Event: 14.272 Thread 0x0000020b165f9690 Uncommon trap: reason=unstable_if action=reinterpret pc=0x0000020b07b8e57c method=javafx.scene.Node.updateLocalToParentTransform()V @ 4 c2
Event: 14.272 Thread 0x0000020b165f9690 DEOPT PACKING pc=0x0000020b07b8e57c sp=0x000000afd51fd9f0
Event: 14.272 Thread 0x0000020b165f9690 DEOPT UNPACKING pc=0x0000020b0004d72e sp=0x000000afd51fd948 mode 2

Classes unloaded (0 events):
No events

Classes redefined (0 events):
No events

Internal exceptions (20 events):
Event: 0.706 Thread 0x0000020b165f9690 Exception <a 'java/lang/NoSuchMethodError'{0x0000000089784a00}: 'void java.lang.invoke.DirectMethodHandle$Holder.invokeStaticInit(java.lang.Object, java.lang.Object)'> (0x0000000089784a00) 
thrown [t:\workspace\open\src\hotspot\share\interpreter\linkResolver.cpp, line 790]
Event: 0.793 Thread 0x0000020b165f9690 Implicit null exception at 0x0000020b07b288af to 0x0000020b07b28e94
Event: 0.794 Thread 0x0000020b165f9690 Implicit null exception at 0x0000020b07b261af to 0x0000020b07b26794
Event: 0.794 Thread 0x0000020b165f9690 Implicit null exception at 0x0000020b07af0daf to 0x0000020b07af0e2d
Event: 0.894 Thread 0x0000020b165f9690 Exception <a 'java/lang/NoSuchMethodError'{0x0000000088ed0558}: 'java.lang.Object java.lang.invoke.DirectMethodHandle$Holder.invokeInterface(java.lang.Object, java.lang.Object, java.lang.Object)'> (0x0000000088ed0558) 
thrown [t:\workspace\open\src\hotspot\share\interpreter\linkResolver.cpp, line 790]
Event: 0.895 Thread 0x0000020b165f9690 Exception <a 'java/lang/IncompatibleClassChangeError'{0x0000000088ed40d8}: Found class java.lang.Object, but interface was expected> (0x0000000088ed40d8) 
thrown [t:\workspace\open\src\hotspot\share\interpreter\linkResolver.cpp, line 857]
Event: 0.930 Thread 0x0000020b165f9690 Exception <a 'java/lang/ClassNotFoundException'{0x0000000088b56f08}: com/sun/javafx/scene/control/skin/resources/controls> (0x0000000088b56f08) 
thrown [t:\workspace\open\src\hotspot\share\prims\jni.cpp, line 600]
Event: 0.930 Thread 0x0000020b165f9690 Exception <a 'java/lang/ClassNotFoundException'{0x0000000088b64a08}: com/sun/javafx/scene/control/skin/resources/controls_en> (0x0000000088b64a08) 
thrown [t:\workspace\open\src\hotspot\share\prims\jni.cpp, line 600]
Event: 0.931 Thread 0x0000020b165f9690 Exception <a 'java/lang/ClassNotFoundException'{0x0000000088b660b8}: com/sun/javafx/scene/control/skin/resources/controls_en_MY> (0x0000000088b660b8) 
thrown [t:\workspace\open\src\hotspot\share\prims\jni.cpp, line 600]
Event: 0.958 Thread 0x0000020b165f9690 Exception <a 'java/lang/NoSuchMethodError'{0x0000000088af6240}: 'void java.lang.invoke.DirectMethodHandle$Holder.invokeSpecial(java.lang.Object, java.lang.Object, java.lang.Object, java.lang.Object, java.lang.Object, java.lang.Object)'> (0x0000000088af6240) 
thrown [t:\workspace\open\src\hotspot\share\interpreter\linkResolver.cpp, line 790]
Event: 1.030 Thread 0x0000020b165f9690 Exception <a 'java/lang/NoSuchMethodError'{0x00000000886b9208}: 'java.lang.Object java.lang.invoke.DirectMethodHandle$Holder.newInvokeSpecial(java.lang.Object, java.lang.Object, int)'> (0x00000000886b9208) 
thrown [t:\workspace\open\src\hotspot\share\interpreter\linkResolver.cpp, line 790]
Event: 1.049 Thread 0x0000020b770894c0 Exception <a 'java/lang/NoSuchMethodError'{0x0000000088589610}: 'int java.lang.invoke.DirectMethodHandle$Holder.invokeStaticInit(java.lang.Object, java.lang.Object)'> (0x0000000088589610) 
thrown [t:\workspace\open\src\hotspot\share\interpreter\linkResolver.cpp, line 790]
Event: 2.571 Thread 0x0000020b165f9690 Exception <a 'java/lang/NoSuchMethodError'{0x0000000087e6d730}: 'long java.lang.invoke.DirectMethodHandle$Holder.invokeStatic(java.lang.Object, java.lang.Object, java.lang.Object)'> (0x0000000087e6d730) 
thrown [t:\workspace\open\src\hotspot\share\interpreter\linkResolver.cpp, line 790]
Event: 2.571 Thread 0x0000020b165f9690 Exception <a 'java/lang/NoSuchMethodError'{0x0000000087e715e0}: 'long java.lang.invoke.DirectMethodHandle$Holder.invokeStaticInit(java.lang.Object, java.lang.Object, java.lang.Object)'> (0x0000000087e715e0) 
thrown [t:\workspace\open\src\hotspot\share\interpreter\linkResolver.cpp, line 790]
Event: 2.573 Thread 0x0000020b165f9690 Exception <a 'java/lang/NoSuchMethodError'{0x0000000087e897a8}: 'java.lang.Object java.lang.invoke.DirectMethodHandle$Holder.newInvokeSpecial(java.lang.Object, java.lang.Object, long)'> (0x0000000087e897a8) 
thrown [t:\workspace\open\src\hotspot\share\interpreter\linkResolver.cpp, line 790]
Event: 2.573 Thread 0x0000020b165f9690 Exception <a 'java/lang/NoSuchMethodError'{0x0000000087e8d518}: 'java.lang.Object java.lang.invoke.Invokers$Holder.linkToTargetMethod(java.lang.Object, long, java.lang.Object)'> (0x0000000087e8d518) 
thrown [t:\workspace\open\src\hotspot\share\interpreter\linkResolver.cpp, line 790]
Event: 14.262 Thread 0x0000020b165f9690 Implicit null exception at 0x0000020b07ba4265 to 0x0000020b07ba42a8
Event: 24.406 Thread 0x0000020b165f9690 Exception <a 'java/lang/NoSuchMethodError'{0x0000000087bbead0}: 'java.lang.Object java.lang.invoke.DirectMethodHandle$Holder.newInvokeSpecial(java.lang.Object, java.lang.Object, int, int, int, int, int, java.lang.Object)'> (0x0000000087bbead0) 
thrown [t:\workspace\open\src\hotspot\share\interpreter\linkResolver.cpp, line 790]
Event: 24.407 Thread 0x0000020b165f9690 Exception <a 'java/lang/NoSuchMethodError'{0x0000000087bd2738}: 'java.lang.Object java.lang.invoke.DirectMethodHandle$Holder.newInvokeSpecial(java.lang.Object, java.lang.Object, java.lang.Object, int, int, int, int, int)'> (0x0000000087bd2738) 
thrown [t:\workspace\open\src\hotspot\share\interpreter\linkResolver.cpp, line 790]
Event: 24.407 Thread 0x0000020b165f9690 Exception <a 'java/lang/NoSuchMethodError'{0x0000000087bda550}: 'java.lang.Object java.lang.invoke.Invokers$Holder.linkToTargetMethod(java.lang.Object, java.lang.Object, int, int, int, int, int, java.lang.Object)'> (0x0000000087bda550) 
thrown [t:\workspace\open\src\hotspot\share\interpreter\linkResolver.cpp, line 790]

Events (20 events):
Event: 28.004 Executing  VM operation: Cleanup done
Event: 29.004 Executing  VM operation: Cleanup
Event: 29.004 Executing  VM operation: Cleanup done
Event: 35.007 Executing  VM operation: Cleanup
Event: 35.008 Executing  VM operation: Cleanup done
Event: 37.009 Executing  VM operation: Cleanup
Event: 37.009 Executing  VM operation: Cleanup done
Event: 39.010 Executing  VM operation: Cleanup
Event: 39.010 Executing  VM operation: Cleanup done
Event: 135.067 Executing  VM operation: Cleanup
Event: 135.067 Executing  VM operation: Cleanup done
Event: 137.068 Executing  VM operation: Cleanup
Event: 137.068 Executing  VM operation: Cleanup done
Event: 138.069 Executing  VM operation: Cleanup
Event: 138.070 Executing  VM operation: Cleanup done
Event: 138.918 Thread 0x0000020b165fabd0 Thread added: 0x0000020b165fabd0
Event: 138.918 Thread 0x0000020b165fb120 Thread added: 0x0000020b165fb120
Event: 138.919 Thread 0x0000020b165fb120 Thread exited: 0x0000020b165fb120
Event: 138.920 Executing  VM operation: Exit
Event: 138.920 Thread 0x0000020b165fabd0 Thread exited: 0x0000020b165fabd0


Dynamic libraries:
0x00007ff732020000 - 0x00007ff732030000 	C:\Program Files\Java\jdk-16.0.1\bin\javaw.exe
0x00007ffcdfd90000 - 0x00007ffcdff85000 	C:\WINDOWS\SYSTEM32\ntdll.dll
0x00007ffcde810000 - 0x00007ffcde8cd000 	C:\WINDOWS\System32\KERNEL32.DLL
0x00007ffcdd910000 - 0x00007ffcddbd9000 	C:\WINDOWS\System32\KERNELBASE.dll
0x00007ffcdd580000 - 0x00007ffcdd680000 	C:\WINDOWS\System32\ucrtbase.dll
0x00007ffcc7530000 - 0x00007ffcc7548000 	C:\Program Files\Java\jdk-16.0.1\bin\jli.dll
0x00007ffcdf5c0000 - 0x00007ffcdf66c000 	C:\WINDOWS\System32\ADVAPI32.dll
0x00007ffcc7510000 - 0x00007ffcc7529000 	C:\Program Files\Java\jdk-16.0.1\bin\VCRUNTIME140.dll
0x00007ffcdf1f0000 - 0x00007ffcdf28e000 	C:\WINDOWS\System32\msvcrt.dll
0x00007ffcdfb70000 - 0x00007ffcdfc0b000 	C:\WINDOWS\System32\sechost.dll
0x00007ffcdf290000 - 0x00007ffcdf3ba000 	C:\WINDOWS\System32\RPCRT4.dll
0x00007ffcde660000 - 0x00007ffcde800000 	C:\WINDOWS\System32\USER32.dll
0x00007ffcbdb90000 - 0x00007ffcbde2a000 	C:\WINDOWS\WinSxS\amd64_microsoft.windows.common-controls_6595b64144ccf1df_6.0.19041.1110_none_60b5254171f9507e\COMCTL32.dll
0x00007ffcddd70000 - 0x00007ffcddd92000 	C:\WINDOWS\System32\win32u.dll
0x00007ffcde940000 - 0x00007ffcde96a000 	C:\WINDOWS\System32\GDI32.dll
0x00007ffcdd800000 - 0x00007ffcdd90b000 	C:\WINDOWS\System32\gdi32full.dll
0x00007ffcdd760000 - 0x00007ffcdd7fd000 	C:\WINDOWS\System32\msvcp_win.dll
0x00007ffcd5fa0000 - 0x00007ffcd5faa000 	C:\WINDOWS\SYSTEM32\VERSION.dll
0x00007ffcdfd20000 - 0x00007ffcdfd50000 	C:\WINDOWS\System32\IMM32.DLL
0x00007ffcd7f30000 - 0x00007ffcd7f3c000 	C:\Program Files\Java\jdk-16.0.1\bin\vcruntime140_1.dll
0x00007ffcad480000 - 0x00007ffcad511000 	C:\Program Files\Java\jdk-16.0.1\bin\msvcp140.dll
0x00007ffc82850000 - 0x00007ffc833fb000 	C:\Program Files\Java\jdk-16.0.1\bin\server\jvm.dll
0x00007ffcdf670000 - 0x00007ffcdf678000 	C:\WINDOWS\System32\PSAPI.DLL
0x00007ffcd3b50000 - 0x00007ffcd3b77000 	C:\WINDOWS\SYSTEM32\WINMM.dll
0x00007ffcc8820000 - 0x00007ffcc8829000 	C:\WINDOWS\SYSTEM32\WSOCK32.dll
0x00007ffcde8d0000 - 0x00007ffcde93b000 	C:\WINDOWS\System32\WS2_32.dll
0x00007ffcdbd70000 - 0x00007ffcdbd82000 	C:\WINDOWS\SYSTEM32\kernel.appcore.dll
0x00007ffcd7730000 - 0x00007ffcd773a000 	C:\Program Files\Java\jdk-16.0.1\bin\jimage.dll
0x00007ffcdb220000 - 0x00007ffcdb404000 	C:\WINDOWS\SYSTEM32\DBGHELP.DLL
0x00007ffcd47c0000 - 0x00007ffcd47ec000 	C:\WINDOWS\SYSTEM32\dbgcore.DLL
0x00007ffcdd680000 - 0x00007ffcdd703000 	C:\WINDOWS\System32\bcryptPrimitives.dll
0x00007ffcc6a60000 - 0x00007ffcc6a85000 	C:\Program Files\Java\jdk-16.0.1\bin\java.dll
0x00007ffcde980000 - 0x00007ffcdf0bf000 	C:\WINDOWS\System32\SHELL32.dll
0x00007ffcdb5c0000 - 0x00007ffcdbd51000 	C:\WINDOWS\SYSTEM32\windows.storage.dll
0x00007ffcdf680000 - 0x00007ffcdf9d5000 	C:\WINDOWS\System32\combase.dll
0x00007ffcdcf40000 - 0x00007ffcdcf6c000 	C:\WINDOWS\SYSTEM32\Wldp.dll
0x00007ffcdfac0000 - 0x00007ffcdfb6e000 	C:\WINDOWS\System32\SHCORE.dll
0x00007ffcdde00000 - 0x00007ffcdde55000 	C:\WINDOWS\System32\shlwapi.dll
0x00007ffcdd410000 - 0x00007ffcdd42f000 	C:\WINDOWS\SYSTEM32\profapi.dll
0x00007ffcc71e0000 - 0x00007ffcc71f9000 	C:\Program Files\Java\jdk-16.0.1\bin\net.dll
0x00007ffcd7330000 - 0x00007ffcd743a000 	C:\WINDOWS\SYSTEM32\WINHTTP.dll
0x00007ffcdcca0000 - 0x00007ffcdcd0a000 	C:\WINDOWS\system32\mswsock.dll
0x00007ffcc6f40000 - 0x00007ffcc6f53000 	C:\Program Files\Java\jdk-16.0.1\bin\nio.dll
0x00007ffcc4ff0000 - 0x00007ffcc5008000 	C:\Program Files\Java\jdk-16.0.1\bin\zip.dll
0x0000020b15230000 - 0x0000020b15233000 	C:\Users\farha\Downloads\openjfx-16_windows-x64_bin-sdk\javafx-sdk-16\bin\api-ms-win-core-console-l1-1-0.dll
0x0000020b15240000 - 0x0000020b15243000 	C:\Users\farha\Downloads\openjfx-16_windows-x64_bin-sdk\javafx-sdk-16\bin\api-ms-win-core-console-l1-2-0.dll
0x0000020b15250000 - 0x0000020b15253000 	C:\Users\farha\Downloads\openjfx-16_windows-x64_bin-sdk\javafx-sdk-16\bin\api-ms-win-core-datetime-l1-1-0.dll
0x0000020b15260000 - 0x0000020b15263000 	C:\Users\farha\Downloads\openjfx-16_windows-x64_bin-sdk\javafx-sdk-16\bin\api-ms-win-core-debug-l1-1-0.dll
0x0000020b15270000 - 0x0000020b15273000 	C:\Users\farha\Downloads\openjfx-16_windows-x64_bin-sdk\javafx-sdk-16\bin\api-ms-win-core-errorhandling-l1-1-0.dll
0x0000020b15280000 - 0x0000020b15284000 	C:\Users\farha\Downloads\openjfx-16_windows-x64_bin-sdk\javafx-sdk-16\bin\api-ms-win-core-file-l1-1-0.dll
0x0000020b15290000 - 0x0000020b15293000 	C:\Users\farha\Downloads\openjfx-16_windows-x64_bin-sdk\javafx-sdk-16\bin\api-ms-win-core-file-l1-2-0.dll
0x0000020b152a0000 - 0x0000020b152a3000 	C:\Users\farha\Downloads\openjfx-16_windows-x64_bin-sdk\javafx-sdk-16\bin\api-ms-win-core-file-l2-1-0.dll
0x0000020b152b0000 - 0x0000020b152b3000 	C:\Users\farha\Downloads\openjfx-16_windows-x64_bin-sdk\javafx-sdk-16\bin\api-ms-win-core-handle-l1-1-0.dll
0x0000020b152c0000 - 0x0000020b152c3000 	C:\Users\farha\Downloads\openjfx-16_windows-x64_bin-sdk\javafx-sdk-16\bin\api-ms-win-core-heap-l1-1-0.dll
0x0000020b152d0000 - 0x0000020b152d3000 	C:\Users\farha\Downloads\openjfx-16_windows-x64_bin-sdk\javafx-sdk-16\bin\api-ms-win-core-interlocked-l1-1-0.dll
0x0000020b152e0000 - 0x0000020b152e3000 	C:\Users\farha\Downloads\openjfx-16_windows-x64_bin-sdk\javafx-sdk-16\bin\api-ms-win-core-libraryloader-l1-1-0.dll
0x0000020b152f0000 - 0x0000020b152f3000 	C:\Users\farha\Downloads\openjfx-16_windows-x64_bin-sdk\javafx-sdk-16\bin\api-ms-win-core-localization-l1-2-0.dll
0x0000020b15300000 - 0x0000020b15303000 	C:\Users\farha\Downloads\openjfx-16_windows-x64_bin-sdk\javafx-sdk-16\bin\api-ms-win-core-memory-l1-1-0.dll
0x0000020b15310000 - 0x0000020b15313000 	C:\Users\farha\Downloads\openjfx-16_windows-x64_bin-sdk\javafx-sdk-16\bin\api-ms-win-core-namedpipe-l1-1-0.dll
0x0000020b15320000 - 0x0000020b15323000 	C:\Users\farha\Downloads\openjfx-16_windows-x64_bin-sdk\javafx-sdk-16\bin\api-ms-win-core-processenvironment-l1-1-0.dll
0x0000020b15330000 - 0x0000020b15333000 	C:\Users\farha\Downloads\openjfx-16_windows-x64_bin-sdk\javafx-sdk-16\bin\api-ms-win-core-processthreads-l1-1-0.dll
0x0000020b15340000 - 0x0000020b15343000 	C:\Users\farha\Downloads\openjfx-16_windows-x64_bin-sdk\javafx-sdk-16\bin\api-ms-win-core-processthreads-l1-1-1.dll
0x0000020b15350000 - 0x0000020b15353000 	C:\Users\farha\Downloads\openjfx-16_windows-x64_bin-sdk\javafx-sdk-16\bin\api-ms-win-core-profile-l1-1-0.dll
0x0000020b15360000 - 0x0000020b15363000 	C:\Users\farha\Downloads\openjfx-16_windows-x64_bin-sdk\javafx-sdk-16\bin\api-ms-win-core-rtlsupport-l1-1-0.dll
0x0000020b15370000 - 0x0000020b15373000 	C:\Users\farha\Downloads\openjfx-16_windows-x64_bin-sdk\javafx-sdk-16\bin\api-ms-win-core-string-l1-1-0.dll
0x0000020b15380000 - 0x0000020b15383000 	C:\Users\farha\Downloads\openjfx-16_windows-x64_bin-sdk\javafx-sdk-16\bin\api-ms-win-core-synch-l1-1-0.dll
0x0000020b15390000 - 0x0000020b15393000 	C:\Users\farha\Downloads\openjfx-16_windows-x64_bin-sdk\javafx-sdk-16\bin\api-ms-win-core-synch-l1-2-0.dll
0x0000020b153a0000 - 0x0000020b153a3000 	C:\Users\farha\Downloads\openjfx-16_windows-x64_bin-sdk\javafx-sdk-16\bin\api-ms-win-core-sysinfo-l1-1-0.dll
0x0000020b153b0000 - 0x0000020b153b3000 	C:\Users\farha\Downloads\openjfx-16_windows-x64_bin-sdk\javafx-sdk-16\bin\api-ms-win-core-timezone-l1-1-0.dll
0x0000020b153c0000 - 0x0000020b153c3000 	C:\Users\farha\Downloads\openjfx-16_windows-x64_bin-sdk\javafx-sdk-16\bin\api-ms-win-core-util-l1-1-0.dll
0x0000020b153d0000 - 0x0000020b153d3000 	C:\Users\farha\Downloads\openjfx-16_windows-x64_bin-sdk\javafx-sdk-16\bin\api-ms-win-crt-conio-l1-1-0.dll
0x0000020b153e0000 - 0x0000020b153e4000 	C:\Users\farha\Downloads\openjfx-16_windows-x64_bin-sdk\javafx-sdk-16\bin\api-ms-win-crt-convert-l1-1-0.dll
0x0000020b153f0000 - 0x0000020b153f3000 	C:\Users\farha\Downloads\openjfx-16_windows-x64_bin-sdk\javafx-sdk-16\bin\api-ms-win-crt-environment-l1-1-0.dll
0x0000020b16800000 - 0x0000020b16803000 	C:\Users\farha\Downloads\openjfx-16_windows-x64_bin-sdk\javafx-sdk-16\bin\api-ms-win-crt-filesystem-l1-1-0.dll
0x0000020b16810000 - 0x0000020b16813000 	C:\Users\farha\Downloads\openjfx-16_windows-x64_bin-sdk\javafx-sdk-16\bin\api-ms-win-crt-heap-l1-1-0.dll
0x0000020b16820000 - 0x0000020b16823000 	C:\Users\farha\Downloads\openjfx-16_windows-x64_bin-sdk\javafx-sdk-16\bin\api-ms-win-crt-locale-l1-1-0.dll
0x0000020b16830000 - 0x0000020b16835000 	C:\Users\farha\Downloads\openjfx-16_windows-x64_bin-sdk\javafx-sdk-16\bin\api-ms-win-crt-math-l1-1-0.dll
0x0000020b16840000 - 0x0000020b16845000 	C:\Users\farha\Downloads\openjfx-16_windows-x64_bin-sdk\javafx-sdk-16\bin\api-ms-win-crt-multibyte-l1-1-0.dll
0x0000020b16850000 - 0x0000020b16860000 	C:\Users\farha\Downloads\openjfx-16_windows-x64_bin-sdk\javafx-sdk-16\bin\api-ms-win-crt-private-l1-1-0.dll
0x0000020b16860000 - 0x0000020b16863000 	C:\Users\farha\Downloads\openjfx-16_windows-x64_bin-sdk\javafx-sdk-16\bin\api-ms-win-crt-process-l1-1-0.dll
0x0000020b16870000 - 0x0000020b16874000 	C:\Users\farha\Downloads\openjfx-16_windows-x64_bin-sdk\javafx-sdk-16\bin\api-ms-win-crt-runtime-l1-1-0.dll
0x0000020b16880000 - 0x0000020b16884000 	C:\Users\farha\Downloads\openjfx-16_windows-x64_bin-sdk\javafx-sdk-16\bin\api-ms-win-crt-stdio-l1-1-0.dll
0x0000020b16890000 - 0x0000020b16894000 	C:\Users\farha\Downloads\openjfx-16_windows-x64_bin-sdk\javafx-sdk-16\bin\api-ms-win-crt-string-l1-1-0.dll
0x0000020b168a0000 - 0x0000020b168a3000 	C:\Users\farha\Downloads\openjfx-16_windows-x64_bin-sdk\javafx-sdk-16\bin\api-ms-win-crt-time-l1-1-0.dll
0x0000020b168b0000 - 0x0000020b168b3000 	C:\Users\farha\Downloads\openjfx-16_windows-x64_bin-sdk\javafx-sdk-16\bin\api-ms-win-crt-utility-l1-1-0.dll
0x00007ffc98510000 - 0x00007ffc9860c000 	C:\Users\farha\Downloads\openjfx-16_windows-x64_bin-sdk\javafx-sdk-16\bin\ucrtbase.dll
0x00007ffcc3fb0000 - 0x00007ffcc3fc9000 	C:\Users\farha\Downloads\openjfx-16_windows-x64_bin-sdk\javafx-sdk-16\bin\vcruntime140.dll
0x00007ffcd6770000 - 0x00007ffcd677c000 	C:\Users\farha\Downloads\openjfx-16_windows-x64_bin-sdk\javafx-sdk-16\bin\vcruntime140_1.dll
0x00007ffcac8d0000 - 0x00007ffcac961000 	C:\Users\farha\Downloads\openjfx-16_windows-x64_bin-sdk\javafx-sdk-16\bin\msvcp140.dll
0x00007ffcb74c0000 - 0x00007ffcb74e7000 	C:\Users\farha\Downloads\openjfx-16_windows-x64_bin-sdk\javafx-sdk-16\bin\prism_d3d.dll
0x00007ffc98340000 - 0x00007ffc9850e000 	C:\WINDOWS\system32\d3d9.dll
0x00007ffcdada0000 - 0x00007ffcdadcf000 	C:\WINDOWS\SYSTEM32\dwmapi.dll
0x00007ffcdaac0000 - 0x00007ffcdab5e000 	C:\WINDOWS\system32\uxtheme.dll
0x00007ffcddbe0000 - 0x00007ffcddc07000 	C:\WINDOWS\System32\bcrypt.dll
0x00007ffcddc10000 - 0x00007ffcddd6f000 	C:\WINDOWS\System32\crypt32.dll
0x00007ffcd5680000 - 0x00007ffcd56b1000 	C:\WINDOWS\SYSTEM32\cryptnet.dll
0x00007ffcdcea0000 - 0x00007ffcdceac000 	C:\WINDOWS\SYSTEM32\cryptbase.dll
0x00007ffcdd0c0000 - 0x00007ffcdd0d2000 	C:\WINDOWS\SYSTEM32\MSASN1.dll
0x00007ffcdce80000 - 0x00007ffcdce98000 	C:\WINDOWS\SYSTEM32\CRYPTSP.dll
0x00007ffcdc5d0000 - 0x00007ffcdc604000 	C:\WINDOWS\system32\rsaenh.dll
0x00007ffcb0050000 - 0x00007ffcb0092000 	C:\Users\farha\Downloads\openjfx-16_windows-x64_bin-sdk\javafx-sdk-16\bin\glass.dll
0x00007ffcdf3c0000 - 0x00007ffcdf49a000 	C:\WINDOWS\System32\COMDLG32.dll
0x00007ffcdf0c0000 - 0x00007ffcdf1ea000 	C:\WINDOWS\System32\ole32.dll
0x00007ffcddee0000 - 0x00007ffcddfad000 	C:\WINDOWS\System32\OLEAUT32.dll
0x00007ffcdf4a0000 - 0x00007ffcdf5b5000 	C:\WINDOWS\System32\MSCTF.dll
0x00007ffcd1420000 - 0x00007ffcd145b000 	C:\WINDOWS\SYSTEM32\dxcore.dll
0x00007ffcdd710000 - 0x00007ffcdd75e000 	C:\WINDOWS\System32\cfgmgr32.dll
0x00007ffcc38f0000 - 0x00007ffcc3904000 	C:\Users\farha\Downloads\openjfx-16_windows-x64_bin-sdk\javafx-sdk-16\bin\javafx_font.dll
0x00007ffcc9320000 - 0x00007ffcc959f000 	C:\WINDOWS\SYSTEM32\dwrite.dll
0x00007ffcdfc10000 - 0x00007ffcdfcb9000 	C:\WINDOWS\System32\clbcatq.dll
0x00007ffcd3eb0000 - 0x00007ffcd4064000 	C:\WINDOWS\SYSTEM32\WindowsCodecs.dll
0x00007ffcc0900000 - 0x00007ffcc093e000 	C:\WINDOWS\system32\dataexchange.dll
0x00007ffcd8dd0000 - 0x00007ffcd9034000 	C:\WINDOWS\system32\d3d11.dll
0x00007ffcd9d20000 - 0x00007ffcd9f06000 	C:\WINDOWS\system32\dcomp.dll
0x00007ffcdbde0000 - 0x00007ffcdbed4000 	C:\WINDOWS\system32\dxgi.dll
0x00007ffcd4860000 - 0x00007ffcd4a61000 	C:\WINDOWS\system32\twinapi.appcore.dll
0x00007ffcb0010000 - 0x00007ffcb0044000 	C:\Program Files\Common Files\Microsoft Shared\Ink\rtscom.dll
0x00007ffccbc90000 - 0x00007ffccbd89000 	C:\WINDOWS\SYSTEM32\textinputframework.dll
0x00007ffcda2c0000 - 0x00007ffcda61e000 	C:\WINDOWS\System32\CoreUIComponents.dll
0x00007ffcda620000 - 0x00007ffcda712000 	C:\WINDOWS\System32\CoreMessaging.dll
0x00007ffcdc1e0000 - 0x00007ffcdc213000 	C:\WINDOWS\SYSTEM32\ntmarta.dll
0x00007ffcd9bc0000 - 0x00007ffcd9d14000 	C:\WINDOWS\SYSTEM32\wintypes.dll

dbghelp: loaded successfully - version: 4.0.5 - missing functions: none
symbol engine: initialized successfully - sym options: 0x614 - pdb path: .;C:\Program Files\Java\jdk-16.0.1\bin;C:\WINDOWS\SYSTEM32;C:\WINDOWS\WinSxS\amd64_microsoft.windows.common-controls_6595b64144ccf1df_6.0.19041.1110_none_60b5254171f9507e;C:\Program Files\Java\jdk-16.0.1\bin\server;C:\Users\farha\Downloads\openjfx-16_windows-x64_bin-sdk\javafx-sdk-16\bin;C:\WINDOWS\System32\DriverStore\FileRepository\nvami.inf_amd64_8592088b0b875d85;C:\WINDOWS\System32\DriverStore\FileRepository\iigd_dch.inf_amd64_93cd1ac04c27c7e5;C:\Program Files\Common Files\Microsoft Shared\Ink

VM Arguments:
jvm_args: --module-path=C:\Users\farha\Downloads\openjfx-16_windows-x64_bin-sdk\javafx-sdk-16\lib --add-modules=javafx.controls,javafx.fxml -Dfile.encoding=Cp1252 --module-path=C:\Users\farha\.p2\pool\plugins\org.eclipse.fx.ide.css.jfx8_3.7.0.202010120832.jar;C:\Users\farha\Downloads\openjfx-16_windows-x64_bin-sdk\javafx-sdk-16\lib\javafx.base.jar;C:\Users\farha\Downloads\openjfx-16_windows-x64_bin-sdk\javafx-sdk-16\lib\javafx.controls.jar;C:\Users\farha\Downloads\openjfx-16_windows-x64_bin-sdk\javafx-sdk-16\lib\javafx.fxml.jar;C:\Users\farha\Downloads\openjfx-16_windows-x64_bin-sdk\javafx-sdk-16\lib\javafx.graphics.jar;C:\Users\farha\Downloads\openjfx-16_windows-x64_bin-sdk\javafx-sdk-16\lib\javafx.media.jar;C:\Users\farha\Downloads\openjfx-16_windows-x64_bin-sdk\javafx-sdk-16\lib\javafx.swing.jar;C:\Users\farha\Downloads\openjfx-16_windows-x64_bin-sdk\javafx-sdk-16\lib\javafx.web.jar;C:\Users\farha\Downloads\openjfx-16_windows-x64_bin-sdk\javafx-sdk-16\lib\javafx-swt.jar -XX:+ShowCodeDetailsInExceptionMessages 
java_command: application.SystemManager
java_class_path (initial): C:\Users\farha\OneDrive\Documents\GitHub\OOPProjectTicTacToe\OOPHW10\bin
Launcher Type: SUN_STANDARD

[Global flags]
     intx CICompilerCount                          = 4                                         {product} {ergonomic}
     uint ConcGCThreads                            = 2                                         {product} {ergonomic}
     uint G1ConcRefinementThreads                  = 8                                         {product} {ergonomic}
   size_t G1HeapRegionSize                         = 1048576                                   {product} {ergonomic}
    uintx GCDrainStackTargetSize                   = 64                                        {product} {ergonomic}
   size_t InitialHeapSize                          = 134217728                                 {product} {ergonomic}
   size_t MarkStackSize                            = 4194304                                   {product} {ergonomic}
   size_t MaxHeapSize                              = 2118123520                                {product} {ergonomic}
   size_t MaxNewSize                               = 1270874112                                {product} {ergonomic}
   size_t MinHeapDeltaBytes                        = 1048576                                   {product} {ergonomic}
   size_t MinHeapSize                              = 8388608                                   {product} {ergonomic}
    uintx NonNMethodCodeHeapSize                   = 5839372                                {pd product} {ergonomic}
    uintx NonProfiledCodeHeapSize                  = 122909434                              {pd product} {ergonomic}
    uintx ProfiledCodeHeapSize                     = 122909434                              {pd product} {ergonomic}
    uintx ReservedCodeCacheSize                    = 251658240                              {pd product} {ergonomic}
     bool SegmentedCodeCache                       = true                                      {product} {ergonomic}
     bool ShowCodeDetailsInExceptionMessages       = true                                   {manageable} {command line}
   size_t SoftMaxHeapSize                          = 2118123520                             {manageable} {ergonomic}
     bool UseCompressedClassPointers               = true                           {product lp64_product} {ergonomic}
     bool UseCompressedOops                        = true                           {product lp64_product} {ergonomic}
     bool UseG1GC                                  = true                                      {product} {ergonomic}
     bool UseLargePagesIndividualAllocation        = false                                  {pd product} {ergonomic}

Logging:
Log output configuration:
 #0: stdout all=off uptime,level,tags
 #1: stderr all=off uptime,level,tags

Environment Variables:
JAVA_HOME=C:\Program Files\Java\jdk1.8.0_291
PATH=C:/Users/farha/.p2/pool/plugins/org.eclipse.justj.openjdk.hotspot.jre.full.win32.x86_64_15.0.2.v20210201-0955/jre/bin/server;C:/Users/farha/.p2/pool/plugins/org.eclipse.justj.openjdk.hotspot.jre.full.win32.x86_64_15.0.2.v20210201-0955/jre/bin;C:\MinGW\bin;C:\Users\farha\AppData\Local\Microsoft\WindowsApps;C:\Program Files\JetBrains\CLion 2020.3.1\bin;;C:\android\platform-tools;C:\ffmpeg\bin;C:\Users\farha\AppData\Local\GitHubDesktop\bin;C:\Program Files\Graphviz\bin;;C:\WINDOWS\system32;
USERNAME=farhanrs7
OS=Windows_NT
PROCESSOR_IDENTIFIER=Intel64 Family 6 Model 142 Stepping 10, GenuineIntel



---------------  S Y S T E M  ---------------

OS:
 Windows 10 , 64 bit Build 19041 (10.0.19041.1023)
OS uptime: 1 days 22:00 hours

CPU: total 8 (initial active 8) (4 cores per cpu, 2 threads per core) family 6 model 142 stepping 10 microcode 0xb4, cx8, cmov, fxsr, ht, mmx, 3dnowpref, sse, sse2, sse3, ssse3, sse4.1, sse4.2, popcnt, lzcnt, tsc, tscinvbit, avx, avx2, aes, erms, clmul, bmi1, bmi2, adx, fma, vzeroupper, clflush, clflushopt

Memory: 4k page, system-wide physical 8074M (1758M free)
TotalPageFile size 13450M (AvailPageFile size 2553M)
current process WorkingSet (physical memory assigned to process): 105M, peak: 133M
current process commit charge ("private bytes"): 271M, peak: 297M

vm_info: Java HotSpot(TM) 64-Bit Server VM (16.0.1+9-24) for windows-amd64 JRE (16.0.1+9-24), built on Mar 26 2021 19:31:42 by "mach5one" with MS VC++ 16.7 (VS2019)

END.
