#
# A fatal error has been detected by the Java Runtime Environment:
#
#  EXCEPTION_ACCESS_VIOLATION (0xc0000005) at pc=0x00007ffcc7316997, pid=13204, tid=10860
#
# JRE version: Java(TM) SE Runtime Environment (16.0.1+9) (build 16.0.1+9-24)
# Java VM: Java HotSpot(TM) 64-Bit Server VM (16.0.1+9-24, mixed mode, sharing, tiered, compressed oops, compressed class ptrs, g1 gc, windows-amd64)
# Problematic frame:
# C  [glass.dll+0x26997]
#
# No core dump will be written. Minidumps are not enabled by default on client versions of Windows
#
# If you would like to submit a bug report, please visit:
#   https://bugreport.java.com/bugreport/crash.jsp
#

---------------  S U M M A R Y ------------

Command Line: --module-path=C:\Users\farha\Downloads\openjfx-16_windows-x64_bin-sdk\javafx-sdk-16\lib --add-modules=javafx.controls,javafx.fxml -Dfile.encoding=Cp1252 --module-path=C:\Users\farha\.p2\pool\plugins\org.eclipse.fx.ide.css.jfx8_3.7.0.202010120832.jar;C:\Users\farha\Downloads\openjfx-16_windows-x64_bin-sdk\javafx-sdk-16\lib\javafx.base.jar;C:\Users\farha\Downloads\openjfx-16_windows-x64_bin-sdk\javafx-sdk-16\lib\javafx.controls.jar;C:\Users\farha\Downloads\openjfx-16_windows-x64_bin-sdk\javafx-sdk-16\lib\javafx.fxml.jar;C:\Users\farha\Downloads\openjfx-16_windows-x64_bin-sdk\javafx-sdk-16\lib\javafx.graphics.jar;C:\Users\farha\Downloads\openjfx-16_windows-x64_bin-sdk\javafx-sdk-16\lib\javafx.media.jar;C:\Users\farha\Downloads\openjfx-16_windows-x64_bin-sdk\javafx-sdk-16\lib\javafx.swing.jar;C:\Users\farha\Downloads\openjfx-16_windows-x64_bin-sdk\javafx-sdk-16\lib\javafx.web.jar;C:\Users\farha\Downloads\openjfx-16_windows-x64_bin-sdk\javafx-sdk-16\lib\javafx-swt.jar -XX:+ShowCodeDetailsInExceptionMessages application.SystemManager

Host: Intel(R) Core(TM) i5-8250U CPU @ 1.60GHz, 8 cores, 7G,  Windows 10 , 64 bit Build 19041 (10.0.19041.1023)
Time: Thu Aug  5 16:08:47 2021 Malay Peninsula Standard Time elapsed time: 14.249580 seconds (0d 0h 0m 14s)

---------------  T H R E A D  ---------------

Current thread (0x000001c662238f50):  VMThread "VM Thread" [stack: 0x000000b6c3c00000,0x000000b6c3d00000] [id=10860]

Stack: [0x000000b6c3c00000,0x000000b6c3d00000],  sp=0x000000b6c3cfec30,  free space=1019k
Native frames: (J=compiled Java code, j=interpreted, Vv=VM code, C=native code)
C  [glass.dll+0x26997]


siginfo: EXCEPTION_ACCESS_VIOLATION (0xc0000005), reading address 0x0000000000000000


Register to memory mapping:

RIP=0x00007ffcc7316997 glass.dll
RAX=0x0 is NULL
RBX=0x000001c6622428b0 is a global jni handle
RCX=0x000001c662238f50 points into unknown readable memory: 0x00007ffc88b4f628 | 28 f6 b4 88 fc 7f 00 00
RDX=0x000000b6c3cfec30 points into unknown readable memory: 0x0000000000000000 | 00 00 00 00 00 00 00 00
RSP=0x000000b6c3cfec30 points into unknown readable memory: 0x0000000000000000 | 00 00 00 00 00 00 00 00
RBP=0x000001c6634654a8 points into unknown readable memory: 0x000034c98152affc | fc af 52 81 c9 34 00 00
RSI=0x000001c663465480 points into unknown readable memory: 0xc00033364d21bc28 | 28 bc 21 4d 36 33 00 c0
RDI=0x000034c98152affc is an unknown value
R8 =0x0000000000010002 is an unknown value
R9 =0x000034c98152affc is an unknown value
R10=0x0000000000008000 is an unknown value
R11=0x000000b6c3cfebc0 points into unknown readable memory: 0x000001c663465480 | 80 54 46 63 c6 01 00 00
R12=0x00007ffcc7314234 glass.dll
R13=0x000001c6422e7280 points into unknown readable memory: 0x8000000900000001 | 01 00 00 00 09 00 00 80
R14=0x000000b6c3cfed28 points into unknown readable memory: 0x000000b6c3cfed10 | 10 ed cf c3 b6 00 00 00
R15=0x000001c663465480 points into unknown readable memory: 0xc00033364d21bc28 | 28 bc 21 4d 36 33 00 c0


Registers:
RAX=0x0000000000000000, RBX=0x000001c6622428b0, RCX=0x000001c662238f50, RDX=0x000000b6c3cfec30
RSP=0x000000b6c3cfec30, RBP=0x000001c6634654a8, RSI=0x000001c663465480, RDI=0x000034c98152affc
R8 =0x0000000000010002, R9 =0x000034c98152affc, R10=0x0000000000008000, R11=0x000000b6c3cfebc0
R12=0x00007ffcc7314234, R13=0x000001c6422e7280, R14=0x000000b6c3cfed28, R15=0x000001c663465480
RIP=0x00007ffcc7316997, EFLAGS=0x0000000000010206

Top of Stack: (sp=0x000000b6c3cfec30)
0x000000b6c3cfec30:   0000000000000000 000001c663465480
0x000000b6c3cfec40:   000001c6422e7280 00007ffcc7314234
0x000000b6c3cfec50:   000001c663465488 00007ffcdd5942d6
0x000000b6c3cfec60:   000034c98152affc 000001c600000000
0x000000b6c3cfec70:   000001c6634654a8 000001c663465480
0x000000b6c3cfec80:   fffffffffffffffe 0000000000000000
0x000000b6c3cfec90:   0000000000000001 00007ffcc72f0000
0x000000b6c3cfeca0:   000000b6c3cfed18 00007ffcdd5941fb
0x000000b6c3cfecb0:   0000000000000000 000000b6c3cfed28
0x000000b6c3cfecc0:   000000b6c3cfeff0 00007ffcdd670e40
0x000000b6c3cfecd0:   0000000000000001 00007ffcdd5941b4
0x000000b6c3cfece0:   0000000000000000 0000000000000001
0x000000b6c3cfecf0:   0000000000000000 000000b6c3cfed18
0x000000b6c3cfed00:   0000000000000001 00007ffcc73140c1
0x000000b6c3cfed10:   00007ffcc732a128 00007ffc00000002
0x000000b6c3cfed20:   0000000000000002 000000b6c3cfed10 

Instructions: (pc=0x00007ffcc7316997)
0x00007ffcc7316897:   8b 4d 58 e8 d1 ce ff ff 48 8b 4d 60 e8 c8 ce ff
0x00007ffcc73168a7:   ff 48 8b 95 80 00 00 00 48 8b 8d 18 01 00 00 e8
0x00007ffcc73168b7:   96 c3 ff ff 33 d2 33 c9 e8 12 e1 ff ff 90 48 89
0x00007ffcc73168c7:   54 24 10 55 48 83 ec 20 48 8b ea 48 b8 00 00 00
0x00007ffcc73168d7:   00 00 00 00 00 48 83 c4 20 5d c3 cc 40 55 48 8b
0x00007ffcc73168e7:   ea 48 8b 01 33 c9 81 38 05 00 00 c0 0f 94 c1 8b
0x00007ffcc73168f7:   c1 5d c3 cc 40 55 48 83 ec 20 48 8b ea 8a 4d 40
0x00007ffcc7316907:   48 83 c4 20 5d e9 c7 d2 ff ff cc 40 55 48 83 ec
0x00007ffcc7316917:   20 48 8b ea 8a 4d 20 e8 b5 d2 ff ff 90 48 83 c4
0x00007ffcc7316927:   20 5d c3 cc 40 55 48 83 ec 20 48 8b ea 48 83 c4
0x00007ffcc7316937:   20 5d e9 16 d1 ff ff cc 40 55 48 83 ec 30 48 8b
0x00007ffcc7316947:   ea 48 8b 01 8b 10 48 89 4c 24 28 89 54 24 20 4c
0x00007ffcc7316957:   8d 0d b7 d5 ff ff 4c 8b 45 70 8b 55 68 48 8b 4d
0x00007ffcc7316967:   60 e8 57 d0 ff ff 90 48 83 c4 30 5d c3 cc cc cc
0x00007ffcc7316977:   cc cc cc cc cc cc cc cc cc 40 53 48 83 ec 20 48
0x00007ffcc7316987:   8b 1d 93 31 01 00 48 85 db 74 16 e8 29 8b ff ff
0x00007ffcc7316997:   4c 8b 00 48 8b d3 48 8b c8 41 ff 90 b0 00 00 00
0x00007ffcc73169a7:   90 48 83 c4 20 5b c3 cc cc 40 53 48 83 ec 20 48
0x00007ffcc73169b7:   8b 1d 0b 33 01 00 48 85 db 74 57 b8 ff ff ff ff
0x00007ffcc73169c7:   f0 0f c1 43 10 83 f8 01 75 3d 48 85 db 74 38 48
0x00007ffcc73169d7:   8b 0b 48 85 c9 74 0d ff 15 c4 08 00 00 48 c7 03
0x00007ffcc73169e7:   00 00 00 00 48 8b 4b 08 48 85 c9 74 0d e8 77 cd
0x00007ffcc73169f7:   ff ff 48 c7 43 08 00 00 00 00 ba 18 00 00 00 48
0x00007ffcc7316a07:   8b cb e8 62 cd ff ff 48 c7 05 af 32 01 00 00 00
0x00007ffcc7316a17:   00 00 48 83 c4 20 5b c3 cc 40 53 48 83 ec 20 48
0x00007ffcc7316a27:   8b 1d 7b 32 01 00 48 85 db 74 57 b8 ff ff ff ff
0x00007ffcc7316a37:   f0 0f c1 43 10 83 f8 01 75 3d 48 85 db 74 38 48
0x00007ffcc7316a47:   8b 0b 48 85 c9 74 0d ff 15 54 08 00 00 48 c7 03
0x00007ffcc7316a57:   00 00 00 00 48 8b 4b 08 48 85 c9 74 0d e8 07 cd
0x00007ffcc7316a67:   ff ff 48 c7 43 08 00 00 00 00 ba 18 00 00 00 48
0x00007ffcc7316a77:   8b cb e8 f2 cc ff ff 48 c7 05 1f 32 01 00 00 00
0x00007ffcc7316a87:   00 00 48 83 c4 20 5b c3 cc 40 53 48 83 ec 20 48 


Stack slot to memory mapping:
stack at sp + 0 slots: 0x0 is NULL
stack at sp + 1 slots: 0x000001c663465480 points into unknown readable memory: 0xc00033364d21bc28 | 28 bc 21 4d 36 33 00 c0
stack at sp + 2 slots: 0x000001c6422e7280 points into unknown readable memory: 0x8000000900000001 | 01 00 00 00 09 00 00 80
stack at sp + 3 slots: 0x00007ffcc7314234 glass.dll
stack at sp + 4 slots: 0x000001c663465488 points into unknown readable memory: 0x000034c98152affc | fc af 52 81 c9 34 00 00
stack at sp + 5 slots: 0x00007ffcdd5942d6 ucrtbase.dll
stack at sp + 6 slots: 0x000034c98152affc is an unknown value
stack at sp + 7 slots: 0x000001c600000000 is an unknown value

VM_Operation (0x000000b6c4efbaf0): Exit, mode: safepoint, requested by thread 0x000001c663291470


---------------  P R O C E S S  ---------------

Threads class SMR info:
_java_thread_list=0x000001c66305a890, length=19, elements={
0x000001c642288630, 0x000001c66223ebb0, 0x000001c66223fa70, 0x000001c66224f4d0,
0x000001c662252ff0, 0x000001c6622539f0, 0x000001c662258900, 0x000001c662265b10,
0x000001c662266600, 0x000001c66227b040, 0x000001c662c7e780, 0x000001c662e5f4a0,
0x000001c663431bb0, 0x000001c663290f50, 0x000001c663291470, 0x000001c663a0c010,
0x000001c663a2cdd0, 0x000001c663b33e60, 0x000001c663b358f0
}

Java Threads: ( => current thread )
  0x000001c642288630 JavaThread "main" [_thread_blocked, id=9840, stack(0x000000b6c3600000,0x000000b6c3700000)]
  0x000001c66223ebb0 JavaThread "Reference Handler" daemon [_thread_blocked, id=14056, stack(0x000000b6c3d00000,0x000000b6c3e00000)]
  0x000001c66223fa70 JavaThread "Finalizer" daemon [_thread_blocked, id=4632, stack(0x000000b6c3e00000,0x000000b6c3f00000)]
  0x000001c66224f4d0 JavaThread "Signal Dispatcher" daemon [_thread_blocked, id=12176, stack(0x000000b6c3f00000,0x000000b6c4000000)]
  0x000001c662252ff0 JavaThread "Attach Listener" daemon [_thread_blocked, id=14200, stack(0x000000b6c4000000,0x000000b6c4100000)]
  0x000001c6622539f0 JavaThread "Service Thread" daemon [_thread_blocked, id=11276, stack(0x000000b6c4100000,0x000000b6c4200000)]
  0x000001c662258900 JavaThread "Monitor Deflation Thread" daemon [_thread_blocked, id=13656, stack(0x000000b6c4200000,0x000000b6c4300000)]
  0x000001c662265b10 JavaThread "C2 CompilerThread0" daemon [_thread_blocked, id=13484, stack(0x000000b6c4300000,0x000000b6c4400000)]
  0x000001c662266600 JavaThread "C1 CompilerThread0" daemon [_thread_blocked, id=13776, stack(0x000000b6c4400000,0x000000b6c4500000)]
  0x000001c66227b040 JavaThread "Sweeper thread" daemon [_thread_blocked, id=2260, stack(0x000000b6c4500000,0x000000b6c4600000)]
  0x000001c662c7e780 JavaThread "Common-Cleaner" daemon [_thread_blocked, id=10724, stack(0x000000b6c4600000,0x000000b6c4700000)]
  0x000001c662e5f4a0 JavaThread "Notification Thread" daemon [_thread_blocked, id=7480, stack(0x000000b6c4900000,0x000000b6c4a00000)]
  0x000001c663431bb0 JavaThread "QuantumRenderer-0" daemon [_thread_blocked, id=1652, stack(0x000000b6c4b00000,0x000000b6c4c00000)]
  0x000001c663290f50 JavaThread "InvokeLaterDispatcher" daemon [_thread_blocked, id=3024, stack(0x000000b6c4d00000,0x000000b6c4e00000)]
  0x000001c663291470 JavaThread "JavaFX Application Thread" [_thread_blocked, id=1976, stack(0x000000b6c4e00000,0x000000b6c4f00000)]
  0x000001c663a0c010 JavaThread "JavaFX-Launcher" [_thread_blocked, id=6264, stack(0x000000b6c4800000,0x000000b6c4900000)]
  0x000001c663a2cdd0 JavaThread "Thread-2" daemon [_thread_in_native, id=9472, stack(0x000000b6c4700000,0x000000b6c4800000)]
  0x000001c663b33e60 JavaThread "Prism Font Disposer" daemon [_thread_blocked, id=7008, stack(0x000000b6c5900000,0x000000b6c5a00000)]
  0x000001c663b358f0 JavaThread "Cleaner-0" daemon [_thread_blocked, id=12404, stack(0x000000b6c5a00000,0x000000b6c5b00000)]

Other Threads:
=>0x000001c662238f50 VMThread "VM Thread" [stack: 0x000000b6c3c00000,0x000000b6c3d00000] [id=10860]
  0x000001c6422c97a0 GCTaskThread "GC Thread#0" [stack: 0x000000b6c3700000,0x000000b6c3800000] [id=13464]
  0x000001c6639e72d0 GCTaskThread "GC Thread#1" [stack: 0x000000b6c5000000,0x000000b6c5100000] [id=13696]
  0x000001c6639e8530 GCTaskThread "GC Thread#2" [stack: 0x000000b6c5100000,0x000000b6c5200000] [id=11464]
  0x000001c6639e9790 GCTaskThread "GC Thread#3" [stack: 0x000000b6c5200000,0x000000b6c5300000] [id=11724]
  0x000001c6639e8b50 GCTaskThread "GC Thread#4" [stack: 0x000000b6c5300000,0x000000b6c5400000] [id=11588]
  0x000001c6639e6380 GCTaskThread "GC Thread#5" [stack: 0x000000b6c5400000,0x000000b6c5500000] [id=3252]
  0x000001c6422da560 ConcurrentGCThread "G1 Main Marker" terminated
  0x000001c6422dd790 ConcurrentGCThread "G1 Conc#0" [stack: 0x000000b6c3900000,0x000000b6c3a00000] [id=13088]
  0x000001c64236e1a0 ConcurrentGCThread "G1 Refine#0" terminated
  0x000001c64236ec20 ConcurrentGCThread "G1 Service" terminated

Threads with active compile tasks:

VM state: at safepoint (shutting down)

VM Mutex/Monitor currently owned by a thread:  ([mutex/lock_event])
[0x000001c642284c90] Threads_lock - owner thread: 0x000001c662238f50
[0x000001c642284810] Heap_lock - owner thread: 0x000001c663291470

Heap address: 0x0000000081c00000, size: 2020 MB, Compressed Oops mode: 32-bit

CDS archive(s) mapped at: [0x0000000800000000-0x0000000800bb0000-0x0000000800bb0000), size 12255232, SharedBaseAddress: 0x0000000800000000, ArchiveRelocationMode: 0.
Compressed class space mapped at: 0x0000000800c00000-0x0000000840c00000, reserved size: 1073741824
Narrow klass base: 0x0000000800000000, Narrow klass shift: 3, Narrow klass range: 0x100000000

GC Precious Log:
 CPUs: 8 total, 8 available
 Memory: 8074M
 Large Page Support: Disabled
 NUMA Support: Disabled
 Compressed Oops: Enabled (32-bit)
 Heap Region Size: 1M
 Heap Min Capacity: 8M
 Heap Initial Capacity: 128M
 Heap Max Capacity: 2020M
 Pre-touch: Disabled
 Parallel Workers: 8
 Concurrent Workers: 2
 Concurrent Refinement Workers: 8
 Periodic GC: Disabled

Heap:
 garbage-first heap   total 131072K, used 35751K [0x0000000081c00000, 0x0000000100000000)
  region size 1024K, 34 young (34816K), 3 survivors (3072K)
 Metaspace       used 14496K, committed 14720K, reserved 1064960K
  class space    used 2025K, committed 2112K, reserved 1048576K

Heap Regions: E=young(eden), S=young(survivor), O=old, HS=humongous(starts), HC=humongous(continues), CS=collection set, F=free, OA=open archive, CA=closed archive, TAMS=top-at-mark-start (previous, next)
|   0|0x0000000081c00000, 0x0000000081d00000, 0x0000000081d00000|100%|HS|  |TAMS 0x0000000081c00000, 0x0000000081c00000| Complete 
|   1|0x0000000081d00000, 0x0000000081e00000, 0x0000000081e00000|100%|HC|  |TAMS 0x0000000081d00000, 0x0000000081d00000| Complete 
|   2|0x0000000081e00000, 0x0000000081e00000, 0x0000000081f00000|  0%| F|  |TAMS 0x0000000081e00000, 0x0000000081e00000| Untracked 
|   3|0x0000000081f00000, 0x0000000081f00000, 0x0000000082000000|  0%| F|  |TAMS 0x0000000081f00000, 0x0000000081f00000| Untracked 
|   4|0x0000000082000000, 0x0000000082000000, 0x0000000082100000|  0%| F|  |TAMS 0x0000000082000000, 0x0000000082000000| Untracked 
|   5|0x0000000082100000, 0x0000000082100000, 0x0000000082200000|  0%| F|  |TAMS 0x0000000082100000, 0x0000000082100000| Untracked 
|   6|0x0000000082200000, 0x0000000082200000, 0x0000000082300000|  0%| F|  |TAMS 0x0000000082200000, 0x0000000082200000| Untracked 
|   7|0x0000000082300000, 0x0000000082300000, 0x0000000082400000|  0%| F|  |TAMS 0x0000000082300000, 0x0000000082300000| Untracked 
|   8|0x0000000082400000, 0x0000000082400000, 0x0000000082500000|  0%| F|  |TAMS 0x0000000082400000, 0x0000000082400000| Untracked 
|   9|0x0000000082500000, 0x0000000082500000, 0x0000000082600000|  0%| F|  |TAMS 0x0000000082500000, 0x0000000082500000| Untracked 
|  10|0x0000000082600000, 0x0000000082600000, 0x0000000082700000|  0%| F|  |TAMS 0x0000000082600000, 0x0000000082600000| Untracked 
|  11|0x0000000082700000, 0x0000000082700000, 0x0000000082800000|  0%| F|  |TAMS 0x0000000082700000, 0x0000000082700000| Untracked 
|  12|0x0000000082800000, 0x0000000082800000, 0x0000000082900000|  0%| F|  |TAMS 0x0000000082800000, 0x0000000082800000| Untracked 
|  13|0x0000000082900000, 0x0000000082900000, 0x0000000082a00000|  0%| F|  |TAMS 0x0000000082900000, 0x0000000082900000| Untracked 
|  14|0x0000000082a00000, 0x0000000082a00000, 0x0000000082b00000|  0%| F|  |TAMS 0x0000000082a00000, 0x0000000082a00000| Untracked 
|  15|0x0000000082b00000, 0x0000000082b00000, 0x0000000082c00000|  0%| F|  |TAMS 0x0000000082b00000, 0x0000000082b00000| Untracked 
|  16|0x0000000082c00000, 0x0000000082c00000, 0x0000000082d00000|  0%| F|  |TAMS 0x0000000082c00000, 0x0000000082c00000| Untracked 
|  17|0x0000000082d00000, 0x0000000082d00000, 0x0000000082e00000|  0%| F|  |TAMS 0x0000000082d00000, 0x0000000082d00000| Untracked 
|  18|0x0000000082e00000, 0x0000000082e00000, 0x0000000082f00000|  0%| F|  |TAMS 0x0000000082e00000, 0x0000000082e00000| Untracked 
|  19|0x0000000082f00000, 0x0000000082f00000, 0x0000000083000000|  0%| F|  |TAMS 0x0000000082f00000, 0x0000000082f00000| Untracked 
|  20|0x0000000083000000, 0x0000000083000000, 0x0000000083100000|  0%| F|  |TAMS 0x0000000083000000, 0x0000000083000000| Untracked 
|  21|0x0000000083100000, 0x0000000083100000, 0x0000000083200000|  0%| F|  |TAMS 0x0000000083100000, 0x0000000083100000| Untracked 
|  22|0x0000000083200000, 0x0000000083200000, 0x0000000083300000|  0%| F|  |TAMS 0x0000000083200000, 0x0000000083200000| Untracked 
|  23|0x0000000083300000, 0x0000000083300000, 0x0000000083400000|  0%| F|  |TAMS 0x0000000083300000, 0x0000000083300000| Untracked 
|  24|0x0000000083400000, 0x0000000083400000, 0x0000000083500000|  0%| F|  |TAMS 0x0000000083400000, 0x0000000083400000| Untracked 
|  25|0x0000000083500000, 0x0000000083500000, 0x0000000083600000|  0%| F|  |TAMS 0x0000000083500000, 0x0000000083500000| Untracked 
|  26|0x0000000083600000, 0x0000000083600000, 0x0000000083700000|  0%| F|  |TAMS 0x0000000083600000, 0x0000000083600000| Untracked 
|  27|0x0000000083700000, 0x0000000083700000, 0x0000000083800000|  0%| F|  |TAMS 0x0000000083700000, 0x0000000083700000| Untracked 
|  28|0x0000000083800000, 0x0000000083800000, 0x0000000083900000|  0%| F|  |TAMS 0x0000000083800000, 0x0000000083800000| Untracked 
|  29|0x0000000083900000, 0x0000000083900000, 0x0000000083a00000|  0%| F|  |TAMS 0x0000000083900000, 0x0000000083900000| Untracked 
|  30|0x0000000083a00000, 0x0000000083a00000, 0x0000000083b00000|  0%| F|  |TAMS 0x0000000083a00000, 0x0000000083a00000| Untracked 
|  31|0x0000000083b00000, 0x0000000083b00000, 0x0000000083c00000|  0%| F|  |TAMS 0x0000000083b00000, 0x0000000083b00000| Untracked 
|  32|0x0000000083c00000, 0x0000000083c00000, 0x0000000083d00000|  0%| F|  |TAMS 0x0000000083c00000, 0x0000000083c00000| Untracked 
|  33|0x0000000083d00000, 0x0000000083d00000, 0x0000000083e00000|  0%| F|  |TAMS 0x0000000083d00000, 0x0000000083d00000| Untracked 
|  34|0x0000000083e00000, 0x0000000083e00000, 0x0000000083f00000|  0%| F|  |TAMS 0x0000000083e00000, 0x0000000083e00000| Untracked 
|  35|0x0000000083f00000, 0x0000000083f00000, 0x0000000084000000|  0%| F|  |TAMS 0x0000000083f00000, 0x0000000083f00000| Untracked 
|  36|0x0000000084000000, 0x0000000084000000, 0x0000000084100000|  0%| F|  |TAMS 0x0000000084000000, 0x0000000084000000| Untracked 
|  37|0x0000000084100000, 0x0000000084100000, 0x0000000084200000|  0%| F|  |TAMS 0x0000000084100000, 0x0000000084100000| Untracked 
|  38|0x0000000084200000, 0x0000000084200000, 0x0000000084300000|  0%| F|  |TAMS 0x0000000084200000, 0x0000000084200000| Untracked 
|  39|0x0000000084300000, 0x0000000084300000, 0x0000000084400000|  0%| F|  |TAMS 0x0000000084300000, 0x0000000084300000| Untracked 
|  40|0x0000000084400000, 0x0000000084400000, 0x0000000084500000|  0%| F|  |TAMS 0x0000000084400000, 0x0000000084400000| Untracked 
|  41|0x0000000084500000, 0x0000000084500000, 0x0000000084600000|  0%| F|  |TAMS 0x0000000084500000, 0x0000000084500000| Untracked 
|  42|0x0000000084600000, 0x0000000084600000, 0x0000000084700000|  0%| F|  |TAMS 0x0000000084600000, 0x0000000084600000| Untracked 
|  43|0x0000000084700000, 0x0000000084700000, 0x0000000084800000|  0%| F|  |TAMS 0x0000000084700000, 0x0000000084700000| Untracked 
|  44|0x0000000084800000, 0x0000000084800000, 0x0000000084900000|  0%| F|  |TAMS 0x0000000084800000, 0x0000000084800000| Untracked 
|  45|0x0000000084900000, 0x0000000084900000, 0x0000000084a00000|  0%| F|  |TAMS 0x0000000084900000, 0x0000000084900000| Untracked 
|  46|0x0000000084a00000, 0x0000000084a00000, 0x0000000084b00000|  0%| F|  |TAMS 0x0000000084a00000, 0x0000000084a00000| Untracked 
|  47|0x0000000084b00000, 0x0000000084b00000, 0x0000000084c00000|  0%| F|  |TAMS 0x0000000084b00000, 0x0000000084b00000| Untracked 
|  48|0x0000000084c00000, 0x0000000084c00000, 0x0000000084d00000|  0%| F|  |TAMS 0x0000000084c00000, 0x0000000084c00000| Untracked 
|  49|0x0000000084d00000, 0x0000000084d00000, 0x0000000084e00000|  0%| F|  |TAMS 0x0000000084d00000, 0x0000000084d00000| Untracked 
|  50|0x0000000084e00000, 0x0000000084e00000, 0x0000000084f00000|  0%| F|  |TAMS 0x0000000084e00000, 0x0000000084e00000| Untracked 
|  51|0x0000000084f00000, 0x0000000084f00000, 0x0000000085000000|  0%| F|  |TAMS 0x0000000084f00000, 0x0000000084f00000| Untracked 
|  52|0x0000000085000000, 0x0000000085000000, 0x0000000085100000|  0%| F|  |TAMS 0x0000000085000000, 0x0000000085000000| Untracked 
|  53|0x0000000085100000, 0x0000000085100000, 0x0000000085200000|  0%| F|  |TAMS 0x0000000085100000, 0x0000000085100000| Untracked 
|  54|0x0000000085200000, 0x0000000085200000, 0x0000000085300000|  0%| F|  |TAMS 0x0000000085200000, 0x0000000085200000| Untracked 
|  55|0x0000000085300000, 0x0000000085300000, 0x0000000085400000|  0%| F|  |TAMS 0x0000000085300000, 0x0000000085300000| Untracked 
|  56|0x0000000085400000, 0x0000000085400000, 0x0000000085500000|  0%| F|  |TAMS 0x0000000085400000, 0x0000000085400000| Untracked 
|  57|0x0000000085500000, 0x0000000085500000, 0x0000000085600000|  0%| F|  |TAMS 0x0000000085500000, 0x0000000085500000| Untracked 
|  58|0x0000000085600000, 0x0000000085600000, 0x0000000085700000|  0%| F|  |TAMS 0x0000000085600000, 0x0000000085600000| Untracked 
|  59|0x0000000085700000, 0x0000000085700000, 0x0000000085800000|  0%| F|  |TAMS 0x0000000085700000, 0x0000000085700000| Untracked 
|  60|0x0000000085800000, 0x0000000085800000, 0x0000000085900000|  0%| F|  |TAMS 0x0000000085800000, 0x0000000085800000| Untracked 
|  61|0x0000000085900000, 0x0000000085900000, 0x0000000085a00000|  0%| F|  |TAMS 0x0000000085900000, 0x0000000085900000| Untracked 
|  62|0x0000000085a00000, 0x0000000085a00000, 0x0000000085b00000|  0%| F|  |TAMS 0x0000000085a00000, 0x0000000085a00000| Untracked 
|  63|0x0000000085b00000, 0x0000000085b00000, 0x0000000085c00000|  0%| F|  |TAMS 0x0000000085b00000, 0x0000000085b00000| Untracked 
|  64|0x0000000085c00000, 0x0000000085c00000, 0x0000000085d00000|  0%| F|  |TAMS 0x0000000085c00000, 0x0000000085c00000| Untracked 
|  65|0x0000000085d00000, 0x0000000085d00000, 0x0000000085e00000|  0%| F|  |TAMS 0x0000000085d00000, 0x0000000085d00000| Untracked 
|  66|0x0000000085e00000, 0x0000000085e00000, 0x0000000085f00000|  0%| F|  |TAMS 0x0000000085e00000, 0x0000000085e00000| Untracked 
|  67|0x0000000085f00000, 0x0000000085f00000, 0x0000000086000000|  0%| F|  |TAMS 0x0000000085f00000, 0x0000000085f00000| Untracked 
|  68|0x0000000086000000, 0x0000000086000000, 0x0000000086100000|  0%| F|  |TAMS 0x0000000086000000, 0x0000000086000000| Untracked 
|  69|0x0000000086100000, 0x0000000086100000, 0x0000000086200000|  0%| F|  |TAMS 0x0000000086100000, 0x0000000086100000| Untracked 
|  70|0x0000000086200000, 0x0000000086200000, 0x0000000086300000|  0%| F|  |TAMS 0x0000000086200000, 0x0000000086200000| Untracked 
|  71|0x0000000086300000, 0x0000000086300000, 0x0000000086400000|  0%| F|  |TAMS 0x0000000086300000, 0x0000000086300000| Untracked 
|  72|0x0000000086400000, 0x0000000086400000, 0x0000000086500000|  0%| F|  |TAMS 0x0000000086400000, 0x0000000086400000| Untracked 
|  73|0x0000000086500000, 0x0000000086500000, 0x0000000086600000|  0%| F|  |TAMS 0x0000000086500000, 0x0000000086500000| Untracked 
|  74|0x0000000086600000, 0x0000000086600000, 0x0000000086700000|  0%| F|  |TAMS 0x0000000086600000, 0x0000000086600000| Untracked 
|  75|0x0000000086700000, 0x0000000086700000, 0x0000000086800000|  0%| F|  |TAMS 0x0000000086700000, 0x0000000086700000| Untracked 
|  76|0x0000000086800000, 0x0000000086800000, 0x0000000086900000|  0%| F|  |TAMS 0x0000000086800000, 0x0000000086800000| Untracked 
|  77|0x0000000086900000, 0x0000000086900000, 0x0000000086a00000|  0%| F|  |TAMS 0x0000000086900000, 0x0000000086900000| Untracked 
|  78|0x0000000086a00000, 0x0000000086a00000, 0x0000000086b00000|  0%| F|  |TAMS 0x0000000086a00000, 0x0000000086a00000| Untracked 
|  79|0x0000000086b00000, 0x0000000086b00000, 0x0000000086c00000|  0%| F|  |TAMS 0x0000000086b00000, 0x0000000086b00000| Untracked 
|  80|0x0000000086c00000, 0x0000000086c00000, 0x0000000086d00000|  0%| F|  |TAMS 0x0000000086c00000, 0x0000000086c00000| Untracked 
|  81|0x0000000086d00000, 0x0000000086d00000, 0x0000000086e00000|  0%| F|  |TAMS 0x0000000086d00000, 0x0000000086d00000| Untracked 
|  82|0x0000000086e00000, 0x0000000086e00000, 0x0000000086f00000|  0%| F|  |TAMS 0x0000000086e00000, 0x0000000086e00000| Untracked 
|  83|0x0000000086f00000, 0x0000000086f00000, 0x0000000087000000|  0%| F|  |TAMS 0x0000000086f00000, 0x0000000086f00000| Untracked 
|  84|0x0000000087000000, 0x0000000087000000, 0x0000000087100000|  0%| F|  |TAMS 0x0000000087000000, 0x0000000087000000| Untracked 
|  85|0x0000000087100000, 0x0000000087100000, 0x0000000087200000|  0%| F|  |TAMS 0x0000000087100000, 0x0000000087100000| Untracked 
|  86|0x0000000087200000, 0x0000000087200000, 0x0000000087300000|  0%| F|  |TAMS 0x0000000087200000, 0x0000000087200000| Untracked 
|  87|0x0000000087300000, 0x0000000087300000, 0x0000000087400000|  0%| F|  |TAMS 0x0000000087300000, 0x0000000087300000| Untracked 
|  88|0x0000000087400000, 0x0000000087400000, 0x0000000087500000|  0%| F|  |TAMS 0x0000000087400000, 0x0000000087400000| Untracked 
|  89|0x0000000087500000, 0x0000000087500000, 0x0000000087600000|  0%| F|  |TAMS 0x0000000087500000, 0x0000000087500000| Untracked 
|  90|0x0000000087600000, 0x0000000087600000, 0x0000000087700000|  0%| F|  |TAMS 0x0000000087600000, 0x0000000087600000| Untracked 
|  91|0x0000000087700000, 0x0000000087700000, 0x0000000087800000|  0%| F|  |TAMS 0x0000000087700000, 0x0000000087700000| Untracked 
|  92|0x0000000087800000, 0x0000000087800000, 0x0000000087900000|  0%| F|  |TAMS 0x0000000087800000, 0x0000000087800000| Untracked 
|  93|0x0000000087900000, 0x0000000087900000, 0x0000000087a00000|  0%| F|  |TAMS 0x0000000087900000, 0x0000000087900000| Untracked 
|  94|0x0000000087a00000, 0x0000000087b00000, 0x0000000087b00000|100%| E|  |TAMS 0x0000000087a00000, 0x0000000087a00000| Complete 
|  95|0x0000000087b00000, 0x0000000087c00000, 0x0000000087c00000|100%| E|CS|TAMS 0x0000000087b00000, 0x0000000087b00000| Complete 
|  96|0x0000000087c00000, 0x0000000087d00000, 0x0000000087d00000|100%| E|CS|TAMS 0x0000000087c00000, 0x0000000087c00000| Complete 
|  97|0x0000000087d00000, 0x0000000087e00000, 0x0000000087e00000|100%| E|CS|TAMS 0x0000000087d00000, 0x0000000087d00000| Complete 
|  98|0x0000000087e00000, 0x0000000087f00000, 0x0000000087f00000|100%| E|CS|TAMS 0x0000000087e00000, 0x0000000087e00000| Complete 
|  99|0x0000000087f00000, 0x0000000088000000, 0x0000000088000000|100%| E|CS|TAMS 0x0000000087f00000, 0x0000000087f00000| Complete 
| 100|0x0000000088000000, 0x0000000088100000, 0x0000000088100000|100%| E|CS|TAMS 0x0000000088000000, 0x0000000088000000| Complete 
| 101|0x0000000088100000, 0x0000000088200000, 0x0000000088200000|100%| E|CS|TAMS 0x0000000088100000, 0x0000000088100000| Complete 
| 102|0x0000000088200000, 0x00000000882e9fe0, 0x0000000088300000| 91%| S|CS|TAMS 0x0000000088200000, 0x0000000088200000| Complete 
| 103|0x0000000088300000, 0x0000000088400000, 0x0000000088400000|100%| S|CS|TAMS 0x0000000088300000, 0x0000000088300000| Complete 
| 104|0x0000000088400000, 0x0000000088500000, 0x0000000088500000|100%| S|CS|TAMS 0x0000000088400000, 0x0000000088400000| Complete 
| 105|0x0000000088500000, 0x0000000088600000, 0x0000000088600000|100%| E|CS|TAMS 0x0000000088500000, 0x0000000088500000| Complete 
| 106|0x0000000088600000, 0x0000000088700000, 0x0000000088700000|100%| E|CS|TAMS 0x0000000088600000, 0x0000000088600000| Complete 
| 107|0x0000000088700000, 0x0000000088800000, 0x0000000088800000|100%| E|CS|TAMS 0x0000000088700000, 0x0000000088700000| Complete 
| 108|0x0000000088800000, 0x0000000088900000, 0x0000000088900000|100%| E|CS|TAMS 0x0000000088800000, 0x0000000088800000| Complete 
| 109|0x0000000088900000, 0x0000000088a00000, 0x0000000088a00000|100%| E|CS|TAMS 0x0000000088900000, 0x0000000088900000| Complete 
| 110|0x0000000088a00000, 0x0000000088b00000, 0x0000000088b00000|100%| E|CS|TAMS 0x0000000088a00000, 0x0000000088a00000| Complete 
| 111|0x0000000088b00000, 0x0000000088c00000, 0x0000000088c00000|100%| E|CS|TAMS 0x0000000088b00000, 0x0000000088b00000| Complete 
| 112|0x0000000088c00000, 0x0000000088d00000, 0x0000000088d00000|100%| E|CS|TAMS 0x0000000088c00000, 0x0000000088c00000| Complete 
| 113|0x0000000088d00000, 0x0000000088e00000, 0x0000000088e00000|100%| E|CS|TAMS 0x0000000088d00000, 0x0000000088d00000| Complete 
| 114|0x0000000088e00000, 0x0000000088f00000, 0x0000000088f00000|100%| E|CS|TAMS 0x0000000088e00000, 0x0000000088e00000| Complete 
| 115|0x0000000088f00000, 0x0000000089000000, 0x0000000089000000|100%| E|CS|TAMS 0x0000000088f00000, 0x0000000088f00000| Complete 
| 116|0x0000000089000000, 0x0000000089100000, 0x0000000089100000|100%| E|CS|TAMS 0x0000000089000000, 0x0000000089000000| Complete 
| 117|0x0000000089100000, 0x0000000089200000, 0x0000000089200000|100%| E|CS|TAMS 0x0000000089100000, 0x0000000089100000| Complete 
| 118|0x0000000089200000, 0x0000000089300000, 0x0000000089300000|100%| E|CS|TAMS 0x0000000089200000, 0x0000000089200000| Complete 
| 119|0x0000000089300000, 0x0000000089400000, 0x0000000089400000|100%| E|CS|TAMS 0x0000000089300000, 0x0000000089300000| Complete 
| 120|0x0000000089400000, 0x0000000089500000, 0x0000000089500000|100%| E|CS|TAMS 0x0000000089400000, 0x0000000089400000| Complete 
| 121|0x0000000089500000, 0x0000000089600000, 0x0000000089600000|100%| E|CS|TAMS 0x0000000089500000, 0x0000000089500000| Complete 
| 122|0x0000000089600000, 0x0000000089700000, 0x0000000089700000|100%| E|CS|TAMS 0x0000000089600000, 0x0000000089600000| Complete 
| 123|0x0000000089700000, 0x0000000089800000, 0x0000000089800000|100%| E|CS|TAMS 0x0000000089700000, 0x0000000089700000| Complete 
| 124|0x0000000089800000, 0x0000000089900000, 0x0000000089900000|100%| E|CS|TAMS 0x0000000089800000, 0x0000000089800000| Complete 
| 125|0x0000000089900000, 0x0000000089a00000, 0x0000000089a00000|100%| E|CS|TAMS 0x0000000089900000, 0x0000000089900000| Complete 
| 126|0x0000000089a00000, 0x0000000089b00000, 0x0000000089b00000|100%| E|CS|TAMS 0x0000000089a00000, 0x0000000089a00000| Complete 
| 127|0x0000000089b00000, 0x0000000089c00000, 0x0000000089c00000|100%| E|CS|TAMS 0x0000000089b00000, 0x0000000089b00000| Complete 

Card table byte_map: [0x000001c65b080000,0x000001c65b480000] _byte_map_base: 0x000001c65ac72000

Marking Bits (Prev, Next): (CMBitMap*) 0x000001c6422c9e90, (CMBitMap*) 0x000001c6422c9ed0
 Prev Bits: [0x000001c65b880000, 0x000001c65d810000)
 Next Bits: [0x000001c65d810000, 0x000001c65f7a0000)

Polling page: 0x000001c642370000

Metaspace:

Usage:
  Non-class:     12.18 MB used.
      Class:      1.98 MB used.
       Both:     14.16 MB used.

Virtual space:
  Non-class space:       16.00 MB reserved,      12.31 MB ( 77%) committed,  2 nodes.
      Class space:        1.00 GB reserved,       2.06 MB ( <1%) committed,  1 nodes.
              Both:        1.02 GB reserved,      14.38 MB (  1%) committed. 

Chunk freelists:
   Non-Class:  3.16 MB
       Class:  1.88 MB
        Both:  5.04 MB

MaxMetaspaceSize: 17179869184.00 GB
CompressedClassSpaceSize: 1.00 GB
 - commit_granule_bytes: 65536.
 - commit_granule_words: 8192.
 - virtual_space_node_default_size: 1048576.
 - enlarge_chunks_in_place: 1.
 - new_chunks_are_fully_committed: 0.
 - uncommit_free_chunks: 1.
 - use_allocation_guard: 0.
 - handle_deallocations: 1.


Internal statistics:

num_allocs_failed_limit: 0.
num_arena_births: 224.
num_arena_deaths: 0.
num_vsnodes_births: 3.
num_vsnodes_deaths: 0.
num_space_committed: 230.
num_space_uncommitted: 0.
num_chunks_returned_to_freelist: 0.
num_chunks_taken_from_freelist: 730.
num_chunk_merges: 0.
num_chunk_splits: 490.
num_chunks_enlarged: 369.
num_purges: 0.

CodeHeap 'non-profiled nmethods': size=120000Kb used=902Kb max_used=902Kb free=119097Kb
 bounds [0x000001c652cf0000, 0x000001c652f60000, 0x000001c65a220000]
CodeHeap 'profiled nmethods': size=120000Kb used=5011Kb max_used=5011Kb free=114988Kb
 bounds [0x000001c64b7c0000, 0x000001c64bcb0000, 0x000001c652cf0000]
CodeHeap 'non-nmethods': size=5760Kb used=1430Kb max_used=1478Kb free=4329Kb
 bounds [0x000001c64b220000, 0x000001c64b490000, 0x000001c64b7c0000]
 total_blobs=3421 nmethods=2636 adapters=697
 compilation: enabled
              stopped_count=0, restarted_count=0
 full_count=0

Compilation events (20 events):
Event: 12.396 Thread 0x000001c662266600 nmethod 2626 0x000001c64bca0c90 code [0x000001c64bca0e20, 0x000001c64bca0f18]
Event: 12.396 Thread 0x000001c662266600 2627       3       com.sun.javafx.application.PlatformImpl::isCaspian (4 bytes)
Event: 12.396 Thread 0x000001c662266600 nmethod 2627 0x000001c64bca0f90 code [0x000001c64bca1120, 0x000001c64bca1218]
Event: 12.396 Thread 0x000001c662266600 2628       1       com.sun.javafx.sg.prism.NGCamera::getViewWidth (5 bytes)
Event: 12.396 Thread 0x000001c662266600 nmethod 2628 0x000001c652dc8e10 code [0x000001c652dc8fa0, 0x000001c652dc9078]
Event: 12.396 Thread 0x000001c662266600 2629       1       com.sun.javafx.sg.prism.NGCamera::getViewHeight (5 bytes)
Event: 12.396 Thread 0x000001c662266600 nmethod 2629 0x000001c652dc9110 code [0x000001c652dc92a0, 0x000001c652dc9378]
Event: 12.396 Thread 0x000001c662266600 2631       1       com.sun.prism.impl.ps.BaseShaderContext::getLCDBuffer (5 bytes)
Event: 12.396 Thread 0x000001c662266600 nmethod 2631 0x000001c652dc9890 code [0x000001c652dc9a20, 0x000001c652dc9af8]
Event: 12.397 Thread 0x000001c662266600 2632       3       com.sun.javafx.font.CompositeStrike::getStrikeSlot (165 bytes)
Event: 12.397 Thread 0x000001c662266600 nmethod 2632 0x000001c64bca1290 code [0x000001c64bca1540, 0x000001c64bca2648]
Event: 12.397 Thread 0x000001c662266600 2634       3       java.nio.ByteBuffer::rewind (7 bytes)
Event: 12.397 Thread 0x000001c662266600 nmethod 2634 0x000001c64bca2b10 code [0x000001c64bca2cc0, 0x000001c64bca2e38]
Event: 12.398 Thread 0x000001c662266600 2633       3       com.sun.javafx.geom.transform.AffineBase::calculateType (598 bytes)
Event: 12.398 Thread 0x000001c662266600 nmethod 2633 0x000001c64bca2f10 code [0x000001c64bca31c0, 0x000001c64bca4288]
Event: 12.398 Thread 0x000001c662266600 2635       3       com.sun.javafx.geom.Path2D$Iterator::isDone (20 bytes)
Event: 12.399 Thread 0x000001c662266600 nmethod 2635 0x000001c64bca4390 code [0x000001c64bca4520, 0x000001c64bca4698]
Event: 12.487 Thread 0x000001c662265b10 nmethod 2623% 0x000001c652dc9b90 code [0x000001c652dc9e00, 0x000001c652dce128]
Event: 12.885 Thread 0x000001c662266600 2637       3       java.lang.ThreadLocal::get (38 bytes)
Event: 12.885 Thread 0x000001c662266600 nmethod 2637 0x000001c64bca4790 code [0x000001c64bca4960, 0x000001c64bca4c98]

GC Heap History (2 events):
Event: 1.060 GC heap before
{Heap before GC invocations=0 (full 0):
 garbage-first heap   total 131072K, used 22528K [0x0000000081c00000, 0x0000000100000000)
  region size 1024K, 23 young (23552K), 0 survivors (0K)
 Metaspace       used 6204K, committed 6336K, reserved 1056768K
  class space    used 762K, committed 832K, reserved 1048576K
}
Event: 1.063 GC heap after
{Heap after GC invocations=1 (full 0):
 garbage-first heap   total 131072K, used 2983K [0x0000000081c00000, 0x0000000100000000)
  region size 1024K, 3 young (3072K), 3 survivors (3072K)
 Metaspace       used 6204K, committed 6336K, reserved 1056768K
  class space    used 762K, committed 832K, reserved 1048576K
}

Deoptimization events (20 events):
Event: 1.423 Thread 0x000001c663291470 DEOPT PACKING pc=0x000001c652d460d4 sp=0x000000b6c4efc460
Event: 1.423 Thread 0x000001c663291470 DEOPT UNPACKING pc=0x000001c64b26d72e sp=0x000000b6c4efc418 mode 2
Event: 2.039 Thread 0x000001c663291470 Uncommon trap: trap_request=0xffffff45 fr.pc=0x000001c652d618e4 relative=0x0000000000000f44
Event: 2.039 Thread 0x000001c663291470 Uncommon trap: reason=unstable_if action=reinterpret pc=0x000001c652d618e4 method=java.util.concurrent.ConcurrentHashMap.putVal(Ljava/lang/Object;Ljava/lang/Object;Z)Ljava/lang/Object; @ 148 c2
Event: 2.039 Thread 0x000001c663291470 DEOPT PACKING pc=0x000001c652d618e4 sp=0x000000b6c4efb090
Event: 2.039 Thread 0x000001c663291470 DEOPT UNPACKING pc=0x000001c64b26d72e sp=0x000000b6c4efb010 mode 2
Event: 2.051 Thread 0x000001c663431bb0 DEOPT PACKING pc=0x000001c64ba5fd77 sp=0x000000b6c4bfdf70
Event: 2.051 Thread 0x000001c663431bb0 DEOPT UNPACKING pc=0x000001c64b26dece sp=0x000000b6c4bfd3d8 mode 0
Event: 7.115 Thread 0x000001c663431bb0 DEOPT PACKING pc=0x000001c64bab8cff sp=0x000000b6c4bfe240
Event: 7.115 Thread 0x000001c663431bb0 DEOPT UNPACKING pc=0x000001c64b26dece sp=0x000000b6c4bfd660 mode 0
Event: 7.547 Thread 0x000001c663431bb0 DEOPT PACKING pc=0x000001c64ba9f9c2 sp=0x000000b6c4bfe200
Event: 7.547 Thread 0x000001c663431bb0 DEOPT UNPACKING pc=0x000001c64b26dece sp=0x000000b6c4bfd690 mode 0
Event: 7.678 Thread 0x000001c663291470 Uncommon trap: trap_request=0xffffff45 fr.pc=0x000001c652db637c relative=0x000000000000005c
Event: 7.678 Thread 0x000001c663291470 Uncommon trap: reason=unstable_if action=reinterpret pc=0x000001c652db637c method=javafx.scene.Node.updateLocalToParentTransform()V @ 4 c2
Event: 7.678 Thread 0x000001c663291470 DEOPT PACKING pc=0x000001c652db637c sp=0x000000b6c4efdaf0
Event: 7.678 Thread 0x000001c663291470 DEOPT UNPACKING pc=0x000001c64b26d72e sp=0x000000b6c4efda48 mode 2
Event: 11.342 Thread 0x000001c663291470 Uncommon trap: trap_request=0xffffff45 fr.pc=0x000001c652dbeb8c relative=0x00000000000000ec
Event: 11.342 Thread 0x000001c663291470 Uncommon trap: reason=unstable_if action=reinterpret pc=0x000001c652dbeb8c method=java.lang.ThreadLocal$ThreadLocalMap.getEntry(Ljava/lang/ThreadLocal;)Ljava/lang/ThreadLocal$ThreadLocalMap$Entry; @ 21 c2
Event: 11.342 Thread 0x000001c663291470 DEOPT PACKING pc=0x000001c652dbeb8c sp=0x000000b6c4efb930
Event: 11.342 Thread 0x000001c663291470 DEOPT UNPACKING pc=0x000001c64b26d72e sp=0x000000b6c4efb848 mode 2

Classes unloaded (0 events):
No events

Classes redefined (0 events):
No events

Internal exceptions (20 events):
Event: 1.199 Thread 0x000001c663291470 Implicit null exception at 0x000001c652d102e0 to 0x000001c652d1037a
Event: 1.210 Thread 0x000001c663291470 Implicit null exception at 0x000001c652d46a2f to 0x000001c652d47014
Event: 1.211 Thread 0x000001c663291470 Implicit null exception at 0x000001c652d4558c to 0x000001c652d459e4
Event: 1.211 Thread 0x000001c663291470 Implicit null exception at 0x000001c652d0fc2f to 0x000001c652d0fcad
Event: 1.307 Thread 0x000001c663291470 Exception <a 'java/lang/NoSuchMethodError'{0x0000000088edc688}: 'java.lang.Object java.lang.invoke.DirectMethodHandle$Holder.invokeInterface(java.lang.Object, java.lang.Object, java.lang.Object)'> (0x0000000088edc688) 
thrown [t:\workspace\open\src\hotspot\share\interpreter\linkResolver.cpp, line 790]
Event: 1.307 Thread 0x000001c663291470 Exception <a 'java/lang/IncompatibleClassChangeError'{0x0000000088ee0208}: Found class java.lang.Object, but interface was expected> (0x0000000088ee0208) 
thrown [t:\workspace\open\src\hotspot\share\interpreter\linkResolver.cpp, line 857]
Event: 1.343 Thread 0x000001c663291470 Exception <a 'java/lang/ClassNotFoundException'{0x0000000088b64e60}: com/sun/javafx/scene/control/skin/resources/controls> (0x0000000088b64e60) 
thrown [t:\workspace\open\src\hotspot\share\prims\jni.cpp, line 600]
Event: 1.344 Thread 0x000001c663291470 Exception <a 'java/lang/ClassNotFoundException'{0x0000000088b72bb0}: com/sun/javafx/scene/control/skin/resources/controls_en> (0x0000000088b72bb0) 
thrown [t:\workspace\open\src\hotspot\share\prims\jni.cpp, line 600]
Event: 1.344 Thread 0x000001c663291470 Exception <a 'java/lang/ClassNotFoundException'{0x0000000088b74260}: com/sun/javafx/scene/control/skin/resources/controls_en_MY> (0x0000000088b74260) 
thrown [t:\workspace\open\src\hotspot\share\prims\jni.cpp, line 600]
Event: 1.370 Thread 0x000001c663291470 Exception <a 'java/lang/NoSuchMethodError'{0x00000000889071e8}: 'void java.lang.invoke.DirectMethodHandle$Holder.invokeSpecial(java.lang.Object, java.lang.Object, java.lang.Object, java.lang.Object, java.lang.Object, java.lang.Object)'> (0x00000000889071e8) 
thrown [t:\workspace\open\src\hotspot\share\interpreter\linkResolver.cpp, line 790]
Event: 1.435 Thread 0x000001c663291470 Exception <a 'java/lang/NoSuchMethodError'{0x00000000886c91c0}: 'java.lang.Object java.lang.invoke.DirectMethodHandle$Holder.newInvokeSpecial(java.lang.Object, java.lang.Object, int)'> (0x00000000886c91c0) 
thrown [t:\workspace\open\src\hotspot\share\interpreter\linkResolver.cpp, line 790]
Event: 1.453 Thread 0x000001c663431bb0 Exception <a 'java/lang/NoSuchMethodError'{0x000000008851ab30}: 'int java.lang.invoke.DirectMethodHandle$Holder.invokeStaticInit(java.lang.Object, java.lang.Object)'> (0x000000008851ab30) 
thrown [t:\workspace\open\src\hotspot\share\interpreter\linkResolver.cpp, line 790]
Event: 2.045 Thread 0x000001c663291470 Exception <a 'java/lang/NoSuchMethodError'{0x0000000087e483b8}: 'long java.lang.invoke.DirectMethodHandle$Holder.invokeStatic(java.lang.Object, java.lang.Object, java.lang.Object)'> (0x0000000087e483b8) 
thrown [t:\workspace\open\src\hotspot\share\interpreter\linkResolver.cpp, line 790]
Event: 2.045 Thread 0x000001c663291470 Exception <a 'java/lang/NoSuchMethodError'{0x0000000087e4c010}: 'long java.lang.invoke.DirectMethodHandle$Holder.invokeStaticInit(java.lang.Object, java.lang.Object, java.lang.Object)'> (0x0000000087e4c010) 
thrown [t:\workspace\open\src\hotspot\share\interpreter\linkResolver.cpp, line 790]
Event: 2.047 Thread 0x000001c663291470 Exception <a 'java/lang/NoSuchMethodError'{0x0000000087e641d8}: 'java.lang.Object java.lang.invoke.DirectMethodHandle$Holder.newInvokeSpecial(java.lang.Object, java.lang.Object, long)'> (0x0000000087e641d8) 
thrown [t:\workspace\open\src\hotspot\share\interpreter\linkResolver.cpp, line 790]
Event: 2.047 Thread 0x000001c663291470 Exception <a 'java/lang/NoSuchMethodError'{0x0000000087e67f48}: 'java.lang.Object java.lang.invoke.Invokers$Holder.linkToTargetMethod(java.lang.Object, long, java.lang.Object)'> (0x0000000087e67f48) 
thrown [t:\workspace\open\src\hotspot\share\interpreter\linkResolver.cpp, line 790]
Event: 2.134 Thread 0x000001c663291470 Exception <a 'java/lang/NoSuchMethodError'{0x0000000087e79590}: 'java.lang.Object java.lang.invoke.DirectMethodHandle$Holder.newInvokeSpecial(java.lang.Object, java.lang.Object, int, int, int, int, int, java.lang.Object)'> (0x0000000087e79590) 
thrown [t:\workspace\open\src\hotspot\share\interpreter\linkResolver.cpp, line 790]
Event: 2.135 Thread 0x000001c663291470 Exception <a 'java/lang/NoSuchMethodError'{0x0000000087e8d1f8}: 'java.lang.Object java.lang.invoke.DirectMethodHandle$Holder.newInvokeSpecial(java.lang.Object, java.lang.Object, java.lang.Object, int, int, int, int, int)'> (0x0000000087e8d1f8) 
thrown [t:\workspace\open\src\hotspot\share\interpreter\linkResolver.cpp, line 790]
Event: 2.136 Thread 0x000001c663291470 Exception <a 'java/lang/NoSuchMethodError'{0x0000000087e95010}: 'java.lang.Object java.lang.invoke.Invokers$Holder.linkToTargetMethod(java.lang.Object, java.lang.Object, int, int, int, int, int, java.lang.Object)'> (0x0000000087e95010) 
thrown [t:\workspace\open\src\hotspot\share\interpreter\linkResolver.cpp, line 790]
Event: 11.342 Thread 0x000001c663291470 Implicit null exception at 0x000001c652dbeb03 to 0x000001c652dbeb74

Events (20 events):
Event: 4.935 Executing  VM operation: Cleanup done
Event: 5.935 Executing  VM operation: Cleanup
Event: 5.935 Executing  VM operation: Cleanup done
Event: 7.667 loading class jdk/internal/reflect/BootstrapConstructorAccessorImpl
Event: 7.667 loading class jdk/internal/reflect/BootstrapConstructorAccessorImpl done
Event: 7.935 Executing  VM operation: Cleanup
Event: 7.935 Executing  VM operation: Cleanup done
Event: 8.936 Executing  VM operation: Cleanup
Event: 8.936 Executing  VM operation: Cleanup done
Event: 9.936 Executing  VM operation: Cleanup
Event: 9.937 Executing  VM operation: Cleanup done
Event: 10.937 Executing  VM operation: Cleanup
Event: 10.937 Executing  VM operation: Cleanup done
Event: 12.938 Executing  VM operation: Cleanup
Event: 12.938 Executing  VM operation: Cleanup done
Event: 13.725 Thread 0x000001c663b34900 Thread added: 0x000001c663b34900
Event: 13.725 Thread 0x000001c663b35e40 Thread added: 0x000001c663b35e40
Event: 13.726 Thread 0x000001c663b35e40 Thread exited: 0x000001c663b35e40
Event: 13.726 Thread 0x000001c663b34900 Thread exited: 0x000001c663b34900
Event: 13.727 Executing  VM operation: Exit


Dynamic libraries:
0x00007ff7f4ba0000 - 0x00007ff7f4bb0000 	C:\Program Files\Java\jdk-16.0.1\bin\javaw.exe
0x00007ffcdfd90000 - 0x00007ffcdff85000 	C:\WINDOWS\SYSTEM32\ntdll.dll
0x00007ffcde810000 - 0x00007ffcde8cd000 	C:\WINDOWS\System32\KERNEL32.DLL
0x00007ffcdd910000 - 0x00007ffcddbd9000 	C:\WINDOWS\System32\KERNELBASE.dll
0x00007ffcdd580000 - 0x00007ffcdd680000 	C:\WINDOWS\System32\ucrtbase.dll
0x00007ffcd7730000 - 0x00007ffcd7749000 	C:\Program Files\Java\jdk-16.0.1\bin\VCRUNTIME140.dll
0x00007ffcd67b0000 - 0x00007ffcd67c8000 	C:\Program Files\Java\jdk-16.0.1\bin\jli.dll
0x00007ffcdf5c0000 - 0x00007ffcdf66c000 	C:\WINDOWS\System32\ADVAPI32.dll
0x00007ffcdf1f0000 - 0x00007ffcdf28e000 	C:\WINDOWS\System32\msvcrt.dll
0x00007ffcdfb70000 - 0x00007ffcdfc0b000 	C:\WINDOWS\System32\sechost.dll
0x00007ffcdf290000 - 0x00007ffcdf3ba000 	C:\WINDOWS\System32\RPCRT4.dll
0x00007ffcde660000 - 0x00007ffcde800000 	C:\WINDOWS\System32\USER32.dll
0x00007ffcddd70000 - 0x00007ffcddd92000 	C:\WINDOWS\System32\win32u.dll
0x00007ffcbdb90000 - 0x00007ffcbde2a000 	C:\WINDOWS\WinSxS\amd64_microsoft.windows.common-controls_6595b64144ccf1df_6.0.19041.1110_none_60b5254171f9507e\COMCTL32.dll
0x00007ffcde940000 - 0x00007ffcde96a000 	C:\WINDOWS\System32\GDI32.dll
0x00007ffcdd800000 - 0x00007ffcdd90b000 	C:\WINDOWS\System32\gdi32full.dll
0x00007ffcdd760000 - 0x00007ffcdd7fd000 	C:\WINDOWS\System32\msvcp_win.dll
0x00007ffcd5fa0000 - 0x00007ffcd5faa000 	C:\WINDOWS\SYSTEM32\VERSION.dll
0x00007ffcdfd20000 - 0x00007ffcdfd50000 	C:\WINDOWS\System32\IMM32.DLL
0x00007ffcd67a0000 - 0x00007ffcd67ac000 	C:\Program Files\Java\jdk-16.0.1\bin\vcruntime140_1.dll
0x00007ffcc6f80000 - 0x00007ffcc7011000 	C:\Program Files\Java\jdk-16.0.1\bin\msvcp140.dll
0x00007ffc881e0000 - 0x00007ffc88d8b000 	C:\Program Files\Java\jdk-16.0.1\bin\server\jvm.dll
0x00007ffcdf670000 - 0x00007ffcdf678000 	C:\WINDOWS\System32\PSAPI.DLL
0x00007ffcc8820000 - 0x00007ffcc8829000 	C:\WINDOWS\SYSTEM32\WSOCK32.dll
0x00007ffcd3b50000 - 0x00007ffcd3b77000 	C:\WINDOWS\SYSTEM32\WINMM.dll
0x00007ffcde8d0000 - 0x00007ffcde93b000 	C:\WINDOWS\System32\WS2_32.dll
0x00007ffcdbd70000 - 0x00007ffcdbd82000 	C:\WINDOWS\SYSTEM32\kernel.appcore.dll
0x00007ffcd6790000 - 0x00007ffcd679a000 	C:\Program Files\Java\jdk-16.0.1\bin\jimage.dll
0x00007ffcdb220000 - 0x00007ffcdb404000 	C:\WINDOWS\SYSTEM32\DBGHELP.DLL
0x00007ffcd47c0000 - 0x00007ffcd47ec000 	C:\WINDOWS\SYSTEM32\dbgcore.DLL
0x00007ffcdd680000 - 0x00007ffcdd703000 	C:\WINDOWS\System32\bcryptPrimitives.dll
0x00007ffcd66e0000 - 0x00007ffcd6705000 	C:\Program Files\Java\jdk-16.0.1\bin\java.dll
0x00007ffcde980000 - 0x00007ffcdf0bf000 	C:\WINDOWS\System32\SHELL32.dll
0x00007ffcdb5c0000 - 0x00007ffcdbd51000 	C:\WINDOWS\SYSTEM32\windows.storage.dll
0x00007ffcdf680000 - 0x00007ffcdf9d5000 	C:\WINDOWS\System32\combase.dll
0x00007ffcdcf40000 - 0x00007ffcdcf6c000 	C:\WINDOWS\SYSTEM32\Wldp.dll
0x00007ffcdfac0000 - 0x00007ffcdfb6e000 	C:\WINDOWS\System32\SHCORE.dll
0x00007ffcdde00000 - 0x00007ffcdde55000 	C:\WINDOWS\System32\shlwapi.dll
0x00007ffcdd410000 - 0x00007ffcdd42f000 	C:\WINDOWS\SYSTEM32\profapi.dll
0x00007ffcd7f20000 - 0x00007ffcd7f39000 	C:\Program Files\Java\jdk-16.0.1\bin\net.dll
0x00007ffcd7330000 - 0x00007ffcd743a000 	C:\WINDOWS\SYSTEM32\WINHTTP.dll
0x00007ffcdcca0000 - 0x00007ffcdcd0a000 	C:\WINDOWS\system32\mswsock.dll
0x00007ffcd6770000 - 0x00007ffcd6783000 	C:\Program Files\Java\jdk-16.0.1\bin\nio.dll
0x00007ffcc7590000 - 0x00007ffcc75a8000 	C:\Program Files\Java\jdk-16.0.1\bin\zip.dll
0x000001c6423b0000 - 0x000001c6423b3000 	C:\Users\farha\Downloads\openjfx-16_windows-x64_bin-sdk\javafx-sdk-16\bin\api-ms-win-core-console-l1-1-0.dll
0x000001c6423c0000 - 0x000001c6423c3000 	C:\Users\farha\Downloads\openjfx-16_windows-x64_bin-sdk\javafx-sdk-16\bin\api-ms-win-core-console-l1-2-0.dll
0x000001c6623b0000 - 0x000001c6623b3000 	C:\Users\farha\Downloads\openjfx-16_windows-x64_bin-sdk\javafx-sdk-16\bin\api-ms-win-core-datetime-l1-1-0.dll
0x000001c6623c0000 - 0x000001c6623c3000 	C:\Users\farha\Downloads\openjfx-16_windows-x64_bin-sdk\javafx-sdk-16\bin\api-ms-win-core-debug-l1-1-0.dll
0x000001c6623d0000 - 0x000001c6623d3000 	C:\Users\farha\Downloads\openjfx-16_windows-x64_bin-sdk\javafx-sdk-16\bin\api-ms-win-core-errorhandling-l1-1-0.dll
0x000001c6623e0000 - 0x000001c6623e4000 	C:\Users\farha\Downloads\openjfx-16_windows-x64_bin-sdk\javafx-sdk-16\bin\api-ms-win-core-file-l1-1-0.dll
0x000001c6623f0000 - 0x000001c6623f3000 	C:\Users\farha\Downloads\openjfx-16_windows-x64_bin-sdk\javafx-sdk-16\bin\api-ms-win-core-file-l1-2-0.dll
0x000001c6647d0000 - 0x000001c6647d3000 	C:\Users\farha\Downloads\openjfx-16_windows-x64_bin-sdk\javafx-sdk-16\bin\api-ms-win-core-file-l2-1-0.dll
0x000001c6647e0000 - 0x000001c6647e3000 	C:\Users\farha\Downloads\openjfx-16_windows-x64_bin-sdk\javafx-sdk-16\bin\api-ms-win-core-handle-l1-1-0.dll
0x000001c6647f0000 - 0x000001c6647f3000 	C:\Users\farha\Downloads\openjfx-16_windows-x64_bin-sdk\javafx-sdk-16\bin\api-ms-win-core-heap-l1-1-0.dll
0x000001c664800000 - 0x000001c664803000 	C:\Users\farha\Downloads\openjfx-16_windows-x64_bin-sdk\javafx-sdk-16\bin\api-ms-win-core-interlocked-l1-1-0.dll
0x000001c664810000 - 0x000001c664813000 	C:\Users\farha\Downloads\openjfx-16_windows-x64_bin-sdk\javafx-sdk-16\bin\api-ms-win-core-libraryloader-l1-1-0.dll
0x000001c664820000 - 0x000001c664823000 	C:\Users\farha\Downloads\openjfx-16_windows-x64_bin-sdk\javafx-sdk-16\bin\api-ms-win-core-localization-l1-2-0.dll
0x000001c664830000 - 0x000001c664833000 	C:\Users\farha\Downloads\openjfx-16_windows-x64_bin-sdk\javafx-sdk-16\bin\api-ms-win-core-memory-l1-1-0.dll
0x000001c664840000 - 0x000001c664843000 	C:\Users\farha\Downloads\openjfx-16_windows-x64_bin-sdk\javafx-sdk-16\bin\api-ms-win-core-namedpipe-l1-1-0.dll
0x000001c664850000 - 0x000001c664853000 	C:\Users\farha\Downloads\openjfx-16_windows-x64_bin-sdk\javafx-sdk-16\bin\api-ms-win-core-processenvironment-l1-1-0.dll
0x000001c664860000 - 0x000001c664863000 	C:\Users\farha\Downloads\openjfx-16_windows-x64_bin-sdk\javafx-sdk-16\bin\api-ms-win-core-processthreads-l1-1-0.dll
0x000001c664870000 - 0x000001c664873000 	C:\Users\farha\Downloads\openjfx-16_windows-x64_bin-sdk\javafx-sdk-16\bin\api-ms-win-core-processthreads-l1-1-1.dll
0x000001c664880000 - 0x000001c664883000 	C:\Users\farha\Downloads\openjfx-16_windows-x64_bin-sdk\javafx-sdk-16\bin\api-ms-win-core-profile-l1-1-0.dll
0x000001c664890000 - 0x000001c664893000 	C:\Users\farha\Downloads\openjfx-16_windows-x64_bin-sdk\javafx-sdk-16\bin\api-ms-win-core-rtlsupport-l1-1-0.dll
0x000001c6648a0000 - 0x000001c6648a3000 	C:\Users\farha\Downloads\openjfx-16_windows-x64_bin-sdk\javafx-sdk-16\bin\api-ms-win-core-string-l1-1-0.dll
0x000001c6648b0000 - 0x000001c6648b3000 	C:\Users\farha\Downloads\openjfx-16_windows-x64_bin-sdk\javafx-sdk-16\bin\api-ms-win-core-synch-l1-1-0.dll
0x000001c6648c0000 - 0x000001c6648c3000 	C:\Users\farha\Downloads\openjfx-16_windows-x64_bin-sdk\javafx-sdk-16\bin\api-ms-win-core-synch-l1-2-0.dll
0x000001c6648d0000 - 0x000001c6648d3000 	C:\Users\farha\Downloads\openjfx-16_windows-x64_bin-sdk\javafx-sdk-16\bin\api-ms-win-core-sysinfo-l1-1-0.dll
0x000001c6648e0000 - 0x000001c6648e3000 	C:\Users\farha\Downloads\openjfx-16_windows-x64_bin-sdk\javafx-sdk-16\bin\api-ms-win-core-timezone-l1-1-0.dll
0x000001c6648f0000 - 0x000001c6648f3000 	C:\Users\farha\Downloads\openjfx-16_windows-x64_bin-sdk\javafx-sdk-16\bin\api-ms-win-core-util-l1-1-0.dll
0x000001c664900000 - 0x000001c664903000 	C:\Users\farha\Downloads\openjfx-16_windows-x64_bin-sdk\javafx-sdk-16\bin\api-ms-win-crt-conio-l1-1-0.dll
0x000001c664910000 - 0x000001c664914000 	C:\Users\farha\Downloads\openjfx-16_windows-x64_bin-sdk\javafx-sdk-16\bin\api-ms-win-crt-convert-l1-1-0.dll
0x000001c664920000 - 0x000001c664923000 	C:\Users\farha\Downloads\openjfx-16_windows-x64_bin-sdk\javafx-sdk-16\bin\api-ms-win-crt-environment-l1-1-0.dll
0x000001c664930000 - 0x000001c664933000 	C:\Users\farha\Downloads\openjfx-16_windows-x64_bin-sdk\javafx-sdk-16\bin\api-ms-win-crt-filesystem-l1-1-0.dll
0x000001c664940000 - 0x000001c664943000 	C:\Users\farha\Downloads\openjfx-16_windows-x64_bin-sdk\javafx-sdk-16\bin\api-ms-win-crt-heap-l1-1-0.dll
0x000001c664950000 - 0x000001c664953000 	C:\Users\farha\Downloads\openjfx-16_windows-x64_bin-sdk\javafx-sdk-16\bin\api-ms-win-crt-locale-l1-1-0.dll
0x000001c664960000 - 0x000001c664965000 	C:\Users\farha\Downloads\openjfx-16_windows-x64_bin-sdk\javafx-sdk-16\bin\api-ms-win-crt-math-l1-1-0.dll
0x000001c664970000 - 0x000001c664975000 	C:\Users\farha\Downloads\openjfx-16_windows-x64_bin-sdk\javafx-sdk-16\bin\api-ms-win-crt-multibyte-l1-1-0.dll
0x000001c664980000 - 0x000001c664990000 	C:\Users\farha\Downloads\openjfx-16_windows-x64_bin-sdk\javafx-sdk-16\bin\api-ms-win-crt-private-l1-1-0.dll
0x000001c664990000 - 0x000001c664993000 	C:\Users\farha\Downloads\openjfx-16_windows-x64_bin-sdk\javafx-sdk-16\bin\api-ms-win-crt-process-l1-1-0.dll
0x000001c6649a0000 - 0x000001c6649a4000 	C:\Users\farha\Downloads\openjfx-16_windows-x64_bin-sdk\javafx-sdk-16\bin\api-ms-win-crt-runtime-l1-1-0.dll
0x000001c6649b0000 - 0x000001c6649b4000 	C:\Users\farha\Downloads\openjfx-16_windows-x64_bin-sdk\javafx-sdk-16\bin\api-ms-win-crt-stdio-l1-1-0.dll
0x000001c6649c0000 - 0x000001c6649c4000 	C:\Users\farha\Downloads\openjfx-16_windows-x64_bin-sdk\javafx-sdk-16\bin\api-ms-win-crt-string-l1-1-0.dll
0x000001c6649d0000 - 0x000001c6649d3000 	C:\Users\farha\Downloads\openjfx-16_windows-x64_bin-sdk\javafx-sdk-16\bin\api-ms-win-crt-time-l1-1-0.dll
0x000001c6649e0000 - 0x000001c6649e3000 	C:\Users\farha\Downloads\openjfx-16_windows-x64_bin-sdk\javafx-sdk-16\bin\api-ms-win-crt-utility-l1-1-0.dll
0x00007ffcb7510000 - 0x00007ffcb760c000 	C:\Users\farha\Downloads\openjfx-16_windows-x64_bin-sdk\javafx-sdk-16\bin\ucrtbase.dll
0x00007ffcc7570000 - 0x00007ffcc7589000 	C:\Users\farha\Downloads\openjfx-16_windows-x64_bin-sdk\javafx-sdk-16\bin\vcruntime140.dll
0x00007ffcd5060000 - 0x00007ffcd506c000 	C:\Users\farha\Downloads\openjfx-16_windows-x64_bin-sdk\javafx-sdk-16\bin\vcruntime140_1.dll
0x00007ffcc1280000 - 0x00007ffcc1311000 	C:\Users\farha\Downloads\openjfx-16_windows-x64_bin-sdk\javafx-sdk-16\bin\msvcp140.dll
0x00007ffcc7520000 - 0x00007ffcc7547000 	C:\Users\farha\Downloads\openjfx-16_windows-x64_bin-sdk\javafx-sdk-16\bin\prism_d3d.dll
0x00007ffc98c90000 - 0x00007ffc98e5e000 	C:\WINDOWS\system32\d3d9.dll
0x00007ffcdada0000 - 0x00007ffcdadcf000 	C:\WINDOWS\SYSTEM32\dwmapi.dll
0x00007ffcdaac0000 - 0x00007ffcdab5e000 	C:\WINDOWS\system32\uxtheme.dll
0x00007ffcddbe0000 - 0x00007ffcddc07000 	C:\WINDOWS\System32\bcrypt.dll
0x00007ffcddc10000 - 0x00007ffcddd6f000 	C:\WINDOWS\System32\crypt32.dll
0x00007ffcd5680000 - 0x00007ffcd56b1000 	C:\WINDOWS\SYSTEM32\cryptnet.dll
0x00007ffcdcea0000 - 0x00007ffcdceac000 	C:\WINDOWS\SYSTEM32\cryptbase.dll
0x00007ffcddda0000 - 0x00007ffcdde00000 	C:\WINDOWS\System32\WINTRUST.DLL
0x00007ffcdd0c0000 - 0x00007ffcdd0d2000 	C:\WINDOWS\SYSTEM32\MSASN1.dll
0x00007ffcddec0000 - 0x00007ffcddedd000 	C:\WINDOWS\System32\imagehlp.dll
0x00007ffcdce80000 - 0x00007ffcdce98000 	C:\WINDOWS\SYSTEM32\CRYPTSP.dll
0x00007ffcdc5d0000 - 0x00007ffcdc604000 	C:\WINDOWS\system32\rsaenh.dll
0x00007ffcc72f0000 - 0x00007ffcc7332000 	C:\Users\farha\Downloads\openjfx-16_windows-x64_bin-sdk\javafx-sdk-16\bin\glass.dll
0x00007ffcdf3c0000 - 0x00007ffcdf49a000 	C:\WINDOWS\System32\COMDLG32.dll
0x00007ffcdf0c0000 - 0x00007ffcdf1ea000 	C:\WINDOWS\System32\ole32.dll
0x00007ffcddee0000 - 0x00007ffcddfad000 	C:\WINDOWS\System32\OLEAUT32.dll
0x00007ffcdf4a0000 - 0x00007ffcdf5b5000 	C:\WINDOWS\System32\MSCTF.dll
0x00007ffcd1420000 - 0x00007ffcd145b000 	C:\WINDOWS\SYSTEM32\dxcore.dll
0x00007ffcdd710000 - 0x00007ffcdd75e000 	C:\WINDOWS\System32\cfgmgr32.dll
0x00007ffcc74a0000 - 0x00007ffcc74b4000 	C:\Users\farha\Downloads\openjfx-16_windows-x64_bin-sdk\javafx-sdk-16\bin\javafx_font.dll
0x00007ffcc9320000 - 0x00007ffcc959f000 	C:\WINDOWS\SYSTEM32\dwrite.dll
0x00007ffcdfc10000 - 0x00007ffcdfcb9000 	C:\WINDOWS\System32\clbcatq.dll
0x00007ffcd3eb0000 - 0x00007ffcd4064000 	C:\WINDOWS\SYSTEM32\WindowsCodecs.dll
0x00007ffcc0900000 - 0x00007ffcc093e000 	C:\WINDOWS\system32\dataexchange.dll
0x00007ffcd8dd0000 - 0x00007ffcd9034000 	C:\WINDOWS\system32\d3d11.dll
0x00007ffcd9d20000 - 0x00007ffcd9f06000 	C:\WINDOWS\system32\dcomp.dll
0x00007ffcdbde0000 - 0x00007ffcdbed4000 	C:\WINDOWS\system32\dxgi.dll
0x00007ffcd4860000 - 0x00007ffcd4a61000 	C:\WINDOWS\system32\twinapi.appcore.dll
0x00007ffcc6db0000 - 0x00007ffcc6de4000 	C:\Program Files\Common Files\Microsoft Shared\Ink\rtscom.dll
0x00007ffccbc90000 - 0x00007ffccbd89000 	C:\WINDOWS\SYSTEM32\textinputframework.dll
0x00007ffcda2c0000 - 0x00007ffcda61e000 	C:\WINDOWS\System32\CoreUIComponents.dll
0x00007ffcda620000 - 0x00007ffcda712000 	C:\WINDOWS\System32\CoreMessaging.dll
0x00007ffcdc1e0000 - 0x00007ffcdc213000 	C:\WINDOWS\SYSTEM32\ntmarta.dll
0x00007ffcd9bc0000 - 0x00007ffcd9d14000 	C:\WINDOWS\SYSTEM32\wintypes.dll

dbghelp: loaded successfully - version: 4.0.5 - missing functions: none
symbol engine: initialized successfully - sym options: 0x614 - pdb path: .;C:\Program Files\Java\jdk-16.0.1\bin;C:\WINDOWS\SYSTEM32;C:\WINDOWS\WinSxS\amd64_microsoft.windows.common-controls_6595b64144ccf1df_6.0.19041.1110_none_60b5254171f9507e;C:\Program Files\Java\jdk-16.0.1\bin\server;C:\Users\farha\Downloads\openjfx-16_windows-x64_bin-sdk\javafx-sdk-16\bin;C:\WINDOWS\System32\DriverStore\FileRepository\nvami.inf_amd64_8592088b0b875d85;C:\WINDOWS\System32\DriverStore\FileRepository\iigd_dch.inf_amd64_93cd1ac04c27c7e5;C:\Program Files\Common Files\Microsoft Shared\Ink

VM Arguments:
jvm_args: --module-path=C:\Users\farha\Downloads\openjfx-16_windows-x64_bin-sdk\javafx-sdk-16\lib --add-modules=javafx.controls,javafx.fxml -Dfile.encoding=Cp1252 --module-path=C:\Users\farha\.p2\pool\plugins\org.eclipse.fx.ide.css.jfx8_3.7.0.202010120832.jar;C:\Users\farha\Downloads\openjfx-16_windows-x64_bin-sdk\javafx-sdk-16\lib\javafx.base.jar;C:\Users\farha\Downloads\openjfx-16_windows-x64_bin-sdk\javafx-sdk-16\lib\javafx.controls.jar;C:\Users\farha\Downloads\openjfx-16_windows-x64_bin-sdk\javafx-sdk-16\lib\javafx.fxml.jar;C:\Users\farha\Downloads\openjfx-16_windows-x64_bin-sdk\javafx-sdk-16\lib\javafx.graphics.jar;C:\Users\farha\Downloads\openjfx-16_windows-x64_bin-sdk\javafx-sdk-16\lib\javafx.media.jar;C:\Users\farha\Downloads\openjfx-16_windows-x64_bin-sdk\javafx-sdk-16\lib\javafx.swing.jar;C:\Users\farha\Downloads\openjfx-16_windows-x64_bin-sdk\javafx-sdk-16\lib\javafx.web.jar;C:\Users\farha\Downloads\openjfx-16_windows-x64_bin-sdk\javafx-sdk-16\lib\javafx-swt.jar -XX:+ShowCodeDetailsInExceptionMessages 
java_command: application.SystemManager
java_class_path (initial): C:\Users\farha\OneDrive\Documents\GitHub\OOPProjectTicTacToe\OOPHW10\bin
Launcher Type: SUN_STANDARD

[Global flags]
     intx CICompilerCount                          = 4                                         {product} {ergonomic}
     uint ConcGCThreads                            = 2                                         {product} {ergonomic}
     uint G1ConcRefinementThreads                  = 8                                         {product} {ergonomic}
   size_t G1HeapRegionSize                         = 1048576                                   {product} {ergonomic}
    uintx GCDrainStackTargetSize                   = 64                                        {product} {ergonomic}
   size_t InitialHeapSize                          = 134217728                                 {product} {ergonomic}
   size_t MarkStackSize                            = 4194304                                   {product} {ergonomic}
   size_t MaxHeapSize                              = 2118123520                                {product} {ergonomic}
   size_t MaxNewSize                               = 1270874112                                {product} {ergonomic}
   size_t MinHeapDeltaBytes                        = 1048576                                   {product} {ergonomic}
   size_t MinHeapSize                              = 8388608                                   {product} {ergonomic}
    uintx NonNMethodCodeHeapSize                   = 5839372                                {pd product} {ergonomic}
    uintx NonProfiledCodeHeapSize                  = 122909434                              {pd product} {ergonomic}
    uintx ProfiledCodeHeapSize                     = 122909434                              {pd product} {ergonomic}
    uintx ReservedCodeCacheSize                    = 251658240                              {pd product} {ergonomic}
     bool SegmentedCodeCache                       = true                                      {product} {ergonomic}
     bool ShowCodeDetailsInExceptionMessages       = true                                   {manageable} {command line}
   size_t SoftMaxHeapSize                          = 2118123520                             {manageable} {ergonomic}
     bool UseCompressedClassPointers               = true                           {product lp64_product} {ergonomic}
     bool UseCompressedOops                        = true                           {product lp64_product} {ergonomic}
     bool UseG1GC                                  = true                                      {product} {ergonomic}
     bool UseLargePagesIndividualAllocation        = false                                  {pd product} {ergonomic}

Logging:
Log output configuration:
 #0: stdout all=off uptime,level,tags
 #1: stderr all=off uptime,level,tags

Environment Variables:
JAVA_HOME=C:\Program Files\Java\jdk1.8.0_291
PATH=C:/Users/farha/.p2/pool/plugins/org.eclipse.justj.openjdk.hotspot.jre.full.win32.x86_64_15.0.2.v20210201-0955/jre/bin/server;C:/Users/farha/.p2/pool/plugins/org.eclipse.justj.openjdk.hotspot.jre.full.win32.x86_64_15.0.2.v20210201-0955/jre/bin;C:\MinGW\bin;C:\Users\farha\AppData\Local\Microsoft\WindowsApps;C:\Program Files\JetBrains\CLion 2020.3.1\bin;;C:\android\platform-tools;C:\ffmpeg\bin;C:\Users\farha\AppData\Local\GitHubDesktop\bin;C:\Program Files\Graphviz\bin;;C:\WINDOWS\system32;
USERNAME=farhanrs7
OS=Windows_NT
PROCESSOR_IDENTIFIER=Intel64 Family 6 Model 142 Stepping 10, GenuineIntel



---------------  S Y S T E M  ---------------

OS:
 Windows 10 , 64 bit Build 19041 (10.0.19041.1023)
OS uptime: 1 days 16:29 hours

CPU: total 8 (initial active 8) (4 cores per cpu, 2 threads per core) family 6 model 142 stepping 10 microcode 0xb4, cx8, cmov, fxsr, ht, mmx, 3dnowpref, sse, sse2, sse3, ssse3, sse4.1, sse4.2, popcnt, lzcnt, tsc, tscinvbit, avx, avx2, aes, erms, clmul, bmi1, bmi2, adx, fma, vzeroupper, clflush, clflushopt

Memory: 4k page, system-wide physical 8074M (2957M free)
TotalPageFile size 13450M (AvailPageFile size 5251M)
current process WorkingSet (physical memory assigned to process): 118M, peak: 137M
current process commit charge ("private bytes"): 282M, peak: 303M

vm_info: Java HotSpot(TM) 64-Bit Server VM (16.0.1+9-24) for windows-amd64 JRE (16.0.1+9-24), built on Mar 26 2021 19:31:42 by "mach5one" with MS VC++ 16.7 (VS2019)

END.
