#
# A fatal error has been detected by the Java Runtime Environment:
#
#  EXCEPTION_ACCESS_VIOLATION (0xc0000005) at pc=0x00007ffcc7326997, pid=7932, tid=876
#
# JRE version: Java(TM) SE Runtime Environment (16.0.1+9) (build 16.0.1+9-24)
# Java VM: Java HotSpot(TM) 64-Bit Server VM (16.0.1+9-24, mixed mode, sharing, tiered, compressed oops, compressed class ptrs, g1 gc, windows-amd64)
# Problematic frame:
# C  [glass.dll+0x26997]
#
# No core dump will be written. Minidumps are not enabled by default on client versions of Windows
#
# If you would like to submit a bug report, please visit:
#   https://bugreport.java.com/bugreport/crash.jsp
#

---------------  S U M M A R Y ------------

Command Line: --module-path=C:\Users\farha\Downloads\openjfx-16_windows-x64_bin-sdk\javafx-sdk-16\lib --add-modules=javafx.controls,javafx.fxml -Dfile.encoding=Cp1252 --module-path=C:\Users\farha\.p2\pool\plugins\org.eclipse.fx.ide.css.jfx8_3.7.0.202010120832.jar;C:\Users\farha\Downloads\openjfx-16_windows-x64_bin-sdk\javafx-sdk-16\lib\javafx.base.jar;C:\Users\farha\Downloads\openjfx-16_windows-x64_bin-sdk\javafx-sdk-16\lib\javafx.controls.jar;C:\Users\farha\Downloads\openjfx-16_windows-x64_bin-sdk\javafx-sdk-16\lib\javafx.fxml.jar;C:\Users\farha\Downloads\openjfx-16_windows-x64_bin-sdk\javafx-sdk-16\lib\javafx.graphics.jar;C:\Users\farha\Downloads\openjfx-16_windows-x64_bin-sdk\javafx-sdk-16\lib\javafx.media.jar;C:\Users\farha\Downloads\openjfx-16_windows-x64_bin-sdk\javafx-sdk-16\lib\javafx.swing.jar;C:\Users\farha\Downloads\openjfx-16_windows-x64_bin-sdk\javafx-sdk-16\lib\javafx.web.jar;C:\Users\farha\Downloads\openjfx-16_windows-x64_bin-sdk\javafx-sdk-16\lib\javafx-swt.jar -XX:+ShowCodeDetailsInExceptionMessages application.SystemManager

Host: Intel(R) Core(TM) i5-8250U CPU @ 1.60GHz, 8 cores, 7G,  Windows 10 , 64 bit Build 19041 (10.0.19041.1023)
Time: Thu Aug  5 16:14:40 2021 Malay Peninsula Standard Time elapsed time: 15.655762 seconds (0d 0h 0m 15s)

---------------  T H R E A D  ---------------

Current thread (0x000001d3c3acc630):  VMThread "VM Thread" [stack: 0x0000005b39300000,0x0000005b39400000] [id=876]

Stack: [0x0000005b39300000,0x0000005b39400000],  sp=0x0000005b393ff140,  free space=1020k
Native frames: (J=compiled Java code, j=interpreted, Vv=VM code, C=native code)
C  [glass.dll+0x26997]


siginfo: EXCEPTION_ACCESS_VIOLATION (0xc0000005), reading address 0x0000000000000000


Register to memory mapping:

RIP=0x00007ffcc7326997 glass.dll
RAX=0x0 is NULL
RBX=0x000001d3c3ad1970 is a global jni handle
RCX=0x000001d3c3acc630 points into unknown readable memory: 0x00007ffc88b4f628 | 28 f6 b4 88 fc 7f 00 00
RDX=0x0000005b393ff140 points into unknown readable memory: 0x0000000000000000 | 00 00 00 00 00 00 00 00
RSP=0x0000005b393ff140 points into unknown readable memory: 0x0000000000000000 | 00 00 00 00 00 00 00 00
RBP=0x000001d3c4c7b8e8 points into unknown readable memory: 0x0000194cc597d6ed | ed d6 97 c5 4c 19 00 00
RSI=0x000001d3c4c7b8c0 points into unknown readable memory: 0x47a9994cca684e0b | 0b 4e 68 ca 4c 99 a9 47
RDI=0x0000194cc597d6ed is an unknown value
R8 =0x0000000000010002 is an unknown value
R9 =0x0000194cc597d6ed is an unknown value
R10=0x0000000000008000 is an unknown value
R11=0x0000005b393ff0d0 points into unknown readable memory: 0x000001d3c4c7b8c0 | c0 b8 c7 c4 d3 01 00 00
R12=0x00007ffcc7324234 glass.dll
R13=0x000001d3a5ba0530 points into unknown readable memory: 0x8000000900000001 | 01 00 00 00 09 00 00 80
R14=0x0000005b393ff238 points into unknown readable memory: 0x0000005b393ff220 | 20 f2 3f 39 5b 00 00 00
R15=0x000001d3c4c7b8c0 points into unknown readable memory: 0x47a9994cca684e0b | 0b 4e 68 ca 4c 99 a9 47


Registers:
RAX=0x0000000000000000, RBX=0x000001d3c3ad1970, RCX=0x000001d3c3acc630, RDX=0x0000005b393ff140
RSP=0x0000005b393ff140, RBP=0x000001d3c4c7b8e8, RSI=0x000001d3c4c7b8c0, RDI=0x0000194cc597d6ed
R8 =0x0000000000010002, R9 =0x0000194cc597d6ed, R10=0x0000000000008000, R11=0x0000005b393ff0d0
R12=0x00007ffcc7324234, R13=0x000001d3a5ba0530, R14=0x0000005b393ff238, R15=0x000001d3c4c7b8c0
RIP=0x00007ffcc7326997, EFLAGS=0x0000000000010202

Top of Stack: (sp=0x0000005b393ff140)
0x0000005b393ff140:   0000000000000000 000001d3c4c7b8c0
0x0000005b393ff150:   000001d3a5ba0530 00007ffcc7324234
0x0000005b393ff160:   000001d3c4c7b8c8 00007ffcdd5942d6
0x0000005b393ff170:   0000194cc597d6ed 000001d300000000
0x0000005b393ff180:   000001d3c4c7b8e8 000001d3c4c7b8c0
0x0000005b393ff190:   fffffffffffffffe 0000000000000000
0x0000005b393ff1a0:   0000000000000001 00007ffcc7300000
0x0000005b393ff1b0:   0000005b393ff228 00007ffcdd5941fb
0x0000005b393ff1c0:   0000000000000000 0000005b393ff238
0x0000005b393ff1d0:   0000005b393ff500 00007ffcdd670e40
0x0000005b393ff1e0:   0000000000000001 00007ffcdd5941b4
0x0000005b393ff1f0:   0000000000000000 0000000000000001
0x0000005b393ff200:   0000000000000000 0000005b393ff228
0x0000005b393ff210:   0000000000000001 00007ffcc73240c1
0x0000005b393ff220:   00007ffcc733a128 00007ffc00000002
0x0000005b393ff230:   0000000000000002 0000005b393ff220 

Instructions: (pc=0x00007ffcc7326997)
0x00007ffcc7326897:   8b 4d 58 e8 d1 ce ff ff 48 8b 4d 60 e8 c8 ce ff
0x00007ffcc73268a7:   ff 48 8b 95 80 00 00 00 48 8b 8d 18 01 00 00 e8
0x00007ffcc73268b7:   96 c3 ff ff 33 d2 33 c9 e8 12 e1 ff ff 90 48 89
0x00007ffcc73268c7:   54 24 10 55 48 83 ec 20 48 8b ea 48 b8 00 00 00
0x00007ffcc73268d7:   00 00 00 00 00 48 83 c4 20 5d c3 cc 40 55 48 8b
0x00007ffcc73268e7:   ea 48 8b 01 33 c9 81 38 05 00 00 c0 0f 94 c1 8b
0x00007ffcc73268f7:   c1 5d c3 cc 40 55 48 83 ec 20 48 8b ea 8a 4d 40
0x00007ffcc7326907:   48 83 c4 20 5d e9 c7 d2 ff ff cc 40 55 48 83 ec
0x00007ffcc7326917:   20 48 8b ea 8a 4d 20 e8 b5 d2 ff ff 90 48 83 c4
0x00007ffcc7326927:   20 5d c3 cc 40 55 48 83 ec 20 48 8b ea 48 83 c4
0x00007ffcc7326937:   20 5d e9 16 d1 ff ff cc 40 55 48 83 ec 30 48 8b
0x00007ffcc7326947:   ea 48 8b 01 8b 10 48 89 4c 24 28 89 54 24 20 4c
0x00007ffcc7326957:   8d 0d b7 d5 ff ff 4c 8b 45 70 8b 55 68 48 8b 4d
0x00007ffcc7326967:   60 e8 57 d0 ff ff 90 48 83 c4 30 5d c3 cc cc cc
0x00007ffcc7326977:   cc cc cc cc cc cc cc cc cc 40 53 48 83 ec 20 48
0x00007ffcc7326987:   8b 1d 93 31 01 00 48 85 db 74 16 e8 29 8b ff ff
0x00007ffcc7326997:   4c 8b 00 48 8b d3 48 8b c8 41 ff 90 b0 00 00 00
0x00007ffcc73269a7:   90 48 83 c4 20 5b c3 cc cc 40 53 48 83 ec 20 48
0x00007ffcc73269b7:   8b 1d 0b 33 01 00 48 85 db 74 57 b8 ff ff ff ff
0x00007ffcc73269c7:   f0 0f c1 43 10 83 f8 01 75 3d 48 85 db 74 38 48
0x00007ffcc73269d7:   8b 0b 48 85 c9 74 0d ff 15 c4 08 00 00 48 c7 03
0x00007ffcc73269e7:   00 00 00 00 48 8b 4b 08 48 85 c9 74 0d e8 77 cd
0x00007ffcc73269f7:   ff ff 48 c7 43 08 00 00 00 00 ba 18 00 00 00 48
0x00007ffcc7326a07:   8b cb e8 62 cd ff ff 48 c7 05 af 32 01 00 00 00
0x00007ffcc7326a17:   00 00 48 83 c4 20 5b c3 cc 40 53 48 83 ec 20 48
0x00007ffcc7326a27:   8b 1d 7b 32 01 00 48 85 db 74 57 b8 ff ff ff ff
0x00007ffcc7326a37:   f0 0f c1 43 10 83 f8 01 75 3d 48 85 db 74 38 48
0x00007ffcc7326a47:   8b 0b 48 85 c9 74 0d ff 15 54 08 00 00 48 c7 03
0x00007ffcc7326a57:   00 00 00 00 48 8b 4b 08 48 85 c9 74 0d e8 07 cd
0x00007ffcc7326a67:   ff ff 48 c7 43 08 00 00 00 00 ba 18 00 00 00 48
0x00007ffcc7326a77:   8b cb e8 f2 cc ff ff 48 c7 05 1f 32 01 00 00 00
0x00007ffcc7326a87:   00 00 48 83 c4 20 5b c3 cc 40 53 48 83 ec 20 48 


Stack slot to memory mapping:
stack at sp + 0 slots: 0x0 is NULL
stack at sp + 1 slots: 0x000001d3c4c7b8c0 points into unknown readable memory: 0x47a9994cca684e0b | 0b 4e 68 ca 4c 99 a9 47
stack at sp + 2 slots: 0x000001d3a5ba0530 points into unknown readable memory: 0x8000000900000001 | 01 00 00 00 09 00 00 80
stack at sp + 3 slots: 0x00007ffcc7324234 glass.dll
stack at sp + 4 slots: 0x000001d3c4c7b8c8 points into unknown readable memory: 0x0000194cc597d6ed | ed d6 97 c5 4c 19 00 00
stack at sp + 5 slots: 0x00007ffcdd5942d6 ucrtbase.dll
stack at sp + 6 slots: 0x0000194cc597d6ed is an unknown value
stack at sp + 7 slots: 0x000001d300000000 is an unknown value

VM_Operation (0x0000005b3a3fb710): Exit, mode: safepoint, requested by thread 0x000001d3c4cf1030


---------------  P R O C E S S  ---------------

Threads class SMR info:
_java_thread_list=0x000001d3c56fa970, length=19, elements={
0x000001d3a5b08410, 0x000001d3c3ad0030, 0x000001d3c3ad0b40, 0x000001d3c3ae0200,
0x000001d3c3ae2c20, 0x000001d3c3ae3530, 0x000001d3c3af2370, 0x000001d3c3af6c90,
0x000001d3c3af72a0, 0x000001d3c3aff7f0, 0x000001d3c3aaf330, 0x000001d3c47006f0,
0x000001d3c4bf5e40, 0x000001d3c4c4c120, 0x000001d3c4cf1030, 0x000001d3c52f5d50,
0x000001d3c535d580, 0x000001d3c54d4550, 0x000001d3c54d3ab0
}

Java Threads: ( => current thread )
  0x000001d3a5b08410 JavaThread "main" [_thread_blocked, id=3728, stack(0x0000005b38d00000,0x0000005b38e00000)]
  0x000001d3c3ad0030 JavaThread "Reference Handler" daemon [_thread_blocked, id=2088, stack(0x0000005b39400000,0x0000005b39500000)]
  0x000001d3c3ad0b40 JavaThread "Finalizer" daemon [_thread_blocked, id=3348, stack(0x0000005b39500000,0x0000005b39600000)]
  0x000001d3c3ae0200 JavaThread "Signal Dispatcher" daemon [_thread_blocked, id=14028, stack(0x0000005b39600000,0x0000005b39700000)]
  0x000001d3c3ae2c20 JavaThread "Attach Listener" daemon [_thread_blocked, id=14284, stack(0x0000005b39700000,0x0000005b39800000)]
  0x000001d3c3ae3530 JavaThread "Service Thread" daemon [_thread_blocked, id=13048, stack(0x0000005b39800000,0x0000005b39900000)]
  0x000001d3c3af2370 JavaThread "Monitor Deflation Thread" daemon [_thread_blocked, id=13564, stack(0x0000005b39900000,0x0000005b39a00000)]
  0x000001d3c3af6c90 JavaThread "C2 CompilerThread0" daemon [_thread_blocked, id=11844, stack(0x0000005b39a00000,0x0000005b39b00000)]
  0x000001d3c3af72a0 JavaThread "C1 CompilerThread0" daemon [_thread_blocked, id=12428, stack(0x0000005b39b00000,0x0000005b39c00000)]
  0x000001d3c3aff7f0 JavaThread "Sweeper thread" daemon [_thread_blocked, id=12100, stack(0x0000005b39c00000,0x0000005b39d00000)]
  0x000001d3c3aaf330 JavaThread "Common-Cleaner" daemon [_thread_blocked, id=2332, stack(0x0000005b39d00000,0x0000005b39e00000)]
  0x000001d3c47006f0 JavaThread "Notification Thread" daemon [_thread_blocked, id=10532, stack(0x0000005b3a000000,0x0000005b3a100000)]
  0x000001d3c4bf5e40 JavaThread "QuantumRenderer-0" daemon [_thread_blocked, id=8156, stack(0x0000005b39f00000,0x0000005b3a000000)]
  0x000001d3c4c4c120 JavaThread "InvokeLaterDispatcher" daemon [_thread_blocked, id=12792, stack(0x0000005b39e00000,0x0000005b39f00000)]
  0x000001d3c4cf1030 JavaThread "JavaFX Application Thread" [_thread_blocked, id=9716, stack(0x0000005b3a300000,0x0000005b3a400000)]
  0x000001d3c52f5d50 JavaThread "JavaFX-Launcher" [_thread_blocked, id=3204, stack(0x0000005b3a600000,0x0000005b3a700000)]
  0x000001d3c535d580 JavaThread "Thread-2" daemon [_thread_in_native, id=8500, stack(0x0000005b3a500000,0x0000005b3a600000)]
  0x000001d3c54d4550 JavaThread "Prism Font Disposer" daemon [_thread_blocked, id=14292, stack(0x0000005b3b000000,0x0000005b3b100000)]
  0x000001d3c54d3ab0 JavaThread "Cleaner-0" daemon [_thread_blocked, id=1956, stack(0x0000005b3b100000,0x0000005b3b200000)]

Other Threads:
=>0x000001d3c3acc630 VMThread "VM Thread" [stack: 0x0000005b39300000,0x0000005b39400000] [id=876]
  0x000001d3a5b49340 GCTaskThread "GC Thread#0" [stack: 0x0000005b38e00000,0x0000005b38f00000] [id=5984]
  0x000001d3c52d7cd0 GCTaskThread "GC Thread#1" [stack: 0x0000005b3a800000,0x0000005b3a900000] [id=8164]
  0x000001d3c52d6d80 GCTaskThread "GC Thread#2" [stack: 0x0000005b3a900000,0x0000005b3aa00000] [id=4844]
  0x000001d3c52d7090 GCTaskThread "GC Thread#3" [stack: 0x0000005b3aa00000,0x0000005b3ab00000] [id=2136]
  0x000001d3c52d6a70 GCTaskThread "GC Thread#4" [stack: 0x0000005b3ab00000,0x0000005b3ac00000] [id=3236]
  0x000001d3c52d4bd0 GCTaskThread "GC Thread#5" [stack: 0x0000005b3ac00000,0x0000005b3ad00000] [id=7588]
  0x000001d3c5711740 GCTaskThread "GC Thread#6" [stack: 0x0000005b3b200000,0x0000005b3b300000] [id=13272]
  0x000001d3c49b72b0 GCTaskThread "GC Thread#7" [stack: 0x0000005b3b300000,0x0000005b3b400000] [id=7336]
  0x000001d3a5b99410 ConcurrentGCThread "G1 Main Marker" terminated
  0x000001d3a5b99e10 ConcurrentGCThread "G1 Conc#0" [stack: 0x0000005b39000000,0x0000005b39100000] [id=11668]
  0x000001d3c39820b0 ConcurrentGCThread "G1 Refine#0" terminated
  0x000001d3c3982960 ConcurrentGCThread "G1 Service" terminated

Threads with active compile tasks:
C1 CompilerThread0  
[error occurred during error reporting (printing all threads), id 0xc0000005, EXCEPTION_ACCESS_VIOLATION (0xc0000005) at pc=0x00007ffc8896bb63]

VM state: at safepoint (shutting down)

VM Mutex/Monitor currently owned by a thread:  ([mutex/lock_event])
[0x000001d3a5b04c20] Threads_lock - owner thread: 0x000001d3c3acc630
[0x000001d3a5b05250] Heap_lock - owner thread: 0x000001d3c4cf1030

Heap address: 0x0000000081c00000, size: 2020 MB, Compressed Oops mode: 32-bit

CDS archive(s) mapped at: [0x0000000800000000-0x0000000800bb0000-0x0000000800bb0000), size 12255232, SharedBaseAddress: 0x0000000800000000, ArchiveRelocationMode: 0.
Compressed class space mapped at: 0x0000000800c00000-0x0000000840c00000, reserved size: 1073741824
Narrow klass base: 0x0000000800000000, Narrow klass shift: 3, Narrow klass range: 0x100000000

GC Precious Log:
 CPUs: 8 total, 8 available
 Memory: 8074M
 Large Page Support: Disabled
 NUMA Support: Disabled
 Compressed Oops: Enabled (32-bit)
 Heap Region Size: 1M
 Heap Min Capacity: 8M
 Heap Initial Capacity: 128M
 Heap Max Capacity: 2020M
 Pre-touch: Disabled
 Parallel Workers: 8
 Concurrent Workers: 2
 Concurrent Refinement Workers: 8
 Periodic GC: Disabled

Heap:
 garbage-first heap   total 131072K, used 11738K [0x0000000081c00000, 0x0000000100000000)
  region size 1024K, 8 young (8192K), 5 survivors (5120K)
 Metaspace       used 14421K, committed 14656K, reserved 1064960K
  class space    used 2026K, committed 2112K, reserved 1048576K

Heap Regions: E=young(eden), S=young(survivor), O=old, HS=humongous(starts), HC=humongous(continues), CS=collection set, F=free, OA=open archive, CA=closed archive, TAMS=top-at-mark-start (previous, next)
|   0|0x0000000081c00000, 0x0000000081d00000, 0x0000000081d00000|100%| O|  |TAMS 0x0000000081c00000, 0x0000000081c00000| Untracked 
|   1|0x0000000081d00000, 0x0000000081e00000, 0x0000000081e00000|100%|HS|  |TAMS 0x0000000081d00000, 0x0000000081d00000| Complete 
|   2|0x0000000081e00000, 0x0000000081f00000, 0x0000000081f00000|100%|HC|  |TAMS 0x0000000081e00000, 0x0000000081e00000| Complete 
|   3|0x0000000081f00000, 0x0000000082000000, 0x0000000082000000|100%| O|  |TAMS 0x0000000081f00000, 0x0000000081f00000| Untracked 
|   4|0x0000000082000000, 0x0000000082100000, 0x0000000082100000|100%| O|  |TAMS 0x0000000082000000, 0x0000000082000000| Untracked 
|   5|0x0000000082100000, 0x000000008216d600, 0x0000000082200000| 42%| O|  |TAMS 0x0000000082100000, 0x0000000082100000| Untracked 
|   6|0x0000000082200000, 0x0000000082200000, 0x0000000082300000|  0%| F|  |TAMS 0x0000000082200000, 0x0000000082200000| Untracked 
|   7|0x0000000082300000, 0x0000000082300000, 0x0000000082400000|  0%| F|  |TAMS 0x0000000082300000, 0x0000000082300000| Untracked 
|   8|0x0000000082400000, 0x0000000082400000, 0x0000000082500000|  0%| F|  |TAMS 0x0000000082400000, 0x0000000082400000| Untracked 
|   9|0x0000000082500000, 0x0000000082500000, 0x0000000082600000|  0%| F|  |TAMS 0x0000000082500000, 0x0000000082500000| Untracked 
|  10|0x0000000082600000, 0x0000000082600000, 0x0000000082700000|  0%| F|  |TAMS 0x0000000082600000, 0x0000000082600000| Untracked 
|  11|0x0000000082700000, 0x0000000082700000, 0x0000000082800000|  0%| F|  |TAMS 0x0000000082700000, 0x0000000082700000| Untracked 
|  12|0x0000000082800000, 0x0000000082800000, 0x0000000082900000|  0%| F|  |TAMS 0x0000000082800000, 0x0000000082800000| Untracked 
|  13|0x0000000082900000, 0x0000000082900000, 0x0000000082a00000|  0%| F|  |TAMS 0x0000000082900000, 0x0000000082900000| Untracked 
|  14|0x0000000082a00000, 0x0000000082a00000, 0x0000000082b00000|  0%| F|  |TAMS 0x0000000082a00000, 0x0000000082a00000| Untracked 
|  15|0x0000000082b00000, 0x0000000082b00000, 0x0000000082c00000|  0%| F|  |TAMS 0x0000000082b00000, 0x0000000082b00000| Untracked 
|  16|0x0000000082c00000, 0x0000000082c00000, 0x0000000082d00000|  0%| F|  |TAMS 0x0000000082c00000, 0x0000000082c00000| Untracked 
|  17|0x0000000082d00000, 0x0000000082d00000, 0x0000000082e00000|  0%| F|  |TAMS 0x0000000082d00000, 0x0000000082d00000| Untracked 
|  18|0x0000000082e00000, 0x0000000082e00000, 0x0000000082f00000|  0%| F|  |TAMS 0x0000000082e00000, 0x0000000082e00000| Untracked 
|  19|0x0000000082f00000, 0x0000000082f00000, 0x0000000083000000|  0%| F|  |TAMS 0x0000000082f00000, 0x0000000082f00000| Untracked 
|  20|0x0000000083000000, 0x0000000083000000, 0x0000000083100000|  0%| F|  |TAMS 0x0000000083000000, 0x0000000083000000| Untracked 
|  21|0x0000000083100000, 0x0000000083100000, 0x0000000083200000|  0%| F|  |TAMS 0x0000000083100000, 0x0000000083100000| Untracked 
|  22|0x0000000083200000, 0x0000000083200000, 0x0000000083300000|  0%| F|  |TAMS 0x0000000083200000, 0x0000000083200000| Untracked 
|  23|0x0000000083300000, 0x0000000083300000, 0x0000000083400000|  0%| F|  |TAMS 0x0000000083300000, 0x0000000083300000| Untracked 
|  24|0x0000000083400000, 0x0000000083400000, 0x0000000083500000|  0%| F|  |TAMS 0x0000000083400000, 0x0000000083400000| Untracked 
|  25|0x0000000083500000, 0x0000000083500000, 0x0000000083600000|  0%| F|  |TAMS 0x0000000083500000, 0x0000000083500000| Untracked 
|  26|0x0000000083600000, 0x0000000083600000, 0x0000000083700000|  0%| F|  |TAMS 0x0000000083600000, 0x0000000083600000| Untracked 
|  27|0x0000000083700000, 0x0000000083700000, 0x0000000083800000|  0%| F|  |TAMS 0x0000000083700000, 0x0000000083700000| Untracked 
|  28|0x0000000083800000, 0x0000000083800000, 0x0000000083900000|  0%| F|  |TAMS 0x0000000083800000, 0x0000000083800000| Untracked 
|  29|0x0000000083900000, 0x0000000083900000, 0x0000000083a00000|  0%| F|  |TAMS 0x0000000083900000, 0x0000000083900000| Untracked 
|  30|0x0000000083a00000, 0x0000000083a00000, 0x0000000083b00000|  0%| F|  |TAMS 0x0000000083a00000, 0x0000000083a00000| Untracked 
|  31|0x0000000083b00000, 0x0000000083b00000, 0x0000000083c00000|  0%| F|  |TAMS 0x0000000083b00000, 0x0000000083b00000| Untracked 
|  32|0x0000000083c00000, 0x0000000083c00000, 0x0000000083d00000|  0%| F|  |TAMS 0x0000000083c00000, 0x0000000083c00000| Untracked 
|  33|0x0000000083d00000, 0x0000000083d00000, 0x0000000083e00000|  0%| F|  |TAMS 0x0000000083d00000, 0x0000000083d00000| Untracked 
|  34|0x0000000083e00000, 0x0000000083e00000, 0x0000000083f00000|  0%| F|  |TAMS 0x0000000083e00000, 0x0000000083e00000| Untracked 
|  35|0x0000000083f00000, 0x0000000083f00000, 0x0000000084000000|  0%| F|  |TAMS 0x0000000083f00000, 0x0000000083f00000| Untracked 
|  36|0x0000000084000000, 0x0000000084000000, 0x0000000084100000|  0%| F|  |TAMS 0x0000000084000000, 0x0000000084000000| Untracked 
|  37|0x0000000084100000, 0x0000000084100000, 0x0000000084200000|  0%| F|  |TAMS 0x0000000084100000, 0x0000000084100000| Untracked 
|  38|0x0000000084200000, 0x0000000084200000, 0x0000000084300000|  0%| F|  |TAMS 0x0000000084200000, 0x0000000084200000| Untracked 
|  39|0x0000000084300000, 0x0000000084300000, 0x0000000084400000|  0%| F|  |TAMS 0x0000000084300000, 0x0000000084300000| Untracked 
|  40|0x0000000084400000, 0x0000000084400000, 0x0000000084500000|  0%| F|  |TAMS 0x0000000084400000, 0x0000000084400000| Untracked 
|  41|0x0000000084500000, 0x0000000084500000, 0x0000000084600000|  0%| F|  |TAMS 0x0000000084500000, 0x0000000084500000| Untracked 
|  42|0x0000000084600000, 0x0000000084600000, 0x0000000084700000|  0%| F|  |TAMS 0x0000000084600000, 0x0000000084600000| Untracked 
|  43|0x0000000084700000, 0x0000000084700000, 0x0000000084800000|  0%| F|  |TAMS 0x0000000084700000, 0x0000000084700000| Untracked 
|  44|0x0000000084800000, 0x0000000084800000, 0x0000000084900000|  0%| F|  |TAMS 0x0000000084800000, 0x0000000084800000| Untracked 
|  45|0x0000000084900000, 0x0000000084900000, 0x0000000084a00000|  0%| F|  |TAMS 0x0000000084900000, 0x0000000084900000| Untracked 
|  46|0x0000000084a00000, 0x0000000084a00000, 0x0000000084b00000|  0%| F|  |TAMS 0x0000000084a00000, 0x0000000084a00000| Untracked 
|  47|0x0000000084b00000, 0x0000000084b00000, 0x0000000084c00000|  0%| F|  |TAMS 0x0000000084b00000, 0x0000000084b00000| Untracked 
|  48|0x0000000084c00000, 0x0000000084c00000, 0x0000000084d00000|  0%| F|  |TAMS 0x0000000084c00000, 0x0000000084c00000| Untracked 
|  49|0x0000000084d00000, 0x0000000084d00000, 0x0000000084e00000|  0%| F|  |TAMS 0x0000000084d00000, 0x0000000084d00000| Untracked 
|  50|0x0000000084e00000, 0x0000000084e00000, 0x0000000084f00000|  0%| F|  |TAMS 0x0000000084e00000, 0x0000000084e00000| Untracked 
|  51|0x0000000084f00000, 0x0000000084f00000, 0x0000000085000000|  0%| F|  |TAMS 0x0000000084f00000, 0x0000000084f00000| Untracked 
|  52|0x0000000085000000, 0x0000000085000000, 0x0000000085100000|  0%| F|  |TAMS 0x0000000085000000, 0x0000000085000000| Untracked 
|  53|0x0000000085100000, 0x0000000085100000, 0x0000000085200000|  0%| F|  |TAMS 0x0000000085100000, 0x0000000085100000| Untracked 
|  54|0x0000000085200000, 0x0000000085200000, 0x0000000085300000|  0%| F|  |TAMS 0x0000000085200000, 0x0000000085200000| Untracked 
|  55|0x0000000085300000, 0x0000000085300000, 0x0000000085400000|  0%| F|  |TAMS 0x0000000085300000, 0x0000000085300000| Untracked 
|  56|0x0000000085400000, 0x0000000085400000, 0x0000000085500000|  0%| F|  |TAMS 0x0000000085400000, 0x0000000085400000| Untracked 
|  57|0x0000000085500000, 0x0000000085500000, 0x0000000085600000|  0%| F|  |TAMS 0x0000000085500000, 0x0000000085500000| Untracked 
|  58|0x0000000085600000, 0x0000000085600000, 0x0000000085700000|  0%| F|  |TAMS 0x0000000085600000, 0x0000000085600000| Untracked 
|  59|0x0000000085700000, 0x0000000085700000, 0x0000000085800000|  0%| F|  |TAMS 0x0000000085700000, 0x0000000085700000| Untracked 
|  60|0x0000000085800000, 0x0000000085800000, 0x0000000085900000|  0%| F|  |TAMS 0x0000000085800000, 0x0000000085800000| Untracked 
|  61|0x0000000085900000, 0x0000000085900000, 0x0000000085a00000|  0%| F|  |TAMS 0x0000000085900000, 0x0000000085900000| Untracked 
|  62|0x0000000085a00000, 0x0000000085a00000, 0x0000000085b00000|  0%| F|  |TAMS 0x0000000085a00000, 0x0000000085a00000| Untracked 
|  63|0x0000000085b00000, 0x0000000085b00000, 0x0000000085c00000|  0%| F|  |TAMS 0x0000000085b00000, 0x0000000085b00000| Untracked 
|  64|0x0000000085c00000, 0x0000000085c00000, 0x0000000085d00000|  0%| F|  |TAMS 0x0000000085c00000, 0x0000000085c00000| Untracked 
|  65|0x0000000085d00000, 0x0000000085d00000, 0x0000000085e00000|  0%| F|  |TAMS 0x0000000085d00000, 0x0000000085d00000| Untracked 
|  66|0x0000000085e00000, 0x0000000085e00000, 0x0000000085f00000|  0%| F|  |TAMS 0x0000000085e00000, 0x0000000085e00000| Untracked 
|  67|0x0000000085f00000, 0x0000000085f00000, 0x0000000086000000|  0%| F|  |TAMS 0x0000000085f00000, 0x0000000085f00000| Untracked 
|  68|0x0000000086000000, 0x0000000086000000, 0x0000000086100000|  0%| F|  |TAMS 0x0000000086000000, 0x0000000086000000| Untracked 
|  69|0x0000000086100000, 0x0000000086100000, 0x0000000086200000|  0%| F|  |TAMS 0x0000000086100000, 0x0000000086100000| Untracked 
|  70|0x0000000086200000, 0x0000000086200000, 0x0000000086300000|  0%| F|  |TAMS 0x0000000086200000, 0x0000000086200000| Untracked 
|  71|0x0000000086300000, 0x0000000086300000, 0x0000000086400000|  0%| F|  |TAMS 0x0000000086300000, 0x0000000086300000| Untracked 
|  72|0x0000000086400000, 0x0000000086400000, 0x0000000086500000|  0%| F|  |TAMS 0x0000000086400000, 0x0000000086400000| Untracked 
|  73|0x0000000086500000, 0x0000000086500000, 0x0000000086600000|  0%| F|  |TAMS 0x0000000086500000, 0x0000000086500000| Untracked 
|  74|0x0000000086600000, 0x0000000086600000, 0x0000000086700000|  0%| F|  |TAMS 0x0000000086600000, 0x0000000086600000| Untracked 
|  75|0x0000000086700000, 0x0000000086700000, 0x0000000086800000|  0%| F|  |TAMS 0x0000000086700000, 0x0000000086700000| Untracked 
|  76|0x0000000086800000, 0x0000000086800000, 0x0000000086900000|  0%| F|  |TAMS 0x0000000086800000, 0x0000000086800000| Untracked 
|  77|0x0000000086900000, 0x0000000086900000, 0x0000000086a00000|  0%| F|  |TAMS 0x0000000086900000, 0x0000000086900000| Untracked 
|  78|0x0000000086a00000, 0x0000000086a00000, 0x0000000086b00000|  0%| F|  |TAMS 0x0000000086a00000, 0x0000000086a00000| Untracked 
|  79|0x0000000086b00000, 0x0000000086b00000, 0x0000000086c00000|  0%| F|  |TAMS 0x0000000086b00000, 0x0000000086b00000| Untracked 
|  80|0x0000000086c00000, 0x0000000086c00000, 0x0000000086d00000|  0%| F|  |TAMS 0x0000000086c00000, 0x0000000086c00000| Untracked 
|  81|0x0000000086d00000, 0x0000000086d00000, 0x0000000086e00000|  0%| F|  |TAMS 0x0000000086d00000, 0x0000000086d00000| Untracked 
|  82|0x0000000086e00000, 0x0000000086e00000, 0x0000000086f00000|  0%| F|  |TAMS 0x0000000086e00000, 0x0000000086e00000| Untracked 
|  83|0x0000000086f00000, 0x0000000086f00000, 0x0000000087000000|  0%| F|  |TAMS 0x0000000086f00000, 0x0000000086f00000| Untracked 
|  84|0x0000000087000000, 0x0000000087000000, 0x0000000087100000|  0%| F|  |TAMS 0x0000000087000000, 0x0000000087000000| Untracked 
|  85|0x0000000087100000, 0x0000000087100000, 0x0000000087200000|  0%| F|  |TAMS 0x0000000087100000, 0x0000000087100000| Untracked 
|  86|0x0000000087200000, 0x0000000087200000, 0x0000000087300000|  0%| F|  |TAMS 0x0000000087200000, 0x0000000087200000| Untracked 
|  87|0x0000000087300000, 0x0000000087300000, 0x0000000087400000|  0%| F|  |TAMS 0x0000000087300000, 0x0000000087300000| Untracked 
|  88|0x0000000087400000, 0x0000000087400000, 0x0000000087500000|  0%| F|  |TAMS 0x0000000087400000, 0x0000000087400000| Untracked 
|  89|0x0000000087500000, 0x0000000087509200, 0x0000000087600000|  3%| S|CS|TAMS 0x0000000087500000, 0x0000000087500000| Complete 
|  90|0x0000000087600000, 0x0000000087700000, 0x0000000087700000|100%| S|CS|TAMS 0x0000000087600000, 0x0000000087600000| Complete 
|  91|0x0000000087700000, 0x0000000087800000, 0x0000000087800000|100%| S|CS|TAMS 0x0000000087700000, 0x0000000087700000| Complete 
|  92|0x0000000087800000, 0x0000000087900000, 0x0000000087900000|100%| S|CS|TAMS 0x0000000087800000, 0x0000000087800000| Complete 
|  93|0x0000000087900000, 0x0000000087a00000, 0x0000000087a00000|100%| S|CS|TAMS 0x0000000087900000, 0x0000000087900000| Complete 
|  94|0x0000000087a00000, 0x0000000087a00000, 0x0000000087b00000|  0%| F|  |TAMS 0x0000000087a00000, 0x0000000087a00000| Untracked 
|  95|0x0000000087b00000, 0x0000000087b00000, 0x0000000087c00000|  0%| F|  |TAMS 0x0000000087b00000, 0x0000000087b00000| Untracked 
|  96|0x0000000087c00000, 0x0000000087c00000, 0x0000000087d00000|  0%| F|  |TAMS 0x0000000087c00000, 0x0000000087c00000| Untracked 
|  97|0x0000000087d00000, 0x0000000087d00000, 0x0000000087e00000|  0%| F|  |TAMS 0x0000000087d00000, 0x0000000087d00000| Untracked 
|  98|0x0000000087e00000, 0x0000000087e00000, 0x0000000087f00000|  0%| F|  |TAMS 0x0000000087e00000, 0x0000000087e00000| Untracked 
|  99|0x0000000087f00000, 0x0000000087f00000, 0x0000000088000000|  0%| F|  |TAMS 0x0000000087f00000, 0x0000000087f00000| Untracked 
| 100|0x0000000088000000, 0x0000000088000000, 0x0000000088100000|  0%| F|  |TAMS 0x0000000088000000, 0x0000000088000000| Untracked 
| 101|0x0000000088100000, 0x0000000088100000, 0x0000000088200000|  0%| F|  |TAMS 0x0000000088100000, 0x0000000088100000| Untracked 
| 102|0x0000000088200000, 0x0000000088200000, 0x0000000088300000|  0%| F|  |TAMS 0x0000000088200000, 0x0000000088200000| Untracked 
| 103|0x0000000088300000, 0x0000000088300000, 0x0000000088400000|  0%| F|  |TAMS 0x0000000088300000, 0x0000000088300000| Untracked 
| 104|0x0000000088400000, 0x0000000088400000, 0x0000000088500000|  0%| F|  |TAMS 0x0000000088400000, 0x0000000088400000| Untracked 
| 105|0x0000000088500000, 0x0000000088500000, 0x0000000088600000|  0%| F|  |TAMS 0x0000000088500000, 0x0000000088500000| Untracked 
| 106|0x0000000088600000, 0x0000000088600000, 0x0000000088700000|  0%| F|  |TAMS 0x0000000088600000, 0x0000000088600000| Untracked 
| 107|0x0000000088700000, 0x0000000088700000, 0x0000000088800000|  0%| F|  |TAMS 0x0000000088700000, 0x0000000088700000| Untracked 
| 108|0x0000000088800000, 0x0000000088800000, 0x0000000088900000|  0%| F|  |TAMS 0x0000000088800000, 0x0000000088800000| Untracked 
| 109|0x0000000088900000, 0x0000000088900000, 0x0000000088a00000|  0%| F|  |TAMS 0x0000000088900000, 0x0000000088900000| Untracked 
| 110|0x0000000088a00000, 0x0000000088a00000, 0x0000000088b00000|  0%| F|  |TAMS 0x0000000088a00000, 0x0000000088a00000| Untracked 
| 111|0x0000000088b00000, 0x0000000088b00000, 0x0000000088c00000|  0%| F|  |TAMS 0x0000000088b00000, 0x0000000088b00000| Untracked 
| 112|0x0000000088c00000, 0x0000000088c00000, 0x0000000088d00000|  0%| F|  |TAMS 0x0000000088c00000, 0x0000000088c00000| Untracked 
| 113|0x0000000088d00000, 0x0000000088d00000, 0x0000000088e00000|  0%| F|  |TAMS 0x0000000088d00000, 0x0000000088d00000| Untracked 
| 114|0x0000000088e00000, 0x0000000088e00000, 0x0000000088f00000|  0%| F|  |TAMS 0x0000000088e00000, 0x0000000088e00000| Untracked 
| 115|0x0000000088f00000, 0x0000000088f00000, 0x0000000089000000|  0%| F|  |TAMS 0x0000000088f00000, 0x0000000088f00000| Untracked 
| 116|0x0000000089000000, 0x0000000089000000, 0x0000000089100000|  0%| F|  |TAMS 0x0000000089000000, 0x0000000089000000| Untracked 
| 117|0x0000000089100000, 0x0000000089100000, 0x0000000089200000|  0%| F|  |TAMS 0x0000000089100000, 0x0000000089100000| Untracked 
| 118|0x0000000089200000, 0x0000000089200000, 0x0000000089300000|  0%| F|  |TAMS 0x0000000089200000, 0x0000000089200000| Untracked 
| 119|0x0000000089300000, 0x0000000089300000, 0x0000000089400000|  0%| F|  |TAMS 0x0000000089300000, 0x0000000089300000| Untracked 
| 120|0x0000000089400000, 0x0000000089400000, 0x0000000089500000|  0%| F|  |TAMS 0x0000000089400000, 0x0000000089400000| Untracked 
| 121|0x0000000089500000, 0x0000000089500000, 0x0000000089600000|  0%| F|  |TAMS 0x0000000089500000, 0x0000000089500000| Untracked 
| 122|0x0000000089600000, 0x0000000089600000, 0x0000000089700000|  0%| F|  |TAMS 0x0000000089600000, 0x0000000089600000| Untracked 
| 123|0x0000000089700000, 0x0000000089700000, 0x0000000089800000|  0%| F|  |TAMS 0x0000000089700000, 0x0000000089700000| Untracked 
| 124|0x0000000089800000, 0x0000000089800000, 0x0000000089900000|  0%| F|  |TAMS 0x0000000089800000, 0x0000000089800000| Untracked 
| 125|0x0000000089900000, 0x0000000089900800, 0x0000000089a00000|  0%| E|  |TAMS 0x0000000089900000, 0x0000000089900000| Complete 
| 126|0x0000000089a00000, 0x0000000089b00000, 0x0000000089b00000|100%| E|CS|TAMS 0x0000000089a00000, 0x0000000089a00000| Complete 
| 127|0x0000000089b00000, 0x0000000089c00000, 0x0000000089c00000|100%| E|CS|TAMS 0x0000000089b00000, 0x0000000089b00000| Complete 

Card table byte_map: [0x000001d3bc9c0000,0x000001d3bcdc0000] _byte_map_base: 0x000001d3bc5b2000

Marking Bits (Prev, Next): (CMBitMap*) 0x000001d3a5b4a950, (CMBitMap*) 0x000001d3a5b4a990
 Prev Bits: [0x000001d3bd1c0000, 0x000001d3bf150000)
 Next Bits: [0x000001d3bf150000, 0x000001d3c10e0000)

Polling page: 0x000001d3a3940000

Metaspace:

Usage:
  Non-class:     12.10 MB used.
      Class:      1.98 MB used.
       Both:     14.08 MB used.

Virtual space:
  Non-class space:       16.00 MB reserved,      12.25 MB ( 77%) committed,  2 nodes.
      Class space:        1.00 GB reserved,       2.06 MB ( <1%) committed,  1 nodes.
              Both:        1.02 GB reserved,      14.31 MB (  1%) committed. 

Chunk freelists:
   Non-Class:  3.23 MB
       Class:  1.88 MB
        Both:  5.11 MB

MaxMetaspaceSize: 17179869184.00 GB
CompressedClassSpaceSize: 1.00 GB
 - commit_granule_bytes: 65536.
 - commit_granule_words: 8192.
 - virtual_space_node_default_size: 1048576.
 - enlarge_chunks_in_place: 1.
 - new_chunks_are_fully_committed: 0.
 - uncommit_free_chunks: 1.
 - use_allocation_guard: 0.
 - handle_deallocations: 1.


Internal statistics:

num_allocs_failed_limit: 0.
num_arena_births: 224.
num_arena_deaths: 0.
num_vsnodes_births: 3.
num_vsnodes_deaths: 0.
num_space_committed: 229.
num_space_uncommitted: 0.
num_chunks_returned_to_freelist: 0.
num_chunks_taken_from_freelist: 730.
num_chunk_merges: 0.
num_chunk_splits: 486.
num_chunks_enlarged: 367.
num_purges: 0.

CodeHeap 'non-profiled nmethods': size=120000Kb used=888Kb max_used=888Kb free=119111Kb
 bounds [0x000001d3b4d60000, 0x000001d3b4fd0000, 0x000001d3bc290000]
CodeHeap 'profiled nmethods': size=120000Kb used=4730Kb max_used=4730Kb free=115269Kb
 bounds [0x000001d3ad830000, 0x000001d3adcd0000, 0x000001d3b4d60000]
CodeHeap 'non-nmethods': size=5760Kb used=1428Kb max_used=1477Kb free=4332Kb
 bounds [0x000001d3ad290000, 0x000001d3ad500000, 0x000001d3ad830000]
 total_blobs=3384 nmethods=2598 adapters=697
 compilation: enabled
              stopped_count=0, restarted_count=0
 full_count=0

Compilation events (20 events):
Event: 13.632 Thread 0x000001d3c3af72a0 2592       3       com.sun.prism.d3d.D3DShader::checkTmpFloatBuf (21 bytes)
Event: 13.633 Thread 0x000001d3c3af72a0 nmethod 2592 0x000001d3adcccd90 code [0x000001d3adcccf80, 0x000001d3adccd4a8]
Event: 13.633 Thread 0x000001d3c3af72a0 2595       1       com.sun.prism.impl.ps.BaseShaderContext$MaskType::isNewPaintStyle (5 bytes)
Event: 13.633 Thread 0x000001d3c3af72a0 nmethod 2595 0x000001d3b4e3c290 code [0x000001d3b4e3c420, 0x000001d3b4e3c4f8]
Event: 13.633 Thread 0x000001d3c3af72a0 2594       1       com.sun.prism.impl.BaseGraphics::setCompositeMode (6 bytes)
Event: 13.633 Thread 0x000001d3c3af72a0 nmethod 2594 0x000001d3b4e3c590 code [0x000001d3b4e3c720, 0x000001d3b4e3c838]
Event: 13.633 Thread 0x000001d3c3af72a0 2591       1       com.sun.prism.paint.Gradient::getNumStops (5 bytes)
Event: 13.633 Thread 0x000001d3c3af72a0 nmethod 2591 0x000001d3b4e3c890 code [0x000001d3b4e3ca20, 0x000001d3b4e3caf8]
Event: 13.633 Thread 0x000001d3c3af72a0 2596       1       com.sun.prism.impl.ps.BaseShaderContext::getLCDBuffer (5 bytes)
Event: 13.633 Thread 0x000001d3c3af72a0 nmethod 2596 0x000001d3b4e3cb90 code [0x000001d3b4e3cd20, 0x000001d3b4e3cdf8]
Event: 13.634 Thread 0x000001d3c3af6c90 nmethod 2587 0x000001d3b4e3ce90 code [0x000001d3b4e3d020, 0x000001d3b4e3d658]
Event: 13.634 Thread 0x000001d3c3af6c90 2588 %     4       java.util.Arrays::fill @ 10 (28 bytes)
Event: 13.637 Thread 0x000001d3c3af6c90 nmethod 2588% 0x000001d3b4e3da90 code [0x000001d3b4e3dc20, 0x000001d3b4e3de18]
Event: 14.852 Thread 0x000001d3c3af6c90 2597       4       java.lang.Math::round (70 bytes)
Event: 14.852 Thread 0x000001d3c3af6c90 nmethod 2597 0x000001d3b4e3df10 code [0x000001d3b4e3e0a0, 0x000001d3b4e3e198]
Event: 14.884 Thread 0x000001d3c3af72a0 2598       3       com.sun.javafx.util.Utils::clamp (20 bytes)
Event: 14.884 Thread 0x000001d3c3af72a0 nmethod 2598 0x000001d3adccd690 code [0x000001d3adccd840, 0x000001d3adccd9f8]
Event: 14.900 Thread 0x000001d3c3af72a0 2599   !   3       java.util.WeakHashMap::expungeStaleEntries (139 bytes)
Event: 14.900 Thread 0x000001d3c3af72a0 nmethod 2599 0x000001d3adccda90 code [0x000001d3adccdca0, 0x000001d3adcce6e8]
Event: 15.118 Thread 0x000001d3c3af72a0 2600   !   3       java.util.concurrent.ConcurrentHashMap::replaceNode (437 bytes)

GC Heap History (4 events):
Event: 1.086 GC heap before
{Heap before GC invocations=0 (full 0):
 garbage-first heap   total 131072K, used 22528K [0x0000000081c00000, 0x0000000100000000)
  region size 1024K, 23 young (23552K), 0 survivors (0K)
 Metaspace       used 6201K, committed 6336K, reserved 1056768K
  class space    used 762K, committed 832K, reserved 1048576K
}
Event: 1.089 GC heap after
{Heap after GC invocations=1 (full 0):
 garbage-first heap   total 131072K, used 3318K [0x0000000081c00000, 0x0000000100000000)
  region size 1024K, 3 young (3072K), 3 survivors (3072K)
 Metaspace       used 6201K, committed 6336K, reserved 1056768K
  class space    used 762K, committed 832K, reserved 1048576K
}
Event: 13.601 GC heap before
{Heap before GC invocations=1 (full 0):
 garbage-first heap   total 131072K, used 36086K [0x0000000081c00000, 0x0000000100000000)
  region size 1024K, 34 young (34816K), 3 survivors (3072K)
 Metaspace       used 14388K, committed 14592K, reserved 1064960K
  class space    used 2023K, committed 2112K, reserved 1048576K
}
Event: 13.609 GC heap after
{Heap after GC invocations=2 (full 0):
 garbage-first heap   total 131072K, used 9690K [0x0000000081c00000, 0x0000000100000000)
  region size 1024K, 5 young (5120K), 5 survivors (5120K)
 Metaspace       used 14388K, committed 14592K, reserved 1064960K
  class space    used 2023K, committed 2112K, reserved 1048576K
}

Deoptimization events (20 events):
Event: 1.293 Thread 0x000001d3c4cf1030 DEOPT PACKING pc=0x000001d3b4d71644 sp=0x0000005b3a3fd0a0
Event: 1.293 Thread 0x000001d3c4cf1030 DEOPT UNPACKING pc=0x000001d3ad2dd72e sp=0x0000005b3a3fd048 mode 2
Event: 1.430 Thread 0x000001d3c4cf1030 Uncommon trap: trap_request=0xffffff45 fr.pc=0x000001d3b4db2954 relative=0x00000000000001b4
Event: 1.430 Thread 0x000001d3c4cf1030 Uncommon trap: reason=unstable_if action=reinterpret pc=0x000001d3b4db2954 method=java.io.ByteArrayInputStream.read()I @ 8 c2
Event: 1.430 Thread 0x000001d3c4cf1030 DEOPT PACKING pc=0x000001d3b4db2954 sp=0x0000005b3a3fc050
Event: 1.430 Thread 0x000001d3c4cf1030 DEOPT UNPACKING pc=0x000001d3ad2dd72e sp=0x0000005b3a3fc008 mode 2
Event: 2.061 Thread 0x000001d3c4cf1030 Uncommon trap: trap_request=0xffffff45 fr.pc=0x000001d3b4dcc918 relative=0x0000000000000f78
Event: 2.061 Thread 0x000001d3c4cf1030 Uncommon trap: reason=unstable_if action=reinterpret pc=0x000001d3b4dcc918 method=java.util.concurrent.ConcurrentHashMap.putVal(Ljava/lang/Object;Ljava/lang/Object;Z)Ljava/lang/Object; @ 148 c2
Event: 2.061 Thread 0x000001d3c4cf1030 DEOPT PACKING pc=0x000001d3b4dcc918 sp=0x0000005b3a3fad00
Event: 2.061 Thread 0x000001d3c4cf1030 DEOPT UNPACKING pc=0x000001d3ad2dd72e sp=0x0000005b3a3fac80 mode 2
Event: 2.075 Thread 0x000001d3c4bf5e40 DEOPT PACKING pc=0x000001d3adac16f7 sp=0x0000005b39ffdb80
Event: 2.075 Thread 0x000001d3c4bf5e40 DEOPT UNPACKING pc=0x000001d3ad2ddece sp=0x0000005b39ffcfe8 mode 0
Event: 7.284 Thread 0x000001d3c4cf1030 Uncommon trap: trap_request=0xffffff45 fr.pc=0x000001d3b4e2ad0c relative=0x00000000000000ec
Event: 7.284 Thread 0x000001d3c4cf1030 Uncommon trap: reason=unstable_if action=reinterpret pc=0x000001d3b4e2ad0c method=java.lang.ThreadLocal$ThreadLocalMap.getEntry(Ljava/lang/ThreadLocal;)Ljava/lang/ThreadLocal$ThreadLocalMap$Entry; @ 21 c2
Event: 7.284 Thread 0x000001d3c4cf1030 DEOPT PACKING pc=0x000001d3b4e2ad0c sp=0x0000005b3a3fc1f0
Event: 7.284 Thread 0x000001d3c4cf1030 DEOPT UNPACKING pc=0x000001d3ad2dd72e sp=0x0000005b3a3fc108 mode 2
Event: 13.615 Thread 0x000001d3c4cf1030 Uncommon trap: trap_request=0xffffff45 fr.pc=0x000001d3b4dd1cc4 relative=0x00000000000002a4
Event: 13.615 Thread 0x000001d3c4cf1030 Uncommon trap: reason=unstable_if action=reinterpret pc=0x000001d3b4dd1cc4 method=java.util.WeakHashMap.expungeStaleEntries()V @ 9 c2
Event: 13.615 Thread 0x000001d3c4cf1030 DEOPT PACKING pc=0x000001d3b4dd1cc4 sp=0x0000005b3a3fbf90
Event: 13.615 Thread 0x000001d3c4cf1030 DEOPT UNPACKING pc=0x000001d3ad2dd72e sp=0x0000005b3a3fbf28 mode 2

Classes unloaded (0 events):
No events

Classes redefined (0 events):
No events

Internal exceptions (20 events):
Event: 1.051 Thread 0x000001d3c4cf1030 Exception <a 'java/lang/NoSuchMethodError'{0x00000000887695f8}: 'void java.lang.invoke.DirectMethodHandle$Holder.invokeSpecial(java.lang.Object, java.lang.Object, java.lang.Object, java.lang.Object, java.lang.Object)'> (0x00000000887695f8) 
thrown [t:\workspace\open\src\hotspot\share\interpreter\linkResolver.cpp, line 790]
Event: 1.145 Thread 0x000001d3c4cf1030 Exception <a 'java/lang/NoSuchMethodError'{0x00000000897b84f8}: 'void java.lang.invoke.DirectMethodHandle$Holder.invokeStaticInit(java.lang.Object, java.lang.Object)'> (0x00000000897b84f8) 
thrown [t:\workspace\open\src\hotspot\share\interpreter\linkResolver.cpp, line 790]
Event: 1.211 Thread 0x000001d3c4cf1030 Implicit null exception at 0x000001d3b4d82ae0 to 0x000001d3b4d82b7a
Event: 1.221 Thread 0x000001d3c4cf1030 Implicit null exception at 0x000001d3b4db44af to 0x000001d3b4db4a94
Event: 1.316 Thread 0x000001d3c4cf1030 Exception <a 'java/lang/NoSuchMethodError'{0x0000000088d04c10}: 'java.lang.Object java.lang.invoke.DirectMethodHandle$Holder.invokeInterface(java.lang.Object, java.lang.Object, java.lang.Object)'> (0x0000000088d04c10) 
thrown [t:\workspace\open\src\hotspot\share\interpreter\linkResolver.cpp, line 790]
Event: 1.316 Thread 0x000001d3c4cf1030 Exception <a 'java/lang/IncompatibleClassChangeError'{0x0000000088d08790}: Found class java.lang.Object, but interface was expected> (0x0000000088d08790) 
thrown [t:\workspace\open\src\hotspot\share\interpreter\linkResolver.cpp, line 857]
Event: 1.348 Thread 0x000001d3c4cf1030 Exception <a 'java/lang/ClassNotFoundException'{0x0000000088b8c658}: com/sun/javafx/scene/control/skin/resources/controls> (0x0000000088b8c658) 
thrown [t:\workspace\open\src\hotspot\share\prims\jni.cpp, line 600]
Event: 1.349 Thread 0x000001d3c4cf1030 Exception <a 'java/lang/ClassNotFoundException'{0x0000000088b9a158}: com/sun/javafx/scene/control/skin/resources/controls_en> (0x0000000088b9a158) 
thrown [t:\workspace\open\src\hotspot\share\prims\jni.cpp, line 600]
Event: 1.350 Thread 0x000001d3c4cf1030 Exception <a 'java/lang/ClassNotFoundException'{0x0000000088b9b808}: com/sun/javafx/scene/control/skin/resources/controls_en_MY> (0x0000000088b9b808) 
thrown [t:\workspace\open\src\hotspot\share\prims\jni.cpp, line 600]
Event: 1.377 Thread 0x000001d3c4cf1030 Exception <a 'java/lang/NoSuchMethodError'{0x000000008892d4d0}: 'void java.lang.invoke.DirectMethodHandle$Holder.invokeSpecial(java.lang.Object, java.lang.Object, java.lang.Object, java.lang.Object, java.lang.Object, java.lang.Object)'> (0x000000008892d4d0) 
thrown [t:\workspace\open\src\hotspot\share\interpreter\linkResolver.cpp, line 790]
Event: 1.443 Thread 0x000001d3c4cf1030 Exception <a 'java/lang/NoSuchMethodError'{0x00000000886f0658}: 'java.lang.Object java.lang.invoke.DirectMethodHandle$Holder.newInvokeSpecial(java.lang.Object, java.lang.Object, int)'> (0x00000000886f0658) 
thrown [t:\workspace\open\src\hotspot\share\interpreter\linkResolver.cpp, line 790]
Event: 1.460 Thread 0x000001d3c4bf5e40 Exception <a 'java/lang/NoSuchMethodError'{0x00000000885d9688}: 'int java.lang.invoke.DirectMethodHandle$Holder.invokeStaticInit(java.lang.Object, java.lang.Object)'> (0x00000000885d9688) 
thrown [t:\workspace\open\src\hotspot\share\interpreter\linkResolver.cpp, line 790]
Event: 2.069 Thread 0x000001d3c4cf1030 Exception <a 'java/lang/NoSuchMethodError'{0x0000000087e75770}: 'long java.lang.invoke.DirectMethodHandle$Holder.invokeStatic(java.lang.Object, java.lang.Object, java.lang.Object)'> (0x0000000087e75770) 
thrown [t:\workspace\open\src\hotspot\share\interpreter\linkResolver.cpp, line 790]
Event: 2.069 Thread 0x000001d3c4cf1030 Exception <a 'java/lang/NoSuchMethodError'{0x0000000087e793c8}: 'long java.lang.invoke.DirectMethodHandle$Holder.invokeStaticInit(java.lang.Object, java.lang.Object, java.lang.Object)'> (0x0000000087e793c8) 
thrown [t:\workspace\open\src\hotspot\share\interpreter\linkResolver.cpp, line 790]
Event: 2.071 Thread 0x000001d3c4cf1030 Exception <a 'java/lang/NoSuchMethodError'{0x0000000087e91590}: 'java.lang.Object java.lang.invoke.DirectMethodHandle$Holder.newInvokeSpecial(java.lang.Object, java.lang.Object, long)'> (0x0000000087e91590) 
thrown [t:\workspace\open\src\hotspot\share\interpreter\linkResolver.cpp, line 790]
Event: 2.071 Thread 0x000001d3c4cf1030 Exception <a 'java/lang/NoSuchMethodError'{0x0000000087e95300}: 'java.lang.Object java.lang.invoke.Invokers$Holder.linkToTargetMethod(java.lang.Object, long, java.lang.Object)'> (0x0000000087e95300) 
thrown [t:\workspace\open\src\hotspot\share\interpreter\linkResolver.cpp, line 790]
Event: 3.965 Thread 0x000001d3c4cf1030 Exception <a 'java/lang/NoSuchMethodError'{0x0000000087db89d8}: 'java.lang.Object java.lang.invoke.DirectMethodHandle$Holder.newInvokeSpecial(java.lang.Object, java.lang.Object, int, int, int, int, int, java.lang.Object)'> (0x0000000087db89d8) 
thrown [t:\workspace\open\src\hotspot\share\interpreter\linkResolver.cpp, line 790]
Event: 3.966 Thread 0x000001d3c4cf1030 Exception <a 'java/lang/NoSuchMethodError'{0x0000000087dcc890}: 'java.lang.Object java.lang.invoke.DirectMethodHandle$Holder.newInvokeSpecial(java.lang.Object, java.lang.Object, java.lang.Object, int, int, int, int, int)'> (0x0000000087dcc890) 
thrown [t:\workspace\open\src\hotspot\share\interpreter\linkResolver.cpp, line 790]
Event: 3.967 Thread 0x000001d3c4cf1030 Exception <a 'java/lang/NoSuchMethodError'{0x0000000087dd46a8}: 'java.lang.Object java.lang.invoke.Invokers$Holder.linkToTargetMethod(java.lang.Object, java.lang.Object, int, int, int, int, int, java.lang.Object)'> (0x0000000087dd46a8) 
thrown [t:\workspace\open\src\hotspot\share\interpreter\linkResolver.cpp, line 790]
Event: 7.284 Thread 0x000001d3c4cf1030 Implicit null exception at 0x000001d3b4e2ac83 to 0x000001d3b4e2acf4

Events (20 events):
Event: 6.410 Executing  VM operation: Cleanup done
Event: 7.410 Executing  VM operation: Cleanup
Event: 7.411 Executing  VM operation: Cleanup done
Event: 8.411 Executing  VM operation: Cleanup
Event: 8.411 Executing  VM operation: Cleanup done
Event: 9.411 Executing  VM operation: Cleanup
Event: 9.412 Executing  VM operation: Cleanup done
Event: 10.412 Executing  VM operation: Cleanup
Event: 10.412 Executing  VM operation: Cleanup done
Event: 11.412 Executing  VM operation: Cleanup
Event: 11.413 Executing  VM operation: Cleanup done
Event: 12.413 Executing  VM operation: Cleanup
Event: 12.413 Executing  VM operation: Cleanup done
Event: 13.601 Executing  VM operation: G1CollectForAllocation
Event: 13.609 Executing  VM operation: G1CollectForAllocation done
Event: 15.117 Thread 0x000001d3c54d4000 Thread added: 0x000001d3c54d4000
Event: 15.117 Thread 0x000001d3c54d4aa0 Thread added: 0x000001d3c54d4aa0
Event: 15.118 Thread 0x000001d3c54d4aa0 Thread exited: 0x000001d3c54d4aa0
Event: 15.119 Thread 0x000001d3c54d4000 Thread exited: 0x000001d3c54d4000
Event: 15.119 Executing  VM operation: Exit


Dynamic libraries:
0x00007ff7f4ba0000 - 0x00007ff7f4bb0000 	C:\Program Files\Java\jdk-16.0.1\bin\javaw.exe
0x00007ffcdfd90000 - 0x00007ffcdff85000 	C:\WINDOWS\SYSTEM32\ntdll.dll
0x00007ffcde810000 - 0x00007ffcde8cd000 	C:\WINDOWS\System32\KERNEL32.DLL
0x00007ffcdd910000 - 0x00007ffcddbd9000 	C:\WINDOWS\System32\KERNELBASE.dll
0x00007ffcdd580000 - 0x00007ffcdd680000 	C:\WINDOWS\System32\ucrtbase.dll
0x00007ffcd7730000 - 0x00007ffcd7748000 	C:\Program Files\Java\jdk-16.0.1\bin\jli.dll
0x00007ffcdf5c0000 - 0x00007ffcdf66c000 	C:\WINDOWS\System32\ADVAPI32.dll
0x00007ffcd67b0000 - 0x00007ffcd67c9000 	C:\Program Files\Java\jdk-16.0.1\bin\VCRUNTIME140.dll
0x00007ffcdf1f0000 - 0x00007ffcdf28e000 	C:\WINDOWS\System32\msvcrt.dll
0x00007ffcdfb70000 - 0x00007ffcdfc0b000 	C:\WINDOWS\System32\sechost.dll
0x00007ffcdf290000 - 0x00007ffcdf3ba000 	C:\WINDOWS\System32\RPCRT4.dll
0x00007ffcde660000 - 0x00007ffcde800000 	C:\WINDOWS\System32\USER32.dll
0x00007ffcddd70000 - 0x00007ffcddd92000 	C:\WINDOWS\System32\win32u.dll
0x00007ffcde940000 - 0x00007ffcde96a000 	C:\WINDOWS\System32\GDI32.dll
0x00007ffcdd800000 - 0x00007ffcdd90b000 	C:\WINDOWS\System32\gdi32full.dll
0x00007ffcdd760000 - 0x00007ffcdd7fd000 	C:\WINDOWS\System32\msvcp_win.dll
0x00007ffcbdb90000 - 0x00007ffcbde2a000 	C:\WINDOWS\WinSxS\amd64_microsoft.windows.common-controls_6595b64144ccf1df_6.0.19041.1110_none_60b5254171f9507e\COMCTL32.dll
0x00007ffcd5fa0000 - 0x00007ffcd5faa000 	C:\WINDOWS\SYSTEM32\VERSION.dll
0x00007ffcdfd20000 - 0x00007ffcdfd50000 	C:\WINDOWS\System32\IMM32.DLL
0x00007ffcd67a0000 - 0x00007ffcd67ac000 	C:\Program Files\Java\jdk-16.0.1\bin\vcruntime140_1.dll
0x00007ffcc7350000 - 0x00007ffcc73e1000 	C:\Program Files\Java\jdk-16.0.1\bin\msvcp140.dll
0x00007ffc881e0000 - 0x00007ffc88d8b000 	C:\Program Files\Java\jdk-16.0.1\bin\server\jvm.dll
0x00007ffcdf670000 - 0x00007ffcdf678000 	C:\WINDOWS\System32\PSAPI.DLL
0x00007ffcc8820000 - 0x00007ffcc8829000 	C:\WINDOWS\SYSTEM32\WSOCK32.dll
0x00007ffcde8d0000 - 0x00007ffcde93b000 	C:\WINDOWS\System32\WS2_32.dll
0x00007ffcd3b50000 - 0x00007ffcd3b77000 	C:\WINDOWS\SYSTEM32\WINMM.dll
0x00007ffcdbd70000 - 0x00007ffcdbd82000 	C:\WINDOWS\SYSTEM32\kernel.appcore.dll
0x00007ffcd6790000 - 0x00007ffcd679a000 	C:\Program Files\Java\jdk-16.0.1\bin\jimage.dll
0x00007ffcdb220000 - 0x00007ffcdb404000 	C:\WINDOWS\SYSTEM32\DBGHELP.DLL
0x00007ffcd47c0000 - 0x00007ffcd47ec000 	C:\WINDOWS\SYSTEM32\dbgcore.DLL
0x00007ffcdd680000 - 0x00007ffcdd703000 	C:\WINDOWS\System32\bcryptPrimitives.dll
0x00007ffcd66e0000 - 0x00007ffcd6705000 	C:\Program Files\Java\jdk-16.0.1\bin\java.dll
0x00007ffcde980000 - 0x00007ffcdf0bf000 	C:\WINDOWS\System32\SHELL32.dll
0x00007ffcdb5c0000 - 0x00007ffcdbd51000 	C:\WINDOWS\SYSTEM32\windows.storage.dll
0x00007ffcdf680000 - 0x00007ffcdf9d5000 	C:\WINDOWS\System32\combase.dll
0x00007ffcdcf40000 - 0x00007ffcdcf6c000 	C:\WINDOWS\SYSTEM32\Wldp.dll
0x00007ffcdfac0000 - 0x00007ffcdfb6e000 	C:\WINDOWS\System32\SHCORE.dll
0x00007ffcdde00000 - 0x00007ffcdde55000 	C:\WINDOWS\System32\shlwapi.dll
0x00007ffcdd410000 - 0x00007ffcdd42f000 	C:\WINDOWS\SYSTEM32\profapi.dll
0x00007ffcd6770000 - 0x00007ffcd6789000 	C:\Program Files\Java\jdk-16.0.1\bin\net.dll
0x00007ffcd7330000 - 0x00007ffcd743a000 	C:\WINDOWS\SYSTEM32\WINHTTP.dll
0x00007ffcdcca0000 - 0x00007ffcdcd0a000 	C:\WINDOWS\system32\mswsock.dll
0x00007ffcc7590000 - 0x00007ffcc75a3000 	C:\Program Files\Java\jdk-16.0.1\bin\nio.dll
0x00007ffcc7570000 - 0x00007ffcc7588000 	C:\Program Files\Java\jdk-16.0.1\bin\zip.dll
0x000001d3a3b10000 - 0x000001d3a3b13000 	C:\Users\farha\Downloads\openjfx-16_windows-x64_bin-sdk\javafx-sdk-16\bin\api-ms-win-core-console-l1-1-0.dll
0x000001d3a3b20000 - 0x000001d3a3b23000 	C:\Users\farha\Downloads\openjfx-16_windows-x64_bin-sdk\javafx-sdk-16\bin\api-ms-win-core-console-l1-2-0.dll
0x000001d3a3b30000 - 0x000001d3a3b33000 	C:\Users\farha\Downloads\openjfx-16_windows-x64_bin-sdk\javafx-sdk-16\bin\api-ms-win-core-datetime-l1-1-0.dll
0x000001d3a5a20000 - 0x000001d3a5a23000 	C:\Users\farha\Downloads\openjfx-16_windows-x64_bin-sdk\javafx-sdk-16\bin\api-ms-win-core-debug-l1-1-0.dll
0x000001d3a5a30000 - 0x000001d3a5a33000 	C:\Users\farha\Downloads\openjfx-16_windows-x64_bin-sdk\javafx-sdk-16\bin\api-ms-win-core-errorhandling-l1-1-0.dll
0x000001d3a5a40000 - 0x000001d3a5a44000 	C:\Users\farha\Downloads\openjfx-16_windows-x64_bin-sdk\javafx-sdk-16\bin\api-ms-win-core-file-l1-1-0.dll
0x000001d3a5a50000 - 0x000001d3a5a53000 	C:\Users\farha\Downloads\openjfx-16_windows-x64_bin-sdk\javafx-sdk-16\bin\api-ms-win-core-file-l1-2-0.dll
0x000001d3a5a60000 - 0x000001d3a5a63000 	C:\Users\farha\Downloads\openjfx-16_windows-x64_bin-sdk\javafx-sdk-16\bin\api-ms-win-core-file-l2-1-0.dll
0x000001d3a5a70000 - 0x000001d3a5a73000 	C:\Users\farha\Downloads\openjfx-16_windows-x64_bin-sdk\javafx-sdk-16\bin\api-ms-win-core-handle-l1-1-0.dll
0x000001d3a5a80000 - 0x000001d3a5a83000 	C:\Users\farha\Downloads\openjfx-16_windows-x64_bin-sdk\javafx-sdk-16\bin\api-ms-win-core-heap-l1-1-0.dll
0x000001d3a5a90000 - 0x000001d3a5a93000 	C:\Users\farha\Downloads\openjfx-16_windows-x64_bin-sdk\javafx-sdk-16\bin\api-ms-win-core-interlocked-l1-1-0.dll
0x000001d3a5aa0000 - 0x000001d3a5aa3000 	C:\Users\farha\Downloads\openjfx-16_windows-x64_bin-sdk\javafx-sdk-16\bin\api-ms-win-core-libraryloader-l1-1-0.dll
0x000001d3a5ab0000 - 0x000001d3a5ab3000 	C:\Users\farha\Downloads\openjfx-16_windows-x64_bin-sdk\javafx-sdk-16\bin\api-ms-win-core-localization-l1-2-0.dll
0x000001d3a5ac0000 - 0x000001d3a5ac3000 	C:\Users\farha\Downloads\openjfx-16_windows-x64_bin-sdk\javafx-sdk-16\bin\api-ms-win-core-memory-l1-1-0.dll
0x000001d3a5ad0000 - 0x000001d3a5ad3000 	C:\Users\farha\Downloads\openjfx-16_windows-x64_bin-sdk\javafx-sdk-16\bin\api-ms-win-core-namedpipe-l1-1-0.dll
0x000001d3a5ae0000 - 0x000001d3a5ae3000 	C:\Users\farha\Downloads\openjfx-16_windows-x64_bin-sdk\javafx-sdk-16\bin\api-ms-win-core-processenvironment-l1-1-0.dll
0x000001d3c3b60000 - 0x000001d3c3b63000 	C:\Users\farha\Downloads\openjfx-16_windows-x64_bin-sdk\javafx-sdk-16\bin\api-ms-win-core-processthreads-l1-1-0.dll
0x000001d3c3b70000 - 0x000001d3c3b73000 	C:\Users\farha\Downloads\openjfx-16_windows-x64_bin-sdk\javafx-sdk-16\bin\api-ms-win-core-processthreads-l1-1-1.dll
0x000001d3c3b80000 - 0x000001d3c3b83000 	C:\Users\farha\Downloads\openjfx-16_windows-x64_bin-sdk\javafx-sdk-16\bin\api-ms-win-core-profile-l1-1-0.dll
0x000001d3c3b90000 - 0x000001d3c3b93000 	C:\Users\farha\Downloads\openjfx-16_windows-x64_bin-sdk\javafx-sdk-16\bin\api-ms-win-core-rtlsupport-l1-1-0.dll
0x000001d3c3ba0000 - 0x000001d3c3ba3000 	C:\Users\farha\Downloads\openjfx-16_windows-x64_bin-sdk\javafx-sdk-16\bin\api-ms-win-core-string-l1-1-0.dll
0x000001d3c3bb0000 - 0x000001d3c3bb3000 	C:\Users\farha\Downloads\openjfx-16_windows-x64_bin-sdk\javafx-sdk-16\bin\api-ms-win-core-synch-l1-1-0.dll
0x000001d3c3bc0000 - 0x000001d3c3bc3000 	C:\Users\farha\Downloads\openjfx-16_windows-x64_bin-sdk\javafx-sdk-16\bin\api-ms-win-core-synch-l1-2-0.dll
0x000001d3c3bd0000 - 0x000001d3c3bd3000 	C:\Users\farha\Downloads\openjfx-16_windows-x64_bin-sdk\javafx-sdk-16\bin\api-ms-win-core-sysinfo-l1-1-0.dll
0x000001d3c3be0000 - 0x000001d3c3be3000 	C:\Users\farha\Downloads\openjfx-16_windows-x64_bin-sdk\javafx-sdk-16\bin\api-ms-win-core-timezone-l1-1-0.dll
0x000001d3c3bf0000 - 0x000001d3c3bf3000 	C:\Users\farha\Downloads\openjfx-16_windows-x64_bin-sdk\javafx-sdk-16\bin\api-ms-win-core-util-l1-1-0.dll
0x000001d3c60d0000 - 0x000001d3c60d3000 	C:\Users\farha\Downloads\openjfx-16_windows-x64_bin-sdk\javafx-sdk-16\bin\api-ms-win-crt-conio-l1-1-0.dll
0x000001d3c60e0000 - 0x000001d3c60e4000 	C:\Users\farha\Downloads\openjfx-16_windows-x64_bin-sdk\javafx-sdk-16\bin\api-ms-win-crt-convert-l1-1-0.dll
0x000001d3c60f0000 - 0x000001d3c60f3000 	C:\Users\farha\Downloads\openjfx-16_windows-x64_bin-sdk\javafx-sdk-16\bin\api-ms-win-crt-environment-l1-1-0.dll
0x000001d3c6100000 - 0x000001d3c6103000 	C:\Users\farha\Downloads\openjfx-16_windows-x64_bin-sdk\javafx-sdk-16\bin\api-ms-win-crt-filesystem-l1-1-0.dll
0x000001d3c6110000 - 0x000001d3c6113000 	C:\Users\farha\Downloads\openjfx-16_windows-x64_bin-sdk\javafx-sdk-16\bin\api-ms-win-crt-heap-l1-1-0.dll
0x000001d3c6120000 - 0x000001d3c6123000 	C:\Users\farha\Downloads\openjfx-16_windows-x64_bin-sdk\javafx-sdk-16\bin\api-ms-win-crt-locale-l1-1-0.dll
0x000001d3c6130000 - 0x000001d3c6135000 	C:\Users\farha\Downloads\openjfx-16_windows-x64_bin-sdk\javafx-sdk-16\bin\api-ms-win-crt-math-l1-1-0.dll
0x000001d3c6140000 - 0x000001d3c6145000 	C:\Users\farha\Downloads\openjfx-16_windows-x64_bin-sdk\javafx-sdk-16\bin\api-ms-win-crt-multibyte-l1-1-0.dll
0x000001d3c6150000 - 0x000001d3c6160000 	C:\Users\farha\Downloads\openjfx-16_windows-x64_bin-sdk\javafx-sdk-16\bin\api-ms-win-crt-private-l1-1-0.dll
0x000001d3c6160000 - 0x000001d3c6163000 	C:\Users\farha\Downloads\openjfx-16_windows-x64_bin-sdk\javafx-sdk-16\bin\api-ms-win-crt-process-l1-1-0.dll
0x000001d3c6170000 - 0x000001d3c6174000 	C:\Users\farha\Downloads\openjfx-16_windows-x64_bin-sdk\javafx-sdk-16\bin\api-ms-win-crt-runtime-l1-1-0.dll
0x000001d3c6180000 - 0x000001d3c6184000 	C:\Users\farha\Downloads\openjfx-16_windows-x64_bin-sdk\javafx-sdk-16\bin\api-ms-win-crt-stdio-l1-1-0.dll
0x000001d3c6190000 - 0x000001d3c6194000 	C:\Users\farha\Downloads\openjfx-16_windows-x64_bin-sdk\javafx-sdk-16\bin\api-ms-win-crt-string-l1-1-0.dll
0x000001d3c61a0000 - 0x000001d3c61a3000 	C:\Users\farha\Downloads\openjfx-16_windows-x64_bin-sdk\javafx-sdk-16\bin\api-ms-win-crt-time-l1-1-0.dll
0x000001d3c61b0000 - 0x000001d3c61b3000 	C:\Users\farha\Downloads\openjfx-16_windows-x64_bin-sdk\javafx-sdk-16\bin\api-ms-win-crt-utility-l1-1-0.dll
0x00007ffcc6ab0000 - 0x00007ffcc6bac000 	C:\Users\farha\Downloads\openjfx-16_windows-x64_bin-sdk\javafx-sdk-16\bin\ucrtbase.dll
0x00007ffcc7530000 - 0x00007ffcc7549000 	C:\Users\farha\Downloads\openjfx-16_windows-x64_bin-sdk\javafx-sdk-16\bin\vcruntime140.dll
0x00007ffcd5060000 - 0x00007ffcd506c000 	C:\Users\farha\Downloads\openjfx-16_windows-x64_bin-sdk\javafx-sdk-16\bin\vcruntime140_1.dll
0x00007ffcc6f80000 - 0x00007ffcc7011000 	C:\Users\farha\Downloads\openjfx-16_windows-x64_bin-sdk\javafx-sdk-16\bin\msvcp140.dll
0x00007ffcc7490000 - 0x00007ffcc74b7000 	C:\Users\farha\Downloads\openjfx-16_windows-x64_bin-sdk\javafx-sdk-16\bin\prism_d3d.dll
0x00007ffc98c90000 - 0x00007ffc98e5e000 	C:\WINDOWS\system32\d3d9.dll
0x00007ffcdada0000 - 0x00007ffcdadcf000 	C:\WINDOWS\SYSTEM32\dwmapi.dll
0x00007ffcdaac0000 - 0x00007ffcdab5e000 	C:\WINDOWS\system32\uxtheme.dll
0x00007ffcddbe0000 - 0x00007ffcddc07000 	C:\WINDOWS\System32\bcrypt.dll
0x00007ffcddc10000 - 0x00007ffcddd6f000 	C:\WINDOWS\System32\crypt32.dll
0x00007ffcd5680000 - 0x00007ffcd56b1000 	C:\WINDOWS\SYSTEM32\cryptnet.dll
0x00007ffcdcea0000 - 0x00007ffcdceac000 	C:\WINDOWS\SYSTEM32\cryptbase.dll
0x00007ffcddda0000 - 0x00007ffcdde00000 	C:\WINDOWS\System32\WINTRUST.DLL
0x00007ffcdd0c0000 - 0x00007ffcdd0d2000 	C:\WINDOWS\SYSTEM32\MSASN1.dll
0x00007ffcddec0000 - 0x00007ffcddedd000 	C:\WINDOWS\System32\imagehlp.dll
0x00007ffcdce80000 - 0x00007ffcdce98000 	C:\WINDOWS\SYSTEM32\CRYPTSP.dll
0x00007ffcdc5d0000 - 0x00007ffcdc604000 	C:\WINDOWS\system32\rsaenh.dll
0x00007ffcc7300000 - 0x00007ffcc7342000 	C:\Users\farha\Downloads\openjfx-16_windows-x64_bin-sdk\javafx-sdk-16\bin\glass.dll
0x00007ffcdf3c0000 - 0x00007ffcdf49a000 	C:\WINDOWS\System32\COMDLG32.dll
0x00007ffcdf0c0000 - 0x00007ffcdf1ea000 	C:\WINDOWS\System32\ole32.dll
0x00007ffcddee0000 - 0x00007ffcddfad000 	C:\WINDOWS\System32\OLEAUT32.dll
0x00007ffcdf4a0000 - 0x00007ffcdf5b5000 	C:\WINDOWS\System32\MSCTF.dll
0x00007ffcd1420000 - 0x00007ffcd145b000 	C:\WINDOWS\SYSTEM32\dxcore.dll
0x00007ffcdd710000 - 0x00007ffcdd75e000 	C:\WINDOWS\System32\cfgmgr32.dll
0x00007ffcd7f20000 - 0x00007ffcd7f34000 	C:\Users\farha\Downloads\openjfx-16_windows-x64_bin-sdk\javafx-sdk-16\bin\javafx_font.dll
0x00007ffcc9320000 - 0x00007ffcc959f000 	C:\WINDOWS\SYSTEM32\dwrite.dll
0x00007ffcdfc10000 - 0x00007ffcdfcb9000 	C:\WINDOWS\System32\clbcatq.dll
0x00007ffcd3eb0000 - 0x00007ffcd4064000 	C:\WINDOWS\SYSTEM32\WindowsCodecs.dll
0x00007ffcc0900000 - 0x00007ffcc093e000 	C:\WINDOWS\system32\dataexchange.dll
0x00007ffcd8dd0000 - 0x00007ffcd9034000 	C:\WINDOWS\system32\d3d11.dll
0x00007ffcd9d20000 - 0x00007ffcd9f06000 	C:\WINDOWS\system32\dcomp.dll
0x00007ffcdbde0000 - 0x00007ffcdbed4000 	C:\WINDOWS\system32\dxgi.dll
0x00007ffcd4860000 - 0x00007ffcd4a61000 	C:\WINDOWS\system32\twinapi.appcore.dll
0x00007ffcc6db0000 - 0x00007ffcc6de4000 	C:\Program Files\Common Files\Microsoft Shared\Ink\rtscom.dll
0x00007ffccbc90000 - 0x00007ffccbd89000 	C:\WINDOWS\SYSTEM32\textinputframework.dll
0x00007ffcda2c0000 - 0x00007ffcda61e000 	C:\WINDOWS\System32\CoreUIComponents.dll
0x00007ffcda620000 - 0x00007ffcda712000 	C:\WINDOWS\System32\CoreMessaging.dll
0x00007ffcd9bc0000 - 0x00007ffcd9d14000 	C:\WINDOWS\SYSTEM32\wintypes.dll
0x00007ffcdc1e0000 - 0x00007ffcdc213000 	C:\WINDOWS\SYSTEM32\ntmarta.dll

dbghelp: loaded successfully - version: 4.0.5 - missing functions: none
symbol engine: initialized successfully - sym options: 0x614 - pdb path: .;C:\Program Files\Java\jdk-16.0.1\bin;C:\WINDOWS\SYSTEM32;C:\WINDOWS\WinSxS\amd64_microsoft.windows.common-controls_6595b64144ccf1df_6.0.19041.1110_none_60b5254171f9507e;C:\Program Files\Java\jdk-16.0.1\bin\server;C:\Users\farha\Downloads\openjfx-16_windows-x64_bin-sdk\javafx-sdk-16\bin;C:\WINDOWS\System32\DriverStore\FileRepository\nvami.inf_amd64_8592088b0b875d85;C:\WINDOWS\System32\DriverStore\FileRepository\iigd_dch.inf_amd64_93cd1ac04c27c7e5;C:\Program Files\Common Files\Microsoft Shared\Ink

VM Arguments:
jvm_args: --module-path=C:\Users\farha\Downloads\openjfx-16_windows-x64_bin-sdk\javafx-sdk-16\lib --add-modules=javafx.controls,javafx.fxml -Dfile.encoding=Cp1252 --module-path=C:\Users\farha\.p2\pool\plugins\org.eclipse.fx.ide.css.jfx8_3.7.0.202010120832.jar;C:\Users\farha\Downloads\openjfx-16_windows-x64_bin-sdk\javafx-sdk-16\lib\javafx.base.jar;C:\Users\farha\Downloads\openjfx-16_windows-x64_bin-sdk\javafx-sdk-16\lib\javafx.controls.jar;C:\Users\farha\Downloads\openjfx-16_windows-x64_bin-sdk\javafx-sdk-16\lib\javafx.fxml.jar;C:\Users\farha\Downloads\openjfx-16_windows-x64_bin-sdk\javafx-sdk-16\lib\javafx.graphics.jar;C:\Users\farha\Downloads\openjfx-16_windows-x64_bin-sdk\javafx-sdk-16\lib\javafx.media.jar;C:\Users\farha\Downloads\openjfx-16_windows-x64_bin-sdk\javafx-sdk-16\lib\javafx.swing.jar;C:\Users\farha\Downloads\openjfx-16_windows-x64_bin-sdk\javafx-sdk-16\lib\javafx.web.jar;C:\Users\farha\Downloads\openjfx-16_windows-x64_bin-sdk\javafx-sdk-16\lib\javafx-swt.jar -XX:+ShowCodeDetailsInExceptionMessages 
java_command: application.SystemManager
java_class_path (initial): C:\Users\farha\OneDrive\Documents\GitHub\OOPProjectTicTacToe\OOPHW10\bin
Launcher Type: SUN_STANDARD

[Global flags]
     intx CICompilerCount                          = 4                                         {product} {ergonomic}
     uint ConcGCThreads                            = 2                                         {product} {ergonomic}
     uint G1ConcRefinementThreads                  = 8                                         {product} {ergonomic}
   size_t G1HeapRegionSize                         = 1048576                                   {product} {ergonomic}
    uintx GCDrainStackTargetSize                   = 64                                        {product} {ergonomic}
   size_t InitialHeapSize                          = 134217728                                 {product} {ergonomic}
   size_t MarkStackSize                            = 4194304                                   {product} {ergonomic}
   size_t MaxHeapSize                              = 2118123520                                {product} {ergonomic}
   size_t MaxNewSize                               = 1270874112                                {product} {ergonomic}
   size_t MinHeapDeltaBytes                        = 1048576                                   {product} {ergonomic}
   size_t MinHeapSize                              = 8388608                                   {product} {ergonomic}
    uintx NonNMethodCodeHeapSize                   = 5839372                                {pd product} {ergonomic}
    uintx NonProfiledCodeHeapSize                  = 122909434                              {pd product} {ergonomic}
    uintx ProfiledCodeHeapSize                     = 122909434                              {pd product} {ergonomic}
    uintx ReservedCodeCacheSize                    = 251658240                              {pd product} {ergonomic}
     bool SegmentedCodeCache                       = true                                      {product} {ergonomic}
     bool ShowCodeDetailsInExceptionMessages       = true                                   {manageable} {command line}
   size_t SoftMaxHeapSize                          = 2118123520                             {manageable} {ergonomic}
     bool UseCompressedClassPointers               = true                           {product lp64_product} {ergonomic}
     bool UseCompressedOops                        = true                           {product lp64_product} {ergonomic}
     bool UseG1GC                                  = true                                      {product} {ergonomic}
     bool UseLargePagesIndividualAllocation        = false                                  {pd product} {ergonomic}

Logging:
Log output configuration:
 #0: stdout all=off uptime,level,tags
 #1: stderr all=off uptime,level,tags

Environment Variables:
JAVA_HOME=C:\Program Files\Java\jdk1.8.0_291
PATH=C:/Users/farha/.p2/pool/plugins/org.eclipse.justj.openjdk.hotspot.jre.full.win32.x86_64_15.0.2.v20210201-0955/jre/bin/server;C:/Users/farha/.p2/pool/plugins/org.eclipse.justj.openjdk.hotspot.jre.full.win32.x86_64_15.0.2.v20210201-0955/jre/bin;C:\MinGW\bin;C:\Users\farha\AppData\Local\Microsoft\WindowsApps;C:\Program Files\JetBrains\CLion 2020.3.1\bin;;C:\android\platform-tools;C:\ffmpeg\bin;C:\Users\farha\AppData\Local\GitHubDesktop\bin;C:\Program Files\Graphviz\bin;;C:\WINDOWS\system32;
USERNAME=farhanrs7
OS=Windows_NT
PROCESSOR_IDENTIFIER=Intel64 Family 6 Model 142 Stepping 10, GenuineIntel



---------------  S Y S T E M  ---------------

OS:
 Windows 10 , 64 bit Build 19041 (10.0.19041.1023)
OS uptime: 1 days 16:35 hours

CPU: total 8 (initial active 8) (4 cores per cpu, 2 threads per core) family 6 model 142 stepping 10 microcode 0xb4, cx8, cmov, fxsr, ht, mmx, 3dnowpref, sse, sse2, sse3, ssse3, sse4.1, sse4.2, popcnt, lzcnt, tsc, tscinvbit, avx, avx2, aes, erms, clmul, bmi1, bmi2, adx, fma, vzeroupper, clflush, clflushopt

Memory: 4k page, system-wide physical 8074M (2988M free)
TotalPageFile size 13450M (AvailPageFile size 5244M)
current process WorkingSet (physical memory assigned to process): 121M, peak: 136M
current process commit charge ("private bytes"): 277M, peak: 300M

vm_info: Java HotSpot(TM) 64-Bit Server VM (16.0.1+9-24) for windows-amd64 JRE (16.0.1+9-24), built on Mar 26 2021 19:31:42 by "mach5one" with MS VC++ 16.7 (VS2019)

END.
