#
# A fatal error has been detected by the Java Runtime Environment:
#
#  EXCEPTION_ACCESS_VIOLATION (0xc0000005) at pc=0x00007ffcc6ff6997, pid=8688, tid=4092
#
# JRE version: Java(TM) SE Runtime Environment (16.0.1+9) (build 16.0.1+9-24)
# Java VM: Java HotSpot(TM) 64-Bit Server VM (16.0.1+9-24, mixed mode, sharing, tiered, compressed oops, compressed class ptrs, g1 gc, windows-amd64)
# Problematic frame:
# C  [glass.dll+0x26997]
#
# No core dump will be written. Minidumps are not enabled by default on client versions of Windows
#
# If you would like to submit a bug report, please visit:
#   https://bugreport.java.com/bugreport/crash.jsp
#

---------------  S U M M A R Y ------------

Command Line: --module-path=C:\Users\farha\Downloads\openjfx-16_windows-x64_bin-sdk\javafx-sdk-16\lib --add-modules=javafx.controls,javafx.fxml -Dfile.encoding=Cp1252 --module-path=C:\Users\farha\.p2\pool\plugins\org.eclipse.fx.ide.css.jfx8_3.7.0.202010120832.jar;C:\Users\farha\Downloads\openjfx-16_windows-x64_bin-sdk\javafx-sdk-16\lib\javafx.base.jar;C:\Users\farha\Downloads\openjfx-16_windows-x64_bin-sdk\javafx-sdk-16\lib\javafx.controls.jar;C:\Users\farha\Downloads\openjfx-16_windows-x64_bin-sdk\javafx-sdk-16\lib\javafx.fxml.jar;C:\Users\farha\Downloads\openjfx-16_windows-x64_bin-sdk\javafx-sdk-16\lib\javafx.graphics.jar;C:\Users\farha\Downloads\openjfx-16_windows-x64_bin-sdk\javafx-sdk-16\lib\javafx.media.jar;C:\Users\farha\Downloads\openjfx-16_windows-x64_bin-sdk\javafx-sdk-16\lib\javafx.swing.jar;C:\Users\farha\Downloads\openjfx-16_windows-x64_bin-sdk\javafx-sdk-16\lib\javafx.web.jar;C:\Users\farha\Downloads\openjfx-16_windows-x64_bin-sdk\javafx-sdk-16\lib\javafx-swt.jar -XX:+ShowCodeDetailsInExceptionMessages application.SystemManager

Host: Intel(R) Core(TM) i5-8250U CPU @ 1.60GHz, 8 cores, 7G,  Windows 10 , 64 bit Build 19041 (10.0.19041.1023)
Time: Thu Aug  5 16:36:36 2021 Malay Peninsula Standard Time elapsed time: 13.293939 seconds (0d 0h 0m 13s)

---------------  T H R E A D  ---------------

Current thread (0x0000027428ad9750):  VMThread "VM Thread" [stack: 0x000000ea58b00000,0x000000ea58c00000] [id=4092]

Stack: [0x000000ea58b00000,0x000000ea58c00000],  sp=0x000000ea58bff030,  free space=1020k
Native frames: (J=compiled Java code, j=interpreted, Vv=VM code, C=native code)
C  [glass.dll+0x26997]


siginfo: EXCEPTION_ACCESS_VIOLATION (0xc0000005), reading address 0x0000000000000000


Register to memory mapping:

RIP=0x00007ffcc6ff6997 glass.dll
RAX=0x0 is NULL
RBX=0x0000027428ae2830 is a global jni handle
RCX=0x0000027428ad9750 points into unknown readable memory: 0x00007ffc887ff628 | 28 f6 7f 88 fc 7f 00 00
RDX=0x000000ea58bff030 points into unknown readable memory: 0x0000000000000000 | 00 00 00 00 00 00 00 00
RSP=0x000000ea58bff030 points into unknown readable memory: 0x0000000000000000 | 00 00 00 00 00 00 00 00
RBP=0x0000027429e48ce8 points into unknown readable memory: 0x00005a1cc6bff901 | 01 f9 bf c6 1c 5a 00 00
RSI=0x0000027429e48cc0 points into unknown readable memory: 0x0000a5e54b418399 | 99 83 41 4b e5 a5 00 00
RDI=0x00005a1cc6bff901 is an unknown value
R8 =0x0000000000010002 is an unknown value
R9 =0x00005a1cc6bff901 is an unknown value
R10=0x0000000000008000 is an unknown value
R11=0x000000ea58bfefc0 points into unknown readable memory: 0x0000027429e48cc0 | c0 8c e4 29 74 02 00 00
R12=0x00007ffcc6ff4234 glass.dll
R13=0x000002740ab7f620 points into unknown readable memory: 0x8000000900000001 | 01 00 00 00 09 00 00 80
R14=0x000000ea58bff128 points into unknown readable memory: 0x000000ea58bff110 | 10 f1 bf 58 ea 00 00 00
R15=0x0000027429e48cc0 points into unknown readable memory: 0x0000a5e54b418399 | 99 83 41 4b e5 a5 00 00


Registers:
RAX=0x0000000000000000, RBX=0x0000027428ae2830, RCX=0x0000027428ad9750, RDX=0x000000ea58bff030
RSP=0x000000ea58bff030, RBP=0x0000027429e48ce8, RSI=0x0000027429e48cc0, RDI=0x00005a1cc6bff901
R8 =0x0000000000010002, R9 =0x00005a1cc6bff901, R10=0x0000000000008000, R11=0x000000ea58bfefc0
R12=0x00007ffcc6ff4234, R13=0x000002740ab7f620, R14=0x000000ea58bff128, R15=0x0000027429e48cc0
RIP=0x00007ffcc6ff6997, EFLAGS=0x0000000000010206

Top of Stack: (sp=0x000000ea58bff030)
0x000000ea58bff030:   0000000000000000 0000027429e48cc0
0x000000ea58bff040:   000002740ab7f620 00007ffcc6ff4234
0x000000ea58bff050:   0000027429e48cc8 00007ffcdd5942d6
0x000000ea58bff060:   00005a1cc6bff901 0000027400000000
0x000000ea58bff070:   0000027429e48ce8 0000027429e48cc0
0x000000ea58bff080:   fffffffffffffffe 0000000000000000
0x000000ea58bff090:   0000000000000001 00007ffcc6fd0000
0x000000ea58bff0a0:   000000ea58bff118 00007ffcdd5941fb
0x000000ea58bff0b0:   0000000000000000 000000ea58bff128
0x000000ea58bff0c0:   000000ea58bff3f0 00007ffcdd670e40
0x000000ea58bff0d0:   0000000000000001 00007ffcdd5941b4
0x000000ea58bff0e0:   0000000000000000 0000000000000001
0x000000ea58bff0f0:   0000000000000000 000000ea58bff118
0x000000ea58bff100:   0000000000000001 00007ffcc6ff40c1
0x000000ea58bff110:   00007ffcc700a128 00007ffc00000002
0x000000ea58bff120:   0000000000000002 000000ea58bff110 

Instructions: (pc=0x00007ffcc6ff6997)
0x00007ffcc6ff6897:   8b 4d 58 e8 d1 ce ff ff 48 8b 4d 60 e8 c8 ce ff
0x00007ffcc6ff68a7:   ff 48 8b 95 80 00 00 00 48 8b 8d 18 01 00 00 e8
0x00007ffcc6ff68b7:   96 c3 ff ff 33 d2 33 c9 e8 12 e1 ff ff 90 48 89
0x00007ffcc6ff68c7:   54 24 10 55 48 83 ec 20 48 8b ea 48 b8 00 00 00
0x00007ffcc6ff68d7:   00 00 00 00 00 48 83 c4 20 5d c3 cc 40 55 48 8b
0x00007ffcc6ff68e7:   ea 48 8b 01 33 c9 81 38 05 00 00 c0 0f 94 c1 8b
0x00007ffcc6ff68f7:   c1 5d c3 cc 40 55 48 83 ec 20 48 8b ea 8a 4d 40
0x00007ffcc6ff6907:   48 83 c4 20 5d e9 c7 d2 ff ff cc 40 55 48 83 ec
0x00007ffcc6ff6917:   20 48 8b ea 8a 4d 20 e8 b5 d2 ff ff 90 48 83 c4
0x00007ffcc6ff6927:   20 5d c3 cc 40 55 48 83 ec 20 48 8b ea 48 83 c4
0x00007ffcc6ff6937:   20 5d e9 16 d1 ff ff cc 40 55 48 83 ec 30 48 8b
0x00007ffcc6ff6947:   ea 48 8b 01 8b 10 48 89 4c 24 28 89 54 24 20 4c
0x00007ffcc6ff6957:   8d 0d b7 d5 ff ff 4c 8b 45 70 8b 55 68 48 8b 4d
0x00007ffcc6ff6967:   60 e8 57 d0 ff ff 90 48 83 c4 30 5d c3 cc cc cc
0x00007ffcc6ff6977:   cc cc cc cc cc cc cc cc cc 40 53 48 83 ec 20 48
0x00007ffcc6ff6987:   8b 1d 93 31 01 00 48 85 db 74 16 e8 29 8b ff ff
0x00007ffcc6ff6997:   4c 8b 00 48 8b d3 48 8b c8 41 ff 90 b0 00 00 00
0x00007ffcc6ff69a7:   90 48 83 c4 20 5b c3 cc cc 40 53 48 83 ec 20 48
0x00007ffcc6ff69b7:   8b 1d 0b 33 01 00 48 85 db 74 57 b8 ff ff ff ff
0x00007ffcc6ff69c7:   f0 0f c1 43 10 83 f8 01 75 3d 48 85 db 74 38 48
0x00007ffcc6ff69d7:   8b 0b 48 85 c9 74 0d ff 15 c4 08 00 00 48 c7 03
0x00007ffcc6ff69e7:   00 00 00 00 48 8b 4b 08 48 85 c9 74 0d e8 77 cd
0x00007ffcc6ff69f7:   ff ff 48 c7 43 08 00 00 00 00 ba 18 00 00 00 48
0x00007ffcc6ff6a07:   8b cb e8 62 cd ff ff 48 c7 05 af 32 01 00 00 00
0x00007ffcc6ff6a17:   00 00 48 83 c4 20 5b c3 cc 40 53 48 83 ec 20 48
0x00007ffcc6ff6a27:   8b 1d 7b 32 01 00 48 85 db 74 57 b8 ff ff ff ff
0x00007ffcc6ff6a37:   f0 0f c1 43 10 83 f8 01 75 3d 48 85 db 74 38 48
0x00007ffcc6ff6a47:   8b 0b 48 85 c9 74 0d ff 15 54 08 00 00 48 c7 03
0x00007ffcc6ff6a57:   00 00 00 00 48 8b 4b 08 48 85 c9 74 0d e8 07 cd
0x00007ffcc6ff6a67:   ff ff 48 c7 43 08 00 00 00 00 ba 18 00 00 00 48
0x00007ffcc6ff6a77:   8b cb e8 f2 cc ff ff 48 c7 05 1f 32 01 00 00 00
0x00007ffcc6ff6a87:   00 00 48 83 c4 20 5b c3 cc 40 53 48 83 ec 20 48 


Stack slot to memory mapping:
stack at sp + 0 slots: 0x0 is NULL
stack at sp + 1 slots: 0x0000027429e48cc0 points into unknown readable memory: 0x0000a5e54b418399 | 99 83 41 4b e5 a5 00 00
stack at sp + 2 slots: 0x000002740ab7f620 points into unknown readable memory: 0x8000000900000001 | 01 00 00 00 09 00 00 80
stack at sp + 3 slots: 0x00007ffcc6ff4234 glass.dll
stack at sp + 4 slots: 0x0000027429e48cc8 points into unknown readable memory: 0x00005a1cc6bff901 | 01 f9 bf c6 1c 5a 00 00
stack at sp + 5 slots: 0x00007ffcdd5942d6 ucrtbase.dll
stack at sp + 6 slots: 0x00005a1cc6bff901 is an unknown value
stack at sp + 7 slots: 0x0000027400000000 is an unknown value

VM_Operation (0x000000ea597fb600): Exit, mode: safepoint, requested by thread 0x0000027428b00eb0


---------------  P R O C E S S  ---------------

Threads class SMR info:
_java_thread_list=0x00000274295eaf00, length=19, elements={
0x0000027408a6e2f0, 0x0000027428adf860, 0x0000027428ae0ec0, 0x0000027428aef160,
0x0000027428af1510, 0x0000027428af4f30, 0x0000027428b023f0, 0x0000027428b05610,
0x0000027428b08710, 0x0000027428b1d060, 0x0000027428b02940, 0x0000027428b033e0,
0x0000027428b02e90, 0x0000027428b043d0, 0x0000027428b00eb0, 0x0000027428b03e80,
0x0000027428b01ea0, 0x000002742a5786e0, 0x000002742a573c80
}

Java Threads: ( => current thread )
  0x0000027408a6e2f0 JavaThread "main" [_thread_blocked, id=3420, stack(0x000000ea58500000,0x000000ea58600000)]
  0x0000027428adf860 JavaThread "Reference Handler" daemon [_thread_blocked, id=13956, stack(0x000000ea58c00000,0x000000ea58d00000)]
  0x0000027428ae0ec0 JavaThread "Finalizer" daemon [_thread_blocked, id=12984, stack(0x000000ea58d00000,0x000000ea58e00000)]
  0x0000027428aef160 JavaThread "Signal Dispatcher" daemon [_thread_blocked, id=12892, stack(0x000000ea58e00000,0x000000ea58f00000)]
  0x0000027428af1510 JavaThread "Attach Listener" daemon [_thread_blocked, id=13340, stack(0x000000ea58f00000,0x000000ea59000000)]
  0x0000027428af4f30 JavaThread "Service Thread" daemon [_thread_blocked, id=5156, stack(0x000000ea59000000,0x000000ea59100000)]
  0x0000027428b023f0 JavaThread "Monitor Deflation Thread" daemon [_thread_blocked, id=584, stack(0x000000ea59100000,0x000000ea59200000)]
  0x0000027428b05610 JavaThread "C2 CompilerThread0" daemon [_thread_blocked, id=12484, stack(0x000000ea59200000,0x000000ea59300000)]
  0x0000027428b08710 JavaThread "C1 CompilerThread0" daemon [_thread_blocked, id=2328, stack(0x000000ea59300000,0x000000ea59400000)]
  0x0000027428b1d060 JavaThread "Sweeper thread" daemon [_thread_blocked, id=11296, stack(0x000000ea59400000,0x000000ea59500000)]
  0x0000027428b02940 JavaThread "Common-Cleaner" daemon [_thread_blocked, id=4132, stack(0x000000ea59500000,0x000000ea59600000)]
  0x0000027428b033e0 JavaThread "Notification Thread" daemon [_thread_blocked, id=13080, stack(0x000000ea59800000,0x000000ea59900000)]
  0x0000027428b02e90 JavaThread "QuantumRenderer-0" daemon [_thread_blocked, id=9492, stack(0x000000ea59a00000,0x000000ea59b00000)]
  0x0000027428b043d0 JavaThread "InvokeLaterDispatcher" daemon [_thread_blocked, id=13892, stack(0x000000ea59600000,0x000000ea59700000)]
  0x0000027428b00eb0 JavaThread "JavaFX Application Thread" [_thread_blocked, id=14020, stack(0x000000ea59700000,0x000000ea59800000)]
  0x0000027428b03e80 JavaThread "JavaFX-Launcher" [_thread_blocked, id=9200, stack(0x000000ea59e00000,0x000000ea59f00000)]
  0x0000027428b01ea0 JavaThread "Thread-2" daemon [_thread_in_native, id=4164, stack(0x000000ea59d00000,0x000000ea59e00000)]
  0x000002742a5786e0 JavaThread "Prism Font Disposer" daemon [_thread_blocked, id=6720, stack(0x000000ea5a800000,0x000000ea5a900000)]
  0x000002742a573c80 JavaThread "Cleaner-0" daemon [_thread_blocked, id=11840, stack(0x000000ea5a900000,0x000000ea5aa00000)]

Other Threads:
=>0x0000027428ad9750 VMThread "VM Thread" [stack: 0x000000ea58b00000,0x000000ea58c00000] [id=4092]
  0x000002740ab6b5c0 GCTaskThread "GC Thread#0" [stack: 0x000000ea58600000,0x000000ea58700000] [id=6120]
  0x000002742a2aee20 GCTaskThread "GC Thread#1" [stack: 0x000000ea59f00000,0x000000ea5a000000] [id=3128]
  0x000002742a2ac960 GCTaskThread "GC Thread#2" [stack: 0x000000ea5a000000,0x000000ea5a100000] [id=12116]
  0x000002742a2afd70 GCTaskThread "GC Thread#3" [stack: 0x000000ea5a100000,0x000000ea5a200000] [id=7816]
  0x000002742a2ae1e0 GCTaskThread "GC Thread#4" [stack: 0x000000ea5a200000,0x000000ea5a300000] [id=1284]
  0x000002742a2ac650 GCTaskThread "GC Thread#5" [stack: 0x000000ea5a300000,0x000000ea5a400000] [id=1292]
  0x000002742a6abcb0 GCTaskThread "GC Thread#6" [stack: 0x000000ea5ac10000,0x000000ea5ad10000] [id=11572]
  0x000002742a6abfc0 GCTaskThread "GC Thread#7" [stack: 0x000000ea5ad10000,0x000000ea5ae10000] [id=13804]
  0x000002740ab7ca20 ConcurrentGCThread "G1 Main Marker" terminated
  0x000002740ab7d490 ConcurrentGCThread "G1 Conc#0" [stack: 0x000000ea58800000,0x000000ea58900000] [id=6016]
  0x000002740ac07870 ConcurrentGCThread "G1 Refine#0" terminated
  0x000002740ac082f0 ConcurrentGCThread "G1 Service" terminated

Threads with active compile tasks:
C1 CompilerThread0  
[error occurred during error reporting (printing all threads), id 0xc0000005, EXCEPTION_ACCESS_VIOLATION (0xc0000005) at pc=0x00007ffc8861bb63]

VM state: at safepoint (shutting down)

VM Mutex/Monitor currently owned by a thread:  ([mutex/lock_event])
[0x0000027408a6a310] Threads_lock - owner thread: 0x0000027428ad9750
[0x0000027408a6a550] Heap_lock - owner thread: 0x0000027428b00eb0

Heap address: 0x0000000081c00000, size: 2020 MB, Compressed Oops mode: 32-bit

CDS archive(s) mapped at: [0x0000000800000000-0x0000000800bb0000-0x0000000800bb0000), size 12255232, SharedBaseAddress: 0x0000000800000000, ArchiveRelocationMode: 0.
Compressed class space mapped at: 0x0000000800c00000-0x0000000840c00000, reserved size: 1073741824
Narrow klass base: 0x0000000800000000, Narrow klass shift: 3, Narrow klass range: 0x100000000

GC Precious Log:
 CPUs: 8 total, 8 available
 Memory: 8074M
 Large Page Support: Disabled
 NUMA Support: Disabled
 Compressed Oops: Enabled (32-bit)
 Heap Region Size: 1M
 Heap Min Capacity: 8M
 Heap Initial Capacity: 128M
 Heap Max Capacity: 2020M
 Pre-touch: Disabled
 Parallel Workers: 8
 Concurrent Workers: 2
 Concurrent Refinement Workers: 8
 Periodic GC: Disabled

Heap:
 garbage-first heap   total 131072K, used 9138K [0x0000000081c00000, 0x0000000100000000)
  region size 1024K, 6 young (6144K), 5 survivors (5120K)
 Metaspace       used 14457K, committed 14656K, reserved 1064960K
  class space    used 2026K, committed 2112K, reserved 1048576K

Heap Regions: E=young(eden), S=young(survivor), O=old, HS=humongous(starts), HC=humongous(continues), CS=collection set, F=free, OA=open archive, CA=closed archive, TAMS=top-at-mark-start (previous, next)
|   0|0x0000000081c00000, 0x0000000081d00000, 0x0000000081d00000|100%| O|  |TAMS 0x0000000081c00000, 0x0000000081c00000| Untracked 
|   1|0x0000000081d00000, 0x0000000081e00000, 0x0000000081e00000|100%|HS|  |TAMS 0x0000000081d00000, 0x0000000081d00000| Complete 
|   2|0x0000000081e00000, 0x0000000081f00000, 0x0000000081f00000|100%|HC|  |TAMS 0x0000000081e00000, 0x0000000081e00000| Complete 
|   3|0x0000000081f00000, 0x0000000082000000, 0x0000000082000000|100%| O|  |TAMS 0x0000000081f00000, 0x0000000081f00000| Untracked 
|   4|0x0000000082000000, 0x00000000820e3200, 0x0000000082100000| 88%| O|  |TAMS 0x0000000082000000, 0x0000000082000000| Untracked 
|   5|0x0000000082100000, 0x0000000082100000, 0x0000000082200000|  0%| F|  |TAMS 0x0000000082100000, 0x0000000082100000| Untracked 
|   6|0x0000000082200000, 0x0000000082200000, 0x0000000082300000|  0%| F|  |TAMS 0x0000000082200000, 0x0000000082200000| Untracked 
|   7|0x0000000082300000, 0x0000000082300000, 0x0000000082400000|  0%| F|  |TAMS 0x0000000082300000, 0x0000000082300000| Untracked 
|   8|0x0000000082400000, 0x0000000082400000, 0x0000000082500000|  0%| F|  |TAMS 0x0000000082400000, 0x0000000082400000| Untracked 
|   9|0x0000000082500000, 0x0000000082500000, 0x0000000082600000|  0%| F|  |TAMS 0x0000000082500000, 0x0000000082500000| Untracked 
|  10|0x0000000082600000, 0x0000000082600000, 0x0000000082700000|  0%| F|  |TAMS 0x0000000082600000, 0x0000000082600000| Untracked 
|  11|0x0000000082700000, 0x0000000082700000, 0x0000000082800000|  0%| F|  |TAMS 0x0000000082700000, 0x0000000082700000| Untracked 
|  12|0x0000000082800000, 0x0000000082800000, 0x0000000082900000|  0%| F|  |TAMS 0x0000000082800000, 0x0000000082800000| Untracked 
|  13|0x0000000082900000, 0x0000000082900000, 0x0000000082a00000|  0%| F|  |TAMS 0x0000000082900000, 0x0000000082900000| Untracked 
|  14|0x0000000082a00000, 0x0000000082a00000, 0x0000000082b00000|  0%| F|  |TAMS 0x0000000082a00000, 0x0000000082a00000| Untracked 
|  15|0x0000000082b00000, 0x0000000082b00000, 0x0000000082c00000|  0%| F|  |TAMS 0x0000000082b00000, 0x0000000082b00000| Untracked 
|  16|0x0000000082c00000, 0x0000000082c00000, 0x0000000082d00000|  0%| F|  |TAMS 0x0000000082c00000, 0x0000000082c00000| Untracked 
|  17|0x0000000082d00000, 0x0000000082d00000, 0x0000000082e00000|  0%| F|  |TAMS 0x0000000082d00000, 0x0000000082d00000| Untracked 
|  18|0x0000000082e00000, 0x0000000082e00000, 0x0000000082f00000|  0%| F|  |TAMS 0x0000000082e00000, 0x0000000082e00000| Untracked 
|  19|0x0000000082f00000, 0x0000000082f00000, 0x0000000083000000|  0%| F|  |TAMS 0x0000000082f00000, 0x0000000082f00000| Untracked 
|  20|0x0000000083000000, 0x0000000083000000, 0x0000000083100000|  0%| F|  |TAMS 0x0000000083000000, 0x0000000083000000| Untracked 
|  21|0x0000000083100000, 0x0000000083100000, 0x0000000083200000|  0%| F|  |TAMS 0x0000000083100000, 0x0000000083100000| Untracked 
|  22|0x0000000083200000, 0x0000000083200000, 0x0000000083300000|  0%| F|  |TAMS 0x0000000083200000, 0x0000000083200000| Untracked 
|  23|0x0000000083300000, 0x0000000083300000, 0x0000000083400000|  0%| F|  |TAMS 0x0000000083300000, 0x0000000083300000| Untracked 
|  24|0x0000000083400000, 0x0000000083400000, 0x0000000083500000|  0%| F|  |TAMS 0x0000000083400000, 0x0000000083400000| Untracked 
|  25|0x0000000083500000, 0x0000000083500000, 0x0000000083600000|  0%| F|  |TAMS 0x0000000083500000, 0x0000000083500000| Untracked 
|  26|0x0000000083600000, 0x0000000083600000, 0x0000000083700000|  0%| F|  |TAMS 0x0000000083600000, 0x0000000083600000| Untracked 
|  27|0x0000000083700000, 0x0000000083700000, 0x0000000083800000|  0%| F|  |TAMS 0x0000000083700000, 0x0000000083700000| Untracked 
|  28|0x0000000083800000, 0x0000000083800000, 0x0000000083900000|  0%| F|  |TAMS 0x0000000083800000, 0x0000000083800000| Untracked 
|  29|0x0000000083900000, 0x0000000083900000, 0x0000000083a00000|  0%| F|  |TAMS 0x0000000083900000, 0x0000000083900000| Untracked 
|  30|0x0000000083a00000, 0x0000000083a00000, 0x0000000083b00000|  0%| F|  |TAMS 0x0000000083a00000, 0x0000000083a00000| Untracked 
|  31|0x0000000083b00000, 0x0000000083b00000, 0x0000000083c00000|  0%| F|  |TAMS 0x0000000083b00000, 0x0000000083b00000| Untracked 
|  32|0x0000000083c00000, 0x0000000083c00000, 0x0000000083d00000|  0%| F|  |TAMS 0x0000000083c00000, 0x0000000083c00000| Untracked 
|  33|0x0000000083d00000, 0x0000000083d00000, 0x0000000083e00000|  0%| F|  |TAMS 0x0000000083d00000, 0x0000000083d00000| Untracked 
|  34|0x0000000083e00000, 0x0000000083e00000, 0x0000000083f00000|  0%| F|  |TAMS 0x0000000083e00000, 0x0000000083e00000| Untracked 
|  35|0x0000000083f00000, 0x0000000083f00000, 0x0000000084000000|  0%| F|  |TAMS 0x0000000083f00000, 0x0000000083f00000| Untracked 
|  36|0x0000000084000000, 0x0000000084000000, 0x0000000084100000|  0%| F|  |TAMS 0x0000000084000000, 0x0000000084000000| Untracked 
|  37|0x0000000084100000, 0x0000000084100000, 0x0000000084200000|  0%| F|  |TAMS 0x0000000084100000, 0x0000000084100000| Untracked 
|  38|0x0000000084200000, 0x0000000084200000, 0x0000000084300000|  0%| F|  |TAMS 0x0000000084200000, 0x0000000084200000| Untracked 
|  39|0x0000000084300000, 0x0000000084300000, 0x0000000084400000|  0%| F|  |TAMS 0x0000000084300000, 0x0000000084300000| Untracked 
|  40|0x0000000084400000, 0x0000000084400000, 0x0000000084500000|  0%| F|  |TAMS 0x0000000084400000, 0x0000000084400000| Untracked 
|  41|0x0000000084500000, 0x0000000084500000, 0x0000000084600000|  0%| F|  |TAMS 0x0000000084500000, 0x0000000084500000| Untracked 
|  42|0x0000000084600000, 0x0000000084600000, 0x0000000084700000|  0%| F|  |TAMS 0x0000000084600000, 0x0000000084600000| Untracked 
|  43|0x0000000084700000, 0x0000000084700000, 0x0000000084800000|  0%| F|  |TAMS 0x0000000084700000, 0x0000000084700000| Untracked 
|  44|0x0000000084800000, 0x0000000084800000, 0x0000000084900000|  0%| F|  |TAMS 0x0000000084800000, 0x0000000084800000| Untracked 
|  45|0x0000000084900000, 0x0000000084900000, 0x0000000084a00000|  0%| F|  |TAMS 0x0000000084900000, 0x0000000084900000| Untracked 
|  46|0x0000000084a00000, 0x0000000084a00000, 0x0000000084b00000|  0%| F|  |TAMS 0x0000000084a00000, 0x0000000084a00000| Untracked 
|  47|0x0000000084b00000, 0x0000000084b00000, 0x0000000084c00000|  0%| F|  |TAMS 0x0000000084b00000, 0x0000000084b00000| Untracked 
|  48|0x0000000084c00000, 0x0000000084c00000, 0x0000000084d00000|  0%| F|  |TAMS 0x0000000084c00000, 0x0000000084c00000| Untracked 
|  49|0x0000000084d00000, 0x0000000084d00000, 0x0000000084e00000|  0%| F|  |TAMS 0x0000000084d00000, 0x0000000084d00000| Untracked 
|  50|0x0000000084e00000, 0x0000000084e00000, 0x0000000084f00000|  0%| F|  |TAMS 0x0000000084e00000, 0x0000000084e00000| Untracked 
|  51|0x0000000084f00000, 0x0000000084f00000, 0x0000000085000000|  0%| F|  |TAMS 0x0000000084f00000, 0x0000000084f00000| Untracked 
|  52|0x0000000085000000, 0x0000000085000000, 0x0000000085100000|  0%| F|  |TAMS 0x0000000085000000, 0x0000000085000000| Untracked 
|  53|0x0000000085100000, 0x0000000085100000, 0x0000000085200000|  0%| F|  |TAMS 0x0000000085100000, 0x0000000085100000| Untracked 
|  54|0x0000000085200000, 0x0000000085200000, 0x0000000085300000|  0%| F|  |TAMS 0x0000000085200000, 0x0000000085200000| Untracked 
|  55|0x0000000085300000, 0x0000000085300000, 0x0000000085400000|  0%| F|  |TAMS 0x0000000085300000, 0x0000000085300000| Untracked 
|  56|0x0000000085400000, 0x0000000085400000, 0x0000000085500000|  0%| F|  |TAMS 0x0000000085400000, 0x0000000085400000| Untracked 
|  57|0x0000000085500000, 0x0000000085500000, 0x0000000085600000|  0%| F|  |TAMS 0x0000000085500000, 0x0000000085500000| Untracked 
|  58|0x0000000085600000, 0x0000000085600000, 0x0000000085700000|  0%| F|  |TAMS 0x0000000085600000, 0x0000000085600000| Untracked 
|  59|0x0000000085700000, 0x0000000085700000, 0x0000000085800000|  0%| F|  |TAMS 0x0000000085700000, 0x0000000085700000| Untracked 
|  60|0x0000000085800000, 0x0000000085800000, 0x0000000085900000|  0%| F|  |TAMS 0x0000000085800000, 0x0000000085800000| Untracked 
|  61|0x0000000085900000, 0x0000000085900000, 0x0000000085a00000|  0%| F|  |TAMS 0x0000000085900000, 0x0000000085900000| Untracked 
|  62|0x0000000085a00000, 0x0000000085a00000, 0x0000000085b00000|  0%| F|  |TAMS 0x0000000085a00000, 0x0000000085a00000| Untracked 
|  63|0x0000000085b00000, 0x0000000085b00000, 0x0000000085c00000|  0%| F|  |TAMS 0x0000000085b00000, 0x0000000085b00000| Untracked 
|  64|0x0000000085c00000, 0x0000000085c00000, 0x0000000085d00000|  0%| F|  |TAMS 0x0000000085c00000, 0x0000000085c00000| Untracked 
|  65|0x0000000085d00000, 0x0000000085d00000, 0x0000000085e00000|  0%| F|  |TAMS 0x0000000085d00000, 0x0000000085d00000| Untracked 
|  66|0x0000000085e00000, 0x0000000085e00000, 0x0000000085f00000|  0%| F|  |TAMS 0x0000000085e00000, 0x0000000085e00000| Untracked 
|  67|0x0000000085f00000, 0x0000000085f00000, 0x0000000086000000|  0%| F|  |TAMS 0x0000000085f00000, 0x0000000085f00000| Untracked 
|  68|0x0000000086000000, 0x0000000086000000, 0x0000000086100000|  0%| F|  |TAMS 0x0000000086000000, 0x0000000086000000| Untracked 
|  69|0x0000000086100000, 0x0000000086100000, 0x0000000086200000|  0%| F|  |TAMS 0x0000000086100000, 0x0000000086100000| Untracked 
|  70|0x0000000086200000, 0x0000000086200000, 0x0000000086300000|  0%| F|  |TAMS 0x0000000086200000, 0x0000000086200000| Untracked 
|  71|0x0000000086300000, 0x0000000086300000, 0x0000000086400000|  0%| F|  |TAMS 0x0000000086300000, 0x0000000086300000| Untracked 
|  72|0x0000000086400000, 0x0000000086400000, 0x0000000086500000|  0%| F|  |TAMS 0x0000000086400000, 0x0000000086400000| Untracked 
|  73|0x0000000086500000, 0x0000000086500000, 0x0000000086600000|  0%| F|  |TAMS 0x0000000086500000, 0x0000000086500000| Untracked 
|  74|0x0000000086600000, 0x0000000086600000, 0x0000000086700000|  0%| F|  |TAMS 0x0000000086600000, 0x0000000086600000| Untracked 
|  75|0x0000000086700000, 0x0000000086700000, 0x0000000086800000|  0%| F|  |TAMS 0x0000000086700000, 0x0000000086700000| Untracked 
|  76|0x0000000086800000, 0x0000000086800000, 0x0000000086900000|  0%| F|  |TAMS 0x0000000086800000, 0x0000000086800000| Untracked 
|  77|0x0000000086900000, 0x0000000086900000, 0x0000000086a00000|  0%| F|  |TAMS 0x0000000086900000, 0x0000000086900000| Untracked 
|  78|0x0000000086a00000, 0x0000000086a00000, 0x0000000086b00000|  0%| F|  |TAMS 0x0000000086a00000, 0x0000000086a00000| Untracked 
|  79|0x0000000086b00000, 0x0000000086b00000, 0x0000000086c00000|  0%| F|  |TAMS 0x0000000086b00000, 0x0000000086b00000| Untracked 
|  80|0x0000000086c00000, 0x0000000086c00000, 0x0000000086d00000|  0%| F|  |TAMS 0x0000000086c00000, 0x0000000086c00000| Untracked 
|  81|0x0000000086d00000, 0x0000000086d00000, 0x0000000086e00000|  0%| F|  |TAMS 0x0000000086d00000, 0x0000000086d00000| Untracked 
|  82|0x0000000086e00000, 0x0000000086e00000, 0x0000000086f00000|  0%| F|  |TAMS 0x0000000086e00000, 0x0000000086e00000| Untracked 
|  83|0x0000000086f00000, 0x0000000086f00000, 0x0000000087000000|  0%| F|  |TAMS 0x0000000086f00000, 0x0000000086f00000| Untracked 
|  84|0x0000000087000000, 0x0000000087000000, 0x0000000087100000|  0%| F|  |TAMS 0x0000000087000000, 0x0000000087000000| Untracked 
|  85|0x0000000087100000, 0x0000000087100000, 0x0000000087200000|  0%| F|  |TAMS 0x0000000087100000, 0x0000000087100000| Untracked 
|  86|0x0000000087200000, 0x0000000087200000, 0x0000000087300000|  0%| F|  |TAMS 0x0000000087200000, 0x0000000087200000| Untracked 
|  87|0x0000000087300000, 0x0000000087300000, 0x0000000087400000|  0%| F|  |TAMS 0x0000000087300000, 0x0000000087300000| Untracked 
|  88|0x0000000087400000, 0x0000000087400000, 0x0000000087500000|  0%| F|  |TAMS 0x0000000087400000, 0x0000000087400000| Untracked 
|  89|0x0000000087500000, 0x0000000087509720, 0x0000000087600000|  3%| S|CS|TAMS 0x0000000087500000, 0x0000000087500000| Complete 
|  90|0x0000000087600000, 0x0000000087700000, 0x0000000087700000|100%| S|CS|TAMS 0x0000000087600000, 0x0000000087600000| Complete 
|  91|0x0000000087700000, 0x0000000087800000, 0x0000000087800000|100%| S|CS|TAMS 0x0000000087700000, 0x0000000087700000| Complete 
|  92|0x0000000087800000, 0x0000000087900000, 0x0000000087900000|100%| S|CS|TAMS 0x0000000087800000, 0x0000000087800000| Complete 
|  93|0x0000000087900000, 0x0000000087a00000, 0x0000000087a00000|100%| S|CS|TAMS 0x0000000087900000, 0x0000000087900000| Complete 
|  94|0x0000000087a00000, 0x0000000087a00000, 0x0000000087b00000|  0%| F|  |TAMS 0x0000000087a00000, 0x0000000087a00000| Untracked 
|  95|0x0000000087b00000, 0x0000000087b00000, 0x0000000087c00000|  0%| F|  |TAMS 0x0000000087b00000, 0x0000000087b00000| Untracked 
|  96|0x0000000087c00000, 0x0000000087c00000, 0x0000000087d00000|  0%| F|  |TAMS 0x0000000087c00000, 0x0000000087c00000| Untracked 
|  97|0x0000000087d00000, 0x0000000087d00000, 0x0000000087e00000|  0%| F|  |TAMS 0x0000000087d00000, 0x0000000087d00000| Untracked 
|  98|0x0000000087e00000, 0x0000000087e00000, 0x0000000087f00000|  0%| F|  |TAMS 0x0000000087e00000, 0x0000000087e00000| Untracked 
|  99|0x0000000087f00000, 0x0000000087f00000, 0x0000000088000000|  0%| F|  |TAMS 0x0000000087f00000, 0x0000000087f00000| Untracked 
| 100|0x0000000088000000, 0x0000000088000000, 0x0000000088100000|  0%| F|  |TAMS 0x0000000088000000, 0x0000000088000000| Untracked 
| 101|0x0000000088100000, 0x0000000088100000, 0x0000000088200000|  0%| F|  |TAMS 0x0000000088100000, 0x0000000088100000| Untracked 
| 102|0x0000000088200000, 0x0000000088200000, 0x0000000088300000|  0%| F|  |TAMS 0x0000000088200000, 0x0000000088200000| Untracked 
| 103|0x0000000088300000, 0x0000000088300000, 0x0000000088400000|  0%| F|  |TAMS 0x0000000088300000, 0x0000000088300000| Untracked 
| 104|0x0000000088400000, 0x0000000088400000, 0x0000000088500000|  0%| F|  |TAMS 0x0000000088400000, 0x0000000088400000| Untracked 
| 105|0x0000000088500000, 0x0000000088500000, 0x0000000088600000|  0%| F|  |TAMS 0x0000000088500000, 0x0000000088500000| Untracked 
| 106|0x0000000088600000, 0x0000000088600000, 0x0000000088700000|  0%| F|  |TAMS 0x0000000088600000, 0x0000000088600000| Untracked 
| 107|0x0000000088700000, 0x0000000088700000, 0x0000000088800000|  0%| F|  |TAMS 0x0000000088700000, 0x0000000088700000| Untracked 
| 108|0x0000000088800000, 0x0000000088800000, 0x0000000088900000|  0%| F|  |TAMS 0x0000000088800000, 0x0000000088800000| Untracked 
| 109|0x0000000088900000, 0x0000000088900000, 0x0000000088a00000|  0%| F|  |TAMS 0x0000000088900000, 0x0000000088900000| Untracked 
| 110|0x0000000088a00000, 0x0000000088a00000, 0x0000000088b00000|  0%| F|  |TAMS 0x0000000088a00000, 0x0000000088a00000| Untracked 
| 111|0x0000000088b00000, 0x0000000088b00000, 0x0000000088c00000|  0%| F|  |TAMS 0x0000000088b00000, 0x0000000088b00000| Untracked 
| 112|0x0000000088c00000, 0x0000000088c00000, 0x0000000088d00000|  0%| F|  |TAMS 0x0000000088c00000, 0x0000000088c00000| Untracked 
| 113|0x0000000088d00000, 0x0000000088d00000, 0x0000000088e00000|  0%| F|  |TAMS 0x0000000088d00000, 0x0000000088d00000| Untracked 
| 114|0x0000000088e00000, 0x0000000088e00000, 0x0000000088f00000|  0%| F|  |TAMS 0x0000000088e00000, 0x0000000088e00000| Untracked 
| 115|0x0000000088f00000, 0x0000000088f00000, 0x0000000089000000|  0%| F|  |TAMS 0x0000000088f00000, 0x0000000088f00000| Untracked 
| 116|0x0000000089000000, 0x0000000089000000, 0x0000000089100000|  0%| F|  |TAMS 0x0000000089000000, 0x0000000089000000| Untracked 
| 117|0x0000000089100000, 0x0000000089100000, 0x0000000089200000|  0%| F|  |TAMS 0x0000000089100000, 0x0000000089100000| Untracked 
| 118|0x0000000089200000, 0x0000000089200000, 0x0000000089300000|  0%| F|  |TAMS 0x0000000089200000, 0x0000000089200000| Untracked 
| 119|0x0000000089300000, 0x0000000089300000, 0x0000000089400000|  0%| F|  |TAMS 0x0000000089300000, 0x0000000089300000| Untracked 
| 120|0x0000000089400000, 0x0000000089400000, 0x0000000089500000|  0%| F|  |TAMS 0x0000000089400000, 0x0000000089400000| Untracked 
| 121|0x0000000089500000, 0x0000000089500000, 0x0000000089600000|  0%| F|  |TAMS 0x0000000089500000, 0x0000000089500000| Untracked 
| 122|0x0000000089600000, 0x0000000089600000, 0x0000000089700000|  0%| F|  |TAMS 0x0000000089600000, 0x0000000089600000| Untracked 
| 123|0x0000000089700000, 0x0000000089700000, 0x0000000089800000|  0%| F|  |TAMS 0x0000000089700000, 0x0000000089700000| Untracked 
| 124|0x0000000089800000, 0x0000000089800000, 0x0000000089900000|  0%| F|  |TAMS 0x0000000089800000, 0x0000000089800000| Untracked 
| 125|0x0000000089900000, 0x0000000089900000, 0x0000000089a00000|  0%| F|  |TAMS 0x0000000089900000, 0x0000000089900000| Untracked 
| 126|0x0000000089a00000, 0x0000000089a00000, 0x0000000089b00000|  0%| F|  |TAMS 0x0000000089a00000, 0x0000000089a00000| Untracked 
| 127|0x0000000089b00000, 0x0000000089c00000, 0x0000000089c00000|100%| E|  |TAMS 0x0000000089b00000, 0x0000000089b00000| Complete 

Card table byte_map: [0x00000274219e0000,0x0000027421de0000] _byte_map_base: 0x00000274215d2000

Marking Bits (Prev, Next): (CMBitMap*) 0x000002740ab6bc30, (CMBitMap*) 0x000002740ab6bc70
 Prev Bits: [0x00000274221e0000, 0x0000027424170000)
 Next Bits: [0x0000027424170000, 0x0000027426100000)

Polling page: 0x0000027408960000

Metaspace:

Usage:
  Non-class:     12.14 MB used.
      Class:      1.98 MB used.
       Both:     14.12 MB used.

Virtual space:
  Non-class space:       16.00 MB reserved,      12.25 MB ( 77%) committed,  2 nodes.
      Class space:        1.00 GB reserved,       2.06 MB ( <1%) committed,  1 nodes.
              Both:        1.02 GB reserved,      14.31 MB (  1%) committed. 

Chunk freelists:
   Non-Class:  3.20 MB
       Class:  1.88 MB
        Both:  5.09 MB

MaxMetaspaceSize: 17179869184.00 GB
CompressedClassSpaceSize: 1.00 GB
 - commit_granule_bytes: 65536.
 - commit_granule_words: 8192.
 - virtual_space_node_default_size: 1048576.
 - enlarge_chunks_in_place: 1.
 - new_chunks_are_fully_committed: 0.
 - uncommit_free_chunks: 1.
 - use_allocation_guard: 0.
 - handle_deallocations: 1.


Internal statistics:

num_allocs_failed_limit: 0.
num_arena_births: 224.
num_arena_deaths: 0.
num_vsnodes_births: 3.
num_vsnodes_deaths: 0.
num_space_committed: 229.
num_space_uncommitted: 0.
num_chunks_returned_to_freelist: 0.
num_chunks_taken_from_freelist: 732.
num_chunk_merges: 0.
num_chunk_splits: 491.
num_chunks_enlarged: 366.
num_purges: 0.

CodeHeap 'non-profiled nmethods': size=120000Kb used=962Kb max_used=962Kb free=119037Kb
 bounds [0x0000027419d80000, 0x0000027419ff0000, 0x00000274212b0000]
CodeHeap 'profiled nmethods': size=120000Kb used=4886Kb max_used=4886Kb free=115113Kb
 bounds [0x0000027412850000, 0x0000027412d20000, 0x0000027419d80000]
CodeHeap 'non-nmethods': size=5760Kb used=1430Kb max_used=1476Kb free=4329Kb
 bounds [0x00000274122b0000, 0x0000027412520000, 0x0000027412850000]
 total_blobs=3391 nmethods=2606 adapters=697
 compilation: enabled
              stopped_count=0, restarted_count=0
 full_count=0

Compilation events (20 events):
Event: 12.045 Thread 0x0000027428b05610 2598       4       com.sun.marlin.FloatMath::ceil_int (29 bytes)
Event: 12.045 Thread 0x0000027428b08710 nmethod 2595 0x0000027412d12610 code [0x0000027412d129a0, 0x0000027412d13138]
Event: 12.045 Thread 0x0000027428b08710 2593       1       com.sun.javafx.sg.prism.NGCamera::getViewHeight (5 bytes)
Event: 12.045 Thread 0x0000027428b08710 nmethod 2593 0x0000027419e6f990 code [0x0000027419e6fb20, 0x0000027419e6fbf8]
Event: 12.045 Thread 0x0000027428b08710 2600       3       com.sun.prism.d3d.D3DContext::renderQuads (18 bytes)
Event: 12.046 Thread 0x0000027428b08710 nmethod 2600 0x0000027412d13510 code [0x0000027412d136c0, 0x0000027412d13838]
Event: 12.046 Thread 0x0000027428b08710 2599       3       com.sun.javafx.geom.transform.Affine3D::setTransform (75 bytes)
Event: 12.046 Thread 0x0000027428b08710 nmethod 2599 0x0000027412d13910 code [0x0000027412d13ac0, 0x0000027412d13c68]
Event: 12.046 Thread 0x0000027428b08710 2603       3       com.sun.javafx.geom.Path2D$Iterator::isDone (20 bytes)
Event: 12.046 Thread 0x0000027428b05610 nmethod 2598 0x0000027419e70110 code [0x0000027419e702a0, 0x0000027419e703b8]
Event: 12.046 Thread 0x0000027428b08710 nmethod 2603 0x0000027412d13d90 code [0x0000027412d13f20, 0x0000027412d14098]
Event: 12.046 Thread 0x0000027428b08710 2602       3       com.sun.javafx.sg.prism.NGRegion::getPlatformPaint (13 bytes)
Event: 12.046 Thread 0x0000027428b08710 nmethod 2602 0x0000027412d14190 code [0x0000027412d14360, 0x0000027412d14728]
Event: 12.201 Thread 0x0000027428b08710 2604       3       javafx.scene.Node::sceneToLocal (17 bytes)
Event: 12.201 Thread 0x0000027428b08710 nmethod 2604 0x0000027412d14890 code [0x0000027412d14a40, 0x0000027412d14c68]
Event: 12.755 Thread 0x0000027428b08710 2605   !   3       java.lang.ref.ReferenceQueue::remove (125 bytes)
Event: 12.756 Thread 0x0000027428b05610 2610       4       java.util.concurrent.ConcurrentHashMap::spread (10 bytes)
Event: 12.756 Thread 0x0000027428b08710 nmethod 2605 0x0000027412d14d90 code [0x0000027412d14fc0, 0x0000027412d15758]
Event: 12.756 Thread 0x0000027428b08710 2611   !   3       java.util.concurrent.ConcurrentHashMap::replaceNode (437 bytes)
Event: 12.756 Thread 0x0000027428b05610 nmethod 2610 0x0000027419e70890 code [0x0000027419e70a00, 0x0000027419e70a78]

GC Heap History (4 events):
Event: 1.126 GC heap before
{Heap before GC invocations=0 (full 0):
 garbage-first heap   total 131072K, used 22528K [0x0000000081c00000, 0x0000000100000000)
  region size 1024K, 23 young (23552K), 0 survivors (0K)
 Metaspace       used 6207K, committed 6336K, reserved 1056768K
  class space    used 762K, committed 832K, reserved 1048576K
}
Event: 1.129 GC heap after
{Heap after GC invocations=1 (full 0):
 garbage-first heap   total 131072K, used 3106K [0x0000000081c00000, 0x0000000100000000)
  region size 1024K, 3 young (3072K), 3 survivors (3072K)
 Metaspace       used 6207K, committed 6336K, reserved 1056768K
  class space    used 762K, committed 832K, reserved 1048576K
}
Event: 12.747 GC heap before
{Heap before GC invocations=1 (full 0):
 garbage-first heap   total 131072K, used 36898K [0x0000000081c00000, 0x0000000100000000)
  region size 1024K, 34 young (34816K), 3 survivors (3072K)
 Metaspace       used 14448K, committed 14656K, reserved 1064960K
  class space    used 2024K, committed 2112K, reserved 1048576K
}
Event: 12.755 GC heap after
{Heap after GC invocations=2 (full 0):
 garbage-first heap   total 131072K, used 9138K [0x0000000081c00000, 0x0000000100000000)
  region size 1024K, 5 young (5120K), 5 survivors (5120K)
 Metaspace       used 14448K, committed 14656K, reserved 1064960K
  class space    used 2024K, committed 2112K, reserved 1048576K
}

Deoptimization events (20 events):
Event: 2.340 Thread 0x0000027428b02e90 DEOPT PACKING pc=0x0000027412aed6db sp=0x000000ea59afdf10
Event: 2.340 Thread 0x0000027428b02e90 DEOPT UNPACKING pc=0x00000274122fdece sp=0x000000ea59afd378 mode 0
Event: 3.421 Thread 0x0000027428b02e90 DEOPT PACKING pc=0x0000027412aed6db sp=0x000000ea59afdf10
Event: 3.422 Thread 0x0000027428b02e90 DEOPT UNPACKING pc=0x00000274122fdece sp=0x000000ea59afd378 mode 0
Event: 5.501 Thread 0x0000027428b02e90 DEOPT PACKING pc=0x0000027412b35dff sp=0x000000ea59afe1e0
Event: 5.501 Thread 0x0000027428b02e90 DEOPT UNPACKING pc=0x00000274122fdece sp=0x000000ea59afd600 mode 0
Event: 5.998 Thread 0x0000027428b02e90 DEOPT PACKING pc=0x0000027412b10db0 sp=0x000000ea59afdf60
Event: 5.998 Thread 0x0000027428b02e90 DEOPT UNPACKING pc=0x00000274122fdece sp=0x000000ea59afd318 mode 0
Event: 6.161 Thread 0x0000027428b00eb0 Uncommon trap: trap_request=0xffffff45 fr.pc=0x0000027419e456fc relative=0x000000000000005c
Event: 6.161 Thread 0x0000027428b00eb0 Uncommon trap: reason=unstable_if action=reinterpret pc=0x0000027419e456fc method=javafx.scene.Node.updateLocalToParentTransform()V @ 4 c2
Event: 6.161 Thread 0x0000027428b00eb0 DEOPT PACKING pc=0x0000027419e456fc sp=0x000000ea597fd5a0
Event: 6.161 Thread 0x0000027428b00eb0 DEOPT UNPACKING pc=0x00000274122fd72e sp=0x000000ea597fd4f8 mode 2
Event: 9.218 Thread 0x0000027428b00eb0 Uncommon trap: trap_request=0xffffff45 fr.pc=0x0000027419e4ea8c relative=0x00000000000000ec
Event: 9.218 Thread 0x0000027428b00eb0 Uncommon trap: reason=unstable_if action=reinterpret pc=0x0000027419e4ea8c method=java.lang.ThreadLocal$ThreadLocalMap.getEntry(Ljava/lang/ThreadLocal;)Ljava/lang/ThreadLocal$ThreadLocalMap$Entry; @ 21 c2
Event: 9.218 Thread 0x0000027428b00eb0 DEOPT PACKING pc=0x0000027419e4ea8c sp=0x000000ea597fbbc0
Event: 9.218 Thread 0x0000027428b00eb0 DEOPT UNPACKING pc=0x00000274122fd72e sp=0x000000ea597fbad8 mode 2
Event: 9.806 Thread 0x0000027428b02e90 DEOPT PACKING pc=0x0000027412af6842 sp=0x000000ea59afe1a0
Event: 9.806 Thread 0x0000027428b02e90 DEOPT UNPACKING pc=0x00000274122fdece sp=0x000000ea59afd630 mode 0
Event: 11.101 Thread 0x0000027428b02e90 DEOPT PACKING pc=0x0000027412bf15e2 sp=0x000000ea59afe080
Event: 11.101 Thread 0x0000027428b02e90 DEOPT UNPACKING pc=0x00000274122fdece sp=0x000000ea59afd4b8 mode 0

Classes unloaded (0 events):
No events

Classes redefined (0 events):
No events

Internal exceptions (20 events):
Event: 1.094 Thread 0x0000027428b00eb0 Exception <a 'java/lang/NoSuchMethodError'{0x0000000088767368}: 'void java.lang.invoke.DirectMethodHandle$Holder.invokeSpecial(java.lang.Object, java.lang.Object, java.lang.Object, java.lang.Object, java.lang.Object)'> (0x0000000088767368) 
thrown [t:\workspace\open\src\hotspot\share\interpreter\linkResolver.cpp, line 790]
Event: 1.190 Thread 0x0000027428b00eb0 Exception <a 'java/lang/NoSuchMethodError'{0x0000000089788d10}: 'void java.lang.invoke.DirectMethodHandle$Holder.invokeStaticInit(java.lang.Object, java.lang.Object)'> (0x0000000089788d10) 
thrown [t:\workspace\open\src\hotspot\share\interpreter\linkResolver.cpp, line 790]
Event: 1.264 Thread 0x0000027428b00eb0 Implicit null exception at 0x0000027419dcde60 to 0x0000027419dcdefa
Event: 1.273 Thread 0x0000027428b00eb0 Implicit null exception at 0x0000027419dd4d2f to 0x0000027419dd5314
Event: 1.369 Thread 0x0000027428b00eb0 Exception <a 'java/lang/NoSuchMethodError'{0x0000000088ed6588}: 'java.lang.Object java.lang.invoke.DirectMethodHandle$Holder.invokeInterface(java.lang.Object, java.lang.Object, java.lang.Object)'> (0x0000000088ed6588) 
thrown [t:\workspace\open\src\hotspot\share\interpreter\linkResolver.cpp, line 790]
Event: 1.369 Thread 0x0000027428b00eb0 Exception <a 'java/lang/IncompatibleClassChangeError'{0x0000000088eda108}: Found class java.lang.Object, but interface was expected> (0x0000000088eda108) 
thrown [t:\workspace\open\src\hotspot\share\interpreter\linkResolver.cpp, line 857]
Event: 1.402 Thread 0x0000027428b00eb0 Exception <a 'java/lang/ClassNotFoundException'{0x0000000088b5d830}: com/sun/javafx/scene/control/skin/resources/controls> (0x0000000088b5d830) 
thrown [t:\workspace\open\src\hotspot\share\prims\jni.cpp, line 600]
Event: 1.403 Thread 0x0000027428b00eb0 Exception <a 'java/lang/ClassNotFoundException'{0x0000000088b6b330}: com/sun/javafx/scene/control/skin/resources/controls_en> (0x0000000088b6b330) 
thrown [t:\workspace\open\src\hotspot\share\prims\jni.cpp, line 600]
Event: 1.403 Thread 0x0000027428b00eb0 Exception <a 'java/lang/ClassNotFoundException'{0x0000000088b6c9e0}: com/sun/javafx/scene/control/skin/resources/controls_en_MY> (0x0000000088b6c9e0) 
thrown [t:\workspace\open\src\hotspot\share\prims\jni.cpp, line 600]
Event: 1.431 Thread 0x0000027428b00eb0 Exception <a 'java/lang/NoSuchMethodError'{0x0000000088afcb30}: 'void java.lang.invoke.DirectMethodHandle$Holder.invokeSpecial(java.lang.Object, java.lang.Object, java.lang.Object, java.lang.Object, java.lang.Object, java.lang.Object)'> (0x0000000088afcb30) 
thrown [t:\workspace\open\src\hotspot\share\interpreter\linkResolver.cpp, line 790]
Event: 1.499 Thread 0x0000027428b00eb0 Exception <a 'java/lang/NoSuchMethodError'{0x00000000886c2cb0}: 'java.lang.Object java.lang.invoke.DirectMethodHandle$Holder.newInvokeSpecial(java.lang.Object, java.lang.Object, int)'> (0x00000000886c2cb0) 
thrown [t:\workspace\open\src\hotspot\share\interpreter\linkResolver.cpp, line 790]
Event: 1.519 Thread 0x0000027428b02e90 Exception <a 'java/lang/NoSuchMethodError'{0x000000008858a020}: 'int java.lang.invoke.DirectMethodHandle$Holder.invokeStaticInit(java.lang.Object, java.lang.Object)'> (0x000000008858a020) 
thrown [t:\workspace\open\src\hotspot\share\interpreter\linkResolver.cpp, line 790]
Event: 2.333 Thread 0x0000027428b00eb0 Exception <a 'java/lang/NoSuchMethodError'{0x0000000087e75500}: 'long java.lang.invoke.DirectMethodHandle$Holder.invokeStatic(java.lang.Object, java.lang.Object, java.lang.Object)'> (0x0000000087e75500) 
thrown [t:\workspace\open\src\hotspot\share\interpreter\linkResolver.cpp, line 790]
Event: 2.333 Thread 0x0000027428b00eb0 Exception <a 'java/lang/NoSuchMethodError'{0x0000000087e79158}: 'long java.lang.invoke.DirectMethodHandle$Holder.invokeStaticInit(java.lang.Object, java.lang.Object, java.lang.Object)'> (0x0000000087e79158) 
thrown [t:\workspace\open\src\hotspot\share\interpreter\linkResolver.cpp, line 790]
Event: 2.335 Thread 0x0000027428b00eb0 Exception <a 'java/lang/NoSuchMethodError'{0x0000000087e91320}: 'java.lang.Object java.lang.invoke.DirectMethodHandle$Holder.newInvokeSpecial(java.lang.Object, java.lang.Object, long)'> (0x0000000087e91320) 
thrown [t:\workspace\open\src\hotspot\share\interpreter\linkResolver.cpp, line 790]
Event: 2.335 Thread 0x0000027428b00eb0 Exception <a 'java/lang/NoSuchMethodError'{0x0000000087e95090}: 'java.lang.Object java.lang.invoke.Invokers$Holder.linkToTargetMethod(java.lang.Object, long, java.lang.Object)'> (0x0000000087e95090) 
thrown [t:\workspace\open\src\hotspot\share\interpreter\linkResolver.cpp, line 790]
Event: 2.338 Thread 0x0000027428b00eb0 Exception <a 'java/lang/NoSuchMethodError'{0x0000000087ea4ca0}: 'java.lang.Object java.lang.invoke.DirectMethodHandle$Holder.newInvokeSpecial(java.lang.Object, java.lang.Object, int, int, int, int, int, java.lang.Object)'> (0x0000000087ea4ca0) 
thrown [t:\workspace\open\src\hotspot\share\interpreter\linkResolver.cpp, line 790]
Event: 2.340 Thread 0x0000027428b00eb0 Exception <a 'java/lang/NoSuchMethodError'{0x0000000087eb8908}: 'java.lang.Object java.lang.invoke.DirectMethodHandle$Holder.newInvokeSpecial(java.lang.Object, java.lang.Object, java.lang.Object, int, int, int, int, int)'> (0x0000000087eb8908) 
thrown [t:\workspace\open\src\hotspot\share\interpreter\linkResolver.cpp, line 790]
Event: 2.342 Thread 0x0000027428b00eb0 Exception <a 'java/lang/NoSuchMethodError'{0x0000000087ec0720}: 'java.lang.Object java.lang.invoke.Invokers$Holder.linkToTargetMethod(java.lang.Object, java.lang.Object, int, int, int, int, int, java.lang.Object)'> (0x0000000087ec0720) 
thrown [t:\workspace\open\src\hotspot\share\interpreter\linkResolver.cpp, line 790]
Event: 9.218 Thread 0x0000027428b00eb0 Implicit null exception at 0x0000027419e4ea03 to 0x0000027419e4ea74

Events (20 events):
Event: 6.338 Executing  VM operation: Cleanup done
Event: 7.338 Executing  VM operation: Cleanup
Event: 7.339 Executing  VM operation: Cleanup done
Event: 8.339 Executing  VM operation: Cleanup
Event: 8.339 Executing  VM operation: Cleanup done
Event: 9.341 Executing  VM operation: Cleanup
Event: 9.341 Executing  VM operation: Cleanup done
Event: 10.341 Executing  VM operation: Cleanup
Event: 10.341 Executing  VM operation: Cleanup done
Event: 11.342 Executing  VM operation: Cleanup
Event: 11.342 Executing  VM operation: Cleanup done
Event: 12.343 Executing  VM operation: Cleanup
Event: 12.343 Executing  VM operation: Cleanup done
Event: 12.747 Thread 0x000002742a5731e0 Thread added: 0x000002742a5731e0
Event: 12.747 Thread 0x000002742a578190 Thread added: 0x000002742a578190
Event: 12.747 Executing  VM operation: G1CollectForAllocation
Event: 12.755 Executing  VM operation: G1CollectForAllocation done
Event: 12.755 Thread 0x000002742a578190 Thread exited: 0x000002742a578190
Event: 12.756 Thread 0x000002742a5731e0 Thread exited: 0x000002742a5731e0
Event: 12.756 Executing  VM operation: Exit


Dynamic libraries:
0x00007ff7f4ba0000 - 0x00007ff7f4bb0000 	C:\Program Files\Java\jdk-16.0.1\bin\javaw.exe
0x00007ffcdfd90000 - 0x00007ffcdff85000 	C:\WINDOWS\SYSTEM32\ntdll.dll
0x00007ffcde810000 - 0x00007ffcde8cd000 	C:\WINDOWS\System32\KERNEL32.DLL
0x00007ffcdd910000 - 0x00007ffcddbd9000 	C:\WINDOWS\System32\KERNELBASE.dll
0x00007ffcdd580000 - 0x00007ffcdd680000 	C:\WINDOWS\System32\ucrtbase.dll
0x00007ffcd7f20000 - 0x00007ffcd7f38000 	C:\Program Files\Java\jdk-16.0.1\bin\jli.dll
0x00007ffcd66f0000 - 0x00007ffcd6709000 	C:\Program Files\Java\jdk-16.0.1\bin\VCRUNTIME140.dll
0x00007ffcdf5c0000 - 0x00007ffcdf66c000 	C:\WINDOWS\System32\ADVAPI32.dll
0x00007ffcdf1f0000 - 0x00007ffcdf28e000 	C:\WINDOWS\System32\msvcrt.dll
0x00007ffcdfb70000 - 0x00007ffcdfc0b000 	C:\WINDOWS\System32\sechost.dll
0x00007ffcdf290000 - 0x00007ffcdf3ba000 	C:\WINDOWS\System32\RPCRT4.dll
0x00007ffcde660000 - 0x00007ffcde800000 	C:\WINDOWS\System32\USER32.dll
0x00007ffcbdb90000 - 0x00007ffcbde2a000 	C:\WINDOWS\WinSxS\amd64_microsoft.windows.common-controls_6595b64144ccf1df_6.0.19041.1110_none_60b5254171f9507e\COMCTL32.dll
0x00007ffcddd70000 - 0x00007ffcddd92000 	C:\WINDOWS\System32\win32u.dll
0x00007ffcde940000 - 0x00007ffcde96a000 	C:\WINDOWS\System32\GDI32.dll
0x00007ffcdd800000 - 0x00007ffcdd90b000 	C:\WINDOWS\System32\gdi32full.dll
0x00007ffcdd760000 - 0x00007ffcdd7fd000 	C:\WINDOWS\System32\msvcp_win.dll
0x00007ffcd5fa0000 - 0x00007ffcd5faa000 	C:\WINDOWS\SYSTEM32\VERSION.dll
0x00007ffcdfd20000 - 0x00007ffcdfd50000 	C:\WINDOWS\System32\IMM32.DLL
0x00007ffcd66e0000 - 0x00007ffcd66ec000 	C:\Program Files\Java\jdk-16.0.1\bin\vcruntime140_1.dll
0x00007ffcc7350000 - 0x00007ffcc73e1000 	C:\Program Files\Java\jdk-16.0.1\bin\msvcp140.dll
0x00007ffc87e90000 - 0x00007ffc88a3b000 	C:\Program Files\Java\jdk-16.0.1\bin\server\jvm.dll
0x00007ffcdf670000 - 0x00007ffcdf678000 	C:\WINDOWS\System32\PSAPI.DLL
0x00007ffcc8820000 - 0x00007ffcc8829000 	C:\WINDOWS\SYSTEM32\WSOCK32.dll
0x00007ffcd3b50000 - 0x00007ffcd3b77000 	C:\WINDOWS\SYSTEM32\WINMM.dll
0x00007ffcde8d0000 - 0x00007ffcde93b000 	C:\WINDOWS\System32\WS2_32.dll
0x00007ffcdbd70000 - 0x00007ffcdbd82000 	C:\WINDOWS\SYSTEM32\kernel.appcore.dll
0x00007ffcd5060000 - 0x00007ffcd506a000 	C:\Program Files\Java\jdk-16.0.1\bin\jimage.dll
0x00007ffcdb220000 - 0x00007ffcdb404000 	C:\WINDOWS\SYSTEM32\DBGHELP.DLL
0x00007ffcd47c0000 - 0x00007ffcd47ec000 	C:\WINDOWS\SYSTEM32\dbgcore.DLL
0x00007ffcdd680000 - 0x00007ffcdd703000 	C:\WINDOWS\System32\bcryptPrimitives.dll
0x00007ffcc7580000 - 0x00007ffcc75a5000 	C:\Program Files\Java\jdk-16.0.1\bin\java.dll
0x00007ffcde980000 - 0x00007ffcdf0bf000 	C:\WINDOWS\System32\SHELL32.dll
0x00007ffcdb5c0000 - 0x00007ffcdbd51000 	C:\WINDOWS\SYSTEM32\windows.storage.dll
0x00007ffcdf680000 - 0x00007ffcdf9d5000 	C:\WINDOWS\System32\combase.dll
0x00007ffcdcf40000 - 0x00007ffcdcf6c000 	C:\WINDOWS\SYSTEM32\Wldp.dll
0x00007ffcdfac0000 - 0x00007ffcdfb6e000 	C:\WINDOWS\System32\SHCORE.dll
0x00007ffcdde00000 - 0x00007ffcdde55000 	C:\WINDOWS\System32\shlwapi.dll
0x00007ffcdd410000 - 0x00007ffcdd42f000 	C:\WINDOWS\SYSTEM32\profapi.dll
0x00007ffcc7530000 - 0x00007ffcc7549000 	C:\Program Files\Java\jdk-16.0.1\bin\net.dll
0x00007ffcd7330000 - 0x00007ffcd743a000 	C:\WINDOWS\SYSTEM32\WINHTTP.dll
0x00007ffcdcca0000 - 0x00007ffcdcd0a000 	C:\WINDOWS\system32\mswsock.dll
0x00007ffcc7510000 - 0x00007ffcc7523000 	C:\Program Files\Java\jdk-16.0.1\bin\nio.dll
0x00007ffcc74a0000 - 0x00007ffcc74b8000 	C:\Program Files\Java\jdk-16.0.1\bin\zip.dll
0x0000027408b30000 - 0x0000027408b33000 	C:\Users\farha\Downloads\openjfx-16_windows-x64_bin-sdk\javafx-sdk-16\bin\api-ms-win-core-console-l1-1-0.dll
0x0000027408b40000 - 0x0000027408b43000 	C:\Users\farha\Downloads\openjfx-16_windows-x64_bin-sdk\javafx-sdk-16\bin\api-ms-win-core-console-l1-2-0.dll
0x0000027408b50000 - 0x0000027408b53000 	C:\Users\farha\Downloads\openjfx-16_windows-x64_bin-sdk\javafx-sdk-16\bin\api-ms-win-core-datetime-l1-1-0.dll
0x000002740aa40000 - 0x000002740aa43000 	C:\Users\farha\Downloads\openjfx-16_windows-x64_bin-sdk\javafx-sdk-16\bin\api-ms-win-core-debug-l1-1-0.dll
0x000002740aa50000 - 0x000002740aa53000 	C:\Users\farha\Downloads\openjfx-16_windows-x64_bin-sdk\javafx-sdk-16\bin\api-ms-win-core-errorhandling-l1-1-0.dll
0x000002740aa60000 - 0x000002740aa64000 	C:\Users\farha\Downloads\openjfx-16_windows-x64_bin-sdk\javafx-sdk-16\bin\api-ms-win-core-file-l1-1-0.dll
0x000002740aa70000 - 0x000002740aa73000 	C:\Users\farha\Downloads\openjfx-16_windows-x64_bin-sdk\javafx-sdk-16\bin\api-ms-win-core-file-l1-2-0.dll
0x000002740aa80000 - 0x000002740aa83000 	C:\Users\farha\Downloads\openjfx-16_windows-x64_bin-sdk\javafx-sdk-16\bin\api-ms-win-core-file-l2-1-0.dll
0x000002740aa90000 - 0x000002740aa93000 	C:\Users\farha\Downloads\openjfx-16_windows-x64_bin-sdk\javafx-sdk-16\bin\api-ms-win-core-handle-l1-1-0.dll
0x000002740aaa0000 - 0x000002740aaa3000 	C:\Users\farha\Downloads\openjfx-16_windows-x64_bin-sdk\javafx-sdk-16\bin\api-ms-win-core-heap-l1-1-0.dll
0x000002740aab0000 - 0x000002740aab3000 	C:\Users\farha\Downloads\openjfx-16_windows-x64_bin-sdk\javafx-sdk-16\bin\api-ms-win-core-interlocked-l1-1-0.dll
0x000002740aac0000 - 0x000002740aac3000 	C:\Users\farha\Downloads\openjfx-16_windows-x64_bin-sdk\javafx-sdk-16\bin\api-ms-win-core-libraryloader-l1-1-0.dll
0x000002740aad0000 - 0x000002740aad3000 	C:\Users\farha\Downloads\openjfx-16_windows-x64_bin-sdk\javafx-sdk-16\bin\api-ms-win-core-localization-l1-2-0.dll
0x000002740aae0000 - 0x000002740aae3000 	C:\Users\farha\Downloads\openjfx-16_windows-x64_bin-sdk\javafx-sdk-16\bin\api-ms-win-core-memory-l1-1-0.dll
0x000002740aaf0000 - 0x000002740aaf3000 	C:\Users\farha\Downloads\openjfx-16_windows-x64_bin-sdk\javafx-sdk-16\bin\api-ms-win-core-namedpipe-l1-1-0.dll
0x000002740ab00000 - 0x000002740ab03000 	C:\Users\farha\Downloads\openjfx-16_windows-x64_bin-sdk\javafx-sdk-16\bin\api-ms-win-core-processenvironment-l1-1-0.dll
0x0000027428b90000 - 0x0000027428b93000 	C:\Users\farha\Downloads\openjfx-16_windows-x64_bin-sdk\javafx-sdk-16\bin\api-ms-win-core-processthreads-l1-1-0.dll
0x0000027428ba0000 - 0x0000027428ba3000 	C:\Users\farha\Downloads\openjfx-16_windows-x64_bin-sdk\javafx-sdk-16\bin\api-ms-win-core-processthreads-l1-1-1.dll
0x0000027428bb0000 - 0x0000027428bb3000 	C:\Users\farha\Downloads\openjfx-16_windows-x64_bin-sdk\javafx-sdk-16\bin\api-ms-win-core-profile-l1-1-0.dll
0x0000027428bc0000 - 0x0000027428bc3000 	C:\Users\farha\Downloads\openjfx-16_windows-x64_bin-sdk\javafx-sdk-16\bin\api-ms-win-core-rtlsupport-l1-1-0.dll
0x0000027428bd0000 - 0x0000027428bd3000 	C:\Users\farha\Downloads\openjfx-16_windows-x64_bin-sdk\javafx-sdk-16\bin\api-ms-win-core-string-l1-1-0.dll
0x0000027428be0000 - 0x0000027428be3000 	C:\Users\farha\Downloads\openjfx-16_windows-x64_bin-sdk\javafx-sdk-16\bin\api-ms-win-core-synch-l1-1-0.dll
0x0000027428bf0000 - 0x0000027428bf3000 	C:\Users\farha\Downloads\openjfx-16_windows-x64_bin-sdk\javafx-sdk-16\bin\api-ms-win-core-synch-l1-2-0.dll
0x000002742b0d0000 - 0x000002742b0d3000 	C:\Users\farha\Downloads\openjfx-16_windows-x64_bin-sdk\javafx-sdk-16\bin\api-ms-win-core-sysinfo-l1-1-0.dll
0x000002742b0e0000 - 0x000002742b0e3000 	C:\Users\farha\Downloads\openjfx-16_windows-x64_bin-sdk\javafx-sdk-16\bin\api-ms-win-core-timezone-l1-1-0.dll
0x000002742b0f0000 - 0x000002742b0f3000 	C:\Users\farha\Downloads\openjfx-16_windows-x64_bin-sdk\javafx-sdk-16\bin\api-ms-win-core-util-l1-1-0.dll
0x000002742b100000 - 0x000002742b103000 	C:\Users\farha\Downloads\openjfx-16_windows-x64_bin-sdk\javafx-sdk-16\bin\api-ms-win-crt-conio-l1-1-0.dll
0x000002742b110000 - 0x000002742b114000 	C:\Users\farha\Downloads\openjfx-16_windows-x64_bin-sdk\javafx-sdk-16\bin\api-ms-win-crt-convert-l1-1-0.dll
0x000002742b120000 - 0x000002742b123000 	C:\Users\farha\Downloads\openjfx-16_windows-x64_bin-sdk\javafx-sdk-16\bin\api-ms-win-crt-environment-l1-1-0.dll
0x000002742b130000 - 0x000002742b133000 	C:\Users\farha\Downloads\openjfx-16_windows-x64_bin-sdk\javafx-sdk-16\bin\api-ms-win-crt-filesystem-l1-1-0.dll
0x000002742b140000 - 0x000002742b143000 	C:\Users\farha\Downloads\openjfx-16_windows-x64_bin-sdk\javafx-sdk-16\bin\api-ms-win-crt-heap-l1-1-0.dll
0x000002742b150000 - 0x000002742b153000 	C:\Users\farha\Downloads\openjfx-16_windows-x64_bin-sdk\javafx-sdk-16\bin\api-ms-win-crt-locale-l1-1-0.dll
0x000002742b160000 - 0x000002742b165000 	C:\Users\farha\Downloads\openjfx-16_windows-x64_bin-sdk\javafx-sdk-16\bin\api-ms-win-crt-math-l1-1-0.dll
0x000002742b170000 - 0x000002742b175000 	C:\Users\farha\Downloads\openjfx-16_windows-x64_bin-sdk\javafx-sdk-16\bin\api-ms-win-crt-multibyte-l1-1-0.dll
0x000002742b180000 - 0x000002742b190000 	C:\Users\farha\Downloads\openjfx-16_windows-x64_bin-sdk\javafx-sdk-16\bin\api-ms-win-crt-private-l1-1-0.dll
0x000002742b190000 - 0x000002742b193000 	C:\Users\farha\Downloads\openjfx-16_windows-x64_bin-sdk\javafx-sdk-16\bin\api-ms-win-crt-process-l1-1-0.dll
0x000002742b1a0000 - 0x000002742b1a4000 	C:\Users\farha\Downloads\openjfx-16_windows-x64_bin-sdk\javafx-sdk-16\bin\api-ms-win-crt-runtime-l1-1-0.dll
0x000002742b1b0000 - 0x000002742b1b4000 	C:\Users\farha\Downloads\openjfx-16_windows-x64_bin-sdk\javafx-sdk-16\bin\api-ms-win-crt-stdio-l1-1-0.dll
0x000002742b1c0000 - 0x000002742b1c4000 	C:\Users\farha\Downloads\openjfx-16_windows-x64_bin-sdk\javafx-sdk-16\bin\api-ms-win-crt-string-l1-1-0.dll
0x000002742b1d0000 - 0x000002742b1d3000 	C:\Users\farha\Downloads\openjfx-16_windows-x64_bin-sdk\javafx-sdk-16\bin\api-ms-win-crt-time-l1-1-0.dll
0x000002742b1e0000 - 0x000002742b1e3000 	C:\Users\farha\Downloads\openjfx-16_windows-x64_bin-sdk\javafx-sdk-16\bin\api-ms-win-crt-utility-l1-1-0.dll
0x00007ffcc6ab0000 - 0x00007ffcc6bac000 	C:\Users\farha\Downloads\openjfx-16_windows-x64_bin-sdk\javafx-sdk-16\bin\ucrtbase.dll
0x00007ffcc7450000 - 0x00007ffcc7469000 	C:\Users\farha\Downloads\openjfx-16_windows-x64_bin-sdk\javafx-sdk-16\bin\vcruntime140.dll
0x00007ffcd29c0000 - 0x00007ffcd29cc000 	C:\Users\farha\Downloads\openjfx-16_windows-x64_bin-sdk\javafx-sdk-16\bin\vcruntime140_1.dll
0x00007ffcc72b0000 - 0x00007ffcc7341000 	C:\Users\farha\Downloads\openjfx-16_windows-x64_bin-sdk\javafx-sdk-16\bin\msvcp140.dll
0x00007ffcc7280000 - 0x00007ffcc72a7000 	C:\Users\farha\Downloads\openjfx-16_windows-x64_bin-sdk\javafx-sdk-16\bin\prism_d3d.dll
0x00007ffc98c90000 - 0x00007ffc98e5e000 	C:\WINDOWS\system32\d3d9.dll
0x00007ffcdada0000 - 0x00007ffcdadcf000 	C:\WINDOWS\SYSTEM32\dwmapi.dll
0x00007ffcdaac0000 - 0x00007ffcdab5e000 	C:\WINDOWS\system32\uxtheme.dll
0x00007ffcddbe0000 - 0x00007ffcddc07000 	C:\WINDOWS\System32\bcrypt.dll
0x00007ffcddc10000 - 0x00007ffcddd6f000 	C:\WINDOWS\System32\crypt32.dll
0x00007ffcd5680000 - 0x00007ffcd56b1000 	C:\WINDOWS\SYSTEM32\cryptnet.dll
0x00007ffcdcea0000 - 0x00007ffcdceac000 	C:\WINDOWS\SYSTEM32\cryptbase.dll
0x00007ffcddda0000 - 0x00007ffcdde00000 	C:\WINDOWS\System32\WINTRUST.DLL
0x00007ffcdd0c0000 - 0x00007ffcdd0d2000 	C:\WINDOWS\SYSTEM32\MSASN1.dll
0x00007ffcddec0000 - 0x00007ffcddedd000 	C:\WINDOWS\System32\imagehlp.dll
0x00007ffcdce80000 - 0x00007ffcdce98000 	C:\WINDOWS\SYSTEM32\CRYPTSP.dll
0x00007ffcdc5d0000 - 0x00007ffcdc604000 	C:\WINDOWS\system32\rsaenh.dll
0x00007ffcc6fd0000 - 0x00007ffcc7012000 	C:\Users\farha\Downloads\openjfx-16_windows-x64_bin-sdk\javafx-sdk-16\bin\glass.dll
0x00007ffcdf3c0000 - 0x00007ffcdf49a000 	C:\WINDOWS\System32\COMDLG32.dll
0x00007ffcdf0c0000 - 0x00007ffcdf1ea000 	C:\WINDOWS\System32\ole32.dll
0x00007ffcddee0000 - 0x00007ffcddfad000 	C:\WINDOWS\System32\OLEAUT32.dll
0x00007ffcdf4a0000 - 0x00007ffcdf5b5000 	C:\WINDOWS\System32\MSCTF.dll
0x00007ffcd1420000 - 0x00007ffcd145b000 	C:\WINDOWS\SYSTEM32\dxcore.dll
0x00007ffcdd710000 - 0x00007ffcdd75e000 	C:\WINDOWS\System32\cfgmgr32.dll
0x00007ffcd6770000 - 0x00007ffcd6784000 	C:\Users\farha\Downloads\openjfx-16_windows-x64_bin-sdk\javafx-sdk-16\bin\javafx_font.dll
0x00007ffcc9320000 - 0x00007ffcc959f000 	C:\WINDOWS\SYSTEM32\dwrite.dll
0x00007ffcdfc10000 - 0x00007ffcdfcb9000 	C:\WINDOWS\System32\clbcatq.dll
0x00007ffcd3eb0000 - 0x00007ffcd4064000 	C:\WINDOWS\SYSTEM32\WindowsCodecs.dll
0x00007ffcc0900000 - 0x00007ffcc093e000 	C:\WINDOWS\system32\dataexchange.dll
0x00007ffcd8dd0000 - 0x00007ffcd9034000 	C:\WINDOWS\system32\d3d11.dll
0x00007ffcd9d20000 - 0x00007ffcd9f06000 	C:\WINDOWS\system32\dcomp.dll
0x00007ffcdbde0000 - 0x00007ffcdbed4000 	C:\WINDOWS\system32\dxgi.dll
0x00007ffcd4860000 - 0x00007ffcd4a61000 	C:\WINDOWS\system32\twinapi.appcore.dll
0x00007ffcc6f90000 - 0x00007ffcc6fc4000 	C:\Program Files\Common Files\Microsoft Shared\Ink\rtscom.dll
0x00007ffccbc90000 - 0x00007ffccbd89000 	C:\WINDOWS\SYSTEM32\textinputframework.dll
0x00007ffcda2c0000 - 0x00007ffcda61e000 	C:\WINDOWS\System32\CoreUIComponents.dll
0x00007ffcda620000 - 0x00007ffcda712000 	C:\WINDOWS\System32\CoreMessaging.dll
0x00007ffcdc1e0000 - 0x00007ffcdc213000 	C:\WINDOWS\SYSTEM32\ntmarta.dll
0x00007ffcd9bc0000 - 0x00007ffcd9d14000 	C:\WINDOWS\SYSTEM32\wintypes.dll

dbghelp: loaded successfully - version: 4.0.5 - missing functions: none
symbol engine: initialized successfully - sym options: 0x614 - pdb path: .;C:\Program Files\Java\jdk-16.0.1\bin;C:\WINDOWS\SYSTEM32;C:\WINDOWS\WinSxS\amd64_microsoft.windows.common-controls_6595b64144ccf1df_6.0.19041.1110_none_60b5254171f9507e;C:\Program Files\Java\jdk-16.0.1\bin\server;C:\Users\farha\Downloads\openjfx-16_windows-x64_bin-sdk\javafx-sdk-16\bin;C:\WINDOWS\System32\DriverStore\FileRepository\nvami.inf_amd64_8592088b0b875d85;C:\WINDOWS\System32\DriverStore\FileRepository\iigd_dch.inf_amd64_93cd1ac04c27c7e5;C:\Program Files\Common Files\Microsoft Shared\Ink

VM Arguments:
jvm_args: --module-path=C:\Users\farha\Downloads\openjfx-16_windows-x64_bin-sdk\javafx-sdk-16\lib --add-modules=javafx.controls,javafx.fxml -Dfile.encoding=Cp1252 --module-path=C:\Users\farha\.p2\pool\plugins\org.eclipse.fx.ide.css.jfx8_3.7.0.202010120832.jar;C:\Users\farha\Downloads\openjfx-16_windows-x64_bin-sdk\javafx-sdk-16\lib\javafx.base.jar;C:\Users\farha\Downloads\openjfx-16_windows-x64_bin-sdk\javafx-sdk-16\lib\javafx.controls.jar;C:\Users\farha\Downloads\openjfx-16_windows-x64_bin-sdk\javafx-sdk-16\lib\javafx.fxml.jar;C:\Users\farha\Downloads\openjfx-16_windows-x64_bin-sdk\javafx-sdk-16\lib\javafx.graphics.jar;C:\Users\farha\Downloads\openjfx-16_windows-x64_bin-sdk\javafx-sdk-16\lib\javafx.media.jar;C:\Users\farha\Downloads\openjfx-16_windows-x64_bin-sdk\javafx-sdk-16\lib\javafx.swing.jar;C:\Users\farha\Downloads\openjfx-16_windows-x64_bin-sdk\javafx-sdk-16\lib\javafx.web.jar;C:\Users\farha\Downloads\openjfx-16_windows-x64_bin-sdk\javafx-sdk-16\lib\javafx-swt.jar -XX:+ShowCodeDetailsInExceptionMessages 
java_command: application.SystemManager
java_class_path (initial): C:\Users\farha\OneDrive\Documents\GitHub\OOPProjectTicTacToe\OOPHW10\bin
Launcher Type: SUN_STANDARD

[Global flags]
     intx CICompilerCount                          = 4                                         {product} {ergonomic}
     uint ConcGCThreads                            = 2                                         {product} {ergonomic}
     uint G1ConcRefinementThreads                  = 8                                         {product} {ergonomic}
   size_t G1HeapRegionSize                         = 1048576                                   {product} {ergonomic}
    uintx GCDrainStackTargetSize                   = 64                                        {product} {ergonomic}
   size_t InitialHeapSize                          = 134217728                                 {product} {ergonomic}
   size_t MarkStackSize                            = 4194304                                   {product} {ergonomic}
   size_t MaxHeapSize                              = 2118123520                                {product} {ergonomic}
   size_t MaxNewSize                               = 1270874112                                {product} {ergonomic}
   size_t MinHeapDeltaBytes                        = 1048576                                   {product} {ergonomic}
   size_t MinHeapSize                              = 8388608                                   {product} {ergonomic}
    uintx NonNMethodCodeHeapSize                   = 5839372                                {pd product} {ergonomic}
    uintx NonProfiledCodeHeapSize                  = 122909434                              {pd product} {ergonomic}
    uintx ProfiledCodeHeapSize                     = 122909434                              {pd product} {ergonomic}
    uintx ReservedCodeCacheSize                    = 251658240                              {pd product} {ergonomic}
     bool SegmentedCodeCache                       = true                                      {product} {ergonomic}
     bool ShowCodeDetailsInExceptionMessages       = true                                   {manageable} {command line}
   size_t SoftMaxHeapSize                          = 2118123520                             {manageable} {ergonomic}
     bool UseCompressedClassPointers               = true                           {product lp64_product} {ergonomic}
     bool UseCompressedOops                        = true                           {product lp64_product} {ergonomic}
     bool UseG1GC                                  = true                                      {product} {ergonomic}
     bool UseLargePagesIndividualAllocation        = false                                  {pd product} {ergonomic}

Logging:
Log output configuration:
 #0: stdout all=off uptime,level,tags
 #1: stderr all=off uptime,level,tags

Environment Variables:
JAVA_HOME=C:\Program Files\Java\jdk1.8.0_291
PATH=C:/Users/farha/.p2/pool/plugins/org.eclipse.justj.openjdk.hotspot.jre.full.win32.x86_64_15.0.2.v20210201-0955/jre/bin/server;C:/Users/farha/.p2/pool/plugins/org.eclipse.justj.openjdk.hotspot.jre.full.win32.x86_64_15.0.2.v20210201-0955/jre/bin;C:\MinGW\bin;C:\Users\farha\AppData\Local\Microsoft\WindowsApps;C:\Program Files\JetBrains\CLion 2020.3.1\bin;;C:\android\platform-tools;C:\ffmpeg\bin;C:\Users\farha\AppData\Local\GitHubDesktop\bin;C:\Program Files\Graphviz\bin;;C:\WINDOWS\system32;
USERNAME=farhanrs7
OS=Windows_NT
PROCESSOR_IDENTIFIER=Intel64 Family 6 Model 142 Stepping 10, GenuineIntel



---------------  S Y S T E M  ---------------

OS:
 Windows 10 , 64 bit Build 19041 (10.0.19041.1023)
OS uptime: 1 days 16:57 hours

CPU: total 8 (initial active 8) (4 cores per cpu, 2 threads per core) family 6 model 142 stepping 10 microcode 0xb4, cx8, cmov, fxsr, ht, mmx, 3dnowpref, sse, sse2, sse3, ssse3, sse4.1, sse4.2, popcnt, lzcnt, tsc, tscinvbit, avx, avx2, aes, erms, clmul, bmi1, bmi2, adx, fma, vzeroupper, clflush, clflushopt

Memory: 4k page, system-wide physical 8074M (2996M free)
TotalPageFile size 13450M (AvailPageFile size 5074M)
current process WorkingSet (physical memory assigned to process): 125M, peak: 140M
current process commit charge ("private bytes"): 282M, peak: 308M

vm_info: Java HotSpot(TM) 64-Bit Server VM (16.0.1+9-24) for windows-amd64 JRE (16.0.1+9-24), built on Mar 26 2021 19:31:42 by "mach5one" with MS VC++ 16.7 (VS2019)

END.
