#
# A fatal error has been detected by the Java Runtime Environment:
#
#  EXCEPTION_ACCESS_VIOLATION (0xc0000005) at pc=0x00007ffcc6dc6997, pid=1064, tid=14264
#
# JRE version: Java(TM) SE Runtime Environment (16.0.1+9) (build 16.0.1+9-24)
# Java VM: Java HotSpot(TM) 64-Bit Server VM (16.0.1+9-24, mixed mode, sharing, tiered, compressed oops, compressed class ptrs, g1 gc, windows-amd64)
# Problematic frame:
# C  [glass.dll+0x26997]
#
# No core dump will be written. Minidumps are not enabled by default on client versions of Windows
#
# If you would like to submit a bug report, please visit:
#   https://bugreport.java.com/bugreport/crash.jsp
#

---------------  S U M M A R Y ------------

Command Line: -javaagent:C:\Users\farha\eclipse\java-2021-03\eclipse\configuration\org.eclipse.osgi\412\0\.cp\jacocoagent.jar=includes=*,excludes=,exclclassloader=sun.reflect.DelegatingClassLoader,output=tcpclient,port=64348 --module-path=C:\Users\farha\Downloads\openjfx-16_windows-x64_bin-sdk\javafx-sdk-16\lib --add-modules=javafx.controls,javafx.fxml -Dfile.encoding=Cp1252 --module-path=C:\Users\farha\.p2\pool\plugins\org.eclipse.fx.ide.css.jfx8_3.7.0.202010120832.jar;C:\Users\farha\Downloads\openjfx-16_windows-x64_bin-sdk\javafx-sdk-16\lib\javafx.base.jar;C:\Users\farha\Downloads\openjfx-16_windows-x64_bin-sdk\javafx-sdk-16\lib\javafx.controls.jar;C:\Users\farha\Downloads\openjfx-16_windows-x64_bin-sdk\javafx-sdk-16\lib\javafx.fxml.jar;C:\Users\farha\Downloads\openjfx-16_windows-x64_bin-sdk\javafx-sdk-16\lib\javafx.graphics.jar;C:\Users\farha\Downloads\openjfx-16_windows-x64_bin-sdk\javafx-sdk-16\lib\javafx.media.jar;C:\Users\farha\Downloads\openjfx-16_windows-x64_bin-sdk\javafx-sdk-16\lib\javafx.swing.jar;C:\Users\farha\Downloads\openjfx-16_windows-x64_bin-sdk\javafx-sdk-16\lib\javafx.web.jar;C:\Users\farha\Downloads\openjfx-16_windows-x64_bin-sdk\javafx-sdk-16\lib\javafx-swt.jar -XX:+ShowCodeDetailsInExceptionMessages application.SystemManager

Host: Intel(R) Core(TM) i5-8250U CPU @ 1.60GHz, 8 cores, 7G,  Windows 10 , 64 bit Build 19041 (10.0.19041.1023)
Time: Thu Aug  5 17:00:21 2021 Malay Peninsula Standard Time elapsed time: 13.387873 seconds (0d 0h 0m 13s)

---------------  T H R E A D  ---------------

Current thread (0x000002d87f3ca690):  VMThread "VM Thread" [stack: 0x000000ed7ba00000,0x000000ed7bb00000] [id=14264]

Stack: [0x000000ed7ba00000,0x000000ed7bb00000],  sp=0x000000ed7bafeea0,  free space=1019k
Native frames: (J=compiled Java code, j=interpreted, Vv=VM code, C=native code)
C  [glass.dll+0x26997]


siginfo: EXCEPTION_ACCESS_VIOLATION (0xc0000005), reading address 0x0000000000000000


Register to memory mapping:

RIP=0x00007ffcc6dc6997 glass.dll
RAX=0x0 is NULL
RBX=0x000002d87f3d1798 is a global jni handle
RCX=0x000002d87f3ca690 points into unknown readable memory: 0x00007ffc88b4f628 | 28 f6 b4 88 fc 7f 00 00
RDX=0x000000ed7bafeea0 points into unknown readable memory: 0x0000000000000000 | 00 00 00 00 00 00 00 00
RSP=0x000000ed7bafeea0 points into unknown readable memory: 0x0000000000000000 | 00 00 00 00 00 00 00 00
RBP=0x000002d805580f08 points into unknown readable memory: 0x0000c2cd8bcf4772 | 72 47 cf 8b cd c2 00 00
RSI=0x000002d805580ee0 points into unknown readable memory: 0xf530c2cc743c5c02 | 02 5c 3c 74 cc c2 30 f5
RDI=0x0000c2cd8bcf4772 is an unknown value
R8 =0x0000000000010002 is an unknown value
R9 =0x0000c2cd8bcf4772 is an unknown value
R10=0x0000000000008000 is an unknown value
R11=0x000000ed7bafee30 points into unknown readable memory: 0x000002d805580ee0 | e0 0e 58 05 d8 02 00 00
R12=0x00007ffcc6dc4234 glass.dll
R13=0x000002d865410800 points into unknown readable memory: 0x8000000b00000001 | 01 00 00 00 0b 00 00 80
R14=0x000000ed7bafef98 points into unknown readable memory: 0x000000ed7bafef80 | 80 ef af 7b ed 00 00 00
R15=0x000002d805580ee0 points into unknown readable memory: 0xf530c2cc743c5c02 | 02 5c 3c 74 cc c2 30 f5


Registers:
RAX=0x0000000000000000, RBX=0x000002d87f3d1798, RCX=0x000002d87f3ca690, RDX=0x000000ed7bafeea0
RSP=0x000000ed7bafeea0, RBP=0x000002d805580f08, RSI=0x000002d805580ee0, RDI=0x0000c2cd8bcf4772
R8 =0x0000000000010002, R9 =0x0000c2cd8bcf4772, R10=0x0000000000008000, R11=0x000000ed7bafee30
R12=0x00007ffcc6dc4234, R13=0x000002d865410800, R14=0x000000ed7bafef98, R15=0x000002d805580ee0
RIP=0x00007ffcc6dc6997, EFLAGS=0x0000000000010202

Top of Stack: (sp=0x000000ed7bafeea0)
0x000000ed7bafeea0:   0000000000000000 000002d805580ee0
0x000000ed7bafeeb0:   000002d865410800 00007ffcc6dc4234
0x000000ed7bafeec0:   000002d805580ee8 00007ffcdd5942d6
0x000000ed7bafeed0:   0000c2cd8bcf4772 000002d800000000
0x000000ed7bafeee0:   000002d805580f08 000002d805580ee0
0x000000ed7bafeef0:   fffffffffffffffe 0000000000000000
0x000000ed7bafef00:   0000000000000001 00007ffcc6da0000
0x000000ed7bafef10:   000000ed7bafef88 00007ffcdd5941fb
0x000000ed7bafef20:   0000000000000000 000000ed7bafef98
0x000000ed7bafef30:   000000ed7baff260 00007ffcdd670e40
0x000000ed7bafef40:   0000000000000001 00007ffcdd5941b4
0x000000ed7bafef50:   0000000000000000 0000000000000001
0x000000ed7bafef60:   0000000000000000 000000ed7bafef88
0x000000ed7bafef70:   0000000000000001 00007ffcc6dc40c1
0x000000ed7bafef80:   00007ffcc6dda128 00007ffc00000002
0x000000ed7bafef90:   0000000000000002 000000ed7bafef80 

Instructions: (pc=0x00007ffcc6dc6997)
0x00007ffcc6dc6897:   8b 4d 58 e8 d1 ce ff ff 48 8b 4d 60 e8 c8 ce ff
0x00007ffcc6dc68a7:   ff 48 8b 95 80 00 00 00 48 8b 8d 18 01 00 00 e8
0x00007ffcc6dc68b7:   96 c3 ff ff 33 d2 33 c9 e8 12 e1 ff ff 90 48 89
0x00007ffcc6dc68c7:   54 24 10 55 48 83 ec 20 48 8b ea 48 b8 00 00 00
0x00007ffcc6dc68d7:   00 00 00 00 00 48 83 c4 20 5d c3 cc 40 55 48 8b
0x00007ffcc6dc68e7:   ea 48 8b 01 33 c9 81 38 05 00 00 c0 0f 94 c1 8b
0x00007ffcc6dc68f7:   c1 5d c3 cc 40 55 48 83 ec 20 48 8b ea 8a 4d 40
0x00007ffcc6dc6907:   48 83 c4 20 5d e9 c7 d2 ff ff cc 40 55 48 83 ec
0x00007ffcc6dc6917:   20 48 8b ea 8a 4d 20 e8 b5 d2 ff ff 90 48 83 c4
0x00007ffcc6dc6927:   20 5d c3 cc 40 55 48 83 ec 20 48 8b ea 48 83 c4
0x00007ffcc6dc6937:   20 5d e9 16 d1 ff ff cc 40 55 48 83 ec 30 48 8b
0x00007ffcc6dc6947:   ea 48 8b 01 8b 10 48 89 4c 24 28 89 54 24 20 4c
0x00007ffcc6dc6957:   8d 0d b7 d5 ff ff 4c 8b 45 70 8b 55 68 48 8b 4d
0x00007ffcc6dc6967:   60 e8 57 d0 ff ff 90 48 83 c4 30 5d c3 cc cc cc
0x00007ffcc6dc6977:   cc cc cc cc cc cc cc cc cc 40 53 48 83 ec 20 48
0x00007ffcc6dc6987:   8b 1d 93 31 01 00 48 85 db 74 16 e8 29 8b ff ff
0x00007ffcc6dc6997:   4c 8b 00 48 8b d3 48 8b c8 41 ff 90 b0 00 00 00
0x00007ffcc6dc69a7:   90 48 83 c4 20 5b c3 cc cc 40 53 48 83 ec 20 48
0x00007ffcc6dc69b7:   8b 1d 0b 33 01 00 48 85 db 74 57 b8 ff ff ff ff
0x00007ffcc6dc69c7:   f0 0f c1 43 10 83 f8 01 75 3d 48 85 db 74 38 48
0x00007ffcc6dc69d7:   8b 0b 48 85 c9 74 0d ff 15 c4 08 00 00 48 c7 03
0x00007ffcc6dc69e7:   00 00 00 00 48 8b 4b 08 48 85 c9 74 0d e8 77 cd
0x00007ffcc6dc69f7:   ff ff 48 c7 43 08 00 00 00 00 ba 18 00 00 00 48
0x00007ffcc6dc6a07:   8b cb e8 62 cd ff ff 48 c7 05 af 32 01 00 00 00
0x00007ffcc6dc6a17:   00 00 48 83 c4 20 5b c3 cc 40 53 48 83 ec 20 48
0x00007ffcc6dc6a27:   8b 1d 7b 32 01 00 48 85 db 74 57 b8 ff ff ff ff
0x00007ffcc6dc6a37:   f0 0f c1 43 10 83 f8 01 75 3d 48 85 db 74 38 48
0x00007ffcc6dc6a47:   8b 0b 48 85 c9 74 0d ff 15 54 08 00 00 48 c7 03
0x00007ffcc6dc6a57:   00 00 00 00 48 8b 4b 08 48 85 c9 74 0d e8 07 cd
0x00007ffcc6dc6a67:   ff ff 48 c7 43 08 00 00 00 00 ba 18 00 00 00 48
0x00007ffcc6dc6a77:   8b cb e8 f2 cc ff ff 48 c7 05 1f 32 01 00 00 00
0x00007ffcc6dc6a87:   00 00 48 83 c4 20 5b c3 cc 40 53 48 83 ec 20 48 


Stack slot to memory mapping:
stack at sp + 0 slots: 0x0 is NULL
stack at sp + 1 slots: 0x000002d805580ee0 points into unknown readable memory: 0xf530c2cc743c5c02 | 02 5c 3c 74 cc c2 30 f5
stack at sp + 2 slots: 0x000002d865410800 points into unknown readable memory: 0x8000000b00000001 | 01 00 00 00 0b 00 00 80
stack at sp + 3 slots: 0x00007ffcc6dc4234 glass.dll
stack at sp + 4 slots: 0x000002d805580ee8 points into unknown readable memory: 0x0000c2cd8bcf4772 | 72 47 cf 8b cd c2 00 00
stack at sp + 5 slots: 0x00007ffcdd5942d6 ucrtbase.dll
stack at sp + 6 slots: 0x0000c2cd8bcf4772 is an unknown value
stack at sp + 7 slots: 0x000002d800000000 points into unknown readable memory: 0x0000000000000000 | 00 00 00 00 00 00 00 00

VM_Operation (0x000000ed7d2fb470): Exit, mode: safepoint, requested by thread 0x000002d87f3ec050


---------------  P R O C E S S  ---------------

Threads class SMR info:
_java_thread_list=0x000002d808a21e70, length=19, elements={
0x000002d8653ba510, 0x000002d87f3ce990, 0x000002d87f3cff00, 0x000002d87f3e2190,
0x000002d87f3e5ac0, 0x000002d87f3ea5c0, 0x000002d87f3f17a0, 0x000002d87f3f2940,
0x000002d87f407a30, 0x000002d87f3eab10, 0x000002d87f3ed040, 0x000002d87f3eb5b0,
0x000002d87f3ec050, 0x000002d8079d0f90, 0x000002d8079cea60, 0x000002d8079d14e0,
0x000002d8079cf500, 0x000002d80746fca0, 0x000002d808cac330
}

Java Threads: ( => current thread )
  0x000002d8653ba510 JavaThread "main" [_thread_blocked, id=9348, stack(0x000000ed7b400000,0x000000ed7b500000)]
  0x000002d87f3ce990 JavaThread "Reference Handler" daemon [_thread_blocked, id=7072, stack(0x000000ed7bb00000,0x000000ed7bc00000)]
  0x000002d87f3cff00 JavaThread "Finalizer" daemon [_thread_blocked, id=5400, stack(0x000000ed7bc00000,0x000000ed7bd00000)]
  0x000002d87f3e2190 JavaThread "Attach Listener" daemon [_thread_blocked, id=5880, stack(0x000000ed7be00000,0x000000ed7bf00000)]
  0x000002d87f3e5ac0 JavaThread "Service Thread" daemon [_thread_blocked, id=1264, stack(0x000000ed7bf00000,0x000000ed7c000000)]
  0x000002d87f3ea5c0 JavaThread "Monitor Deflation Thread" daemon [_thread_blocked, id=8352, stack(0x000000ed7c000000,0x000000ed7c100000)]
  0x000002d87f3f17a0 JavaThread "C2 CompilerThread0" daemon [_thread_blocked, id=11688, stack(0x000000ed7c100000,0x000000ed7c200000)]
  0x000002d87f3f2940 JavaThread "C1 CompilerThread0" daemon [_thread_blocked, id=9508, stack(0x000000ed7c200000,0x000000ed7c300000)]
  0x000002d87f407a30 JavaThread "Sweeper thread" daemon [_thread_blocked, id=276, stack(0x000000ed7c300000,0x000000ed7c400000)]
  0x000002d87f3eab10 JavaThread "Common-Cleaner" daemon [_thread_blocked, id=6620, stack(0x000000ed7c400000,0x000000ed7c500000)]
  0x000002d87f3ed040 JavaThread "Notification Thread" daemon [_thread_blocked, id=3984, stack(0x000000ed7c800000,0x000000ed7c900000)]
  0x000002d87f3eb5b0 JavaThread "InvokeLaterDispatcher" daemon [_thread_blocked, id=5192, stack(0x000000ed7d100000,0x000000ed7d200000)]
  0x000002d87f3ec050 JavaThread "JavaFX Application Thread" [_thread_blocked, id=12220, stack(0x000000ed7d200000,0x000000ed7d300000)]
  0x000002d8079d0f90 JavaThread "JavaFX-Launcher" [_thread_blocked, id=3140, stack(0x000000ed7d600000,0x000000ed7d700000)]
  0x000002d8079cea60 JavaThread "Thread-4" daemon [_thread_in_native, id=10096, stack(0x000000ed7d500000,0x000000ed7d600000)]
  0x000002d8079d14e0 JavaThread "Prism Font Disposer" daemon [_thread_blocked, id=2900, stack(0x000000ed7db00000,0x000000ed7dc00000)]
  0x000002d8079cf500 JavaThread "Cleaner-0" daemon [_thread_blocked, id=14248, stack(0x000000ed7dc00000,0x000000ed7dd00000)]
  0x000002d80746fca0 JavaThread "C2 CompilerThread1" daemon [_thread_blocked, id=12568, stack(0x000000ed7cf00000,0x000000ed7d000000)]
  0x000002d808cac330 JavaThread "C2 CompilerThread2" daemon [_thread_blocked, id=2320, stack(0x000000ed7d300000,0x000000ed7d400000)]

Other Threads:
=>0x000002d87f3ca690 VMThread "VM Thread" [stack: 0x000000ed7ba00000,0x000000ed7bb00000] [id=14264]
  0x000002d8653faff0 GCTaskThread "GC Thread#0" [stack: 0x000000ed7b500000,0x000000ed7b600000] [id=2908]
  0x000002d8054149d0 GCTaskThread "GC Thread#1" [stack: 0x000000ed7ca00000,0x000000ed7cb00000] [id=13116]
  0x000002d805437fb0 GCTaskThread "GC Thread#2" [stack: 0x000000ed7cb00000,0x000000ed7cc00000] [id=3360]
  0x000002d8055377a0 GCTaskThread "GC Thread#3" [stack: 0x000000ed7cc00000,0x000000ed7cd00000] [id=8560]
  0x000002d805537eb0 GCTaskThread "GC Thread#4" [stack: 0x000000ed7cd00000,0x000000ed7ce00000] [id=1236]
  0x000002d8055381c0 GCTaskThread "GC Thread#5" [stack: 0x000000ed7ce00000,0x000000ed7cf00000] [id=1976]
  0x000002d8070d1fc0 GCTaskThread "GC Thread#6" [stack: 0x000000ed7d400000,0x000000ed7d500000] [id=13840]
  0x000002d8070d1cb0 GCTaskThread "GC Thread#7" [stack: 0x000000ed7d700000,0x000000ed7d800000] [id=2360]
  0x000002d86540d470 ConcurrentGCThread "G1 Main Marker" terminated
  0x000002d86540ee00 ConcurrentGCThread "G1 Conc#0" [stack: 0x000000ed7b700000,0x000000ed7b800000] [id=1964]
  0x000002d8654990f0 ConcurrentGCThread "G1 Refine#0" terminated
  0x000002d865499a80 ConcurrentGCThread "G1 Service" terminated

Threads with active compile tasks:
C2 CompilerThread0  
[error occurred during error reporting (printing all threads), id 0xc0000005, EXCEPTION_ACCESS_VIOLATION (0xc0000005) at pc=0x00007ffc8896bb63]

VM state: at safepoint (shutting down)

VM Mutex/Monitor currently owned by a thread:  ([mutex/lock_event])
[0x000002d8653b6810] Threads_lock - owner thread: 0x000002d87f3ca690
[0x000002d8653b73e0] Heap_lock - owner thread: 0x000002d87f3ec050

Heap address: 0x0000000081c00000, size: 2020 MB, Compressed Oops mode: 32-bit

CDS archive(s) mapped at: [0x0000000800000000-0x0000000800bb0000-0x0000000800bb0000), size 12255232, SharedBaseAddress: 0x0000000800000000, ArchiveRelocationMode: 0.
Compressed class space mapped at: 0x0000000800c00000-0x0000000840c00000, reserved size: 1073741824
Narrow klass base: 0x0000000800000000, Narrow klass shift: 3, Narrow klass range: 0x100000000

GC Precious Log:
 CPUs: 8 total, 8 available
 Memory: 8074M
 Large Page Support: Disabled
 NUMA Support: Disabled
 Compressed Oops: Enabled (32-bit)
 Heap Region Size: 1M
 Heap Min Capacity: 8M
 Heap Initial Capacity: 128M
 Heap Max Capacity: 2020M
 Pre-touch: Disabled
 Parallel Workers: 8
 Concurrent Workers: 2
 Concurrent Refinement Workers: 8
 Periodic GC: Disabled

Heap:
 garbage-first heap   total 131072K, used 61840K [0x0000000081c00000, 0x0000000100000000)
  region size 1024K, 60 young (61440K), 7 survivors (7168K)
 Metaspace       used 19641K, committed 19904K, reserved 1073152K
  class space    used 2324K, committed 2496K, reserved 1048576K

Heap Regions: E=young(eden), S=young(survivor), O=old, HS=humongous(starts), HC=humongous(continues), CS=collection set, F=free, OA=open archive, CA=closed archive, TAMS=top-at-mark-start (previous, next)
|   0|0x0000000081c00000, 0x0000000081d00000, 0x0000000081d00000|100%|HS|  |TAMS 0x0000000081c00000, 0x0000000081c00000| Complete 
|   1|0x0000000081d00000, 0x0000000081e00000, 0x0000000081e00000|100%|HC|  |TAMS 0x0000000081d00000, 0x0000000081d00000| Complete 
|   2|0x0000000081e00000, 0x0000000081e00000, 0x0000000081f00000|  0%| F|  |TAMS 0x0000000081e00000, 0x0000000081e00000| Untracked 
|   3|0x0000000081f00000, 0x0000000081f00000, 0x0000000082000000|  0%| F|  |TAMS 0x0000000081f00000, 0x0000000081f00000| Untracked 
|   4|0x0000000082000000, 0x0000000082000000, 0x0000000082100000|  0%| F|  |TAMS 0x0000000082000000, 0x0000000082000000| Untracked 
|   5|0x0000000082100000, 0x0000000082100000, 0x0000000082200000|  0%| F|  |TAMS 0x0000000082100000, 0x0000000082100000| Untracked 
|   6|0x0000000082200000, 0x0000000082200000, 0x0000000082300000|  0%| F|  |TAMS 0x0000000082200000, 0x0000000082200000| Untracked 
|   7|0x0000000082300000, 0x0000000082300000, 0x0000000082400000|  0%| F|  |TAMS 0x0000000082300000, 0x0000000082300000| Untracked 
|   8|0x0000000082400000, 0x0000000082400000, 0x0000000082500000|  0%| F|  |TAMS 0x0000000082400000, 0x0000000082400000| Untracked 
|   9|0x0000000082500000, 0x0000000082500000, 0x0000000082600000|  0%| F|  |TAMS 0x0000000082500000, 0x0000000082500000| Untracked 
|  10|0x0000000082600000, 0x0000000082600000, 0x0000000082700000|  0%| F|  |TAMS 0x0000000082600000, 0x0000000082600000| Untracked 
|  11|0x0000000082700000, 0x0000000082700000, 0x0000000082800000|  0%| F|  |TAMS 0x0000000082700000, 0x0000000082700000| Untracked 
|  12|0x0000000082800000, 0x0000000082800000, 0x0000000082900000|  0%| F|  |TAMS 0x0000000082800000, 0x0000000082800000| Untracked 
|  13|0x0000000082900000, 0x0000000082900000, 0x0000000082a00000|  0%| F|  |TAMS 0x0000000082900000, 0x0000000082900000| Untracked 
|  14|0x0000000082a00000, 0x0000000082a00000, 0x0000000082b00000|  0%| F|  |TAMS 0x0000000082a00000, 0x0000000082a00000| Untracked 
|  15|0x0000000082b00000, 0x0000000082b00000, 0x0000000082c00000|  0%| F|  |TAMS 0x0000000082b00000, 0x0000000082b00000| Untracked 
|  16|0x0000000082c00000, 0x0000000082c00000, 0x0000000082d00000|  0%| F|  |TAMS 0x0000000082c00000, 0x0000000082c00000| Untracked 
|  17|0x0000000082d00000, 0x0000000082d00000, 0x0000000082e00000|  0%| F|  |TAMS 0x0000000082d00000, 0x0000000082d00000| Untracked 
|  18|0x0000000082e00000, 0x0000000082e00000, 0x0000000082f00000|  0%| F|  |TAMS 0x0000000082e00000, 0x0000000082e00000| Untracked 
|  19|0x0000000082f00000, 0x0000000082f00000, 0x0000000083000000|  0%| F|  |TAMS 0x0000000082f00000, 0x0000000082f00000| Untracked 
|  20|0x0000000083000000, 0x0000000083000000, 0x0000000083100000|  0%| F|  |TAMS 0x0000000083000000, 0x0000000083000000| Untracked 
|  21|0x0000000083100000, 0x0000000083100000, 0x0000000083200000|  0%| F|  |TAMS 0x0000000083100000, 0x0000000083100000| Untracked 
|  22|0x0000000083200000, 0x0000000083200000, 0x0000000083300000|  0%| F|  |TAMS 0x0000000083200000, 0x0000000083200000| Untracked 
|  23|0x0000000083300000, 0x0000000083300000, 0x0000000083400000|  0%| F|  |TAMS 0x0000000083300000, 0x0000000083300000| Untracked 
|  24|0x0000000083400000, 0x0000000083400000, 0x0000000083500000|  0%| F|  |TAMS 0x0000000083400000, 0x0000000083400000| Untracked 
|  25|0x0000000083500000, 0x0000000083500000, 0x0000000083600000|  0%| F|  |TAMS 0x0000000083500000, 0x0000000083500000| Untracked 
|  26|0x0000000083600000, 0x0000000083600000, 0x0000000083700000|  0%| F|  |TAMS 0x0000000083600000, 0x0000000083600000| Untracked 
|  27|0x0000000083700000, 0x0000000083700000, 0x0000000083800000|  0%| F|  |TAMS 0x0000000083700000, 0x0000000083700000| Untracked 
|  28|0x0000000083800000, 0x0000000083800000, 0x0000000083900000|  0%| F|  |TAMS 0x0000000083800000, 0x0000000083800000| Untracked 
|  29|0x0000000083900000, 0x0000000083900000, 0x0000000083a00000|  0%| F|  |TAMS 0x0000000083900000, 0x0000000083900000| Untracked 
|  30|0x0000000083a00000, 0x0000000083a00000, 0x0000000083b00000|  0%| F|  |TAMS 0x0000000083a00000, 0x0000000083a00000| Untracked 
|  31|0x0000000083b00000, 0x0000000083b00000, 0x0000000083c00000|  0%| F|  |TAMS 0x0000000083b00000, 0x0000000083b00000| Untracked 
|  32|0x0000000083c00000, 0x0000000083c00000, 0x0000000083d00000|  0%| F|  |TAMS 0x0000000083c00000, 0x0000000083c00000| Untracked 
|  33|0x0000000083d00000, 0x0000000083d00000, 0x0000000083e00000|  0%| F|  |TAMS 0x0000000083d00000, 0x0000000083d00000| Untracked 
|  34|0x0000000083e00000, 0x0000000083e00000, 0x0000000083f00000|  0%| F|  |TAMS 0x0000000083e00000, 0x0000000083e00000| Untracked 
|  35|0x0000000083f00000, 0x0000000083f00000, 0x0000000084000000|  0%| F|  |TAMS 0x0000000083f00000, 0x0000000083f00000| Untracked 
|  36|0x0000000084000000, 0x0000000084000000, 0x0000000084100000|  0%| F|  |TAMS 0x0000000084000000, 0x0000000084000000| Untracked 
|  37|0x0000000084100000, 0x0000000084100000, 0x0000000084200000|  0%| F|  |TAMS 0x0000000084100000, 0x0000000084100000| Untracked 
|  38|0x0000000084200000, 0x0000000084200000, 0x0000000084300000|  0%| F|  |TAMS 0x0000000084200000, 0x0000000084200000| Untracked 
|  39|0x0000000084300000, 0x0000000084300000, 0x0000000084400000|  0%| F|  |TAMS 0x0000000084300000, 0x0000000084300000| Untracked 
|  40|0x0000000084400000, 0x0000000084400000, 0x0000000084500000|  0%| F|  |TAMS 0x0000000084400000, 0x0000000084400000| Untracked 
|  41|0x0000000084500000, 0x0000000084500000, 0x0000000084600000|  0%| F|  |TAMS 0x0000000084500000, 0x0000000084500000| Untracked 
|  42|0x0000000084600000, 0x0000000084600000, 0x0000000084700000|  0%| F|  |TAMS 0x0000000084600000, 0x0000000084600000| Untracked 
|  43|0x0000000084700000, 0x0000000084700000, 0x0000000084800000|  0%| F|  |TAMS 0x0000000084700000, 0x0000000084700000| Untracked 
|  44|0x0000000084800000, 0x0000000084800000, 0x0000000084900000|  0%| F|  |TAMS 0x0000000084800000, 0x0000000084800000| Untracked 
|  45|0x0000000084900000, 0x00000000849642d0, 0x0000000084a00000| 39%| S|CS|TAMS 0x0000000084900000, 0x0000000084900000| Complete 
|  46|0x0000000084a00000, 0x0000000084b00000, 0x0000000084b00000|100%| S|CS|TAMS 0x0000000084a00000, 0x0000000084a00000| Complete 
|  47|0x0000000084b00000, 0x0000000084b00000, 0x0000000084c00000|  0%| F|  |TAMS 0x0000000084b00000, 0x0000000084b00000| Untracked 
|  48|0x0000000084c00000, 0x0000000084c00000, 0x0000000084d00000|  0%| F|  |TAMS 0x0000000084c00000, 0x0000000084c00000| Untracked 
|  49|0x0000000084d00000, 0x0000000084d00000, 0x0000000084e00000|  0%| F|  |TAMS 0x0000000084d00000, 0x0000000084d00000| Untracked 
|  50|0x0000000084e00000, 0x0000000084e00000, 0x0000000084f00000|  0%| F|  |TAMS 0x0000000084e00000, 0x0000000084e00000| Untracked 
|  51|0x0000000084f00000, 0x0000000084f00000, 0x0000000085000000|  0%| F|  |TAMS 0x0000000084f00000, 0x0000000084f00000| Untracked 
|  52|0x0000000085000000, 0x0000000085100000, 0x0000000085100000|100%| S|CS|TAMS 0x0000000085000000, 0x0000000085000000| Complete 
|  53|0x0000000085100000, 0x0000000085200000, 0x0000000085200000|100%| S|CS|TAMS 0x0000000085100000, 0x0000000085100000| Complete 
|  54|0x0000000085200000, 0x0000000085300000, 0x0000000085300000|100%| S|CS|TAMS 0x0000000085200000, 0x0000000085200000| Complete 
|  55|0x0000000085300000, 0x0000000085400000, 0x0000000085400000|100%| S|CS|TAMS 0x0000000085300000, 0x0000000085300000| Complete 
|  56|0x0000000085400000, 0x0000000085500000, 0x0000000085500000|100%| S|CS|TAMS 0x0000000085400000, 0x0000000085400000| Complete 
|  57|0x0000000085500000, 0x0000000085500000, 0x0000000085600000|  0%| F|  |TAMS 0x0000000085500000, 0x0000000085500000| Untracked 
|  58|0x0000000085600000, 0x0000000085600000, 0x0000000085700000|  0%| F|  |TAMS 0x0000000085600000, 0x0000000085600000| Untracked 
|  59|0x0000000085700000, 0x0000000085700000, 0x0000000085800000|  0%| F|  |TAMS 0x0000000085700000, 0x0000000085700000| Untracked 
|  60|0x0000000085800000, 0x0000000085800000, 0x0000000085900000|  0%| F|  |TAMS 0x0000000085800000, 0x0000000085800000| Untracked 
|  61|0x0000000085900000, 0x0000000085900000, 0x0000000085a00000|  0%| F|  |TAMS 0x0000000085900000, 0x0000000085900000| Untracked 
|  62|0x0000000085a00000, 0x0000000085a00000, 0x0000000085b00000|  0%| F|  |TAMS 0x0000000085a00000, 0x0000000085a00000| Untracked 
|  63|0x0000000085b00000, 0x0000000085b00000, 0x0000000085c00000|  0%| F|  |TAMS 0x0000000085b00000, 0x0000000085b00000| Untracked 
|  64|0x0000000085c00000, 0x0000000085c00000, 0x0000000085d00000|  0%| F|  |TAMS 0x0000000085c00000, 0x0000000085c00000| Untracked 
|  65|0x0000000085d00000, 0x0000000085d00000, 0x0000000085e00000|  0%| F|  |TAMS 0x0000000085d00000, 0x0000000085d00000| Untracked 
|  66|0x0000000085e00000, 0x0000000085e00000, 0x0000000085f00000|  0%| F|  |TAMS 0x0000000085e00000, 0x0000000085e00000| Untracked 
|  67|0x0000000085f00000, 0x0000000085f00000, 0x0000000086000000|  0%| F|  |TAMS 0x0000000085f00000, 0x0000000085f00000| Untracked 
|  68|0x0000000086000000, 0x0000000086000000, 0x0000000086100000|  0%| F|  |TAMS 0x0000000086000000, 0x0000000086000000| Untracked 
|  69|0x0000000086100000, 0x0000000086100000, 0x0000000086200000|  0%| F|  |TAMS 0x0000000086100000, 0x0000000086100000| Untracked 
|  70|0x0000000086200000, 0x0000000086200000, 0x0000000086300000|  0%| F|  |TAMS 0x0000000086200000, 0x0000000086200000| Untracked 
|  71|0x0000000086300000, 0x0000000086300000, 0x0000000086400000|  0%| F|  |TAMS 0x0000000086300000, 0x0000000086300000| Untracked 
|  72|0x0000000086400000, 0x0000000086400000, 0x0000000086500000|  0%| F|  |TAMS 0x0000000086400000, 0x0000000086400000| Untracked 
|  73|0x0000000086500000, 0x0000000086500000, 0x0000000086600000|  0%| F|  |TAMS 0x0000000086500000, 0x0000000086500000| Untracked 
|  74|0x0000000086600000, 0x0000000086600000, 0x0000000086700000|  0%| F|  |TAMS 0x0000000086600000, 0x0000000086600000| Untracked 
|  75|0x0000000086700000, 0x0000000086780800, 0x0000000086800000| 50%| E|  |TAMS 0x0000000086700000, 0x0000000086700000| Complete 
|  76|0x0000000086800000, 0x0000000086900000, 0x0000000086900000|100%| E|CS|TAMS 0x0000000086800000, 0x0000000086800000| Complete 
|  77|0x0000000086900000, 0x0000000086a00000, 0x0000000086a00000|100%| E|CS|TAMS 0x0000000086900000, 0x0000000086900000| Complete 
|  78|0x0000000086a00000, 0x0000000086b00000, 0x0000000086b00000|100%| E|CS|TAMS 0x0000000086a00000, 0x0000000086a00000| Complete 
|  79|0x0000000086b00000, 0x0000000086c00000, 0x0000000086c00000|100%| E|CS|TAMS 0x0000000086b00000, 0x0000000086b00000| Complete 
|  80|0x0000000086c00000, 0x0000000086d00000, 0x0000000086d00000|100%| E|CS|TAMS 0x0000000086c00000, 0x0000000086c00000| Complete 
|  81|0x0000000086d00000, 0x0000000086e00000, 0x0000000086e00000|100%| E|CS|TAMS 0x0000000086d00000, 0x0000000086d00000| Complete 
|  82|0x0000000086e00000, 0x0000000086f00000, 0x0000000086f00000|100%| E|CS|TAMS 0x0000000086e00000, 0x0000000086e00000| Complete 
|  83|0x0000000086f00000, 0x0000000087000000, 0x0000000087000000|100%| E|CS|TAMS 0x0000000086f00000, 0x0000000086f00000| Complete 
|  84|0x0000000087000000, 0x0000000087100000, 0x0000000087100000|100%| E|CS|TAMS 0x0000000087000000, 0x0000000087000000| Complete 
|  85|0x0000000087100000, 0x0000000087200000, 0x0000000087200000|100%| E|CS|TAMS 0x0000000087100000, 0x0000000087100000| Complete 
|  86|0x0000000087200000, 0x0000000087300000, 0x0000000087300000|100%| E|CS|TAMS 0x0000000087200000, 0x0000000087200000| Complete 
|  87|0x0000000087300000, 0x0000000087400000, 0x0000000087400000|100%| E|CS|TAMS 0x0000000087300000, 0x0000000087300000| Complete 
|  88|0x0000000087400000, 0x0000000087500000, 0x0000000087500000|100%| E|CS|TAMS 0x0000000087400000, 0x0000000087400000| Complete 
|  89|0x0000000087500000, 0x0000000087600000, 0x0000000087600000|100%| E|CS|TAMS 0x0000000087500000, 0x0000000087500000| Complete 
|  90|0x0000000087600000, 0x0000000087700000, 0x0000000087700000|100%| E|CS|TAMS 0x0000000087600000, 0x0000000087600000| Complete 
|  91|0x0000000087700000, 0x0000000087800000, 0x0000000087800000|100%| E|CS|TAMS 0x0000000087700000, 0x0000000087700000| Complete 
|  92|0x0000000087800000, 0x0000000087900000, 0x0000000087900000|100%| E|CS|TAMS 0x0000000087800000, 0x0000000087800000| Complete 
|  93|0x0000000087900000, 0x0000000087a00000, 0x0000000087a00000|100%| E|CS|TAMS 0x0000000087900000, 0x0000000087900000| Complete 
|  94|0x0000000087a00000, 0x0000000087b00000, 0x0000000087b00000|100%| E|CS|TAMS 0x0000000087a00000, 0x0000000087a00000| Complete 
|  95|0x0000000087b00000, 0x0000000087c00000, 0x0000000087c00000|100%| E|CS|TAMS 0x0000000087b00000, 0x0000000087b00000| Complete 
|  96|0x0000000087c00000, 0x0000000087d00000, 0x0000000087d00000|100%| E|CS|TAMS 0x0000000087c00000, 0x0000000087c00000| Complete 
|  97|0x0000000087d00000, 0x0000000087e00000, 0x0000000087e00000|100%| E|CS|TAMS 0x0000000087d00000, 0x0000000087d00000| Complete 
|  98|0x0000000087e00000, 0x0000000087f00000, 0x0000000087f00000|100%| E|CS|TAMS 0x0000000087e00000, 0x0000000087e00000| Complete 
|  99|0x0000000087f00000, 0x0000000088000000, 0x0000000088000000|100%| E|CS|TAMS 0x0000000087f00000, 0x0000000087f00000| Complete 
| 100|0x0000000088000000, 0x0000000088100000, 0x0000000088100000|100%| E|CS|TAMS 0x0000000088000000, 0x0000000088000000| Complete 
| 101|0x0000000088100000, 0x0000000088200000, 0x0000000088200000|100%| E|CS|TAMS 0x0000000088100000, 0x0000000088100000| Complete 
| 102|0x0000000088200000, 0x0000000088300000, 0x0000000088300000|100%| E|CS|TAMS 0x0000000088200000, 0x0000000088200000| Complete 
| 103|0x0000000088300000, 0x0000000088400000, 0x0000000088400000|100%| E|CS|TAMS 0x0000000088300000, 0x0000000088300000| Complete 
| 104|0x0000000088400000, 0x0000000088500000, 0x0000000088500000|100%| E|CS|TAMS 0x0000000088400000, 0x0000000088400000| Complete 
| 105|0x0000000088500000, 0x0000000088600000, 0x0000000088600000|100%| E|CS|TAMS 0x0000000088500000, 0x0000000088500000| Complete 
| 106|0x0000000088600000, 0x0000000088700000, 0x0000000088700000|100%| E|CS|TAMS 0x0000000088600000, 0x0000000088600000| Complete 
| 107|0x0000000088700000, 0x0000000088800000, 0x0000000088800000|100%| E|CS|TAMS 0x0000000088700000, 0x0000000088700000| Complete 
| 108|0x0000000088800000, 0x0000000088900000, 0x0000000088900000|100%| E|CS|TAMS 0x0000000088800000, 0x0000000088800000| Complete 
| 109|0x0000000088900000, 0x0000000088a00000, 0x0000000088a00000|100%| E|CS|TAMS 0x0000000088900000, 0x0000000088900000| Complete 
| 110|0x0000000088a00000, 0x0000000088b00000, 0x0000000088b00000|100%| E|CS|TAMS 0x0000000088a00000, 0x0000000088a00000| Complete 
| 111|0x0000000088b00000, 0x0000000088c00000, 0x0000000088c00000|100%| E|CS|TAMS 0x0000000088b00000, 0x0000000088b00000| Complete 
| 112|0x0000000088c00000, 0x0000000088d00000, 0x0000000088d00000|100%| E|CS|TAMS 0x0000000088c00000, 0x0000000088c00000| Complete 
| 113|0x0000000088d00000, 0x0000000088e00000, 0x0000000088e00000|100%| E|CS|TAMS 0x0000000088d00000, 0x0000000088d00000| Complete 
| 114|0x0000000088e00000, 0x0000000088f00000, 0x0000000088f00000|100%| E|CS|TAMS 0x0000000088e00000, 0x0000000088e00000| Complete 
| 115|0x0000000088f00000, 0x0000000089000000, 0x0000000089000000|100%| E|CS|TAMS 0x0000000088f00000, 0x0000000088f00000| Complete 
| 116|0x0000000089000000, 0x0000000089100000, 0x0000000089100000|100%| E|CS|TAMS 0x0000000089000000, 0x0000000089000000| Complete 
| 117|0x0000000089100000, 0x0000000089200000, 0x0000000089200000|100%| E|CS|TAMS 0x0000000089100000, 0x0000000089100000| Complete 
| 118|0x0000000089200000, 0x0000000089300000, 0x0000000089300000|100%| E|CS|TAMS 0x0000000089200000, 0x0000000089200000| Complete 
| 119|0x0000000089300000, 0x0000000089400000, 0x0000000089400000|100%| E|CS|TAMS 0x0000000089300000, 0x0000000089300000| Complete 
| 120|0x0000000089400000, 0x0000000089500000, 0x0000000089500000|100%| E|CS|TAMS 0x0000000089400000, 0x0000000089400000| Complete 
| 121|0x0000000089500000, 0x0000000089600000, 0x0000000089600000|100%| E|CS|TAMS 0x0000000089500000, 0x0000000089500000| Complete 
| 122|0x0000000089600000, 0x0000000089700000, 0x0000000089700000|100%| E|CS|TAMS 0x0000000089600000, 0x0000000089600000| Complete 
| 123|0x0000000089700000, 0x0000000089800000, 0x0000000089800000|100%| E|CS|TAMS 0x0000000089700000, 0x0000000089700000| Complete 
| 124|0x0000000089800000, 0x0000000089900000, 0x0000000089900000|100%| E|CS|TAMS 0x0000000089800000, 0x0000000089800000| Complete 
| 125|0x0000000089900000, 0x0000000089a00000, 0x0000000089a00000|100%| E|CS|TAMS 0x0000000089900000, 0x0000000089900000| Complete 
| 126|0x0000000089a00000, 0x0000000089b00000, 0x0000000089b00000|100%| E|CS|TAMS 0x0000000089a00000, 0x0000000089a00000| Complete 
| 127|0x0000000089b00000, 0x0000000089c00000, 0x0000000089c00000|100%| E|CS|TAMS 0x0000000089b00000, 0x0000000089b00000| Complete 

Card table byte_map: [0x000002d87c270000,0x000002d87c670000] _byte_map_base: 0x000002d87be62000

Marking Bits (Prev, Next): (CMBitMap*) 0x000002d8653fc600, (CMBitMap*) 0x000002d8653fc640
 Prev Bits: [0x000002d87ca70000, 0x000002d87ea00000)
 Next Bits: [0x000002d800000000, 0x000002d801f90000)

Polling page: 0x000002d863330000

Metaspace:

Usage:
  Non-class:     16.91 MB used.
      Class:      2.27 MB used.
       Both:     19.18 MB used.

Virtual space:
  Non-class space:       24.00 MB reserved,      17.00 MB ( 71%) committed,  3 nodes.
      Class space:        1.00 GB reserved,       2.44 MB ( <1%) committed,  1 nodes.
              Both:        1.02 GB reserved,      19.44 MB (  2%) committed. 

Chunk freelists:
   Non-Class:  2.95 MB
       Class:  1.54 MB
        Both:  4.50 MB

MaxMetaspaceSize: 17179869184.00 GB
CompressedClassSpaceSize: 1.00 GB
 - commit_granule_bytes: 65536.
 - commit_granule_words: 8192.
 - virtual_space_node_default_size: 1048576.
 - enlarge_chunks_in_place: 1.
 - new_chunks_are_fully_committed: 0.
 - uncommit_free_chunks: 1.
 - use_allocation_guard: 0.
 - handle_deallocations: 1.


Internal statistics:

num_allocs_failed_limit: 0.
num_arena_births: 228.
num_arena_deaths: 0.
num_vsnodes_births: 4.
num_vsnodes_deaths: 0.
num_space_committed: 311.
num_space_uncommitted: 0.
num_chunks_returned_to_freelist: 0.
num_chunks_taken_from_freelist: 859.
num_chunk_merges: 0.
num_chunk_splits: 593.
num_chunks_enlarged: 449.
num_purges: 0.

CodeHeap 'non-profiled nmethods': size=120000Kb used=2162Kb max_used=2162Kb free=117837Kb
 bounds [0x000002d874610000, 0x000002d874880000, 0x000002d87bb40000]
CodeHeap 'profiled nmethods': size=120000Kb used=8112Kb max_used=8112Kb free=111887Kb
 bounds [0x000002d86d0e0000, 0x000002d86d8d0000, 0x000002d874610000]
CodeHeap 'non-nmethods': size=5760Kb used=1446Kb max_used=1506Kb free=4313Kb
 bounds [0x000002d86cb40000, 0x000002d86cdb0000, 0x000002d86d0e0000]
 total_blobs=4508 nmethods=3704 adapters=715
 compilation: enabled
              stopped_count=0, restarted_count=0
 full_count=0

Compilation events (20 events):
Event: 12.750 Thread 0x000002d87f3f17a0 nmethod 3710 0x000002d874825190 code [0x000002d874825300, 0x000002d874825398]
Event: 12.750 Thread 0x000002d87f3f17a0 3711   !   4       java.nio.DirectByteBuffer::put (157 bytes)
Event: 12.760 Thread 0x000002d87f3f17a0 nmethod 3711 0x000002d874825490 code [0x000002d874825660, 0x000002d874825cb8]
Event: 12.760 Thread 0x000002d87f3f17a0 3712       4       sun.nio.ch.NioSocketImpl::ensureOpenAndConnected (36 bytes)
Event: 12.760 Thread 0x000002d87f3f17a0 nmethod 3712 0x000002d874826410 code [0x000002d8748265a0, 0x000002d874826638]
Event: 12.760 Thread 0x000002d87f3f17a0 3713       4       sun.nio.ch.Util::getTemporaryDirectBuffer (55 bytes)
Event: 12.771 Thread 0x000002d87f3f17a0 nmethod 3713 0x000002d874826710 code [0x000002d874826900, 0x000002d874826f90]
Event: 12.771 Thread 0x000002d87f3f17a0 3715   !   4       java.nio.DirectByteBuffer::address (53 bytes)
Event: 12.771 Thread 0x000002d80746fca0 3716       4       sun.nio.ch.Util::offerFirstTemporaryDirectBuffer (53 bytes)
Event: 12.772 Thread 0x000002d87f3f17a0 nmethod 3715 0x000002d874827590 code [0x000002d874827720, 0x000002d8748277b8]
Event: 12.772 Thread 0x000002d87f3f17a0 3714       4       sun.nio.ch.Util$BufferCache::get (164 bytes)
Event: 12.778 Thread 0x000002d80746fca0 nmethod 3716 0x000002d874827890 code [0x000002d874827a40, 0x000002d874827e18]
Event: 12.778 Thread 0x000002d80746fca0 3717       4       sun.nio.ch.Util$BufferCache::offerFirst (73 bytes)
Event: 12.780 Thread 0x000002d80746fca0 nmethod 3717 0x000002d874828110 code [0x000002d8748282a0, 0x000002d8748284d8]
Event: 12.780 Thread 0x000002d80746fca0 3718   !   4       sun.nio.ch.NioSocketImpl::write (90 bytes)
Event: 12.780 Thread 0x000002d808cac330 3719       4       sun.nio.ch.NioSocketImpl$2::write (11 bytes)
Event: 12.781 Thread 0x000002d87f3f17a0 nmethod 3714 0x000002d874828610 code [0x000002d8748287c0, 0x000002d874828c38]
Event: 12.781 Thread 0x000002d87f3f17a0 3720   !   4       sun.nio.ch.NioSocketImpl::implWrite (114 bytes)
Event: 12.844 Thread 0x000002d87f3f17a0 nmethod 3720 0x000002d874828f10 code [0x000002d8748291c0, 0x000002d87482aec8]
Event: 12.844 Thread 0x000002d87f3f17a0 3726 %     4       java.io.DataOutputStream::writeUTF @ 187 (411 bytes)

GC Heap History (8 events):
Event: 0.790 GC heap before
{Heap before GC invocations=0 (full 0):
 garbage-first heap   total 131072K, used 22528K [0x0000000081c00000, 0x0000000100000000)
  region size 1024K, 23 young (23552K), 0 survivors (0K)
 Metaspace       used 4921K, committed 5056K, reserved 1056768K
  class space    used 461K, committed 512K, reserved 1048576K
}
Event: 0.793 GC heap after
{Heap after GC invocations=1 (full 0):
 garbage-first heap   total 131072K, used 2507K [0x0000000081c00000, 0x0000000100000000)
  region size 1024K, 3 young (3072K), 3 survivors (3072K)
 Metaspace       used 4921K, committed 5056K, reserved 1056768K
  class space    used 461K, committed 512K, reserved 1048576K
}
Event: 1.664 GC heap before
{Heap before GC invocations=1 (full 0):
 garbage-first heap   total 131072K, used 35275K [0x0000000081c00000, 0x0000000100000000)
  region size 1024K, 36 young (36864K), 3 survivors (3072K)
 Metaspace       used 6647K, committed 6848K, reserved 1056768K
  class space    used 619K, committed 704K, reserved 1048576K
}
Event: 1.668 GC heap after
{Heap after GC invocations=2 (full 0):
 garbage-first heap   total 131072K, used 3251K [0x0000000081c00000, 0x0000000100000000)
  region size 1024K, 4 young (4096K), 4 survivors (4096K)
 Metaspace       used 6647K, committed 6848K, reserved 1056768K
  class space    used 619K, committed 704K, reserved 1048576K
}
Event: 2.107 GC heap before
{Heap before GC invocations=2 (full 0):
 garbage-first heap   total 131072K, used 76979K [0x0000000081c00000, 0x0000000100000000)
  region size 1024K, 76 young (77824K), 4 survivors (4096K)
 Metaspace       used 10800K, committed 11008K, reserved 1064960K
  class space    used 1124K, committed 1216K, reserved 1048576K
}
Event: 2.111 GC heap after
{Heap after GC invocations=3 (full 0):
 garbage-first heap   total 131072K, used 4689K [0x0000000081c00000, 0x0000000100000000)
  region size 1024K, 5 young (5120K), 5 survivors (5120K)
 Metaspace       used 10800K, committed 11008K, reserved 1064960K
  class space    used 1124K, committed 1216K, reserved 1048576K
}
Event: 2.616 GC heap before
{Heap before GC invocations=3 (full 0):
 garbage-first heap   total 131072K, used 77393K [0x0000000081c00000, 0x0000000100000000)
  region size 1024K, 76 young (77824K), 5 survivors (5120K)
 Metaspace       used 15116K, committed 15360K, reserved 1064960K
  class space    used 1740K, committed 1856K, reserved 1048576K
}
Event: 2.620 GC heap after
{Heap after GC invocations=4 (full 0):
 garbage-first heap   total 131072K, used 6544K [0x0000000081c00000, 0x0000000100000000)
  region size 1024K, 7 young (7168K), 7 survivors (7168K)
 Metaspace       used 15116K, committed 15360K, reserved 1064960K
  class space    used 1740K, committed 1856K, reserved 1048576K
}

Deoptimization events (20 events):
Event: 8.150 Thread 0x000002d87f3ec050 Uncommon trap: trap_request=0xfffffff4 fr.pc=0x000002d8747ef7b0 relative=0x0000000000000110
Event: 8.150 Thread 0x000002d87f3ec050 Uncommon trap: reason=null_check action=make_not_entrant pc=0x000002d8747ef7b0 method=javafx.scene.Node.getParent()Ljavafx/scene/Parent; @ 30 c2
Event: 8.150 Thread 0x000002d87f3ec050 DEOPT PACKING pc=0x000002d8747ef7b0 sp=0x000000ed7d2fcda0
Event: 8.150 Thread 0x000002d87f3ec050 DEOPT UNPACKING pc=0x000002d86cb8d72e sp=0x000000ed7d2fcd28 mode 2
Event: 9.047 Thread 0x000002d87f3ec050 Uncommon trap: trap_request=0xffffffde fr.pc=0x000002d874805b28 relative=0x0000000000001568
Event: 9.047 Thread 0x000002d87f3ec050 Uncommon trap: reason=class_check action=maybe_recompile pc=0x000002d874805b28 method=javafx.scene.Node.updateLocalToParentTransform()V @ 33 c2
Event: 9.047 Thread 0x000002d87f3ec050 DEOPT PACKING pc=0x000002d874805b28 sp=0x000000ed7d2fcb80
Event: 9.047 Thread 0x000002d87f3ec050 DEOPT UNPACKING pc=0x000002d86cb8d72e sp=0x000000ed7d2fcb38 mode 2
Event: 9.623 Thread 0x000002d87f3ec050 Uncommon trap: trap_request=0xffffffde fr.pc=0x000002d874805b28 relative=0x0000000000001568
Event: 9.623 Thread 0x000002d87f3ec050 Uncommon trap: reason=class_check action=maybe_recompile pc=0x000002d874805b28 method=javafx.scene.Node.updateLocalToParentTransform()V @ 33 c2
Event: 9.623 Thread 0x000002d87f3ec050 DEOPT PACKING pc=0x000002d874805b28 sp=0x000000ed7d2fcb80
Event: 9.623 Thread 0x000002d87f3ec050 DEOPT UNPACKING pc=0x000002d86cb8d72e sp=0x000000ed7d2fcb38 mode 2
Event: 10.136 Thread 0x000002d87f3ec050 Uncommon trap: trap_request=0xffffffde fr.pc=0x000002d874805b28 relative=0x0000000000001568
Event: 10.136 Thread 0x000002d87f3ec050 Uncommon trap: reason=class_check action=maybe_recompile pc=0x000002d874805b28 method=javafx.scene.Node.updateLocalToParentTransform()V @ 33 c2
Event: 10.136 Thread 0x000002d87f3ec050 DEOPT PACKING pc=0x000002d874805b28 sp=0x000000ed7d2fcb80
Event: 10.136 Thread 0x000002d87f3ec050 DEOPT UNPACKING pc=0x000002d86cb8d72e sp=0x000000ed7d2fcb38 mode 2
Event: 10.711 Thread 0x000002d87f3ec050 Uncommon trap: trap_request=0xffffffde fr.pc=0x000002d874805b28 relative=0x0000000000001568
Event: 10.711 Thread 0x000002d87f3ec050 Uncommon trap: reason=class_check action=maybe_recompile pc=0x000002d874805b28 method=javafx.scene.Node.updateLocalToParentTransform()V @ 33 c2
Event: 10.711 Thread 0x000002d87f3ec050 DEOPT PACKING pc=0x000002d874805b28 sp=0x000000ed7d2fcb80
Event: 10.712 Thread 0x000002d87f3ec050 DEOPT UNPACKING pc=0x000002d86cb8d72e sp=0x000000ed7d2fcb38 mode 2

Classes unloaded (0 events):
No events

Classes redefined (0 events):
No events

Internal exceptions (20 events):
Event: 2.194 Thread 0x000002d87f3ec050 Exception <a 'java/lang/NoSuchMethodError'{0x0000000088ebfce0}: 'void java.lang.invoke.DirectMethodHandle$Holder.invokeStaticInit(java.lang.Object, java.lang.Object)'> (0x0000000088ebfce0) 
thrown [t:\workspace\open\src\hotspot\share\interpreter\linkResolver.cpp, line 790]
Event: 2.336 Thread 0x000002d87f3ec050 Implicit null exception at 0x000002d87462eb60 to 0x000002d87462ebfa
Event: 2.563 Thread 0x000002d87f3ec050 Exception <a 'java/lang/NoSuchMethodError'{0x0000000085d732c0}: 'java.lang.Object java.lang.invoke.DirectMethodHandle$Holder.invokeInterface(java.lang.Object, java.lang.Object, java.lang.Object)'> (0x0000000085d732c0) 
thrown [t:\workspace\open\src\hotspot\share\interpreter\linkResolver.cpp, line 790]
Event: 2.564 Thread 0x000002d87f3ec050 Exception <a 'java/lang/IncompatibleClassChangeError'{0x0000000085d76e40}: Found class java.lang.Object, but interface was expected> (0x0000000085d76e40) 
thrown [t:\workspace\open\src\hotspot\share\interpreter\linkResolver.cpp, line 857]
Event: 2.651 Thread 0x000002d87f3ec050 Exception <a 'java/lang/ClassNotFoundException'{0x00000000897c4f88}: com/sun/javafx/scene/control/skin/resources/controls> (0x00000000897c4f88) 
thrown [t:\workspace\open\src\hotspot\share\prims\jni.cpp, line 600]
Event: 2.652 Thread 0x000002d87f3ec050 Exception <a 'java/lang/ClassNotFoundException'{0x00000000897d2a88}: com/sun/javafx/scene/control/skin/resources/controls_en> (0x00000000897d2a88) 
thrown [t:\workspace\open\src\hotspot\share\prims\jni.cpp, line 600]
Event: 2.652 Thread 0x000002d87f3ec050 Exception <a 'java/lang/ClassNotFoundException'{0x00000000897d4138}: com/sun/javafx/scene/control/skin/resources/controls_en_MY> (0x00000000897d4138) 
thrown [t:\workspace\open\src\hotspot\share\prims\jni.cpp, line 600]
Event: 2.697 Thread 0x000002d87f3ec050 Exception <a 'java/lang/NoSuchMethodError'{0x00000000894a6f78}: 'void java.lang.invoke.DirectMethodHandle$Holder.invokeSpecial(java.lang.Object, java.lang.Object, java.lang.Object, java.lang.Object, java.lang.Object, java.lang.Object)'> (0x00000000894a6f78) 
thrown [t:\workspace\open\src\hotspot\share\interpreter\linkResolver.cpp, line 790]
Event: 2.824 Thread 0x000002d87f3ec050 Exception <a 'java/lang/NoSuchMethodError'{0x000000008851c128}: 'java.lang.Object java.lang.invoke.DirectMethodHandle$Holder.newInvokeSpecial(java.lang.Object, java.lang.Object, int)'> (0x000000008851c128) 
thrown [t:\workspace\open\src\hotspot\share\interpreter\linkResolver.cpp, line 790]
Event: 2.857 Thread 0x000002d87f3ebb00 Exception <a 'java/lang/NoSuchMethodError'{0x00000000883da9d0}: 'int java.lang.invoke.DirectMethodHandle$Holder.invokeStaticInit(java.lang.Object, java.lang.Object)'> (0x00000000883da9d0) 
thrown [t:\workspace\open\src\hotspot\share\interpreter\linkResolver.cpp, line 790]
Event: 2.892 Thread 0x000002d87f3ebb00 Implicit null exception at 0x000002d87473fd6f to 0x000002d8747409d0
Event: 3.854 Thread 0x000002d87f3ec050 Exception <a 'java/lang/NoSuchMethodError'{0x0000000086f239f8}: 'long java.lang.invoke.DirectMethodHandle$Holder.invokeStatic(java.lang.Object, java.lang.Object, java.lang.Object)'> (0x0000000086f239f8) 
thrown [t:\workspace\open\src\hotspot\share\interpreter\linkResolver.cpp, line 790]
Event: 3.854 Thread 0x000002d87f3ec050 Exception <a 'java/lang/NoSuchMethodError'{0x0000000086f27650}: 'long java.lang.invoke.DirectMethodHandle$Holder.invokeStaticInit(java.lang.Object, java.lang.Object, java.lang.Object)'> (0x0000000086f27650) 
thrown [t:\workspace\open\src\hotspot\share\interpreter\linkResolver.cpp, line 790]
Event: 3.856 Thread 0x000002d87f3ec050 Exception <a 'java/lang/NoSuchMethodError'{0x0000000086f3f818}: 'java.lang.Object java.lang.invoke.DirectMethodHandle$Holder.newInvokeSpecial(java.lang.Object, java.lang.Object, long)'> (0x0000000086f3f818) 
thrown [t:\workspace\open\src\hotspot\share\interpreter\linkResolver.cpp, line 790]
Event: 3.856 Thread 0x000002d87f3ec050 Exception <a 'java/lang/NoSuchMethodError'{0x0000000086f43588}: 'java.lang.Object java.lang.invoke.Invokers$Holder.linkToTargetMethod(java.lang.Object, long, java.lang.Object)'> (0x0000000086f43588) 
thrown [t:\workspace\open\src\hotspot\share\interpreter\linkResolver.cpp, line 790]
Event: 5.738 Thread 0x000002d87f3ec050 Exception <a 'java/lang/NoSuchMethodError'{0x0000000086ef5448}: 'java.lang.Object java.lang.invoke.DirectMethodHandle$Holder.newInvokeSpecial(java.lang.Object, java.lang.Object, int, int, int, int, int, java.lang.Object)'> (0x0000000086ef5448) 
thrown [t:\workspace\open\src\hotspot\share\interpreter\linkResolver.cpp, line 790]
Event: 5.739 Thread 0x000002d87f3ec050 Exception <a 'java/lang/NoSuchMethodError'{0x0000000086d09648}: 'java.lang.Object java.lang.invoke.DirectMethodHandle$Holder.newInvokeSpecial(java.lang.Object, java.lang.Object, java.lang.Object, int, int, int, int, int)'> (0x0000000086d09648) 
thrown [t:\workspace\open\src\hotspot\share\interpreter\linkResolver.cpp, line 790]
Event: 5.739 Thread 0x000002d87f3ec050 Exception <a 'java/lang/NoSuchMethodError'{0x0000000086d11460}: 'java.lang.Object java.lang.invoke.Invokers$Holder.linkToTargetMethod(java.lang.Object, java.lang.Object, int, int, int, int, int, java.lang.Object)'> (0x0000000086d11460) 
thrown [t:\workspace\open\src\hotspot\share\interpreter\linkResolver.cpp, line 790]
Event: 8.150 Thread 0x000002d87f3ec050 Implicit null exception at 0x000002d8747ef720 to 0x000002d8747ef7a4
Event: 12.844 Thread 0x000002d87f3ecaf0 Exception <a 'java/io/IOException'{0x0000000086700070}> (0x0000000086700070) 
thrown [t:\workspace\open\src\hotspot\share\prims\jni.cpp, line 579]

Events (20 events):
Event: 12.837 loading class sun/nio/ch/SocketOptionRegistry$RegistryKey
Event: 12.837 loading class sun/nio/ch/SocketOptionRegistry$RegistryKey done
Event: 12.837 loading class sun/nio/ch/SocketOptionRegistry$LazyInitialization
Event: 12.837 loading class sun/nio/ch/SocketOptionRegistry$LazyInitialization done
Event: 12.837 loading class sun/nio/ch/OptionKey
Event: 12.837 loading class sun/nio/ch/OptionKey done
Event: 12.837 loading class sun/nio/ch/ExtendedSocketOption
Event: 12.838 loading class sun/nio/ch/ExtendedSocketOption done
Event: 12.838 loading class sun/nio/ch/ExtendedSocketOption$1
Event: 12.839 loading class sun/nio/ch/ExtendedSocketOption$1 done
Event: 12.844 loading class java/net/SocketTimeoutException
Event: 12.844 loading class java/io/InterruptedIOException
Event: 12.844 loading class java/io/InterruptedIOException done
Event: 12.844 loading class java/net/SocketTimeoutException done
Event: 12.844 loading class sun/net/ConnectionResetException
Event: 12.844 loading class sun/net/ConnectionResetException done
Event: 12.845 Thread 0x000002d87f3ecaf0 Thread exited: 0x000002d87f3ecaf0
Event: 12.845 Thread 0x000002d8079ce510 Thread exited: 0x000002d8079ce510
Event: 12.845 Thread 0x000002d87f3dfed0 Thread exited: 0x000002d87f3dfed0
Event: 12.845 Executing  VM operation: Exit


Dynamic libraries:
0x00007ff7f4ba0000 - 0x00007ff7f4bb0000 	C:\Program Files\Java\jdk-16.0.1\bin\javaw.exe
0x00007ffcdfd90000 - 0x00007ffcdff85000 	C:\WINDOWS\SYSTEM32\ntdll.dll
0x00007ffcde810000 - 0x00007ffcde8cd000 	C:\WINDOWS\System32\KERNEL32.DLL
0x00007ffcdd910000 - 0x00007ffcddbd9000 	C:\WINDOWS\System32\KERNELBASE.dll
0x00007ffcdd580000 - 0x00007ffcdd680000 	C:\WINDOWS\System32\ucrtbase.dll
0x00007ffcd7f20000 - 0x00007ffcd7f38000 	C:\Program Files\Java\jdk-16.0.1\bin\jli.dll
0x00007ffcd7730000 - 0x00007ffcd7749000 	C:\Program Files\Java\jdk-16.0.1\bin\VCRUNTIME140.dll
0x00007ffcdf5c0000 - 0x00007ffcdf66c000 	C:\WINDOWS\System32\ADVAPI32.dll
0x00007ffcdf1f0000 - 0x00007ffcdf28e000 	C:\WINDOWS\System32\msvcrt.dll
0x00007ffcdfb70000 - 0x00007ffcdfc0b000 	C:\WINDOWS\System32\sechost.dll
0x00007ffcdf290000 - 0x00007ffcdf3ba000 	C:\WINDOWS\System32\RPCRT4.dll
0x00007ffcde660000 - 0x00007ffcde800000 	C:\WINDOWS\System32\USER32.dll
0x00007ffcbdb90000 - 0x00007ffcbde2a000 	C:\WINDOWS\WinSxS\amd64_microsoft.windows.common-controls_6595b64144ccf1df_6.0.19041.1110_none_60b5254171f9507e\COMCTL32.dll
0x00007ffcddd70000 - 0x00007ffcddd92000 	C:\WINDOWS\System32\win32u.dll
0x00007ffcde940000 - 0x00007ffcde96a000 	C:\WINDOWS\System32\GDI32.dll
0x00007ffcdd800000 - 0x00007ffcdd90b000 	C:\WINDOWS\System32\gdi32full.dll
0x00007ffcdd760000 - 0x00007ffcdd7fd000 	C:\WINDOWS\System32\msvcp_win.dll
0x00007ffcd5fa0000 - 0x00007ffcd5faa000 	C:\WINDOWS\SYSTEM32\VERSION.dll
0x00007ffcdfd20000 - 0x00007ffcdfd50000 	C:\WINDOWS\System32\IMM32.DLL
0x00007ffcd6790000 - 0x00007ffcd679c000 	C:\Program Files\Java\jdk-16.0.1\bin\vcruntime140_1.dll
0x00007ffcc72f0000 - 0x00007ffcc7381000 	C:\Program Files\Java\jdk-16.0.1\bin\msvcp140.dll
0x00007ffc881e0000 - 0x00007ffc88d8b000 	C:\Program Files\Java\jdk-16.0.1\bin\server\jvm.dll
0x00007ffcdf670000 - 0x00007ffcdf678000 	C:\WINDOWS\System32\PSAPI.DLL
0x00007ffcc8820000 - 0x00007ffcc8829000 	C:\WINDOWS\SYSTEM32\WSOCK32.dll
0x00007ffcd3b50000 - 0x00007ffcd3b77000 	C:\WINDOWS\SYSTEM32\WINMM.dll
0x00007ffcde8d0000 - 0x00007ffcde93b000 	C:\WINDOWS\System32\WS2_32.dll
0x00007ffcdbd70000 - 0x00007ffcdbd82000 	C:\WINDOWS\SYSTEM32\kernel.appcore.dll
0x00007ffcd6780000 - 0x00007ffcd678a000 	C:\Program Files\Java\jdk-16.0.1\bin\jimage.dll
0x00007ffcdb220000 - 0x00007ffcdb404000 	C:\WINDOWS\SYSTEM32\DBGHELP.DLL
0x00007ffcd47c0000 - 0x00007ffcd47ec000 	C:\WINDOWS\SYSTEM32\dbgcore.DLL
0x00007ffcdd680000 - 0x00007ffcdd703000 	C:\WINDOWS\System32\bcryptPrimitives.dll
0x00007ffcd6770000 - 0x00007ffcd677e000 	C:\Program Files\Java\jdk-16.0.1\bin\instrument.dll
0x00007ffcd66e0000 - 0x00007ffcd6705000 	C:\Program Files\Java\jdk-16.0.1\bin\java.dll
0x00007ffcde980000 - 0x00007ffcdf0bf000 	C:\WINDOWS\System32\SHELL32.dll
0x00007ffcdb5c0000 - 0x00007ffcdbd51000 	C:\WINDOWS\SYSTEM32\windows.storage.dll
0x00007ffcdf680000 - 0x00007ffcdf9d5000 	C:\WINDOWS\System32\combase.dll
0x00007ffcdcf40000 - 0x00007ffcdcf6c000 	C:\WINDOWS\SYSTEM32\Wldp.dll
0x00007ffcdfac0000 - 0x00007ffcdfb6e000 	C:\WINDOWS\System32\SHCORE.dll
0x00007ffcdde00000 - 0x00007ffcdde55000 	C:\WINDOWS\System32\shlwapi.dll
0x00007ffcdd410000 - 0x00007ffcdd42f000 	C:\WINDOWS\SYSTEM32\profapi.dll
0x00007ffcc7530000 - 0x00007ffcc7549000 	C:\Program Files\Java\jdk-16.0.1\bin\net.dll
0x00007ffcd7330000 - 0x00007ffcd743a000 	C:\WINDOWS\SYSTEM32\WINHTTP.dll
0x00007ffcdcca0000 - 0x00007ffcdcd0a000 	C:\WINDOWS\system32\mswsock.dll
0x00007ffcc7510000 - 0x00007ffcc7523000 	C:\Program Files\Java\jdk-16.0.1\bin\nio.dll
0x00007ffcc74a0000 - 0x00007ffcc74b8000 	C:\Program Files\Java\jdk-16.0.1\bin\zip.dll
0x00007ffcd5060000 - 0x00007ffcd5070000 	C:\Program Files\Java\jdk-16.0.1\bin\verify.dll
0x00007ffcc7450000 - 0x00007ffcc7467000 	C:\WINDOWS\system32\napinsp.dll
0x00007ffcc72d0000 - 0x00007ffcc72eb000 	C:\WINDOWS\system32\pnrpnsp.dll
0x00007ffcd77d0000 - 0x00007ffcd77e5000 	C:\WINDOWS\system32\wshbth.dll
0x00007ffcd6660000 - 0x00007ffcd667d000 	C:\WINDOWS\system32\NLAapi.dll
0x00007ffcdc940000 - 0x00007ffcdc97b000 	C:\WINDOWS\SYSTEM32\IPHLPAPI.DLL
0x00007ffcdc980000 - 0x00007ffcdca4c000 	C:\WINDOWS\SYSTEM32\DNSAPI.dll
0x00007ffcde800000 - 0x00007ffcde808000 	C:\WINDOWS\System32\NSI.dll
0x00007ffcc72b0000 - 0x00007ffcc72c2000 	C:\WINDOWS\System32\winrnr.dll
0x00007ffcd5f90000 - 0x00007ffcd5f9a000 	C:\Windows\System32\rasadhlp.dll
0x00007ffccf980000 - 0x00007ffccf9ff000 	C:\WINDOWS\System32\fwpuclnt.dll
0x00007ffcddbe0000 - 0x00007ffcddc07000 	C:\WINDOWS\System32\bcrypt.dll
0x00007ffcd4e40000 - 0x00007ffcd4e57000 	C:\WINDOWS\SYSTEM32\dhcpcsvc6.DLL
0x00007ffcd5fb0000 - 0x00007ffcd5fcd000 	C:\WINDOWS\SYSTEM32\dhcpcsvc.DLL
0x000002d803fa0000 - 0x000002d803fa3000 	C:\Users\farha\Downloads\openjfx-16_windows-x64_bin-sdk\javafx-sdk-16\bin\api-ms-win-core-console-l1-1-0.dll
0x000002d803fb0000 - 0x000002d803fb3000 	C:\Users\farha\Downloads\openjfx-16_windows-x64_bin-sdk\javafx-sdk-16\bin\api-ms-win-core-console-l1-2-0.dll
0x000002d803fc0000 - 0x000002d803fc3000 	C:\Users\farha\Downloads\openjfx-16_windows-x64_bin-sdk\javafx-sdk-16\bin\api-ms-win-core-datetime-l1-1-0.dll
0x000002d803fd0000 - 0x000002d803fd3000 	C:\Users\farha\Downloads\openjfx-16_windows-x64_bin-sdk\javafx-sdk-16\bin\api-ms-win-core-debug-l1-1-0.dll
0x000002d803fe0000 - 0x000002d803fe3000 	C:\Users\farha\Downloads\openjfx-16_windows-x64_bin-sdk\javafx-sdk-16\bin\api-ms-win-core-errorhandling-l1-1-0.dll
0x000002d803ff0000 - 0x000002d803ff4000 	C:\Users\farha\Downloads\openjfx-16_windows-x64_bin-sdk\javafx-sdk-16\bin\api-ms-win-core-file-l1-1-0.dll
0x000002d806810000 - 0x000002d806813000 	C:\Users\farha\Downloads\openjfx-16_windows-x64_bin-sdk\javafx-sdk-16\bin\api-ms-win-core-file-l1-2-0.dll
0x000002d806820000 - 0x000002d806823000 	C:\Users\farha\Downloads\openjfx-16_windows-x64_bin-sdk\javafx-sdk-16\bin\api-ms-win-core-file-l2-1-0.dll
0x000002d806830000 - 0x000002d806833000 	C:\Users\farha\Downloads\openjfx-16_windows-x64_bin-sdk\javafx-sdk-16\bin\api-ms-win-core-handle-l1-1-0.dll
0x000002d806950000 - 0x000002d806953000 	C:\Users\farha\Downloads\openjfx-16_windows-x64_bin-sdk\javafx-sdk-16\bin\api-ms-win-core-heap-l1-1-0.dll
0x000002d806840000 - 0x000002d806843000 	C:\Users\farha\Downloads\openjfx-16_windows-x64_bin-sdk\javafx-sdk-16\bin\api-ms-win-core-interlocked-l1-1-0.dll
0x000002d806850000 - 0x000002d806853000 	C:\Users\farha\Downloads\openjfx-16_windows-x64_bin-sdk\javafx-sdk-16\bin\api-ms-win-core-libraryloader-l1-1-0.dll
0x000002d806860000 - 0x000002d806863000 	C:\Users\farha\Downloads\openjfx-16_windows-x64_bin-sdk\javafx-sdk-16\bin\api-ms-win-core-localization-l1-2-0.dll
0x000002d806870000 - 0x000002d806873000 	C:\Users\farha\Downloads\openjfx-16_windows-x64_bin-sdk\javafx-sdk-16\bin\api-ms-win-core-memory-l1-1-0.dll
0x000002d806880000 - 0x000002d806883000 	C:\Users\farha\Downloads\openjfx-16_windows-x64_bin-sdk\javafx-sdk-16\bin\api-ms-win-core-namedpipe-l1-1-0.dll
0x000002d806890000 - 0x000002d806893000 	C:\Users\farha\Downloads\openjfx-16_windows-x64_bin-sdk\javafx-sdk-16\bin\api-ms-win-core-processenvironment-l1-1-0.dll
0x000002d8068a0000 - 0x000002d8068a3000 	C:\Users\farha\Downloads\openjfx-16_windows-x64_bin-sdk\javafx-sdk-16\bin\api-ms-win-core-processthreads-l1-1-0.dll
0x000002d8068b0000 - 0x000002d8068b3000 	C:\Users\farha\Downloads\openjfx-16_windows-x64_bin-sdk\javafx-sdk-16\bin\api-ms-win-core-processthreads-l1-1-1.dll
0x000002d8068c0000 - 0x000002d8068c3000 	C:\Users\farha\Downloads\openjfx-16_windows-x64_bin-sdk\javafx-sdk-16\bin\api-ms-win-core-profile-l1-1-0.dll
0x000002d8068d0000 - 0x000002d8068d3000 	C:\Users\farha\Downloads\openjfx-16_windows-x64_bin-sdk\javafx-sdk-16\bin\api-ms-win-core-rtlsupport-l1-1-0.dll
0x000002d8068e0000 - 0x000002d8068e3000 	C:\Users\farha\Downloads\openjfx-16_windows-x64_bin-sdk\javafx-sdk-16\bin\api-ms-win-core-string-l1-1-0.dll
0x000002d8068f0000 - 0x000002d8068f3000 	C:\Users\farha\Downloads\openjfx-16_windows-x64_bin-sdk\javafx-sdk-16\bin\api-ms-win-core-synch-l1-1-0.dll
0x000002d806900000 - 0x000002d806903000 	C:\Users\farha\Downloads\openjfx-16_windows-x64_bin-sdk\javafx-sdk-16\bin\api-ms-win-core-synch-l1-2-0.dll
0x000002d806910000 - 0x000002d806913000 	C:\Users\farha\Downloads\openjfx-16_windows-x64_bin-sdk\javafx-sdk-16\bin\api-ms-win-core-sysinfo-l1-1-0.dll
0x000002d806920000 - 0x000002d806923000 	C:\Users\farha\Downloads\openjfx-16_windows-x64_bin-sdk\javafx-sdk-16\bin\api-ms-win-core-timezone-l1-1-0.dll
0x000002d806930000 - 0x000002d806933000 	C:\Users\farha\Downloads\openjfx-16_windows-x64_bin-sdk\javafx-sdk-16\bin\api-ms-win-core-util-l1-1-0.dll
0x000002d806940000 - 0x000002d806943000 	C:\Users\farha\Downloads\openjfx-16_windows-x64_bin-sdk\javafx-sdk-16\bin\api-ms-win-crt-conio-l1-1-0.dll
0x000002d806960000 - 0x000002d806964000 	C:\Users\farha\Downloads\openjfx-16_windows-x64_bin-sdk\javafx-sdk-16\bin\api-ms-win-crt-convert-l1-1-0.dll
0x000002d806970000 - 0x000002d806973000 	C:\Users\farha\Downloads\openjfx-16_windows-x64_bin-sdk\javafx-sdk-16\bin\api-ms-win-crt-environment-l1-1-0.dll
0x000002d806980000 - 0x000002d806983000 	C:\Users\farha\Downloads\openjfx-16_windows-x64_bin-sdk\javafx-sdk-16\bin\api-ms-win-crt-filesystem-l1-1-0.dll
0x000002d806990000 - 0x000002d806993000 	C:\Users\farha\Downloads\openjfx-16_windows-x64_bin-sdk\javafx-sdk-16\bin\api-ms-win-crt-heap-l1-1-0.dll
0x000002d8069a0000 - 0x000002d8069a3000 	C:\Users\farha\Downloads\openjfx-16_windows-x64_bin-sdk\javafx-sdk-16\bin\api-ms-win-crt-locale-l1-1-0.dll
0x000002d8069b0000 - 0x000002d8069b5000 	C:\Users\farha\Downloads\openjfx-16_windows-x64_bin-sdk\javafx-sdk-16\bin\api-ms-win-crt-math-l1-1-0.dll
0x000002d8069c0000 - 0x000002d8069c5000 	C:\Users\farha\Downloads\openjfx-16_windows-x64_bin-sdk\javafx-sdk-16\bin\api-ms-win-crt-multibyte-l1-1-0.dll
0x000002d806ec0000 - 0x000002d806ed0000 	C:\Users\farha\Downloads\openjfx-16_windows-x64_bin-sdk\javafx-sdk-16\bin\api-ms-win-crt-private-l1-1-0.dll
0x000002d806ed0000 - 0x000002d806ed3000 	C:\Users\farha\Downloads\openjfx-16_windows-x64_bin-sdk\javafx-sdk-16\bin\api-ms-win-crt-process-l1-1-0.dll
0x000002d806ee0000 - 0x000002d806ee4000 	C:\Users\farha\Downloads\openjfx-16_windows-x64_bin-sdk\javafx-sdk-16\bin\api-ms-win-crt-runtime-l1-1-0.dll
0x000002d806ef0000 - 0x000002d806ef4000 	C:\Users\farha\Downloads\openjfx-16_windows-x64_bin-sdk\javafx-sdk-16\bin\api-ms-win-crt-stdio-l1-1-0.dll
0x000002d806f00000 - 0x000002d806f04000 	C:\Users\farha\Downloads\openjfx-16_windows-x64_bin-sdk\javafx-sdk-16\bin\api-ms-win-crt-string-l1-1-0.dll
0x000002d806f10000 - 0x000002d806f13000 	C:\Users\farha\Downloads\openjfx-16_windows-x64_bin-sdk\javafx-sdk-16\bin\api-ms-win-crt-time-l1-1-0.dll
0x000002d806f20000 - 0x000002d806f23000 	C:\Users\farha\Downloads\openjfx-16_windows-x64_bin-sdk\javafx-sdk-16\bin\api-ms-win-crt-utility-l1-1-0.dll
0x00007ffcb7510000 - 0x00007ffcb760c000 	C:\Users\farha\Downloads\openjfx-16_windows-x64_bin-sdk\javafx-sdk-16\bin\ucrtbase.dll
0x00007ffcc7290000 - 0x00007ffcc72a9000 	C:\Users\farha\Downloads\openjfx-16_windows-x64_bin-sdk\javafx-sdk-16\bin\vcruntime140.dll
0x00007ffcd29c0000 - 0x00007ffcd29cc000 	C:\Users\farha\Downloads\openjfx-16_windows-x64_bin-sdk\javafx-sdk-16\bin\vcruntime140_1.dll
0x00007ffcc6f80000 - 0x00007ffcc7011000 	C:\Users\farha\Downloads\openjfx-16_windows-x64_bin-sdk\javafx-sdk-16\bin\msvcp140.dll
0x00007ffcc7260000 - 0x00007ffcc7287000 	C:\Users\farha\Downloads\openjfx-16_windows-x64_bin-sdk\javafx-sdk-16\bin\prism_d3d.dll
0x00007ffc98c90000 - 0x00007ffc98e5e000 	C:\WINDOWS\system32\d3d9.dll
0x00007ffcdada0000 - 0x00007ffcdadcf000 	C:\WINDOWS\SYSTEM32\dwmapi.dll
0x00007ffcdaac0000 - 0x00007ffcdab5e000 	C:\WINDOWS\system32\uxtheme.dll
0x00007ffcddc10000 - 0x00007ffcddd6f000 	C:\WINDOWS\System32\crypt32.dll
0x00007ffcd5680000 - 0x00007ffcd56b1000 	C:\WINDOWS\SYSTEM32\cryptnet.dll
0x00007ffcdcea0000 - 0x00007ffcdceac000 	C:\WINDOWS\SYSTEM32\cryptbase.dll
0x00007ffcddda0000 - 0x00007ffcdde00000 	C:\WINDOWS\System32\WINTRUST.DLL
0x00007ffcdd0c0000 - 0x00007ffcdd0d2000 	C:\WINDOWS\SYSTEM32\MSASN1.dll
0x00007ffcddec0000 - 0x00007ffcddedd000 	C:\WINDOWS\System32\imagehlp.dll
0x00007ffcdce80000 - 0x00007ffcdce98000 	C:\WINDOWS\SYSTEM32\CRYPTSP.dll
0x00007ffcdc5d0000 - 0x00007ffcdc604000 	C:\WINDOWS\system32\rsaenh.dll
0x00007ffcc6da0000 - 0x00007ffcc6de2000 	C:\Users\farha\Downloads\openjfx-16_windows-x64_bin-sdk\javafx-sdk-16\bin\glass.dll
0x00007ffcdf3c0000 - 0x00007ffcdf49a000 	C:\WINDOWS\System32\COMDLG32.dll
0x00007ffcdf0c0000 - 0x00007ffcdf1ea000 	C:\WINDOWS\System32\ole32.dll
0x00007ffcddee0000 - 0x00007ffcddfad000 	C:\WINDOWS\System32\OLEAUT32.dll
0x00007ffcdf4a0000 - 0x00007ffcdf5b5000 	C:\WINDOWS\System32\MSCTF.dll
0x00007ffcd1420000 - 0x00007ffcd145b000 	C:\WINDOWS\SYSTEM32\dxcore.dll
0x00007ffcdd710000 - 0x00007ffcdd75e000 	C:\WINDOWS\System32\cfgmgr32.dll
0x00007ffcc71e0000 - 0x00007ffcc71f4000 	C:\Users\farha\Downloads\openjfx-16_windows-x64_bin-sdk\javafx-sdk-16\bin\javafx_font.dll
0x00007ffcc9320000 - 0x00007ffcc959f000 	C:\WINDOWS\SYSTEM32\dwrite.dll
0x00007ffcdfc10000 - 0x00007ffcdfcb9000 	C:\WINDOWS\System32\clbcatq.dll
0x00007ffcd3eb0000 - 0x00007ffcd4064000 	C:\WINDOWS\SYSTEM32\WindowsCodecs.dll
0x00007ffcc0900000 - 0x00007ffcc093e000 	C:\WINDOWS\system32\dataexchange.dll

dbghelp: loaded successfully - version: 4.0.5 - missing functions: none
symbol engine: initialized successfully - sym options: 0x614 - pdb path: .;C:\Program Files\Java\jdk-16.0.1\bin;C:\WINDOWS\SYSTEM32;C:\WINDOWS\WinSxS\amd64_microsoft.windows.common-controls_6595b64144ccf1df_6.0.19041.1110_none_60b5254171f9507e;C:\Program Files\Java\jdk-16.0.1\bin\server;C:\Users\farha\Downloads\openjfx-16_windows-x64_bin-sdk\javafx-sdk-16\bin;C:\WINDOWS\System32\DriverStore\FileRepository\nvami.inf_amd64_8592088b0b875d85;C:\WINDOWS\System32\DriverStore\FileRepository\iigd_dch.inf_amd64_93cd1ac04c27c7e5;C:\Program Files\Common Files\Microsoft Shared\Ink

VM Arguments:
jvm_args: -javaagent:C:\Users\farha\eclipse\java-2021-03\eclipse\configuration\org.eclipse.osgi\412\0\.cp\jacocoagent.jar=includes=*,excludes=,exclclassloader=sun.reflect.DelegatingClassLoader,output=tcpclient,port=64348 --module-path=C:\Users\farha\Downloads\openjfx-16_windows-x64_bin-sdk\javafx-sdk-16\lib --add-modules=javafx.controls,javafx.fxml -Dfile.encoding=Cp1252 --module-path=C:\Users\farha\.p2\pool\plugins\org.eclipse.fx.ide.css.jfx8_3.7.0.202010120832.jar;C:\Users\farha\Downloads\openjfx-16_windows-x64_bin-sdk\javafx-sdk-16\lib\javafx.base.jar;C:\Users\farha\Downloads\openjfx-16_windows-x64_bin-sdk\javafx-sdk-16\lib\javafx.controls.jar;C:\Users\farha\Downloads\openjfx-16_windows-x64_bin-sdk\javafx-sdk-16\lib\javafx.fxml.jar;C:\Users\farha\Downloads\openjfx-16_windows-x64_bin-sdk\javafx-sdk-16\lib\javafx.graphics.jar;C:\Users\farha\Downloads\openjfx-16_windows-x64_bin-sdk\javafx-sdk-16\lib\javafx.media.jar;C:\Users\farha\Downloads\openjfx-16_windows-x64_bin-sdk\javafx-sdk-16\lib\javafx.swing.jar;C:\Users\farha\Downloads\openjfx-16_windows-x64_bin-sdk\javafx-sdk-16\lib\javafx.web.jar;C:\Users\farha\Downloads\openjfx-16_windows-x64_bin-sdk\javafx-sdk-16\lib\javafx-swt.jar -XX:+ShowCodeDetailsInExceptionMessages 
java_command: application.SystemManager
java_class_path (initial): C:\Users\farha\OneDrive\Documents\GitHub\OOPProjectTicTacToe\OOPHW10\bin
Launcher Type: SUN_STANDARD

[Global flags]
     intx CICompilerCount                          = 4                                         {product} {ergonomic}
     uint ConcGCThreads                            = 2                                         {product} {ergonomic}
     uint G1ConcRefinementThreads                  = 8                                         {product} {ergonomic}
   size_t G1HeapRegionSize                         = 1048576                                   {product} {ergonomic}
    uintx GCDrainStackTargetSize                   = 64                                        {product} {ergonomic}
   size_t InitialHeapSize                          = 134217728                                 {product} {ergonomic}
   size_t MarkStackSize                            = 4194304                                   {product} {ergonomic}
   size_t MaxHeapSize                              = 2118123520                                {product} {ergonomic}
   size_t MaxNewSize                               = 1270874112                                {product} {ergonomic}
   size_t MinHeapDeltaBytes                        = 1048576                                   {product} {ergonomic}
   size_t MinHeapSize                              = 8388608                                   {product} {ergonomic}
    uintx NonNMethodCodeHeapSize                   = 5839372                                {pd product} {ergonomic}
    uintx NonProfiledCodeHeapSize                  = 122909434                              {pd product} {ergonomic}
    uintx ProfiledCodeHeapSize                     = 122909434                              {pd product} {ergonomic}
    uintx ReservedCodeCacheSize                    = 251658240                              {pd product} {ergonomic}
     bool SegmentedCodeCache                       = true                                      {product} {ergonomic}
     bool ShowCodeDetailsInExceptionMessages       = true                                   {manageable} {command line}
   size_t SoftMaxHeapSize                          = 2118123520                             {manageable} {ergonomic}
     bool UseCompressedClassPointers               = true                           {product lp64_product} {ergonomic}
     bool UseCompressedOops                        = true                           {product lp64_product} {ergonomic}
     bool UseG1GC                                  = true                                      {product} {ergonomic}
     bool UseLargePagesIndividualAllocation        = false                                  {pd product} {ergonomic}

Logging:
Log output configuration:
 #0: stdout all=off uptime,level,tags
 #1: stderr all=off uptime,level,tags

Environment Variables:
JAVA_HOME=C:\Program Files\Java\jdk1.8.0_291
PATH=C:/Users/farha/.p2/pool/plugins/org.eclipse.justj.openjdk.hotspot.jre.full.win32.x86_64_15.0.2.v20210201-0955/jre/bin/server;C:/Users/farha/.p2/pool/plugins/org.eclipse.justj.openjdk.hotspot.jre.full.win32.x86_64_15.0.2.v20210201-0955/jre/bin;C:\MinGW\bin;C:\Users\farha\AppData\Local\Microsoft\WindowsApps;C:\Program Files\JetBrains\CLion 2020.3.1\bin;;C:\android\platform-tools;C:\ffmpeg\bin;C:\Users\farha\AppData\Local\GitHubDesktop\bin;C:\Program Files\Graphviz\bin;;C:\WINDOWS\system32;
USERNAME=farhanrs7
OS=Windows_NT
PROCESSOR_IDENTIFIER=Intel64 Family 6 Model 142 Stepping 10, GenuineIntel



---------------  S Y S T E M  ---------------

OS:
 Windows 10 , 64 bit Build 19041 (10.0.19041.1023)
OS uptime: 1 days 17:20 hours

CPU: total 8 (initial active 8) (4 cores per cpu, 2 threads per core) family 6 model 142 stepping 10 microcode 0xb4, cx8, cmov, fxsr, ht, mmx, 3dnowpref, sse, sse2, sse3, ssse3, sse4.1, sse4.2, popcnt, lzcnt, tsc, tscinvbit, avx, avx2, aes, erms, clmul, bmi1, bmi2, adx, fma, vzeroupper, clflush, clflushopt

Memory: 4k page, system-wide physical 8074M (2930M free)
TotalPageFile size 13450M (AvailPageFile size 4915M)
current process WorkingSet (physical memory assigned to process): 191M, peak: 236M
current process commit charge ("private bytes"): 306M, peak: 344M

vm_info: Java HotSpot(TM) 64-Bit Server VM (16.0.1+9-24) for windows-amd64 JRE (16.0.1+9-24), built on Mar 26 2021 19:31:42 by "mach5one" with MS VC++ 16.7 (VS2019)

END.
