#
# A fatal error has been detected by the Java Runtime Environment:
#
#  EXCEPTION_ACCESS_VIOLATION (0xc0000005) at pc=0x00007ffcac446997, pid=14260, tid=13796
#
# JRE version: Java(TM) SE Runtime Environment (16.0.1+9) (build 16.0.1+9-24)
# Java VM: Java HotSpot(TM) 64-Bit Server VM (16.0.1+9-24, mixed mode, sharing, tiered, compressed oops, compressed class ptrs, g1 gc, windows-amd64)
# Problematic frame:
# C  [glass.dll+0x26997]
#
# No core dump will be written. Minidumps are not enabled by default on client versions of Windows
#
# If you would like to submit a bug report, please visit:
#   https://bugreport.java.com/bugreport/crash.jsp
#

---------------  S U M M A R Y ------------

Command Line: --module-path=C:\Users\farha\Downloads\openjfx-16_windows-x64_bin-sdk\javafx-sdk-16\lib --add-modules=javafx.controls,javafx.fxml -Dfile.encoding=Cp1252 --module-path=C:\Users\farha\.p2\pool\plugins\org.eclipse.fx.ide.css.jfx8_3.7.0.202010120832.jar;C:\Users\farha\Downloads\openjfx-16_windows-x64_bin-sdk\javafx-sdk-16\lib\javafx.base.jar;C:\Users\farha\Downloads\openjfx-16_windows-x64_bin-sdk\javafx-sdk-16\lib\javafx.controls.jar;C:\Users\farha\Downloads\openjfx-16_windows-x64_bin-sdk\javafx-sdk-16\lib\javafx.fxml.jar;C:\Users\farha\Downloads\openjfx-16_windows-x64_bin-sdk\javafx-sdk-16\lib\javafx.graphics.jar;C:\Users\farha\Downloads\openjfx-16_windows-x64_bin-sdk\javafx-sdk-16\lib\javafx.media.jar;C:\Users\farha\Downloads\openjfx-16_windows-x64_bin-sdk\javafx-sdk-16\lib\javafx.swing.jar;C:\Users\farha\Downloads\openjfx-16_windows-x64_bin-sdk\javafx-sdk-16\lib\javafx.web.jar;C:\Users\farha\Downloads\openjfx-16_windows-x64_bin-sdk\javafx-sdk-16\lib\javafx-swt.jar -XX:+ShowCodeDetailsInExceptionMessages application.SystemManager

Host: Intel(R) Core(TM) i5-8250U CPU @ 1.60GHz, 8 cores, 7G,  Windows 10 , 64 bit Build 19041 (10.0.19041.1023)
Time: Thu Aug  5 21:28:35 2021 Malay Peninsula Standard Time elapsed time: 72.602783 seconds (0d 0h 1m 12s)

---------------  T H R E A D  ---------------

Current thread (0x0000018f32dd8ac0):  VMThread "VM Thread" [stack: 0x0000006aa3500000,0x0000006aa3600000] [id=13796]

Stack: [0x0000006aa3500000,0x0000006aa3600000],  sp=0x0000006aa35fee30,  free space=1019k
Native frames: (J=compiled Java code, j=interpreted, Vv=VM code, C=native code)
C  [glass.dll+0x26997]


siginfo: EXCEPTION_ACCESS_VIOLATION (0xc0000005), reading address 0x0000000000000000


Register to memory mapping:

RIP=0x00007ffcac446997 glass.dll
RAX=0x0 is NULL
RBX=0x0000018f32ddfbb0 is a global jni handle
RCX=0x0000018f32dd8ac0 points into unknown readable memory: 0x00007ffc81acf628 | 28 f6 ac 81 fc 7f 00 00
RDX=0x0000006aa35fee30 points into unknown readable memory: 0x0000000000000000 | 00 00 00 00 00 00 00 00
RSP=0x0000006aa35fee30 points into unknown readable memory: 0x0000000000000000 | 00 00 00 00 00 00 00 00
RBP=0x0000018f33eafe58 points into unknown readable memory: 0x00008c4b39cabd2d | 2d bd ca 39 4b 8c 00 00
RSI=0x0000018f33eafe30 points into unknown readable memory: 0x87a90c4b363528a5 | a5 28 35 36 4b 0c a9 87
RDI=0x00008c4b39cabd2d is an unknown value
R8 =0x0000000000010002 is an unknown value
R9 =0x00008c4b39cabd2d is an unknown value
R10=0x0000000000008000 is an unknown value
R11=0x0000006aa35fedc0 points into unknown readable memory: 0x0000018f33eafe30 | 30 fe ea 33 8f 01 00 00
R12=0x00007ffcac444234 glass.dll
R13=0x0000018f14e8e5d0 points into unknown readable memory: 0x8000000900000001 | 01 00 00 00 09 00 00 80
R14=0x0000006aa35fef28 points into unknown readable memory: 0x0000006aa35fef10 | 10 ef 5f a3 6a 00 00 00
R15=0x0000018f33eafe30 points into unknown readable memory: 0x87a90c4b363528a5 | a5 28 35 36 4b 0c a9 87


Registers:
RAX=0x0000000000000000, RBX=0x0000018f32ddfbb0, RCX=0x0000018f32dd8ac0, RDX=0x0000006aa35fee30
RSP=0x0000006aa35fee30, RBP=0x0000018f33eafe58, RSI=0x0000018f33eafe30, RDI=0x00008c4b39cabd2d
R8 =0x0000000000010002, R9 =0x00008c4b39cabd2d, R10=0x0000000000008000, R11=0x0000006aa35fedc0
R12=0x00007ffcac444234, R13=0x0000018f14e8e5d0, R14=0x0000006aa35fef28, R15=0x0000018f33eafe30
RIP=0x00007ffcac446997, EFLAGS=0x0000000000010206

Top of Stack: (sp=0x0000006aa35fee30)
0x0000006aa35fee30:   0000000000000000 0000018f33eafe30
0x0000006aa35fee40:   0000018f14e8e5d0 00007ffcac444234
0x0000006aa35fee50:   0000018f33eafe38 00007ffcdd5942d6
0x0000006aa35fee60:   00008c4b39cabd2d 0000018f00000000
0x0000006aa35fee70:   0000018f33eafe58 0000018f33eafe30
0x0000006aa35fee80:   fffffffffffffffe 0000000000000000
0x0000006aa35fee90:   0000000000000001 00007ffcac420000
0x0000006aa35feea0:   0000006aa35fef18 00007ffcdd5941fb
0x0000006aa35feeb0:   0000000000000000 0000006aa35fef28
0x0000006aa35feec0:   0000006aa35ff1f0 00007ffcdd670e40
0x0000006aa35feed0:   0000000000000001 00007ffcdd5941b4
0x0000006aa35feee0:   0000000000000000 0000000000000001
0x0000006aa35feef0:   0000000000000001 0000006aa35fef18
0x0000006aa35fef00:   0000000000000000 00007ffcac4440c1
0x0000006aa35fef10:   00007ffcac45a128 00007ffc00000002
0x0000006aa35fef20:   0000000000000002 0000006aa35fef10 

Instructions: (pc=0x00007ffcac446997)
0x00007ffcac446897:   8b 4d 58 e8 d1 ce ff ff 48 8b 4d 60 e8 c8 ce ff
0x00007ffcac4468a7:   ff 48 8b 95 80 00 00 00 48 8b 8d 18 01 00 00 e8
0x00007ffcac4468b7:   96 c3 ff ff 33 d2 33 c9 e8 12 e1 ff ff 90 48 89
0x00007ffcac4468c7:   54 24 10 55 48 83 ec 20 48 8b ea 48 b8 00 00 00
0x00007ffcac4468d7:   00 00 00 00 00 48 83 c4 20 5d c3 cc 40 55 48 8b
0x00007ffcac4468e7:   ea 48 8b 01 33 c9 81 38 05 00 00 c0 0f 94 c1 8b
0x00007ffcac4468f7:   c1 5d c3 cc 40 55 48 83 ec 20 48 8b ea 8a 4d 40
0x00007ffcac446907:   48 83 c4 20 5d e9 c7 d2 ff ff cc 40 55 48 83 ec
0x00007ffcac446917:   20 48 8b ea 8a 4d 20 e8 b5 d2 ff ff 90 48 83 c4
0x00007ffcac446927:   20 5d c3 cc 40 55 48 83 ec 20 48 8b ea 48 83 c4
0x00007ffcac446937:   20 5d e9 16 d1 ff ff cc 40 55 48 83 ec 30 48 8b
0x00007ffcac446947:   ea 48 8b 01 8b 10 48 89 4c 24 28 89 54 24 20 4c
0x00007ffcac446957:   8d 0d b7 d5 ff ff 4c 8b 45 70 8b 55 68 48 8b 4d
0x00007ffcac446967:   60 e8 57 d0 ff ff 90 48 83 c4 30 5d c3 cc cc cc
0x00007ffcac446977:   cc cc cc cc cc cc cc cc cc 40 53 48 83 ec 20 48
0x00007ffcac446987:   8b 1d 93 31 01 00 48 85 db 74 16 e8 29 8b ff ff
0x00007ffcac446997:   4c 8b 00 48 8b d3 48 8b c8 41 ff 90 b0 00 00 00
0x00007ffcac4469a7:   90 48 83 c4 20 5b c3 cc cc 40 53 48 83 ec 20 48
0x00007ffcac4469b7:   8b 1d 0b 33 01 00 48 85 db 74 57 b8 ff ff ff ff
0x00007ffcac4469c7:   f0 0f c1 43 10 83 f8 01 75 3d 48 85 db 74 38 48
0x00007ffcac4469d7:   8b 0b 48 85 c9 74 0d ff 15 c4 08 00 00 48 c7 03
0x00007ffcac4469e7:   00 00 00 00 48 8b 4b 08 48 85 c9 74 0d e8 77 cd
0x00007ffcac4469f7:   ff ff 48 c7 43 08 00 00 00 00 ba 18 00 00 00 48
0x00007ffcac446a07:   8b cb e8 62 cd ff ff 48 c7 05 af 32 01 00 00 00
0x00007ffcac446a17:   00 00 48 83 c4 20 5b c3 cc 40 53 48 83 ec 20 48
0x00007ffcac446a27:   8b 1d 7b 32 01 00 48 85 db 74 57 b8 ff ff ff ff
0x00007ffcac446a37:   f0 0f c1 43 10 83 f8 01 75 3d 48 85 db 74 38 48
0x00007ffcac446a47:   8b 0b 48 85 c9 74 0d ff 15 54 08 00 00 48 c7 03
0x00007ffcac446a57:   00 00 00 00 48 8b 4b 08 48 85 c9 74 0d e8 07 cd
0x00007ffcac446a67:   ff ff 48 c7 43 08 00 00 00 00 ba 18 00 00 00 48
0x00007ffcac446a77:   8b cb e8 f2 cc ff ff 48 c7 05 1f 32 01 00 00 00
0x00007ffcac446a87:   00 00 48 83 c4 20 5b c3 cc 40 53 48 83 ec 20 48 


Stack slot to memory mapping:
stack at sp + 0 slots: 0x0 is NULL
stack at sp + 1 slots: 0x0000018f33eafe30 points into unknown readable memory: 0x87a90c4b363528a5 | a5 28 35 36 4b 0c a9 87
stack at sp + 2 slots: 0x0000018f14e8e5d0 points into unknown readable memory: 0x8000000900000001 | 01 00 00 00 09 00 00 80
stack at sp + 3 slots: 0x00007ffcac444234 glass.dll
stack at sp + 4 slots: 0x0000018f33eafe38 points into unknown readable memory: 0x00008c4b39cabd2d | 2d bd ca 39 4b 8c 00 00
stack at sp + 5 slots: 0x00007ffcdd5942d6 ucrtbase.dll
stack at sp + 6 slots: 0x00008c4b39cabd2d is an unknown value
stack at sp + 7 slots: 0x0000018f00000000 is an unknown value

VM_Operation (0x0000006aa47fbb10): Exit, mode: safepoint, requested by thread 0x0000018f33fbe0f0


---------------  P R O C E S S  ---------------

Threads class SMR info:
_java_thread_list=0x0000018f38fa9c30, length=19, elements={
0x0000018f14e390e0, 0x0000018f32ddcdc0, 0x0000018f32dde330, 0x0000018f32dee3b0,
0x0000018f32defed0, 0x0000018f32df2f90, 0x0000018f32df5050, 0x0000018f32dfb9f0,
0x0000018f32e00400, 0x0000018f32e34d60, 0x0000018f32dba520, 0x0000018f33ea1180,
0x0000018f33e5c750, 0x0000018f33d1da20, 0x0000018f33fbe0f0, 0x0000018f38b9b350,
0x0000018f38b9bdc0, 0x0000018f38f53eb0, 0x0000018f38f53960
}

Java Threads: ( => current thread )
  0x0000018f14e390e0 JavaThread "main" [_thread_blocked, id=8788, stack(0x0000006aa2f00000,0x0000006aa3000000)]
  0x0000018f32ddcdc0 JavaThread "Reference Handler" daemon [_thread_blocked, id=12548, stack(0x0000006aa3600000,0x0000006aa3700000)]
  0x0000018f32dde330 JavaThread "Finalizer" daemon [_thread_blocked, id=12152, stack(0x0000006aa3700000,0x0000006aa3800000)]
  0x0000018f32dee3b0 JavaThread "Signal Dispatcher" daemon [_thread_blocked, id=14188, stack(0x0000006aa3800000,0x0000006aa3900000)]
  0x0000018f32defed0 JavaThread "Attach Listener" daemon [_thread_blocked, id=7732, stack(0x0000006aa3900000,0x0000006aa3a00000)]
  0x0000018f32df2f90 JavaThread "Service Thread" daemon [_thread_blocked, id=9784, stack(0x0000006aa3a00000,0x0000006aa3b00000)]
  0x0000018f32df5050 JavaThread "Monitor Deflation Thread" daemon [_thread_blocked, id=9736, stack(0x0000006aa3b00000,0x0000006aa3c00000)]
  0x0000018f32dfb9f0 JavaThread "C2 CompilerThread0" daemon [_thread_blocked, id=9452, stack(0x0000006aa3c00000,0x0000006aa3d00000)]
  0x0000018f32e00400 JavaThread "C1 CompilerThread0" daemon [_thread_blocked, id=7480, stack(0x0000006aa3d00000,0x0000006aa3e00000)]
  0x0000018f32e34d60 JavaThread "Sweeper thread" daemon [_thread_blocked, id=7588, stack(0x0000006aa3e00000,0x0000006aa3f00000)]
  0x0000018f32dba520 JavaThread "Common-Cleaner" daemon [_thread_blocked, id=3772, stack(0x0000006aa3f00000,0x0000006aa4000000)]
  0x0000018f33ea1180 JavaThread "Notification Thread" daemon [_thread_blocked, id=6928, stack(0x0000006aa4200000,0x0000006aa4300000)]
  0x0000018f33e5c750 JavaThread "QuantumRenderer-0" daemon [_thread_blocked, id=3112, stack(0x0000006aa4400000,0x0000006aa4500000)]
  0x0000018f33d1da20 JavaThread "InvokeLaterDispatcher" daemon [_thread_blocked, id=14000, stack(0x0000006aa4600000,0x0000006aa4700000)]
  0x0000018f33fbe0f0 JavaThread "JavaFX Application Thread" [_thread_blocked, id=11436, stack(0x0000006aa4700000,0x0000006aa4800000)]
  0x0000018f38b9b350 JavaThread "JavaFX-Launcher" [_thread_blocked, id=11540, stack(0x0000006aa4100000,0x0000006aa4200000)]
  0x0000018f38b9bdc0 JavaThread "Thread-2" daemon [_thread_in_native, id=12696, stack(0x0000006aa4000000,0x0000006aa4100000)]
  0x0000018f38f53eb0 JavaThread "Prism Font Disposer" daemon [_thread_blocked, id=1592, stack(0x0000006aa5200000,0x0000006aa5300000)]
  0x0000018f38f53960 JavaThread "Cleaner-0" daemon [_thread_blocked, id=11988, stack(0x0000006aa5400000,0x0000006aa5500000)]

Other Threads:
=>0x0000018f32dd8ac0 VMThread "VM Thread" [stack: 0x0000006aa3500000,0x0000006aa3600000] [id=13796]
  0x0000018f14e7a250 GCTaskThread "GC Thread#0" [stack: 0x0000006aa3000000,0x0000006aa3100000] [id=12308]
  0x0000018f38b89a30 GCTaskThread "GC Thread#1" [stack: 0x0000006aa4900000,0x0000006aa4a00000] [id=11728]
  0x0000018f38b89d40 GCTaskThread "GC Thread#2" [stack: 0x0000006aa4a00000,0x0000006aa4b00000] [id=12264]
  0x0000018f38b8a050 GCTaskThread "GC Thread#3" [stack: 0x0000006aa4b00000,0x0000006aa4c00000] [id=928]
  0x0000018f38b8a980 GCTaskThread "GC Thread#4" [stack: 0x0000006aa4c00000,0x0000006aa4d00000] [id=13596]
  0x0000018f38b887d0 GCTaskThread "GC Thread#5" [stack: 0x0000006aa4d00000,0x0000006aa4e00000] [id=12908]
  0x0000018f33d2eb00 GCTaskThread "GC Thread#6" [stack: 0x0000006aa2e00000,0x0000006aa2f00000] [id=1728]
  0x0000018f33d309a0 GCTaskThread "GC Thread#7" [stack: 0x0000006aa4500000,0x0000006aa4600000] [id=12660]
  0x0000018f14e8c6d0 ConcurrentGCThread "G1 Main Marker" terminated
  0x0000018f14e8d0d0 ConcurrentGCThread "G1 Conc#0" [stack: 0x0000006aa3200000,0x0000006aa3300000] [id=10900]
  0x0000018f14f17450 ConcurrentGCThread "G1 Refine#0" terminated
  0x0000018f14f17e60 ConcurrentGCThread "G1 Service" terminated

Threads with active compile tasks:
C1 CompilerThread0  
[error occurred during error reporting (printing all threads), id 0xc0000005, EXCEPTION_ACCESS_VIOLATION (0xc0000005) at pc=0x00007ffc818ebb63]

VM state: at safepoint (shutting down)

VM Mutex/Monitor currently owned by a thread:  ([mutex/lock_event])
[0x0000018f14e36790] Threads_lock - owner thread: 0x0000018f32dd8ac0
[0x0000018f14e35f20] Heap_lock - owner thread: 0x0000018f33fbe0f0

Heap address: 0x0000000081c00000, size: 2020 MB, Compressed Oops mode: 32-bit

CDS archive(s) mapped at: [0x0000000800000000-0x0000000800bb0000-0x0000000800bb0000), size 12255232, SharedBaseAddress: 0x0000000800000000, ArchiveRelocationMode: 0.
Compressed class space mapped at: 0x0000000800c00000-0x0000000840c00000, reserved size: 1073741824
Narrow klass base: 0x0000000800000000, Narrow klass shift: 3, Narrow klass range: 0x100000000

GC Precious Log:
 CPUs: 8 total, 8 available
 Memory: 8074M
 Large Page Support: Disabled
 NUMA Support: Disabled
 Compressed Oops: Enabled (32-bit)
 Heap Region Size: 1M
 Heap Min Capacity: 8M
 Heap Initial Capacity: 128M
 Heap Max Capacity: 2020M
 Pre-touch: Disabled
 Parallel Workers: 8
 Concurrent Workers: 2
 Concurrent Refinement Workers: 8
 Periodic GC: Disabled

Heap:
 garbage-first heap   total 131072K, used 10000K [0x0000000081c00000, 0x0000000100000000)
  region size 1024K, 6 young (6144K), 4 survivors (4096K)
 Metaspace       used 14469K, committed 14720K, reserved 1064960K
  class space    used 2021K, committed 2112K, reserved 1048576K

Heap Regions: E=young(eden), S=young(survivor), O=old, HS=humongous(starts), HC=humongous(continues), CS=collection set, F=free, OA=open archive, CA=closed archive, TAMS=top-at-mark-start (previous, next)
|   0|0x0000000081c00000, 0x0000000081d00000, 0x0000000081d00000|100%| O|  |TAMS 0x0000000081c00000, 0x0000000081c00000| Untracked 
|   1|0x0000000081d00000, 0x0000000081e00000, 0x0000000081e00000|100%|HS|  |TAMS 0x0000000081d00000, 0x0000000081d00000| Complete 
|   2|0x0000000081e00000, 0x0000000081f00000, 0x0000000081f00000|100%|HC|  |TAMS 0x0000000081e00000, 0x0000000081e00000| Complete 
|   3|0x0000000081f00000, 0x0000000082000000, 0x0000000082000000|100%| O|  |TAMS 0x0000000081f00000, 0x0000000081f00000| Untracked 
|   4|0x0000000082000000, 0x00000000820dae00, 0x0000000082100000| 85%| O|  |TAMS 0x0000000082000000, 0x0000000082000000| Untracked 
|   5|0x0000000082100000, 0x0000000082100000, 0x0000000082200000|  0%| F|  |TAMS 0x0000000082100000, 0x0000000082100000| Untracked 
|   6|0x0000000082200000, 0x0000000082200000, 0x0000000082300000|  0%| F|  |TAMS 0x0000000082200000, 0x0000000082200000| Untracked 
|   7|0x0000000082300000, 0x0000000082300000, 0x0000000082400000|  0%| F|  |TAMS 0x0000000082300000, 0x0000000082300000| Untracked 
|   8|0x0000000082400000, 0x0000000082400000, 0x0000000082500000|  0%| F|  |TAMS 0x0000000082400000, 0x0000000082400000| Untracked 
|   9|0x0000000082500000, 0x0000000082500000, 0x0000000082600000|  0%| F|  |TAMS 0x0000000082500000, 0x0000000082500000| Untracked 
|  10|0x0000000082600000, 0x0000000082600000, 0x0000000082700000|  0%| F|  |TAMS 0x0000000082600000, 0x0000000082600000| Untracked 
|  11|0x0000000082700000, 0x0000000082700000, 0x0000000082800000|  0%| F|  |TAMS 0x0000000082700000, 0x0000000082700000| Untracked 
|  12|0x0000000082800000, 0x0000000082800000, 0x0000000082900000|  0%| F|  |TAMS 0x0000000082800000, 0x0000000082800000| Untracked 
|  13|0x0000000082900000, 0x0000000082900000, 0x0000000082a00000|  0%| F|  |TAMS 0x0000000082900000, 0x0000000082900000| Untracked 
|  14|0x0000000082a00000, 0x0000000082a00000, 0x0000000082b00000|  0%| F|  |TAMS 0x0000000082a00000, 0x0000000082a00000| Untracked 
|  15|0x0000000082b00000, 0x0000000082b00000, 0x0000000082c00000|  0%| F|  |TAMS 0x0000000082b00000, 0x0000000082b00000| Untracked 
|  16|0x0000000082c00000, 0x0000000082c00000, 0x0000000082d00000|  0%| F|  |TAMS 0x0000000082c00000, 0x0000000082c00000| Untracked 
|  17|0x0000000082d00000, 0x0000000082d00000, 0x0000000082e00000|  0%| F|  |TAMS 0x0000000082d00000, 0x0000000082d00000| Untracked 
|  18|0x0000000082e00000, 0x0000000082e00000, 0x0000000082f00000|  0%| F|  |TAMS 0x0000000082e00000, 0x0000000082e00000| Untracked 
|  19|0x0000000082f00000, 0x0000000082f00000, 0x0000000083000000|  0%| F|  |TAMS 0x0000000082f00000, 0x0000000082f00000| Untracked 
|  20|0x0000000083000000, 0x0000000083000000, 0x0000000083100000|  0%| F|  |TAMS 0x0000000083000000, 0x0000000083000000| Untracked 
|  21|0x0000000083100000, 0x0000000083100000, 0x0000000083200000|  0%| F|  |TAMS 0x0000000083100000, 0x0000000083100000| Untracked 
|  22|0x0000000083200000, 0x0000000083200000, 0x0000000083300000|  0%| F|  |TAMS 0x0000000083200000, 0x0000000083200000| Untracked 
|  23|0x0000000083300000, 0x0000000083300000, 0x0000000083400000|  0%| F|  |TAMS 0x0000000083300000, 0x0000000083300000| Untracked 
|  24|0x0000000083400000, 0x0000000083400000, 0x0000000083500000|  0%| F|  |TAMS 0x0000000083400000, 0x0000000083400000| Untracked 
|  25|0x0000000083500000, 0x0000000083500000, 0x0000000083600000|  0%| F|  |TAMS 0x0000000083500000, 0x0000000083500000| Untracked 
|  26|0x0000000083600000, 0x0000000083600000, 0x0000000083700000|  0%| F|  |TAMS 0x0000000083600000, 0x0000000083600000| Untracked 
|  27|0x0000000083700000, 0x0000000083700000, 0x0000000083800000|  0%| F|  |TAMS 0x0000000083700000, 0x0000000083700000| Untracked 
|  28|0x0000000083800000, 0x0000000083800000, 0x0000000083900000|  0%| F|  |TAMS 0x0000000083800000, 0x0000000083800000| Untracked 
|  29|0x0000000083900000, 0x0000000083900000, 0x0000000083a00000|  0%| F|  |TAMS 0x0000000083900000, 0x0000000083900000| Untracked 
|  30|0x0000000083a00000, 0x0000000083a00000, 0x0000000083b00000|  0%| F|  |TAMS 0x0000000083a00000, 0x0000000083a00000| Untracked 
|  31|0x0000000083b00000, 0x0000000083b00000, 0x0000000083c00000|  0%| F|  |TAMS 0x0000000083b00000, 0x0000000083b00000| Untracked 
|  32|0x0000000083c00000, 0x0000000083c00000, 0x0000000083d00000|  0%| F|  |TAMS 0x0000000083c00000, 0x0000000083c00000| Untracked 
|  33|0x0000000083d00000, 0x0000000083d00000, 0x0000000083e00000|  0%| F|  |TAMS 0x0000000083d00000, 0x0000000083d00000| Untracked 
|  34|0x0000000083e00000, 0x0000000083e00000, 0x0000000083f00000|  0%| F|  |TAMS 0x0000000083e00000, 0x0000000083e00000| Untracked 
|  35|0x0000000083f00000, 0x0000000083f00000, 0x0000000084000000|  0%| F|  |TAMS 0x0000000083f00000, 0x0000000083f00000| Untracked 
|  36|0x0000000084000000, 0x0000000084000000, 0x0000000084100000|  0%| F|  |TAMS 0x0000000084000000, 0x0000000084000000| Untracked 
|  37|0x0000000084100000, 0x0000000084100000, 0x0000000084200000|  0%| F|  |TAMS 0x0000000084100000, 0x0000000084100000| Untracked 
|  38|0x0000000084200000, 0x0000000084200000, 0x0000000084300000|  0%| F|  |TAMS 0x0000000084200000, 0x0000000084200000| Untracked 
|  39|0x0000000084300000, 0x0000000084300000, 0x0000000084400000|  0%| F|  |TAMS 0x0000000084300000, 0x0000000084300000| Untracked 
|  40|0x0000000084400000, 0x0000000084400000, 0x0000000084500000|  0%| F|  |TAMS 0x0000000084400000, 0x0000000084400000| Untracked 
|  41|0x0000000084500000, 0x0000000084500000, 0x0000000084600000|  0%| F|  |TAMS 0x0000000084500000, 0x0000000084500000| Untracked 
|  42|0x0000000084600000, 0x0000000084600000, 0x0000000084700000|  0%| F|  |TAMS 0x0000000084600000, 0x0000000084600000| Untracked 
|  43|0x0000000084700000, 0x0000000084700000, 0x0000000084800000|  0%| F|  |TAMS 0x0000000084700000, 0x0000000084700000| Untracked 
|  44|0x0000000084800000, 0x0000000084800000, 0x0000000084900000|  0%| F|  |TAMS 0x0000000084800000, 0x0000000084800000| Untracked 
|  45|0x0000000084900000, 0x0000000084900000, 0x0000000084a00000|  0%| F|  |TAMS 0x0000000084900000, 0x0000000084900000| Untracked 
|  46|0x0000000084a00000, 0x0000000084a00000, 0x0000000084b00000|  0%| F|  |TAMS 0x0000000084a00000, 0x0000000084a00000| Untracked 
|  47|0x0000000084b00000, 0x0000000084b00000, 0x0000000084c00000|  0%| F|  |TAMS 0x0000000084b00000, 0x0000000084b00000| Untracked 
|  48|0x0000000084c00000, 0x0000000084c00000, 0x0000000084d00000|  0%| F|  |TAMS 0x0000000084c00000, 0x0000000084c00000| Untracked 
|  49|0x0000000084d00000, 0x0000000084d00000, 0x0000000084e00000|  0%| F|  |TAMS 0x0000000084d00000, 0x0000000084d00000| Untracked 
|  50|0x0000000084e00000, 0x0000000084e00000, 0x0000000084f00000|  0%| F|  |TAMS 0x0000000084e00000, 0x0000000084e00000| Untracked 
|  51|0x0000000084f00000, 0x0000000084f00000, 0x0000000085000000|  0%| F|  |TAMS 0x0000000084f00000, 0x0000000084f00000| Untracked 
|  52|0x0000000085000000, 0x0000000085000000, 0x0000000085100000|  0%| F|  |TAMS 0x0000000085000000, 0x0000000085000000| Untracked 
|  53|0x0000000085100000, 0x0000000085100000, 0x0000000085200000|  0%| F|  |TAMS 0x0000000085100000, 0x0000000085100000| Untracked 
|  54|0x0000000085200000, 0x0000000085200000, 0x0000000085300000|  0%| F|  |TAMS 0x0000000085200000, 0x0000000085200000| Untracked 
|  55|0x0000000085300000, 0x0000000085300000, 0x0000000085400000|  0%| F|  |TAMS 0x0000000085300000, 0x0000000085300000| Untracked 
|  56|0x0000000085400000, 0x0000000085400000, 0x0000000085500000|  0%| F|  |TAMS 0x0000000085400000, 0x0000000085400000| Untracked 
|  57|0x0000000085500000, 0x0000000085500000, 0x0000000085600000|  0%| F|  |TAMS 0x0000000085500000, 0x0000000085500000| Untracked 
|  58|0x0000000085600000, 0x0000000085600000, 0x0000000085700000|  0%| F|  |TAMS 0x0000000085600000, 0x0000000085600000| Untracked 
|  59|0x0000000085700000, 0x0000000085700000, 0x0000000085800000|  0%| F|  |TAMS 0x0000000085700000, 0x0000000085700000| Untracked 
|  60|0x0000000085800000, 0x0000000085800000, 0x0000000085900000|  0%| F|  |TAMS 0x0000000085800000, 0x0000000085800000| Untracked 
|  61|0x0000000085900000, 0x0000000085900000, 0x0000000085a00000|  0%| F|  |TAMS 0x0000000085900000, 0x0000000085900000| Untracked 
|  62|0x0000000085a00000, 0x0000000085a00000, 0x0000000085b00000|  0%| F|  |TAMS 0x0000000085a00000, 0x0000000085a00000| Untracked 
|  63|0x0000000085b00000, 0x0000000085b00000, 0x0000000085c00000|  0%| F|  |TAMS 0x0000000085b00000, 0x0000000085b00000| Untracked 
|  64|0x0000000085c00000, 0x0000000085c00000, 0x0000000085d00000|  0%| F|  |TAMS 0x0000000085c00000, 0x0000000085c00000| Untracked 
|  65|0x0000000085d00000, 0x0000000085d00000, 0x0000000085e00000|  0%| F|  |TAMS 0x0000000085d00000, 0x0000000085d00000| Untracked 
|  66|0x0000000085e00000, 0x0000000085e00000, 0x0000000085f00000|  0%| F|  |TAMS 0x0000000085e00000, 0x0000000085e00000| Untracked 
|  67|0x0000000085f00000, 0x0000000085f00000, 0x0000000086000000|  0%| F|  |TAMS 0x0000000085f00000, 0x0000000085f00000| Untracked 
|  68|0x0000000086000000, 0x0000000086000000, 0x0000000086100000|  0%| F|  |TAMS 0x0000000086000000, 0x0000000086000000| Untracked 
|  69|0x0000000086100000, 0x0000000086100000, 0x0000000086200000|  0%| F|  |TAMS 0x0000000086100000, 0x0000000086100000| Untracked 
|  70|0x0000000086200000, 0x0000000086200000, 0x0000000086300000|  0%| F|  |TAMS 0x0000000086200000, 0x0000000086200000| Untracked 
|  71|0x0000000086300000, 0x0000000086300000, 0x0000000086400000|  0%| F|  |TAMS 0x0000000086300000, 0x0000000086300000| Untracked 
|  72|0x0000000086400000, 0x0000000086400000, 0x0000000086500000|  0%| F|  |TAMS 0x0000000086400000, 0x0000000086400000| Untracked 
|  73|0x0000000086500000, 0x0000000086500000, 0x0000000086600000|  0%| F|  |TAMS 0x0000000086500000, 0x0000000086500000| Untracked 
|  74|0x0000000086600000, 0x0000000086600000, 0x0000000086700000|  0%| F|  |TAMS 0x0000000086600000, 0x0000000086600000| Untracked 
|  75|0x0000000086700000, 0x0000000086700000, 0x0000000086800000|  0%| F|  |TAMS 0x0000000086700000, 0x0000000086700000| Untracked 
|  76|0x0000000086800000, 0x0000000086800000, 0x0000000086900000|  0%| F|  |TAMS 0x0000000086800000, 0x0000000086800000| Untracked 
|  77|0x0000000086900000, 0x0000000086900000, 0x0000000086a00000|  0%| F|  |TAMS 0x0000000086900000, 0x0000000086900000| Untracked 
|  78|0x0000000086a00000, 0x0000000086a00000, 0x0000000086b00000|  0%| F|  |TAMS 0x0000000086a00000, 0x0000000086a00000| Untracked 
|  79|0x0000000086b00000, 0x0000000086b00000, 0x0000000086c00000|  0%| F|  |TAMS 0x0000000086b00000, 0x0000000086b00000| Untracked 
|  80|0x0000000086c00000, 0x0000000086c00000, 0x0000000086d00000|  0%| F|  |TAMS 0x0000000086c00000, 0x0000000086c00000| Untracked 
|  81|0x0000000086d00000, 0x0000000086d00000, 0x0000000086e00000|  0%| F|  |TAMS 0x0000000086d00000, 0x0000000086d00000| Untracked 
|  82|0x0000000086e00000, 0x0000000086e00000, 0x0000000086f00000|  0%| F|  |TAMS 0x0000000086e00000, 0x0000000086e00000| Untracked 
|  83|0x0000000086f00000, 0x0000000086f00000, 0x0000000087000000|  0%| F|  |TAMS 0x0000000086f00000, 0x0000000086f00000| Untracked 
|  84|0x0000000087000000, 0x0000000087000000, 0x0000000087100000|  0%| F|  |TAMS 0x0000000087000000, 0x0000000087000000| Untracked 
|  85|0x0000000087100000, 0x0000000087100000, 0x0000000087200000|  0%| F|  |TAMS 0x0000000087100000, 0x0000000087100000| Untracked 
|  86|0x0000000087200000, 0x0000000087200000, 0x0000000087300000|  0%| F|  |TAMS 0x0000000087200000, 0x0000000087200000| Untracked 
|  87|0x0000000087300000, 0x0000000087300000, 0x0000000087400000|  0%| F|  |TAMS 0x0000000087300000, 0x0000000087300000| Untracked 
|  88|0x0000000087400000, 0x0000000087400000, 0x0000000087500000|  0%| F|  |TAMS 0x0000000087400000, 0x0000000087400000| Untracked 
|  89|0x0000000087500000, 0x0000000087500000, 0x0000000087600000|  0%| F|  |TAMS 0x0000000087500000, 0x0000000087500000| Untracked 
|  90|0x0000000087600000, 0x00000000876e9528, 0x0000000087700000| 91%| S|CS|TAMS 0x0000000087600000, 0x0000000087600000| Complete 
|  91|0x0000000087700000, 0x0000000087800000, 0x0000000087800000|100%| S|CS|TAMS 0x0000000087700000, 0x0000000087700000| Complete 
|  92|0x0000000087800000, 0x0000000087900000, 0x0000000087900000|100%| S|CS|TAMS 0x0000000087800000, 0x0000000087800000| Complete 
|  93|0x0000000087900000, 0x0000000087a00000, 0x0000000087a00000|100%| S|CS|TAMS 0x0000000087900000, 0x0000000087900000| Complete 
|  94|0x0000000087a00000, 0x0000000087a00000, 0x0000000087b00000|  0%| F|  |TAMS 0x0000000087a00000, 0x0000000087a00000| Untracked 
|  95|0x0000000087b00000, 0x0000000087b00000, 0x0000000087c00000|  0%| F|  |TAMS 0x0000000087b00000, 0x0000000087b00000| Untracked 
|  96|0x0000000087c00000, 0x0000000087c00000, 0x0000000087d00000|  0%| F|  |TAMS 0x0000000087c00000, 0x0000000087c00000| Untracked 
|  97|0x0000000087d00000, 0x0000000087d00000, 0x0000000087e00000|  0%| F|  |TAMS 0x0000000087d00000, 0x0000000087d00000| Untracked 
|  98|0x0000000087e00000, 0x0000000087e00000, 0x0000000087f00000|  0%| F|  |TAMS 0x0000000087e00000, 0x0000000087e00000| Untracked 
|  99|0x0000000087f00000, 0x0000000087f00000, 0x0000000088000000|  0%| F|  |TAMS 0x0000000087f00000, 0x0000000087f00000| Untracked 
| 100|0x0000000088000000, 0x0000000088000000, 0x0000000088100000|  0%| F|  |TAMS 0x0000000088000000, 0x0000000088000000| Untracked 
| 101|0x0000000088100000, 0x0000000088100000, 0x0000000088200000|  0%| F|  |TAMS 0x0000000088100000, 0x0000000088100000| Untracked 
| 102|0x0000000088200000, 0x0000000088200000, 0x0000000088300000|  0%| F|  |TAMS 0x0000000088200000, 0x0000000088200000| Untracked 
| 103|0x0000000088300000, 0x0000000088300000, 0x0000000088400000|  0%| F|  |TAMS 0x0000000088300000, 0x0000000088300000| Untracked 
| 104|0x0000000088400000, 0x0000000088400000, 0x0000000088500000|  0%| F|  |TAMS 0x0000000088400000, 0x0000000088400000| Untracked 
| 105|0x0000000088500000, 0x0000000088500000, 0x0000000088600000|  0%| F|  |TAMS 0x0000000088500000, 0x0000000088500000| Untracked 
| 106|0x0000000088600000, 0x0000000088600000, 0x0000000088700000|  0%| F|  |TAMS 0x0000000088600000, 0x0000000088600000| Untracked 
| 107|0x0000000088700000, 0x0000000088700000, 0x0000000088800000|  0%| F|  |TAMS 0x0000000088700000, 0x0000000088700000| Untracked 
| 108|0x0000000088800000, 0x0000000088800000, 0x0000000088900000|  0%| F|  |TAMS 0x0000000088800000, 0x0000000088800000| Untracked 
| 109|0x0000000088900000, 0x0000000088900000, 0x0000000088a00000|  0%| F|  |TAMS 0x0000000088900000, 0x0000000088900000| Untracked 
| 110|0x0000000088a00000, 0x0000000088a00000, 0x0000000088b00000|  0%| F|  |TAMS 0x0000000088a00000, 0x0000000088a00000| Untracked 
| 111|0x0000000088b00000, 0x0000000088b00000, 0x0000000088c00000|  0%| F|  |TAMS 0x0000000088b00000, 0x0000000088b00000| Untracked 
| 112|0x0000000088c00000, 0x0000000088c00000, 0x0000000088d00000|  0%| F|  |TAMS 0x0000000088c00000, 0x0000000088c00000| Untracked 
| 113|0x0000000088d00000, 0x0000000088d00000, 0x0000000088e00000|  0%| F|  |TAMS 0x0000000088d00000, 0x0000000088d00000| Untracked 
| 114|0x0000000088e00000, 0x0000000088e00000, 0x0000000088f00000|  0%| F|  |TAMS 0x0000000088e00000, 0x0000000088e00000| Untracked 
| 115|0x0000000088f00000, 0x0000000088f00000, 0x0000000089000000|  0%| F|  |TAMS 0x0000000088f00000, 0x0000000088f00000| Untracked 
| 116|0x0000000089000000, 0x0000000089000000, 0x0000000089100000|  0%| F|  |TAMS 0x0000000089000000, 0x0000000089000000| Untracked 
| 117|0x0000000089100000, 0x0000000089100000, 0x0000000089200000|  0%| F|  |TAMS 0x0000000089100000, 0x0000000089100000| Untracked 
| 118|0x0000000089200000, 0x0000000089200000, 0x0000000089300000|  0%| F|  |TAMS 0x0000000089200000, 0x0000000089200000| Untracked 
| 119|0x0000000089300000, 0x0000000089300000, 0x0000000089400000|  0%| F|  |TAMS 0x0000000089300000, 0x0000000089300000| Untracked 
| 120|0x0000000089400000, 0x0000000089400000, 0x0000000089500000|  0%| F|  |TAMS 0x0000000089400000, 0x0000000089400000| Untracked 
| 121|0x0000000089500000, 0x0000000089500000, 0x0000000089600000|  0%| F|  |TAMS 0x0000000089500000, 0x0000000089500000| Untracked 
| 122|0x0000000089600000, 0x0000000089600000, 0x0000000089700000|  0%| F|  |TAMS 0x0000000089600000, 0x0000000089600000| Untracked 
| 123|0x0000000089700000, 0x0000000089700000, 0x0000000089800000|  0%| F|  |TAMS 0x0000000089700000, 0x0000000089700000| Untracked 
| 124|0x0000000089800000, 0x0000000089800000, 0x0000000089900000|  0%| F|  |TAMS 0x0000000089800000, 0x0000000089800000| Untracked 
| 125|0x0000000089900000, 0x0000000089900000, 0x0000000089a00000|  0%| F|  |TAMS 0x0000000089900000, 0x0000000089900000| Untracked 
| 126|0x0000000089a00000, 0x0000000089a80800, 0x0000000089b00000| 50%| E|  |TAMS 0x0000000089a00000, 0x0000000089a00000| Complete 
| 127|0x0000000089b00000, 0x0000000089c00000, 0x0000000089c00000|100%| E|CS|TAMS 0x0000000089b00000, 0x0000000089b00000| Complete 

Card table byte_map: [0x0000018f2bcf0000,0x0000018f2c0f0000] _byte_map_base: 0x0000018f2b8e2000

Marking Bits (Prev, Next): (CMBitMap*) 0x0000018f14e7b860, (CMBitMap*) 0x0000018f14e7b8a0
 Prev Bits: [0x0000018f2c4f0000, 0x0000018f2e480000)
 Next Bits: [0x0000018f2e480000, 0x0000018f30410000)

Polling page: 0x0000018f12d40000

Metaspace:

Usage:
  Non-class:     12.16 MB used.
      Class:      1.97 MB used.
       Both:     14.13 MB used.

Virtual space:
  Non-class space:       16.00 MB reserved,      12.31 MB ( 77%) committed,  2 nodes.
      Class space:        1.00 GB reserved,       2.06 MB ( <1%) committed,  1 nodes.
              Both:        1.02 GB reserved,      14.38 MB (  1%) committed. 

Chunk freelists:
   Non-Class:  3.17 MB
       Class:  1.89 MB
        Both:  5.06 MB

MaxMetaspaceSize: 17179869184.00 GB
CompressedClassSpaceSize: 1.00 GB
 - commit_granule_bytes: 65536.
 - commit_granule_words: 8192.
 - virtual_space_node_default_size: 1048576.
 - enlarge_chunks_in_place: 1.
 - new_chunks_are_fully_committed: 0.
 - uncommit_free_chunks: 1.
 - use_allocation_guard: 0.
 - handle_deallocations: 1.


Internal statistics:

num_allocs_failed_limit: 0.
num_arena_births: 208.
num_arena_deaths: 0.
num_vsnodes_births: 3.
num_vsnodes_deaths: 0.
num_space_committed: 230.
num_space_uncommitted: 0.
num_chunks_returned_to_freelist: 0.
num_chunks_taken_from_freelist: 715.
num_chunk_merges: 0.
num_chunk_splits: 480.
num_chunks_enlarged: 361.
num_purges: 0.

CodeHeap 'non-profiled nmethods': size=120000Kb used=1105Kb max_used=1105Kb free=118894Kb
 bounds [0x0000018f24090000, 0x0000018f24300000, 0x0000018f2b5c0000]
CodeHeap 'profiled nmethods': size=120000Kb used=4982Kb max_used=4982Kb free=115017Kb
 bounds [0x0000018f1cb60000, 0x0000018f1d040000, 0x0000018f24090000]
CodeHeap 'non-nmethods': size=5760Kb used=1424Kb max_used=1538Kb free=4335Kb
 bounds [0x0000018f1c5c0000, 0x0000018f1c830000, 0x0000018f1cb60000]
 total_blobs=3435 nmethods=2653 adapters=693
 compilation: enabled
              stopped_count=0, restarted_count=0
 full_count=0

Compilation events (20 events):
Event: 37.272 Thread 0x0000018f32e00400 nmethod 2644 0x0000018f1d039f10 code [0x0000018f1d03a0a0, 0x0000018f1d03a198]
Event: 37.272 Thread 0x0000018f32e00400 2646       3       com.sun.prism.PixelFormat::getBytesPerPixelUnit (13 bytes)
Event: 37.272 Thread 0x0000018f32e00400 nmethod 2646 0x0000018f1d03a210 code [0x0000018f1d03a3a0, 0x0000018f1d03a4d8]
Event: 37.272 Thread 0x0000018f32e00400 2647       3       com.sun.javafx.text.TextRun::getGlyphCode (46 bytes)
Event: 37.273 Thread 0x0000018f32e00400 nmethod 2647 0x0000018f1d03a590 code [0x0000018f1d03a740, 0x0000018f1d03a9b8]
Event: 37.802 Thread 0x0000018f32e00400 2648       3       com.sun.javafx.scene.NodeHelper::pickNodeLocalImpl (12 bytes)
Event: 37.802 Thread 0x0000018f32e00400 nmethod 2648 0x0000018f1d03ab10 code [0x0000018f1d03ace0, 0x0000018f1d03af48]
Event: 37.802 Thread 0x0000018f32e00400 2649       3       javafx.scene.Node$1::doPickNodeLocal (7 bytes)
Event: 37.802 Thread 0x0000018f32e00400 nmethod 2649 0x0000018f1d03b090 code [0x0000018f1d03b240, 0x0000018f1d03b3e8]
Event: 38.722 Thread 0x0000018f32e00400 2650       3       javafx.scene.shape.Rectangle::getArcWidth (19 bytes)
Event: 38.722 Thread 0x0000018f32e00400 nmethod 2650 0x0000018f1d03b510 code [0x0000018f1d03b6e0, 0x0000018f1d03baa8]
Event: 72.223 Thread 0x0000018f32e00400 2651   !   3       com.sun.javafx.binding.ExpressionHelper$SingleInvalidation::fireValueChangedEvent (33 bytes)
Event: 72.223 Thread 0x0000018f32e00400 nmethod 2651 0x0000018f1d03bb90 code [0x0000018f1d03bd80, 0x0000018f1d03c048]
Event: 72.237 Thread 0x0000018f32e00400 2652       3       jdk.internal.loader.NativeLibraries::find (72 bytes)
Event: 72.237 Thread 0x0000018f32dfb9f0 2655       4       java.util.concurrent.ConcurrentHashMap::spread (10 bytes)
Event: 72.237 Thread 0x0000018f32e00400 nmethod 2652 0x0000018f1d03c190 code [0x0000018f1d03c3c0, 0x0000018f1d03cc58]
Event: 72.237 Thread 0x0000018f32e00400 2653   !   3       java.lang.ref.ReferenceQueue::remove (125 bytes)
Event: 72.237 Thread 0x0000018f32dfb9f0 nmethod 2655 0x0000018f241a4410 code [0x0000018f241a4580, 0x0000018f241a45f8]
Event: 72.238 Thread 0x0000018f32e00400 nmethod 2653 0x0000018f1d03ce90 code [0x0000018f1d03d0c0, 0x0000018f1d03d858]
Event: 72.238 Thread 0x0000018f32e00400 2659   !   3       java.util.concurrent.ConcurrentHashMap::replaceNode (437 bytes)

GC Heap History (4 events):
Event: 0.627 GC heap before
{Heap before GC invocations=0 (full 0):
 garbage-first heap   total 131072K, used 22528K [0x0000000081c00000, 0x0000000100000000)
  region size 1024K, 23 young (23552K), 0 survivors (0K)
 Metaspace       used 6204K, committed 6336K, reserved 1056768K
  class space    used 764K, committed 832K, reserved 1048576K
}
Event: 0.630 GC heap after
{Heap after GC invocations=1 (full 0):
 garbage-first heap   total 131072K, used 3368K [0x0000000081c00000, 0x0000000100000000)
  region size 1024K, 3 young (3072K), 3 survivors (3072K)
 Metaspace       used 6204K, committed 6336K, reserved 1056768K
  class space    used 764K, committed 832K, reserved 1048576K
}
Event: 72.227 GC heap before
{Heap before GC invocations=1 (full 0):
 garbage-first heap   total 131072K, used 37160K [0x0000000081c00000, 0x0000000100000000)
  region size 1024K, 34 young (34816K), 3 survivors (3072K)
 Metaspace       used 14458K, committed 14720K, reserved 1064960K
  class space    used 2018K, committed 2112K, reserved 1048576K
}
Event: 72.236 GC heap after
{Heap after GC invocations=2 (full 0):
 garbage-first heap   total 131072K, used 8976K [0x0000000081c00000, 0x0000000100000000)
  region size 1024K, 4 young (4096K), 4 survivors (4096K)
 Metaspace       used 14458K, committed 14720K, reserved 1064960K
  class space    used 2018K, committed 2112K, reserved 1048576K
}

Deoptimization events (20 events):
Event: 37.197 Thread 0x0000018f33fbe0f0 Uncommon trap: trap_request=0xffffffde fr.pc=0x0000018f2419c5cc relative=0x000000000000012c
Event: 37.197 Thread 0x0000018f33fbe0f0 Uncommon trap: reason=class_check action=maybe_recompile pc=0x0000018f2419c5cc method=jdk.internal.misc.Unsafe.allocateUninitializedArray(Ljava/lang/Class;I)Ljava/lang/Object; @ 51 c2
Event: 37.197 Thread 0x0000018f33fbe0f0 DEOPT PACKING pc=0x0000018f2419c5cc sp=0x0000006aa47fdc00
Event: 37.197 Thread 0x0000018f33fbe0f0 DEOPT UNPACKING pc=0x0000018f1c60d72e sp=0x0000006aa47fdb88 mode 2
Event: 37.197 Thread 0x0000018f33fbe0f0 Uncommon trap: trap_request=0xffffffde fr.pc=0x0000018f2419c5cc relative=0x000000000000012c
Event: 37.197 Thread 0x0000018f33fbe0f0 Uncommon trap: reason=class_check action=maybe_recompile pc=0x0000018f2419c5cc method=jdk.internal.misc.Unsafe.allocateUninitializedArray(Ljava/lang/Class;I)Ljava/lang/Object; @ 51 c2
Event: 37.197 Thread 0x0000018f33fbe0f0 DEOPT PACKING pc=0x0000018f2419c5cc sp=0x0000006aa47fdce0
Event: 37.197 Thread 0x0000018f33fbe0f0 DEOPT UNPACKING pc=0x0000018f1c60d72e sp=0x0000006aa47fdc68 mode 2
Event: 37.197 Thread 0x0000018f33fbe0f0 Uncommon trap: trap_request=0xffffffde fr.pc=0x0000018f2419c5cc relative=0x000000000000012c
Event: 37.197 Thread 0x0000018f33fbe0f0 Uncommon trap: reason=class_check action=maybe_recompile pc=0x0000018f2419c5cc method=jdk.internal.misc.Unsafe.allocateUninitializedArray(Ljava/lang/Class;I)Ljava/lang/Object; @ 51 c2
Event: 37.197 Thread 0x0000018f33fbe0f0 DEOPT PACKING pc=0x0000018f2419c5cc sp=0x0000006aa47fdc40
Event: 37.197 Thread 0x0000018f33fbe0f0 DEOPT UNPACKING pc=0x0000018f1c60d72e sp=0x0000006aa47fdbc8 mode 2
Event: 37.197 Thread 0x0000018f33fbe0f0 Uncommon trap: trap_request=0xffffffde fr.pc=0x0000018f2419c5cc relative=0x000000000000012c
Event: 37.197 Thread 0x0000018f33fbe0f0 Uncommon trap: reason=class_check action=maybe_recompile pc=0x0000018f2419c5cc method=jdk.internal.misc.Unsafe.allocateUninitializedArray(Ljava/lang/Class;I)Ljava/lang/Object; @ 51 c2
Event: 37.197 Thread 0x0000018f33fbe0f0 DEOPT PACKING pc=0x0000018f2419c5cc sp=0x0000006aa47fdd00
Event: 37.197 Thread 0x0000018f33fbe0f0 DEOPT UNPACKING pc=0x0000018f1c60d72e sp=0x0000006aa47fdc88 mode 2
Event: 37.235 Thread 0x0000018f33fbe0f0 Uncommon trap: trap_request=0xffffff45 fr.pc=0x0000018f2414347c relative=0x000000000000005c
Event: 37.235 Thread 0x0000018f33fbe0f0 Uncommon trap: reason=unstable_if action=reinterpret pc=0x0000018f2414347c method=javafx.scene.Node.updateLocalToParentTransform()V @ 4 c2
Event: 37.235 Thread 0x0000018f33fbe0f0 DEOPT PACKING pc=0x0000018f2414347c sp=0x0000006aa47fda80
Event: 37.235 Thread 0x0000018f33fbe0f0 DEOPT UNPACKING pc=0x0000018f1c60d72e sp=0x0000006aa47fd9d8 mode 2

Classes unloaded (0 events):
No events

Classes redefined (0 events):
No events

Internal exceptions (20 events):
Event: 0.512 Thread 0x0000018f38b9b350 Exception <a 'java/lang/NoSuchMethodError'{0x0000000088debac0}: 'void java.lang.invoke.DirectMethodHandle$Holder.invokeStatic(java.lang.Object, java.lang.Object, java.lang.Object, java.lang.Object)'> (0x0000000088debac0) 
thrown [t:\workspace\open\src\hotspot\share\interpreter\linkResolver.cpp, line 790]
Event: 0.590 Thread 0x0000018f33fbe0f0 Exception <a 'java/lang/NoSuchMethodError'{0x0000000088732d40}: 'java.lang.Object java.lang.invoke.DirectMethodHandle$Holder.invokeStaticInit(java.lang.Object, java.lang.Object, java.lang.Object, java.lang.Object)'> (0x0000000088732d40) 
thrown [t:\workspace\open\src\hotspot\share\interpreter\linkResolver.cpp, line 790]
Event: 0.592 Thread 0x0000018f33fbe0f0 Exception <a 'java/lang/NullPointerException'{0x000000008873edf8}> (0x000000008873edf8) 
thrown [t:\workspace\open\src\hotspot\share\interpreter\linkResolver.cpp, line 1385]
Event: 0.594 Thread 0x0000018f33fbe0f0 Exception <a 'java/lang/NoSuchMethodError'{0x0000000088763478}: 'void java.lang.invoke.DirectMethodHandle$Holder.invokeSpecial(java.lang.Object, java.lang.Object, java.lang.Object, java.lang.Object, java.lang.Object)'> (0x0000000088763478) 
thrown [t:\workspace\open\src\hotspot\share\interpreter\linkResolver.cpp, line 790]
Event: 0.685 Thread 0x0000018f33fbe0f0 Exception <a 'java/lang/NoSuchMethodError'{0x0000000089786d70}: 'void java.lang.invoke.DirectMethodHandle$Holder.invokeStaticInit(java.lang.Object, java.lang.Object)'> (0x0000000089786d70) 
thrown [t:\workspace\open\src\hotspot\share\interpreter\linkResolver.cpp, line 790]
Event: 0.774 Thread 0x0000018f33fbe0f0 Implicit null exception at 0x0000018f240e422f to 0x0000018f240e4814
Event: 0.775 Thread 0x0000018f33fbe0f0 Implicit null exception at 0x0000018f240e16af to 0x0000018f240e1c94
Event: 0.776 Thread 0x0000018f33fbe0f0 Implicit null exception at 0x0000018f240b0baf to 0x0000018f240b0c2d
Event: 0.883 Thread 0x0000018f33fbe0f0 Exception <a 'java/lang/NoSuchMethodError'{0x0000000088ea9b48}: 'java.lang.Object java.lang.invoke.DirectMethodHandle$Holder.invokeInterface(java.lang.Object, java.lang.Object, java.lang.Object)'> (0x0000000088ea9b48) 
thrown [t:\workspace\open\src\hotspot\share\interpreter\linkResolver.cpp, line 790]
Event: 0.883 Thread 0x0000018f33fbe0f0 Exception <a 'java/lang/IncompatibleClassChangeError'{0x0000000088ead6c8}: Found class java.lang.Object, but interface was expected> (0x0000000088ead6c8) 
thrown [t:\workspace\open\src\hotspot\share\interpreter\linkResolver.cpp, line 857]
Event: 0.919 Thread 0x0000018f33fbe0f0 Exception <a 'java/lang/ClassNotFoundException'{0x0000000088b32d38}: com/sun/javafx/scene/control/skin/resources/controls> (0x0000000088b32d38) 
thrown [t:\workspace\open\src\hotspot\share\prims\jni.cpp, line 600]
Event: 0.920 Thread 0x0000018f33fbe0f0 Exception <a 'java/lang/ClassNotFoundException'{0x0000000088b40838}: com/sun/javafx/scene/control/skin/resources/controls_en> (0x0000000088b40838) 
thrown [t:\workspace\open\src\hotspot\share\prims\jni.cpp, line 600]
Event: 0.920 Thread 0x0000018f33fbe0f0 Exception <a 'java/lang/ClassNotFoundException'{0x0000000088b41ee8}: com/sun/javafx/scene/control/skin/resources/controls_en_MY> (0x0000000088b41ee8) 
thrown [t:\workspace\open\src\hotspot\share\prims\jni.cpp, line 600]
Event: 0.947 Thread 0x0000018f33fbe0f0 Exception <a 'java/lang/NoSuchMethodError'{0x0000000088ad2080}: 'void java.lang.invoke.DirectMethodHandle$Holder.invokeSpecial(java.lang.Object, java.lang.Object, java.lang.Object, java.lang.Object, java.lang.Object, java.lang.Object)'> (0x0000000088ad2080) 
thrown [t:\workspace\open\src\hotspot\share\interpreter\linkResolver.cpp, line 790]
Event: 1.019 Thread 0x0000018f33fbe0f0 Exception <a 'java/lang/NoSuchMethodError'{0x0000000088695c38}: 'java.lang.Object java.lang.invoke.DirectMethodHandle$Holder.newInvokeSpecial(java.lang.Object, java.lang.Object, int)'> (0x0000000088695c38) 
thrown [t:\workspace\open\src\hotspot\share\interpreter\linkResolver.cpp, line 790]
Event: 1.041 Thread 0x0000018f33e5c750 Exception <a 'java/lang/NoSuchMethodError'{0x000000008851a690}: 'int java.lang.invoke.DirectMethodHandle$Holder.invokeStaticInit(java.lang.Object, java.lang.Object)'> (0x000000008851a690) 
thrown [t:\workspace\open\src\hotspot\share\interpreter\linkResolver.cpp, line 790]
Event: 1.726 Thread 0x0000018f33fbe0f0 Exception <a 'java/lang/NoSuchMethodError'{0x00000000885be030}: 'long java.lang.invoke.DirectMethodHandle$Holder.invokeStatic(java.lang.Object, java.lang.Object, java.lang.Object)'> (0x00000000885be030) 
thrown [t:\workspace\open\src\hotspot\share\interpreter\linkResolver.cpp, line 790]
Event: 1.726 Thread 0x0000018f33fbe0f0 Exception <a 'java/lang/NoSuchMethodError'{0x00000000885c1c88}: 'long java.lang.invoke.DirectMethodHandle$Holder.invokeStaticInit(java.lang.Object, java.lang.Object, java.lang.Object)'> (0x00000000885c1c88) 
thrown [t:\workspace\open\src\hotspot\share\interpreter\linkResolver.cpp, line 790]
Event: 1.729 Thread 0x0000018f33fbe0f0 Exception <a 'java/lang/NoSuchMethodError'{0x0000000087e15598}: 'java.lang.Object java.lang.invoke.DirectMethodHandle$Holder.newInvokeSpecial(java.lang.Object, java.lang.Object, long)'> (0x0000000087e15598) 
thrown [t:\workspace\open\src\hotspot\share\interpreter\linkResolver.cpp, line 790]
Event: 1.730 Thread 0x0000018f33fbe0f0 Exception <a 'java/lang/NoSuchMethodError'{0x0000000087e19308}: 'java.lang.Object java.lang.invoke.Invokers$Holder.linkToTargetMethod(java.lang.Object, long, java.lang.Object)'> (0x0000000087e19308) 
thrown [t:\workspace\open\src\hotspot\share\interpreter\linkResolver.cpp, line 790]

Events (20 events):
Event: 31.898 Executing  VM operation: Cleanup done
Event: 32.899 Executing  VM operation: Cleanup
Event: 32.899 Executing  VM operation: Cleanup done
Event: 34.899 Executing  VM operation: Cleanup
Event: 34.899 Executing  VM operation: Cleanup done
Event: 35.900 Executing  VM operation: Cleanup
Event: 35.900 Executing  VM operation: Cleanup done
Event: 37.056 Thread 0x0000018f392b18f0 Thread added: 0x0000018f392b18f0
Event: 37.222 loading class jdk/internal/reflect/BootstrapConstructorAccessorImpl
Event: 37.222 loading class jdk/internal/reflect/BootstrapConstructorAccessorImpl done
Event: 37.802 Thread 0x0000018f392b18f0 Thread exited: 0x0000018f392b18f0
Event: 37.900 Executing  VM operation: Cleanup
Event: 37.900 Executing  VM operation: Cleanup done
Event: 72.227 Thread 0x0000018f38f54400 Thread added: 0x0000018f38f54400
Event: 72.227 Thread 0x0000018f38f51430 Thread added: 0x0000018f38f51430
Event: 72.227 Executing  VM operation: G1CollectForAllocation
Event: 72.236 Executing  VM operation: G1CollectForAllocation done
Event: 72.237 Thread 0x0000018f38f51430 Thread exited: 0x0000018f38f51430
Event: 72.238 Thread 0x0000018f38f54400 Thread exited: 0x0000018f38f54400
Event: 72.238 Executing  VM operation: Exit


Dynamic libraries:
0x00007ff732020000 - 0x00007ff732030000 	C:\Program Files\Java\jdk-16.0.1\bin\javaw.exe
0x00007ffcdfd90000 - 0x00007ffcdff85000 	C:\WINDOWS\SYSTEM32\ntdll.dll
0x00007ffcde810000 - 0x00007ffcde8cd000 	C:\WINDOWS\System32\KERNEL32.DLL
0x00007ffcdd910000 - 0x00007ffcddbd9000 	C:\WINDOWS\System32\KERNELBASE.dll
0x00007ffcdd580000 - 0x00007ffcdd680000 	C:\WINDOWS\System32\ucrtbase.dll
0x00007ffcc71e0000 - 0x00007ffcc71f8000 	C:\Program Files\Java\jdk-16.0.1\bin\jli.dll
0x00007ffcdf5c0000 - 0x00007ffcdf66c000 	C:\WINDOWS\System32\ADVAPI32.dll
0x00007ffcc7530000 - 0x00007ffcc7549000 	C:\Program Files\Java\jdk-16.0.1\bin\VCRUNTIME140.dll
0x00007ffcdf1f0000 - 0x00007ffcdf28e000 	C:\WINDOWS\System32\msvcrt.dll
0x00007ffcdfb70000 - 0x00007ffcdfc0b000 	C:\WINDOWS\System32\sechost.dll
0x00007ffcdf290000 - 0x00007ffcdf3ba000 	C:\WINDOWS\System32\RPCRT4.dll
0x00007ffcde660000 - 0x00007ffcde800000 	C:\WINDOWS\System32\USER32.dll
0x00007ffcddd70000 - 0x00007ffcddd92000 	C:\WINDOWS\System32\win32u.dll
0x00007ffcbdb90000 - 0x00007ffcbde2a000 	C:\WINDOWS\WinSxS\amd64_microsoft.windows.common-controls_6595b64144ccf1df_6.0.19041.1110_none_60b5254171f9507e\COMCTL32.dll
0x00007ffcde940000 - 0x00007ffcde96a000 	C:\WINDOWS\System32\GDI32.dll
0x00007ffcdd800000 - 0x00007ffcdd90b000 	C:\WINDOWS\System32\gdi32full.dll
0x00007ffcdd760000 - 0x00007ffcdd7fd000 	C:\WINDOWS\System32\msvcp_win.dll
0x00007ffcd5fa0000 - 0x00007ffcd5faa000 	C:\WINDOWS\SYSTEM32\VERSION.dll
0x00007ffcdfd20000 - 0x00007ffcdfd50000 	C:\WINDOWS\System32\IMM32.DLL
0x00007ffcd7730000 - 0x00007ffcd773c000 	C:\Program Files\Java\jdk-16.0.1\bin\vcruntime140_1.dll
0x00007ffcac8d0000 - 0x00007ffcac961000 	C:\Program Files\Java\jdk-16.0.1\bin\msvcp140.dll
0x00007ffc81160000 - 0x00007ffc81d0b000 	C:\Program Files\Java\jdk-16.0.1\bin\server\jvm.dll
0x00007ffcdf670000 - 0x00007ffcdf678000 	C:\WINDOWS\System32\PSAPI.DLL
0x00007ffcc8820000 - 0x00007ffcc8829000 	C:\WINDOWS\SYSTEM32\WSOCK32.dll
0x00007ffcd3b50000 - 0x00007ffcd3b77000 	C:\WINDOWS\SYSTEM32\WINMM.dll
0x00007ffcde8d0000 - 0x00007ffcde93b000 	C:\WINDOWS\System32\WS2_32.dll
0x00007ffcdbd70000 - 0x00007ffcdbd82000 	C:\WINDOWS\SYSTEM32\kernel.appcore.dll
0x00007ffcd6770000 - 0x00007ffcd677a000 	C:\Program Files\Java\jdk-16.0.1\bin\jimage.dll
0x00007ffcdb220000 - 0x00007ffcdb404000 	C:\WINDOWS\SYSTEM32\DBGHELP.DLL
0x00007ffcd47c0000 - 0x00007ffcd47ec000 	C:\WINDOWS\SYSTEM32\dbgcore.DLL
0x00007ffcdd680000 - 0x00007ffcdd703000 	C:\WINDOWS\System32\bcryptPrimitives.dll
0x00007ffcb74c0000 - 0x00007ffcb74e5000 	C:\Program Files\Java\jdk-16.0.1\bin\java.dll
0x00007ffcde980000 - 0x00007ffcdf0bf000 	C:\WINDOWS\System32\SHELL32.dll
0x00007ffcdb5c0000 - 0x00007ffcdbd51000 	C:\WINDOWS\SYSTEM32\windows.storage.dll
0x00007ffcdf680000 - 0x00007ffcdf9d5000 	C:\WINDOWS\System32\combase.dll
0x00007ffcdcf40000 - 0x00007ffcdcf6c000 	C:\WINDOWS\SYSTEM32\Wldp.dll
0x00007ffcdfac0000 - 0x00007ffcdfb6e000 	C:\WINDOWS\System32\SHCORE.dll
0x00007ffcdde00000 - 0x00007ffcdde55000 	C:\WINDOWS\System32\shlwapi.dll
0x00007ffcdd410000 - 0x00007ffcdd42f000 	C:\WINDOWS\SYSTEM32\profapi.dll
0x00007ffcc6f40000 - 0x00007ffcc6f59000 	C:\Program Files\Java\jdk-16.0.1\bin\net.dll
0x00007ffcd7330000 - 0x00007ffcd743a000 	C:\WINDOWS\SYSTEM32\WINHTTP.dll
0x00007ffcdcca0000 - 0x00007ffcdcd0a000 	C:\WINDOWS\system32\mswsock.dll
0x00007ffcc4ff0000 - 0x00007ffcc5003000 	C:\Program Files\Java\jdk-16.0.1\bin\nio.dll
0x00007ffcc3fb0000 - 0x00007ffcc3fc8000 	C:\Program Files\Java\jdk-16.0.1\bin\zip.dll
0x0000018f14df0000 - 0x0000018f14df3000 	C:\Users\farha\Downloads\openjfx-16_windows-x64_bin-sdk\javafx-sdk-16\bin\api-ms-win-core-console-l1-1-0.dll
0x0000018f14e00000 - 0x0000018f14e03000 	C:\Users\farha\Downloads\openjfx-16_windows-x64_bin-sdk\javafx-sdk-16\bin\api-ms-win-core-console-l1-2-0.dll
0x0000018f14e10000 - 0x0000018f14e13000 	C:\Users\farha\Downloads\openjfx-16_windows-x64_bin-sdk\javafx-sdk-16\bin\api-ms-win-core-datetime-l1-1-0.dll
0x0000018f32f90000 - 0x0000018f32f93000 	C:\Users\farha\Downloads\openjfx-16_windows-x64_bin-sdk\javafx-sdk-16\bin\api-ms-win-core-debug-l1-1-0.dll
0x0000018f32fa0000 - 0x0000018f32fa3000 	C:\Users\farha\Downloads\openjfx-16_windows-x64_bin-sdk\javafx-sdk-16\bin\api-ms-win-core-errorhandling-l1-1-0.dll
0x0000018f32fb0000 - 0x0000018f32fb4000 	C:\Users\farha\Downloads\openjfx-16_windows-x64_bin-sdk\javafx-sdk-16\bin\api-ms-win-core-file-l1-1-0.dll
0x0000018f32fc0000 - 0x0000018f32fc3000 	C:\Users\farha\Downloads\openjfx-16_windows-x64_bin-sdk\javafx-sdk-16\bin\api-ms-win-core-file-l1-2-0.dll
0x0000018f32fd0000 - 0x0000018f32fd3000 	C:\Users\farha\Downloads\openjfx-16_windows-x64_bin-sdk\javafx-sdk-16\bin\api-ms-win-core-file-l2-1-0.dll
0x0000018f32fe0000 - 0x0000018f32fe3000 	C:\Users\farha\Downloads\openjfx-16_windows-x64_bin-sdk\javafx-sdk-16\bin\api-ms-win-core-handle-l1-1-0.dll
0x0000018f32ff0000 - 0x0000018f32ff3000 	C:\Users\farha\Downloads\openjfx-16_windows-x64_bin-sdk\javafx-sdk-16\bin\api-ms-win-core-heap-l1-1-0.dll
0x0000018f34400000 - 0x0000018f34403000 	C:\Users\farha\Downloads\openjfx-16_windows-x64_bin-sdk\javafx-sdk-16\bin\api-ms-win-core-interlocked-l1-1-0.dll
0x0000018f34410000 - 0x0000018f34413000 	C:\Users\farha\Downloads\openjfx-16_windows-x64_bin-sdk\javafx-sdk-16\bin\api-ms-win-core-libraryloader-l1-1-0.dll
0x0000018f34420000 - 0x0000018f34423000 	C:\Users\farha\Downloads\openjfx-16_windows-x64_bin-sdk\javafx-sdk-16\bin\api-ms-win-core-localization-l1-2-0.dll
0x0000018f34430000 - 0x0000018f34433000 	C:\Users\farha\Downloads\openjfx-16_windows-x64_bin-sdk\javafx-sdk-16\bin\api-ms-win-core-memory-l1-1-0.dll
0x0000018f34440000 - 0x0000018f34443000 	C:\Users\farha\Downloads\openjfx-16_windows-x64_bin-sdk\javafx-sdk-16\bin\api-ms-win-core-namedpipe-l1-1-0.dll
0x0000018f34450000 - 0x0000018f34453000 	C:\Users\farha\Downloads\openjfx-16_windows-x64_bin-sdk\javafx-sdk-16\bin\api-ms-win-core-processenvironment-l1-1-0.dll
0x0000018f34460000 - 0x0000018f34463000 	C:\Users\farha\Downloads\openjfx-16_windows-x64_bin-sdk\javafx-sdk-16\bin\api-ms-win-core-processthreads-l1-1-0.dll
0x0000018f34470000 - 0x0000018f34473000 	C:\Users\farha\Downloads\openjfx-16_windows-x64_bin-sdk\javafx-sdk-16\bin\api-ms-win-core-processthreads-l1-1-1.dll
0x0000018f34480000 - 0x0000018f34483000 	C:\Users\farha\Downloads\openjfx-16_windows-x64_bin-sdk\javafx-sdk-16\bin\api-ms-win-core-profile-l1-1-0.dll
0x0000018f34490000 - 0x0000018f34493000 	C:\Users\farha\Downloads\openjfx-16_windows-x64_bin-sdk\javafx-sdk-16\bin\api-ms-win-core-rtlsupport-l1-1-0.dll
0x0000018f344a0000 - 0x0000018f344a3000 	C:\Users\farha\Downloads\openjfx-16_windows-x64_bin-sdk\javafx-sdk-16\bin\api-ms-win-core-string-l1-1-0.dll
0x0000018f344b0000 - 0x0000018f344b3000 	C:\Users\farha\Downloads\openjfx-16_windows-x64_bin-sdk\javafx-sdk-16\bin\api-ms-win-core-synch-l1-1-0.dll
0x0000018f344c0000 - 0x0000018f344c3000 	C:\Users\farha\Downloads\openjfx-16_windows-x64_bin-sdk\javafx-sdk-16\bin\api-ms-win-core-synch-l1-2-0.dll
0x0000018f344d0000 - 0x0000018f344d3000 	C:\Users\farha\Downloads\openjfx-16_windows-x64_bin-sdk\javafx-sdk-16\bin\api-ms-win-core-sysinfo-l1-1-0.dll
0x0000018f344e0000 - 0x0000018f344e3000 	C:\Users\farha\Downloads\openjfx-16_windows-x64_bin-sdk\javafx-sdk-16\bin\api-ms-win-core-timezone-l1-1-0.dll
0x0000018f344f0000 - 0x0000018f344f3000 	C:\Users\farha\Downloads\openjfx-16_windows-x64_bin-sdk\javafx-sdk-16\bin\api-ms-win-core-util-l1-1-0.dll
0x0000018f34500000 - 0x0000018f34503000 	C:\Users\farha\Downloads\openjfx-16_windows-x64_bin-sdk\javafx-sdk-16\bin\api-ms-win-crt-conio-l1-1-0.dll
0x0000018f34510000 - 0x0000018f34514000 	C:\Users\farha\Downloads\openjfx-16_windows-x64_bin-sdk\javafx-sdk-16\bin\api-ms-win-crt-convert-l1-1-0.dll
0x0000018f34520000 - 0x0000018f34523000 	C:\Users\farha\Downloads\openjfx-16_windows-x64_bin-sdk\javafx-sdk-16\bin\api-ms-win-crt-environment-l1-1-0.dll
0x0000018f34530000 - 0x0000018f34533000 	C:\Users\farha\Downloads\openjfx-16_windows-x64_bin-sdk\javafx-sdk-16\bin\api-ms-win-crt-filesystem-l1-1-0.dll
0x0000018f34540000 - 0x0000018f34543000 	C:\Users\farha\Downloads\openjfx-16_windows-x64_bin-sdk\javafx-sdk-16\bin\api-ms-win-crt-heap-l1-1-0.dll
0x0000018f34550000 - 0x0000018f34553000 	C:\Users\farha\Downloads\openjfx-16_windows-x64_bin-sdk\javafx-sdk-16\bin\api-ms-win-crt-locale-l1-1-0.dll
0x0000018f34560000 - 0x0000018f34565000 	C:\Users\farha\Downloads\openjfx-16_windows-x64_bin-sdk\javafx-sdk-16\bin\api-ms-win-crt-math-l1-1-0.dll
0x0000018f34570000 - 0x0000018f34575000 	C:\Users\farha\Downloads\openjfx-16_windows-x64_bin-sdk\javafx-sdk-16\bin\api-ms-win-crt-multibyte-l1-1-0.dll
0x0000018f34580000 - 0x0000018f34590000 	C:\Users\farha\Downloads\openjfx-16_windows-x64_bin-sdk\javafx-sdk-16\bin\api-ms-win-crt-private-l1-1-0.dll
0x0000018f34590000 - 0x0000018f34593000 	C:\Users\farha\Downloads\openjfx-16_windows-x64_bin-sdk\javafx-sdk-16\bin\api-ms-win-crt-process-l1-1-0.dll
0x0000018f345a0000 - 0x0000018f345a4000 	C:\Users\farha\Downloads\openjfx-16_windows-x64_bin-sdk\javafx-sdk-16\bin\api-ms-win-crt-runtime-l1-1-0.dll
0x0000018f345b0000 - 0x0000018f345b4000 	C:\Users\farha\Downloads\openjfx-16_windows-x64_bin-sdk\javafx-sdk-16\bin\api-ms-win-crt-stdio-l1-1-0.dll
0x0000018f345c0000 - 0x0000018f345c4000 	C:\Users\farha\Downloads\openjfx-16_windows-x64_bin-sdk\javafx-sdk-16\bin\api-ms-win-crt-string-l1-1-0.dll
0x0000018f345d0000 - 0x0000018f345d3000 	C:\Users\farha\Downloads\openjfx-16_windows-x64_bin-sdk\javafx-sdk-16\bin\api-ms-win-crt-time-l1-1-0.dll
0x0000018f345e0000 - 0x0000018f345e3000 	C:\Users\farha\Downloads\openjfx-16_windows-x64_bin-sdk\javafx-sdk-16\bin\api-ms-win-crt-utility-l1-1-0.dll
0x00007ffc98510000 - 0x00007ffc9860c000 	C:\Users\farha\Downloads\openjfx-16_windows-x64_bin-sdk\javafx-sdk-16\bin\ucrtbase.dll
0x00007ffcc38f0000 - 0x00007ffcc3909000 	C:\Users\farha\Downloads\openjfx-16_windows-x64_bin-sdk\javafx-sdk-16\bin\vcruntime140.dll
0x00007ffcd66e0000 - 0x00007ffcd66ec000 	C:\Users\farha\Downloads\openjfx-16_windows-x64_bin-sdk\javafx-sdk-16\bin\vcruntime140_1.dll
0x00007ffca5020000 - 0x00007ffca50b1000 	C:\Users\farha\Downloads\openjfx-16_windows-x64_bin-sdk\javafx-sdk-16\bin\msvcp140.dll
0x00007ffcb7490000 - 0x00007ffcb74b7000 	C:\Users\farha\Downloads\openjfx-16_windows-x64_bin-sdk\javafx-sdk-16\bin\prism_d3d.dll
0x00007ffc87a80000 - 0x00007ffc87c4e000 	C:\WINDOWS\system32\d3d9.dll
0x00007ffcdada0000 - 0x00007ffcdadcf000 	C:\WINDOWS\SYSTEM32\dwmapi.dll
0x00007ffcdaac0000 - 0x00007ffcdab5e000 	C:\WINDOWS\system32\uxtheme.dll
0x00007ffcddbe0000 - 0x00007ffcddc07000 	C:\WINDOWS\System32\bcrypt.dll
0x00007ffcddc10000 - 0x00007ffcddd6f000 	C:\WINDOWS\System32\crypt32.dll
0x00007ffcd5680000 - 0x00007ffcd56b1000 	C:\WINDOWS\SYSTEM32\cryptnet.dll
0x00007ffcdcea0000 - 0x00007ffcdceac000 	C:\WINDOWS\SYSTEM32\cryptbase.dll
0x00007ffcddda0000 - 0x00007ffcdde00000 	C:\WINDOWS\System32\WINTRUST.DLL
0x00007ffcdd0c0000 - 0x00007ffcdd0d2000 	C:\WINDOWS\SYSTEM32\MSASN1.dll
0x00007ffcddec0000 - 0x00007ffcddedd000 	C:\WINDOWS\System32\imagehlp.dll
0x00007ffcdce80000 - 0x00007ffcdce98000 	C:\WINDOWS\SYSTEM32\CRYPTSP.dll
0x00007ffcdc5d0000 - 0x00007ffcdc604000 	C:\WINDOWS\system32\rsaenh.dll
0x00007ffcac420000 - 0x00007ffcac462000 	C:\Users\farha\Downloads\openjfx-16_windows-x64_bin-sdk\javafx-sdk-16\bin\glass.dll
0x00007ffcdf3c0000 - 0x00007ffcdf49a000 	C:\WINDOWS\System32\COMDLG32.dll
0x00007ffcdf0c0000 - 0x00007ffcdf1ea000 	C:\WINDOWS\System32\ole32.dll
0x00007ffcddee0000 - 0x00007ffcddfad000 	C:\WINDOWS\System32\OLEAUT32.dll
0x00007ffcdf4a0000 - 0x00007ffcdf5b5000 	C:\WINDOWS\System32\MSCTF.dll
0x00007ffcb7150000 - 0x00007ffcb7252000 	C:\WINDOWS\System32\DriverStore\FileRepository\nvami.inf_amd64_8592088b0b875d85\nvldumdx.dll
0x00007ffc7d860000 - 0x00007ffc7f27a000 	C:\WINDOWS\System32\DriverStore\FileRepository\nvami.inf_amd64_8592088b0b875d85\nvd3dumx.dll
0x00007ffcd1420000 - 0x00007ffcd145b000 	C:\WINDOWS\SYSTEM32\dxcore.dll
0x00007ffcdd710000 - 0x00007ffcdd75e000 	C:\WINDOWS\System32\cfgmgr32.dll
0x00007ffc86bb0000 - 0x00007ffc86d13000 	C:\WINDOWS\System32\DriverStore\FileRepository\iigd_dch.inf_amd64_93cd1ac04c27c7e5\igdumdim64.dll
0x00007ffc6ab30000 - 0x00007ffc6e534000 	C:\WINDOWS\System32\DriverStore\FileRepository\iigd_dch.inf_amd64_93cd1ac04c27c7e5\igd9dxva64.dll
0x00007ffcddfb0000 - 0x00007ffcde419000 	C:\WINDOWS\System32\SETUPAPI.dll
0x00007ffccf740000 - 0x00007ffccf97f000 	C:\WINDOWS\System32\DriverStore\FileRepository\iigd_dch.inf_amd64_93cd1ac04c27c7e5\igdgmm64.dll
0x00007ffcc3690000 - 0x00007ffcc36b7000 	C:\WINDOWS\System32\DriverStore\FileRepository\iigd_dch.inf_amd64_93cd1ac04c27c7e5\igdinfo64.dll
0x00007ffccc710000 - 0x00007ffccf372000 	C:\WINDOWS\System32\DriverStore\FileRepository\iigd_dch.inf_amd64_93cd1ac04c27c7e5\igc64.dll
0x00007ffcc1240000 - 0x00007ffcc1254000 	C:\Users\farha\Downloads\openjfx-16_windows-x64_bin-sdk\javafx-sdk-16\bin\javafx_font.dll
0x00007ffcc9320000 - 0x00007ffcc959f000 	C:\WINDOWS\SYSTEM32\dwrite.dll
0x00007ffcdfc10000 - 0x00007ffcdfcb9000 	C:\WINDOWS\System32\clbcatq.dll
0x00007ffcd3eb0000 - 0x00007ffcd4064000 	C:\WINDOWS\SYSTEM32\WindowsCodecs.dll
0x00007ffcc0900000 - 0x00007ffcc093e000 	C:\WINDOWS\system32\dataexchange.dll
0x00007ffcd8dd0000 - 0x00007ffcd9034000 	C:\WINDOWS\system32\d3d11.dll
0x00007ffcd9d20000 - 0x00007ffcd9f06000 	C:\WINDOWS\system32\dcomp.dll
0x00007ffcdbde0000 - 0x00007ffcdbed4000 	C:\WINDOWS\system32\dxgi.dll
0x00007ffcd4860000 - 0x00007ffcd4a61000 	C:\WINDOWS\system32\twinapi.appcore.dll
0x00007ffca9db0000 - 0x00007ffca9de4000 	C:\Program Files\Common Files\Microsoft Shared\Ink\rtscom.dll
0x00007ffccbc90000 - 0x00007ffccbd89000 	C:\WINDOWS\SYSTEM32\textinputframework.dll

dbghelp: loaded successfully - version: 4.0.5 - missing functions: none
symbol engine: initialized successfully - sym options: 0x614 - pdb path: .;C:\Program Files\Java\jdk-16.0.1\bin;C:\WINDOWS\SYSTEM32;C:\WINDOWS\WinSxS\amd64_microsoft.windows.common-controls_6595b64144ccf1df_6.0.19041.1110_none_60b5254171f9507e;C:\Program Files\Java\jdk-16.0.1\bin\server;C:\Users\farha\Downloads\openjfx-16_windows-x64_bin-sdk\javafx-sdk-16\bin;C:\WINDOWS\System32\DriverStore\FileRepository\nvami.inf_amd64_8592088b0b875d85;C:\WINDOWS\System32\DriverStore\FileRepository\iigd_dch.inf_amd64_93cd1ac04c27c7e5;C:\Program Files\Common Files\Microsoft Shared\Ink

VM Arguments:
jvm_args: --module-path=C:\Users\farha\Downloads\openjfx-16_windows-x64_bin-sdk\javafx-sdk-16\lib --add-modules=javafx.controls,javafx.fxml -Dfile.encoding=Cp1252 --module-path=C:\Users\farha\.p2\pool\plugins\org.eclipse.fx.ide.css.jfx8_3.7.0.202010120832.jar;C:\Users\farha\Downloads\openjfx-16_windows-x64_bin-sdk\javafx-sdk-16\lib\javafx.base.jar;C:\Users\farha\Downloads\openjfx-16_windows-x64_bin-sdk\javafx-sdk-16\lib\javafx.controls.jar;C:\Users\farha\Downloads\openjfx-16_windows-x64_bin-sdk\javafx-sdk-16\lib\javafx.fxml.jar;C:\Users\farha\Downloads\openjfx-16_windows-x64_bin-sdk\javafx-sdk-16\lib\javafx.graphics.jar;C:\Users\farha\Downloads\openjfx-16_windows-x64_bin-sdk\javafx-sdk-16\lib\javafx.media.jar;C:\Users\farha\Downloads\openjfx-16_windows-x64_bin-sdk\javafx-sdk-16\lib\javafx.swing.jar;C:\Users\farha\Downloads\openjfx-16_windows-x64_bin-sdk\javafx-sdk-16\lib\javafx.web.jar;C:\Users\farha\Downloads\openjfx-16_windows-x64_bin-sdk\javafx-sdk-16\lib\javafx-swt.jar -XX:+ShowCodeDetailsInExceptionMessages 
java_command: application.SystemManager
java_class_path (initial): C:\Users\farha\OneDrive\Documents\GitHub\OOPProjectTicTacToe\OOPHW10\bin
Launcher Type: SUN_STANDARD

[Global flags]
     intx CICompilerCount                          = 4                                         {product} {ergonomic}
     uint ConcGCThreads                            = 2                                         {product} {ergonomic}
     uint G1ConcRefinementThreads                  = 8                                         {product} {ergonomic}
   size_t G1HeapRegionSize                         = 1048576                                   {product} {ergonomic}
    uintx GCDrainStackTargetSize                   = 64                                        {product} {ergonomic}
   size_t InitialHeapSize                          = 134217728                                 {product} {ergonomic}
   size_t MarkStackSize                            = 4194304                                   {product} {ergonomic}
   size_t MaxHeapSize                              = 2118123520                                {product} {ergonomic}
   size_t MaxNewSize                               = 1270874112                                {product} {ergonomic}
   size_t MinHeapDeltaBytes                        = 1048576                                   {product} {ergonomic}
   size_t MinHeapSize                              = 8388608                                   {product} {ergonomic}
    uintx NonNMethodCodeHeapSize                   = 5839372                                {pd product} {ergonomic}
    uintx NonProfiledCodeHeapSize                  = 122909434                              {pd product} {ergonomic}
    uintx ProfiledCodeHeapSize                     = 122909434                              {pd product} {ergonomic}
    uintx ReservedCodeCacheSize                    = 251658240                              {pd product} {ergonomic}
     bool SegmentedCodeCache                       = true                                      {product} {ergonomic}
     bool ShowCodeDetailsInExceptionMessages       = true                                   {manageable} {command line}
   size_t SoftMaxHeapSize                          = 2118123520                             {manageable} {ergonomic}
     bool UseCompressedClassPointers               = true                           {product lp64_product} {ergonomic}
     bool UseCompressedOops                        = true                           {product lp64_product} {ergonomic}
     bool UseG1GC                                  = true                                      {product} {ergonomic}
     bool UseLargePagesIndividualAllocation        = false                                  {pd product} {ergonomic}

Logging:
Log output configuration:
 #0: stdout all=off uptime,level,tags
 #1: stderr all=off uptime,level,tags

Environment Variables:
JAVA_HOME=C:\Program Files\Java\jdk1.8.0_291
PATH=C:/Users/farha/.p2/pool/plugins/org.eclipse.justj.openjdk.hotspot.jre.full.win32.x86_64_15.0.2.v20210201-0955/jre/bin/server;C:/Users/farha/.p2/pool/plugins/org.eclipse.justj.openjdk.hotspot.jre.full.win32.x86_64_15.0.2.v20210201-0955/jre/bin;C:\MinGW\bin;C:\Users\farha\AppData\Local\Microsoft\WindowsApps;C:\Program Files\JetBrains\CLion 2020.3.1\bin;;C:\android\platform-tools;C:\ffmpeg\bin;C:\Users\farha\AppData\Local\GitHubDesktop\bin;C:\Program Files\Graphviz\bin;;C:\WINDOWS\system32;
USERNAME=farhanrs7
OS=Windows_NT
PROCESSOR_IDENTIFIER=Intel64 Family 6 Model 142 Stepping 10, GenuineIntel



---------------  S Y S T E M  ---------------

OS:
 Windows 10 , 64 bit Build 19041 (10.0.19041.1023)
OS uptime: 1 days 21:49 hours

CPU: total 8 (initial active 8) (4 cores per cpu, 2 threads per core) family 6 model 142 stepping 10 microcode 0xb4, cx8, cmov, fxsr, ht, mmx, 3dnowpref, sse, sse2, sse3, ssse3, sse4.1, sse4.2, popcnt, lzcnt, tsc, tscinvbit, avx, avx2, aes, erms, clmul, bmi1, bmi2, adx, fma, vzeroupper, clflush, clflushopt

Memory: 4k page, system-wide physical 8074M (1509M free)
TotalPageFile size 13450M (AvailPageFile size 2420M)
current process WorkingSet (physical memory assigned to process): 132M, peak: 148M
current process commit charge ("private bytes"): 289M, peak: 313M

vm_info: Java HotSpot(TM) 64-Bit Server VM (16.0.1+9-24) for windows-amd64 JRE (16.0.1+9-24), built on Mar 26 2021 19:31:42 by "mach5one" with MS VC++ 16.7 (VS2019)

END.
