#
# A fatal error has been detected by the Java Runtime Environment:
#
#  EXCEPTION_ACCESS_VIOLATION (0xc0000005) at pc=0x00007ffcac446997, pid=8828, tid=8824
#
# JRE version: Java(TM) SE Runtime Environment (16.0.1+9) (build 16.0.1+9-24)
# Java VM: Java HotSpot(TM) 64-Bit Server VM (16.0.1+9-24, mixed mode, sharing, tiered, compressed oops, compressed class ptrs, g1 gc, windows-amd64)
# Problematic frame:
# C  [glass.dll+0x26997]
#
# No core dump will be written. Minidumps are not enabled by default on client versions of Windows
#
# If you would like to submit a bug report, please visit:
#   https://bugreport.java.com/bugreport/crash.jsp
#

---------------  S U M M A R Y ------------

Command Line: --module-path=C:\Users\farha\Downloads\openjfx-16_windows-x64_bin-sdk\javafx-sdk-16\lib --add-modules=javafx.controls,javafx.fxml -Dfile.encoding=Cp1252 --module-path=C:\Users\farha\.p2\pool\plugins\org.eclipse.fx.ide.css.jfx8_3.7.0.202010120832.jar;C:\Users\farha\Downloads\openjfx-16_windows-x64_bin-sdk\javafx-sdk-16\lib\javafx.base.jar;C:\Users\farha\Downloads\openjfx-16_windows-x64_bin-sdk\javafx-sdk-16\lib\javafx.controls.jar;C:\Users\farha\Downloads\openjfx-16_windows-x64_bin-sdk\javafx-sdk-16\lib\javafx.fxml.jar;C:\Users\farha\Downloads\openjfx-16_windows-x64_bin-sdk\javafx-sdk-16\lib\javafx.graphics.jar;C:\Users\farha\Downloads\openjfx-16_windows-x64_bin-sdk\javafx-sdk-16\lib\javafx.media.jar;C:\Users\farha\Downloads\openjfx-16_windows-x64_bin-sdk\javafx-sdk-16\lib\javafx.swing.jar;C:\Users\farha\Downloads\openjfx-16_windows-x64_bin-sdk\javafx-sdk-16\lib\javafx.web.jar;C:\Users\farha\Downloads\openjfx-16_windows-x64_bin-sdk\javafx-sdk-16\lib\javafx-swt.jar -XX:+ShowCodeDetailsInExceptionMessages application.SystemManager

Host: Intel(R) Core(TM) i5-8250U CPU @ 1.60GHz, 8 cores, 7G,  Windows 10 , 64 bit Build 19041 (10.0.19041.1023)
Time: Thu Aug  5 21:30:31 2021 Malay Peninsula Standard Time elapsed time: 114.451098 seconds (0d 0h 1m 54s)

---------------  T H R E A D  ---------------

Current thread (0x0000021e1aeecf70):  VMThread "VM Thread" [stack: 0x0000004ebd500000,0x0000004ebd600000] [id=8824]

Stack: [0x0000004ebd500000,0x0000004ebd600000],  sp=0x0000004ebd5fef50,  free space=1019k
Native frames: (J=compiled Java code, j=interpreted, Vv=VM code, C=native code)
C  [glass.dll+0x26997]


siginfo: EXCEPTION_ACCESS_VIOLATION (0xc0000005), reading address 0x0000000000000000


Register to memory mapping:

RIP=0x00007ffcac446997 glass.dll
RAX=0x0 is NULL
RBX=0x0000021e1aef65f0 is a global jni handle
RCX=0x0000021e1aeecf70 points into unknown readable memory: 0x00007ffc81acf628 | 28 f6 ac 81 fc 7f 00 00
RDX=0x0000004ebd5fef50 points into unknown readable memory: 0x0000000000000000 | 00 00 00 00 00 00 00 00
RSP=0x0000004ebd5fef50 points into unknown readable memory: 0x0000000000000000 | 00 00 00 00 00 00 00 00
RBP=0x0000021e1bfc5da8 points into unknown readable memory: 0x000091364d5f9cfa | fa 9c 5f 4d 36 91 00 00
RSI=0x0000021e1bfc5d80 points into unknown readable memory: 0x300090c9bfee8c0f | 0f 8c ee bf c9 90 00 30
RDI=0x000091364d5f9cfa is an unknown value
R8 =0x0000000000010002 is an unknown value
R9 =0x000091364d5f9cfa is an unknown value
R10=0x0000000000008000 is an unknown value
R11=0x0000004ebd5feee0 points into unknown readable memory: 0x0000021e1bfc5d80 | 80 5d fc 1b 1e 02 00 00
R12=0x00007ffcac444234 glass.dll
R13=0x0000021e7cf5ef50 points into unknown readable memory: 0x8000000900000001 | 01 00 00 00 09 00 00 80
R14=0x0000004ebd5ff048 points into unknown readable memory: 0x0000004ebd5ff030 | 30 f0 5f bd 4e 00 00 00
R15=0x0000021e1bfc5d80 points into unknown readable memory: 0x300090c9bfee8c0f | 0f 8c ee bf c9 90 00 30


Registers:
RAX=0x0000000000000000, RBX=0x0000021e1aef65f0, RCX=0x0000021e1aeecf70, RDX=0x0000004ebd5fef50
RSP=0x0000004ebd5fef50, RBP=0x0000021e1bfc5da8, RSI=0x0000021e1bfc5d80, RDI=0x000091364d5f9cfa
R8 =0x0000000000010002, R9 =0x000091364d5f9cfa, R10=0x0000000000008000, R11=0x0000004ebd5feee0
R12=0x00007ffcac444234, R13=0x0000021e7cf5ef50, R14=0x0000004ebd5ff048, R15=0x0000021e1bfc5d80
RIP=0x00007ffcac446997, EFLAGS=0x0000000000010206

Top of Stack: (sp=0x0000004ebd5fef50)
0x0000004ebd5fef50:   0000000000000000 0000021e1bfc5d80
0x0000004ebd5fef60:   0000021e7cf5ef50 00007ffcac444234
0x0000004ebd5fef70:   0000021e1bfc5d88 00007ffcdd5942d6
0x0000004ebd5fef80:   000091364d5f9cfa 0000021e00000000
0x0000004ebd5fef90:   0000021e1bfc5da8 0000021e1bfc5d80
0x0000004ebd5fefa0:   fffffffffffffffe 0000000000000000
0x0000004ebd5fefb0:   0000000000000001 00007ffcac420000
0x0000004ebd5fefc0:   0000004ebd5ff038 00007ffcdd5941fb
0x0000004ebd5fefd0:   0000000000000000 0000004ebd5ff048
0x0000004ebd5fefe0:   0000004ebd5ff310 00007ffcdd670e40
0x0000004ebd5feff0:   0000000000000001 00007ffcdd5941b4
0x0000004ebd5ff000:   0000000000000000 0000000000000001
0x0000004ebd5ff010:   0000000000000000 0000004ebd5ff038
0x0000004ebd5ff020:   0000000000000001 00007ffcac4440c1
0x0000004ebd5ff030:   00007ffcac45a128 00007ffc00000002
0x0000004ebd5ff040:   0000000000000002 0000004ebd5ff030 

Instructions: (pc=0x00007ffcac446997)
0x00007ffcac446897:   8b 4d 58 e8 d1 ce ff ff 48 8b 4d 60 e8 c8 ce ff
0x00007ffcac4468a7:   ff 48 8b 95 80 00 00 00 48 8b 8d 18 01 00 00 e8
0x00007ffcac4468b7:   96 c3 ff ff 33 d2 33 c9 e8 12 e1 ff ff 90 48 89
0x00007ffcac4468c7:   54 24 10 55 48 83 ec 20 48 8b ea 48 b8 00 00 00
0x00007ffcac4468d7:   00 00 00 00 00 48 83 c4 20 5d c3 cc 40 55 48 8b
0x00007ffcac4468e7:   ea 48 8b 01 33 c9 81 38 05 00 00 c0 0f 94 c1 8b
0x00007ffcac4468f7:   c1 5d c3 cc 40 55 48 83 ec 20 48 8b ea 8a 4d 40
0x00007ffcac446907:   48 83 c4 20 5d e9 c7 d2 ff ff cc 40 55 48 83 ec
0x00007ffcac446917:   20 48 8b ea 8a 4d 20 e8 b5 d2 ff ff 90 48 83 c4
0x00007ffcac446927:   20 5d c3 cc 40 55 48 83 ec 20 48 8b ea 48 83 c4
0x00007ffcac446937:   20 5d e9 16 d1 ff ff cc 40 55 48 83 ec 30 48 8b
0x00007ffcac446947:   ea 48 8b 01 8b 10 48 89 4c 24 28 89 54 24 20 4c
0x00007ffcac446957:   8d 0d b7 d5 ff ff 4c 8b 45 70 8b 55 68 48 8b 4d
0x00007ffcac446967:   60 e8 57 d0 ff ff 90 48 83 c4 30 5d c3 cc cc cc
0x00007ffcac446977:   cc cc cc cc cc cc cc cc cc 40 53 48 83 ec 20 48
0x00007ffcac446987:   8b 1d 93 31 01 00 48 85 db 74 16 e8 29 8b ff ff
0x00007ffcac446997:   4c 8b 00 48 8b d3 48 8b c8 41 ff 90 b0 00 00 00
0x00007ffcac4469a7:   90 48 83 c4 20 5b c3 cc cc 40 53 48 83 ec 20 48
0x00007ffcac4469b7:   8b 1d 0b 33 01 00 48 85 db 74 57 b8 ff ff ff ff
0x00007ffcac4469c7:   f0 0f c1 43 10 83 f8 01 75 3d 48 85 db 74 38 48
0x00007ffcac4469d7:   8b 0b 48 85 c9 74 0d ff 15 c4 08 00 00 48 c7 03
0x00007ffcac4469e7:   00 00 00 00 48 8b 4b 08 48 85 c9 74 0d e8 77 cd
0x00007ffcac4469f7:   ff ff 48 c7 43 08 00 00 00 00 ba 18 00 00 00 48
0x00007ffcac446a07:   8b cb e8 62 cd ff ff 48 c7 05 af 32 01 00 00 00
0x00007ffcac446a17:   00 00 48 83 c4 20 5b c3 cc 40 53 48 83 ec 20 48
0x00007ffcac446a27:   8b 1d 7b 32 01 00 48 85 db 74 57 b8 ff ff ff ff
0x00007ffcac446a37:   f0 0f c1 43 10 83 f8 01 75 3d 48 85 db 74 38 48
0x00007ffcac446a47:   8b 0b 48 85 c9 74 0d ff 15 54 08 00 00 48 c7 03
0x00007ffcac446a57:   00 00 00 00 48 8b 4b 08 48 85 c9 74 0d e8 07 cd
0x00007ffcac446a67:   ff ff 48 c7 43 08 00 00 00 00 ba 18 00 00 00 48
0x00007ffcac446a77:   8b cb e8 f2 cc ff ff 48 c7 05 1f 32 01 00 00 00
0x00007ffcac446a87:   00 00 48 83 c4 20 5b c3 cc 40 53 48 83 ec 20 48 


Stack slot to memory mapping:
stack at sp + 0 slots: 0x0 is NULL
stack at sp + 1 slots: 0x0000021e1bfc5d80 points into unknown readable memory: 0x300090c9bfee8c0f | 0f 8c ee bf c9 90 00 30
stack at sp + 2 slots: 0x0000021e7cf5ef50 points into unknown readable memory: 0x8000000900000001 | 01 00 00 00 09 00 00 80
stack at sp + 3 slots: 0x00007ffcac444234 glass.dll
stack at sp + 4 slots: 0x0000021e1bfc5d88 points into unknown readable memory: 0x000091364d5f9cfa | fa 9c 5f 4d 36 91 00 00
stack at sp + 5 slots: 0x00007ffcdd5942d6 ucrtbase.dll
stack at sp + 6 slots: 0x000091364d5f9cfa is an unknown value
stack at sp + 7 slots: 0x0000021e00000000 points into unknown readable memory: 0x00010000cafedada | da da fe ca 00 00 01 00

VM_Operation (0x0000004ebe7fbf40): Exit, mode: safepoint, requested by thread 0x0000021e1c2970d0


---------------  P R O C E S S  ---------------

Threads class SMR info:
_java_thread_list=0x0000021e1c181eb0, length=19, elements={
0x0000021e7cf0a4b0, 0x0000021e1aef2ae0, 0x0000021e1aef38b0, 0x0000021e1af03010,
0x0000021e1af06a40, 0x0000021e1af08360, 0x0000021e1af0c170, 0x0000021e1af16dd0,
0x0000021e1af17720, 0x0000021e1af24480, 0x0000021e1b976710, 0x0000021e1bcfe6e0,
0x0000021e1bd627f0, 0x0000021e1c16a840, 0x0000021e1c2970d0, 0x0000021e1c78c400,
0x0000021e1c76b220, 0x0000021e1c91e400, 0x0000021e1c91e950
}

Java Threads: ( => current thread )
  0x0000021e7cf0a4b0 JavaThread "main" [_thread_blocked, id=11356, stack(0x0000004ebcf00000,0x0000004ebd000000)]
  0x0000021e1aef2ae0 JavaThread "Reference Handler" daemon [_thread_blocked, id=3728, stack(0x0000004ebd600000,0x0000004ebd700000)]
  0x0000021e1aef38b0 JavaThread "Finalizer" daemon [_thread_blocked, id=14196, stack(0x0000004ebd700000,0x0000004ebd800000)]
  0x0000021e1af03010 JavaThread "Signal Dispatcher" daemon [_thread_blocked, id=13832, stack(0x0000004ebd800000,0x0000004ebd900000)]
  0x0000021e1af06a40 JavaThread "Attach Listener" daemon [_thread_blocked, id=13628, stack(0x0000004ebd900000,0x0000004ebda00000)]
  0x0000021e1af08360 JavaThread "Service Thread" daemon [_thread_blocked, id=1844, stack(0x0000004ebda00000,0x0000004ebdb00000)]
  0x0000021e1af0c170 JavaThread "Monitor Deflation Thread" daemon [_thread_blocked, id=10416, stack(0x0000004ebdb00000,0x0000004ebdc00000)]
  0x0000021e1af16dd0 JavaThread "C2 CompilerThread0" daemon [_thread_blocked, id=13276, stack(0x0000004ebdc00000,0x0000004ebdd00000)]
  0x0000021e1af17720 JavaThread "C1 CompilerThread0" daemon [_thread_blocked, id=11200, stack(0x0000004ebdd00000,0x0000004ebde00000)]
  0x0000021e1af24480 JavaThread "Sweeper thread" daemon [_thread_blocked, id=12724, stack(0x0000004ebde00000,0x0000004ebdf00000)]
  0x0000021e1b976710 JavaThread "Common-Cleaner" daemon [_thread_blocked, id=7264, stack(0x0000004ebdf00000,0x0000004ebe000000)]
  0x0000021e1bcfe6e0 JavaThread "Notification Thread" daemon [_thread_blocked, id=3008, stack(0x0000004ebe200000,0x0000004ebe300000)]
  0x0000021e1bd627f0 JavaThread "QuantumRenderer-0" daemon [_thread_blocked, id=3876, stack(0x0000004ebe400000,0x0000004ebe500000)]
  0x0000021e1c16a840 JavaThread "InvokeLaterDispatcher" daemon [_thread_blocked, id=13004, stack(0x0000004ebe600000,0x0000004ebe700000)]
  0x0000021e1c2970d0 JavaThread "JavaFX Application Thread" [_thread_blocked, id=9716, stack(0x0000004ebe700000,0x0000004ebe800000)]
  0x0000021e1c78c400 JavaThread "JavaFX-Launcher" [_thread_blocked, id=9916, stack(0x0000004ebe100000,0x0000004ebe200000)]
  0x0000021e1c76b220 JavaThread "Thread-2" daemon [_thread_in_native, id=4048, stack(0x0000004ebe000000,0x0000004ebe100000)]
  0x0000021e1c91e400 JavaThread "Prism Font Disposer" daemon [_thread_blocked, id=14032, stack(0x0000004ebf300000,0x0000004ebf400000)]
  0x0000021e1c91e950 JavaThread "Cleaner-0" daemon [_thread_blocked, id=7704, stack(0x0000004ebf420000,0x0000004ebf520000)]

Other Threads:
=>0x0000021e1aeecf70 VMThread "VM Thread" [stack: 0x0000004ebd500000,0x0000004ebd600000] [id=8824]
  0x0000021e7cf4a350 GCTaskThread "GC Thread#0" [stack: 0x0000004ebd000000,0x0000004ebd100000] [id=13228]
  0x0000021e1c75cb20 GCTaskThread "GC Thread#1" [stack: 0x0000004ebe900000,0x0000004ebea00000] [id=13200]
  0x0000021e1c75da70 GCTaskThread "GC Thread#2" [stack: 0x0000004ebea00000,0x0000004ebeb00000] [id=9456]
  0x0000021e1c75e3a0 GCTaskThread "GC Thread#3" [stack: 0x0000004ebeb00000,0x0000004ebec00000] [id=8304]
  0x0000021e1c75ce30 GCTaskThread "GC Thread#4" [stack: 0x0000004ebec00000,0x0000004ebed00000] [id=9428]
  0x0000021e1c75d140 GCTaskThread "GC Thread#5" [stack: 0x0000004ebed00000,0x0000004ebee00000] [id=7116]
  0x0000021e1c4158b0 GCTaskThread "GC Thread#6" [stack: 0x0000004ebcc00000,0x0000004ebcd00000] [id=14212]
  0x0000021e1c415bc0 GCTaskThread "GC Thread#7" [stack: 0x0000004ebcd00000,0x0000004ebce00000] [id=6892]
  0x0000021e7cf5cbd0 ConcurrentGCThread "G1 Main Marker" terminated
  0x0000021e7cf5d5d0 ConcurrentGCThread "G1 Conc#0" [stack: 0x0000004ebd200000,0x0000004ebd300000] [id=4912]
  0x0000021e7cfe7870 ConcurrentGCThread "G1 Refine#0" terminated
  0x0000021e7cfe8280 ConcurrentGCThread "G1 Service" terminated

Threads with active compile tasks:
C1 CompilerThread0  
[error occurred during error reporting (printing all threads), id 0xc0000005, EXCEPTION_ACCESS_VIOLATION (0xc0000005) at pc=0x00007ffc818ebb63]

VM state: at safepoint (shutting down)

VM Mutex/Monitor currently owned by a thread:  ([mutex/lock_event])
[0x0000021e7cf06760] Threads_lock - owner thread: 0x0000021e1aeecf70
[0x0000021e7cf05f80] Heap_lock - owner thread: 0x0000021e1c2970d0

Heap address: 0x0000000081c00000, size: 2020 MB, Compressed Oops mode: 32-bit

CDS archive(s) mapped at: [0x0000000800000000-0x0000000800bb0000-0x0000000800bb0000), size 12255232, SharedBaseAddress: 0x0000000800000000, ArchiveRelocationMode: 0.
Compressed class space mapped at: 0x0000000800c00000-0x0000000840c00000, reserved size: 1073741824
Narrow klass base: 0x0000000800000000, Narrow klass shift: 3, Narrow klass range: 0x100000000

GC Precious Log:
 CPUs: 8 total, 8 available
 Memory: 8074M
 Large Page Support: Disabled
 NUMA Support: Disabled
 Compressed Oops: Enabled (32-bit)
 Heap Region Size: 1M
 Heap Min Capacity: 8M
 Heap Initial Capacity: 128M
 Heap Max Capacity: 2020M
 Pre-touch: Disabled
 Parallel Workers: 8
 Concurrent Workers: 2
 Concurrent Refinement Workers: 8
 Periodic GC: Disabled

Heap:
 garbage-first heap   total 131072K, used 11115K [0x0000000081c00000, 0x0000000100000000)
  region size 1024K, 7 young (7168K), 4 survivors (4096K)
 Metaspace       used 14449K, committed 14720K, reserved 1064960K
  class space    used 2018K, committed 2112K, reserved 1048576K

Heap Regions: E=young(eden), S=young(survivor), O=old, HS=humongous(starts), HC=humongous(continues), CS=collection set, F=free, OA=open archive, CA=closed archive, TAMS=top-at-mark-start (previous, next)
|   0|0x0000000081c00000, 0x0000000081d00000, 0x0000000081d00000|100%|HS|  |TAMS 0x0000000081c00000, 0x0000000081c00000| Complete 
|   1|0x0000000081d00000, 0x0000000081e00000, 0x0000000081e00000|100%|HC|  |TAMS 0x0000000081d00000, 0x0000000081d00000| Complete 
|   2|0x0000000081e00000, 0x0000000081f00000, 0x0000000081f00000|100%| O|  |TAMS 0x0000000081e00000, 0x0000000081e00000| Untracked 
|   3|0x0000000081f00000, 0x0000000082000000, 0x0000000082000000|100%| O|  |TAMS 0x0000000081f00000, 0x0000000081f00000| Untracked 
|   4|0x0000000082000000, 0x00000000820f6200, 0x0000000082100000| 96%| O|  |TAMS 0x0000000082000000, 0x0000000082000000| Untracked 
|   5|0x0000000082100000, 0x0000000082100000, 0x0000000082200000|  0%| F|  |TAMS 0x0000000082100000, 0x0000000082100000| Untracked 
|   6|0x0000000082200000, 0x0000000082200000, 0x0000000082300000|  0%| F|  |TAMS 0x0000000082200000, 0x0000000082200000| Untracked 
|   7|0x0000000082300000, 0x0000000082300000, 0x0000000082400000|  0%| F|  |TAMS 0x0000000082300000, 0x0000000082300000| Untracked 
|   8|0x0000000082400000, 0x0000000082400000, 0x0000000082500000|  0%| F|  |TAMS 0x0000000082400000, 0x0000000082400000| Untracked 
|   9|0x0000000082500000, 0x0000000082500000, 0x0000000082600000|  0%| F|  |TAMS 0x0000000082500000, 0x0000000082500000| Untracked 
|  10|0x0000000082600000, 0x0000000082600000, 0x0000000082700000|  0%| F|  |TAMS 0x0000000082600000, 0x0000000082600000| Untracked 
|  11|0x0000000082700000, 0x0000000082700000, 0x0000000082800000|  0%| F|  |TAMS 0x0000000082700000, 0x0000000082700000| Untracked 
|  12|0x0000000082800000, 0x0000000082800000, 0x0000000082900000|  0%| F|  |TAMS 0x0000000082800000, 0x0000000082800000| Untracked 
|  13|0x0000000082900000, 0x0000000082900000, 0x0000000082a00000|  0%| F|  |TAMS 0x0000000082900000, 0x0000000082900000| Untracked 
|  14|0x0000000082a00000, 0x0000000082a00000, 0x0000000082b00000|  0%| F|  |TAMS 0x0000000082a00000, 0x0000000082a00000| Untracked 
|  15|0x0000000082b00000, 0x0000000082b00000, 0x0000000082c00000|  0%| F|  |TAMS 0x0000000082b00000, 0x0000000082b00000| Untracked 
|  16|0x0000000082c00000, 0x0000000082c00000, 0x0000000082d00000|  0%| F|  |TAMS 0x0000000082c00000, 0x0000000082c00000| Untracked 
|  17|0x0000000082d00000, 0x0000000082d00000, 0x0000000082e00000|  0%| F|  |TAMS 0x0000000082d00000, 0x0000000082d00000| Untracked 
|  18|0x0000000082e00000, 0x0000000082e00000, 0x0000000082f00000|  0%| F|  |TAMS 0x0000000082e00000, 0x0000000082e00000| Untracked 
|  19|0x0000000082f00000, 0x0000000082f00000, 0x0000000083000000|  0%| F|  |TAMS 0x0000000082f00000, 0x0000000082f00000| Untracked 
|  20|0x0000000083000000, 0x0000000083000000, 0x0000000083100000|  0%| F|  |TAMS 0x0000000083000000, 0x0000000083000000| Untracked 
|  21|0x0000000083100000, 0x0000000083100000, 0x0000000083200000|  0%| F|  |TAMS 0x0000000083100000, 0x0000000083100000| Untracked 
|  22|0x0000000083200000, 0x0000000083200000, 0x0000000083300000|  0%| F|  |TAMS 0x0000000083200000, 0x0000000083200000| Untracked 
|  23|0x0000000083300000, 0x0000000083300000, 0x0000000083400000|  0%| F|  |TAMS 0x0000000083300000, 0x0000000083300000| Untracked 
|  24|0x0000000083400000, 0x0000000083400000, 0x0000000083500000|  0%| F|  |TAMS 0x0000000083400000, 0x0000000083400000| Untracked 
|  25|0x0000000083500000, 0x0000000083500000, 0x0000000083600000|  0%| F|  |TAMS 0x0000000083500000, 0x0000000083500000| Untracked 
|  26|0x0000000083600000, 0x0000000083600000, 0x0000000083700000|  0%| F|  |TAMS 0x0000000083600000, 0x0000000083600000| Untracked 
|  27|0x0000000083700000, 0x0000000083700000, 0x0000000083800000|  0%| F|  |TAMS 0x0000000083700000, 0x0000000083700000| Untracked 
|  28|0x0000000083800000, 0x0000000083800000, 0x0000000083900000|  0%| F|  |TAMS 0x0000000083800000, 0x0000000083800000| Untracked 
|  29|0x0000000083900000, 0x0000000083900000, 0x0000000083a00000|  0%| F|  |TAMS 0x0000000083900000, 0x0000000083900000| Untracked 
|  30|0x0000000083a00000, 0x0000000083a00000, 0x0000000083b00000|  0%| F|  |TAMS 0x0000000083a00000, 0x0000000083a00000| Untracked 
|  31|0x0000000083b00000, 0x0000000083b00000, 0x0000000083c00000|  0%| F|  |TAMS 0x0000000083b00000, 0x0000000083b00000| Untracked 
|  32|0x0000000083c00000, 0x0000000083c00000, 0x0000000083d00000|  0%| F|  |TAMS 0x0000000083c00000, 0x0000000083c00000| Untracked 
|  33|0x0000000083d00000, 0x0000000083d00000, 0x0000000083e00000|  0%| F|  |TAMS 0x0000000083d00000, 0x0000000083d00000| Untracked 
|  34|0x0000000083e00000, 0x0000000083e00000, 0x0000000083f00000|  0%| F|  |TAMS 0x0000000083e00000, 0x0000000083e00000| Untracked 
|  35|0x0000000083f00000, 0x0000000083f00000, 0x0000000084000000|  0%| F|  |TAMS 0x0000000083f00000, 0x0000000083f00000| Untracked 
|  36|0x0000000084000000, 0x0000000084000000, 0x0000000084100000|  0%| F|  |TAMS 0x0000000084000000, 0x0000000084000000| Untracked 
|  37|0x0000000084100000, 0x0000000084100000, 0x0000000084200000|  0%| F|  |TAMS 0x0000000084100000, 0x0000000084100000| Untracked 
|  38|0x0000000084200000, 0x0000000084200000, 0x0000000084300000|  0%| F|  |TAMS 0x0000000084200000, 0x0000000084200000| Untracked 
|  39|0x0000000084300000, 0x0000000084300000, 0x0000000084400000|  0%| F|  |TAMS 0x0000000084300000, 0x0000000084300000| Untracked 
|  40|0x0000000084400000, 0x0000000084400000, 0x0000000084500000|  0%| F|  |TAMS 0x0000000084400000, 0x0000000084400000| Untracked 
|  41|0x0000000084500000, 0x0000000084500000, 0x0000000084600000|  0%| F|  |TAMS 0x0000000084500000, 0x0000000084500000| Untracked 
|  42|0x0000000084600000, 0x0000000084600000, 0x0000000084700000|  0%| F|  |TAMS 0x0000000084600000, 0x0000000084600000| Untracked 
|  43|0x0000000084700000, 0x0000000084700000, 0x0000000084800000|  0%| F|  |TAMS 0x0000000084700000, 0x0000000084700000| Untracked 
|  44|0x0000000084800000, 0x0000000084800000, 0x0000000084900000|  0%| F|  |TAMS 0x0000000084800000, 0x0000000084800000| Untracked 
|  45|0x0000000084900000, 0x0000000084900000, 0x0000000084a00000|  0%| F|  |TAMS 0x0000000084900000, 0x0000000084900000| Untracked 
|  46|0x0000000084a00000, 0x0000000084a00000, 0x0000000084b00000|  0%| F|  |TAMS 0x0000000084a00000, 0x0000000084a00000| Untracked 
|  47|0x0000000084b00000, 0x0000000084b00000, 0x0000000084c00000|  0%| F|  |TAMS 0x0000000084b00000, 0x0000000084b00000| Untracked 
|  48|0x0000000084c00000, 0x0000000084c00000, 0x0000000084d00000|  0%| F|  |TAMS 0x0000000084c00000, 0x0000000084c00000| Untracked 
|  49|0x0000000084d00000, 0x0000000084d00000, 0x0000000084e00000|  0%| F|  |TAMS 0x0000000084d00000, 0x0000000084d00000| Untracked 
|  50|0x0000000084e00000, 0x0000000084e00000, 0x0000000084f00000|  0%| F|  |TAMS 0x0000000084e00000, 0x0000000084e00000| Untracked 
|  51|0x0000000084f00000, 0x0000000084f00000, 0x0000000085000000|  0%| F|  |TAMS 0x0000000084f00000, 0x0000000084f00000| Untracked 
|  52|0x0000000085000000, 0x0000000085000000, 0x0000000085100000|  0%| F|  |TAMS 0x0000000085000000, 0x0000000085000000| Untracked 
|  53|0x0000000085100000, 0x0000000085100000, 0x0000000085200000|  0%| F|  |TAMS 0x0000000085100000, 0x0000000085100000| Untracked 
|  54|0x0000000085200000, 0x0000000085200000, 0x0000000085300000|  0%| F|  |TAMS 0x0000000085200000, 0x0000000085200000| Untracked 
|  55|0x0000000085300000, 0x0000000085300000, 0x0000000085400000|  0%| F|  |TAMS 0x0000000085300000, 0x0000000085300000| Untracked 
|  56|0x0000000085400000, 0x0000000085400000, 0x0000000085500000|  0%| F|  |TAMS 0x0000000085400000, 0x0000000085400000| Untracked 
|  57|0x0000000085500000, 0x0000000085500000, 0x0000000085600000|  0%| F|  |TAMS 0x0000000085500000, 0x0000000085500000| Untracked 
|  58|0x0000000085600000, 0x0000000085600000, 0x0000000085700000|  0%| F|  |TAMS 0x0000000085600000, 0x0000000085600000| Untracked 
|  59|0x0000000085700000, 0x0000000085700000, 0x0000000085800000|  0%| F|  |TAMS 0x0000000085700000, 0x0000000085700000| Untracked 
|  60|0x0000000085800000, 0x0000000085800000, 0x0000000085900000|  0%| F|  |TAMS 0x0000000085800000, 0x0000000085800000| Untracked 
|  61|0x0000000085900000, 0x0000000085900000, 0x0000000085a00000|  0%| F|  |TAMS 0x0000000085900000, 0x0000000085900000| Untracked 
|  62|0x0000000085a00000, 0x0000000085a00000, 0x0000000085b00000|  0%| F|  |TAMS 0x0000000085a00000, 0x0000000085a00000| Untracked 
|  63|0x0000000085b00000, 0x0000000085b00000, 0x0000000085c00000|  0%| F|  |TAMS 0x0000000085b00000, 0x0000000085b00000| Untracked 
|  64|0x0000000085c00000, 0x0000000085c00000, 0x0000000085d00000|  0%| F|  |TAMS 0x0000000085c00000, 0x0000000085c00000| Untracked 
|  65|0x0000000085d00000, 0x0000000085d00000, 0x0000000085e00000|  0%| F|  |TAMS 0x0000000085d00000, 0x0000000085d00000| Untracked 
|  66|0x0000000085e00000, 0x0000000085e00000, 0x0000000085f00000|  0%| F|  |TAMS 0x0000000085e00000, 0x0000000085e00000| Untracked 
|  67|0x0000000085f00000, 0x0000000085f00000, 0x0000000086000000|  0%| F|  |TAMS 0x0000000085f00000, 0x0000000085f00000| Untracked 
|  68|0x0000000086000000, 0x0000000086000000, 0x0000000086100000|  0%| F|  |TAMS 0x0000000086000000, 0x0000000086000000| Untracked 
|  69|0x0000000086100000, 0x0000000086100000, 0x0000000086200000|  0%| F|  |TAMS 0x0000000086100000, 0x0000000086100000| Untracked 
|  70|0x0000000086200000, 0x0000000086200000, 0x0000000086300000|  0%| F|  |TAMS 0x0000000086200000, 0x0000000086200000| Untracked 
|  71|0x0000000086300000, 0x0000000086300000, 0x0000000086400000|  0%| F|  |TAMS 0x0000000086300000, 0x0000000086300000| Untracked 
|  72|0x0000000086400000, 0x0000000086400000, 0x0000000086500000|  0%| F|  |TAMS 0x0000000086400000, 0x0000000086400000| Untracked 
|  73|0x0000000086500000, 0x0000000086500000, 0x0000000086600000|  0%| F|  |TAMS 0x0000000086500000, 0x0000000086500000| Untracked 
|  74|0x0000000086600000, 0x0000000086600000, 0x0000000086700000|  0%| F|  |TAMS 0x0000000086600000, 0x0000000086600000| Untracked 
|  75|0x0000000086700000, 0x0000000086700000, 0x0000000086800000|  0%| F|  |TAMS 0x0000000086700000, 0x0000000086700000| Untracked 
|  76|0x0000000086800000, 0x0000000086800000, 0x0000000086900000|  0%| F|  |TAMS 0x0000000086800000, 0x0000000086800000| Untracked 
|  77|0x0000000086900000, 0x0000000086900000, 0x0000000086a00000|  0%| F|  |TAMS 0x0000000086900000, 0x0000000086900000| Untracked 
|  78|0x0000000086a00000, 0x0000000086a00000, 0x0000000086b00000|  0%| F|  |TAMS 0x0000000086a00000, 0x0000000086a00000| Untracked 
|  79|0x0000000086b00000, 0x0000000086b00000, 0x0000000086c00000|  0%| F|  |TAMS 0x0000000086b00000, 0x0000000086b00000| Untracked 
|  80|0x0000000086c00000, 0x0000000086c00000, 0x0000000086d00000|  0%| F|  |TAMS 0x0000000086c00000, 0x0000000086c00000| Untracked 
|  81|0x0000000086d00000, 0x0000000086d00000, 0x0000000086e00000|  0%| F|  |TAMS 0x0000000086d00000, 0x0000000086d00000| Untracked 
|  82|0x0000000086e00000, 0x0000000086e00000, 0x0000000086f00000|  0%| F|  |TAMS 0x0000000086e00000, 0x0000000086e00000| Untracked 
|  83|0x0000000086f00000, 0x0000000086f00000, 0x0000000087000000|  0%| F|  |TAMS 0x0000000086f00000, 0x0000000086f00000| Untracked 
|  84|0x0000000087000000, 0x0000000087000000, 0x0000000087100000|  0%| F|  |TAMS 0x0000000087000000, 0x0000000087000000| Untracked 
|  85|0x0000000087100000, 0x0000000087100000, 0x0000000087200000|  0%| F|  |TAMS 0x0000000087100000, 0x0000000087100000| Untracked 
|  86|0x0000000087200000, 0x0000000087200000, 0x0000000087300000|  0%| F|  |TAMS 0x0000000087200000, 0x0000000087200000| Untracked 
|  87|0x0000000087300000, 0x0000000087300000, 0x0000000087400000|  0%| F|  |TAMS 0x0000000087300000, 0x0000000087300000| Untracked 
|  88|0x0000000087400000, 0x0000000087400000, 0x0000000087500000|  0%| F|  |TAMS 0x0000000087400000, 0x0000000087400000| Untracked 
|  89|0x0000000087500000, 0x0000000087500000, 0x0000000087600000|  0%| F|  |TAMS 0x0000000087500000, 0x0000000087500000| Untracked 
|  90|0x0000000087600000, 0x00000000876e4a80, 0x0000000087700000| 89%| S|CS|TAMS 0x0000000087600000, 0x0000000087600000| Complete 
|  91|0x0000000087700000, 0x0000000087800000, 0x0000000087800000|100%| S|CS|TAMS 0x0000000087700000, 0x0000000087700000| Complete 
|  92|0x0000000087800000, 0x0000000087900000, 0x0000000087900000|100%| S|CS|TAMS 0x0000000087800000, 0x0000000087800000| Complete 
|  93|0x0000000087900000, 0x0000000087a00000, 0x0000000087a00000|100%| S|CS|TAMS 0x0000000087900000, 0x0000000087900000| Complete 
|  94|0x0000000087a00000, 0x0000000087a00000, 0x0000000087b00000|  0%| F|  |TAMS 0x0000000087a00000, 0x0000000087a00000| Untracked 
|  95|0x0000000087b00000, 0x0000000087b00000, 0x0000000087c00000|  0%| F|  |TAMS 0x0000000087b00000, 0x0000000087b00000| Untracked 
|  96|0x0000000087c00000, 0x0000000087c00000, 0x0000000087d00000|  0%| F|  |TAMS 0x0000000087c00000, 0x0000000087c00000| Untracked 
|  97|0x0000000087d00000, 0x0000000087d00000, 0x0000000087e00000|  0%| F|  |TAMS 0x0000000087d00000, 0x0000000087d00000| Untracked 
|  98|0x0000000087e00000, 0x0000000087e00000, 0x0000000087f00000|  0%| F|  |TAMS 0x0000000087e00000, 0x0000000087e00000| Untracked 
|  99|0x0000000087f00000, 0x0000000087f00000, 0x0000000088000000|  0%| F|  |TAMS 0x0000000087f00000, 0x0000000087f00000| Untracked 
| 100|0x0000000088000000, 0x0000000088000000, 0x0000000088100000|  0%| F|  |TAMS 0x0000000088000000, 0x0000000088000000| Untracked 
| 101|0x0000000088100000, 0x0000000088100000, 0x0000000088200000|  0%| F|  |TAMS 0x0000000088100000, 0x0000000088100000| Untracked 
| 102|0x0000000088200000, 0x0000000088200000, 0x0000000088300000|  0%| F|  |TAMS 0x0000000088200000, 0x0000000088200000| Untracked 
| 103|0x0000000088300000, 0x0000000088300000, 0x0000000088400000|  0%| F|  |TAMS 0x0000000088300000, 0x0000000088300000| Untracked 
| 104|0x0000000088400000, 0x0000000088400000, 0x0000000088500000|  0%| F|  |TAMS 0x0000000088400000, 0x0000000088400000| Untracked 
| 105|0x0000000088500000, 0x0000000088500000, 0x0000000088600000|  0%| F|  |TAMS 0x0000000088500000, 0x0000000088500000| Untracked 
| 106|0x0000000088600000, 0x0000000088600000, 0x0000000088700000|  0%| F|  |TAMS 0x0000000088600000, 0x0000000088600000| Untracked 
| 107|0x0000000088700000, 0x0000000088700000, 0x0000000088800000|  0%| F|  |TAMS 0x0000000088700000, 0x0000000088700000| Untracked 
| 108|0x0000000088800000, 0x0000000088800000, 0x0000000088900000|  0%| F|  |TAMS 0x0000000088800000, 0x0000000088800000| Untracked 
| 109|0x0000000088900000, 0x0000000088900000, 0x0000000088a00000|  0%| F|  |TAMS 0x0000000088900000, 0x0000000088900000| Untracked 
| 110|0x0000000088a00000, 0x0000000088a00000, 0x0000000088b00000|  0%| F|  |TAMS 0x0000000088a00000, 0x0000000088a00000| Untracked 
| 111|0x0000000088b00000, 0x0000000088b00000, 0x0000000088c00000|  0%| F|  |TAMS 0x0000000088b00000, 0x0000000088b00000| Untracked 
| 112|0x0000000088c00000, 0x0000000088c00000, 0x0000000088d00000|  0%| F|  |TAMS 0x0000000088c00000, 0x0000000088c00000| Untracked 
| 113|0x0000000088d00000, 0x0000000088d00000, 0x0000000088e00000|  0%| F|  |TAMS 0x0000000088d00000, 0x0000000088d00000| Untracked 
| 114|0x0000000088e00000, 0x0000000088e00000, 0x0000000088f00000|  0%| F|  |TAMS 0x0000000088e00000, 0x0000000088e00000| Untracked 
| 115|0x0000000088f00000, 0x0000000088f00000, 0x0000000089000000|  0%| F|  |TAMS 0x0000000088f00000, 0x0000000088f00000| Untracked 
| 116|0x0000000089000000, 0x0000000089000000, 0x0000000089100000|  0%| F|  |TAMS 0x0000000089000000, 0x0000000089000000| Untracked 
| 117|0x0000000089100000, 0x0000000089100000, 0x0000000089200000|  0%| F|  |TAMS 0x0000000089100000, 0x0000000089100000| Untracked 
| 118|0x0000000089200000, 0x0000000089200000, 0x0000000089300000|  0%| F|  |TAMS 0x0000000089200000, 0x0000000089200000| Untracked 
| 119|0x0000000089300000, 0x0000000089300000, 0x0000000089400000|  0%| F|  |TAMS 0x0000000089300000, 0x0000000089300000| Untracked 
| 120|0x0000000089400000, 0x0000000089400000, 0x0000000089500000|  0%| F|  |TAMS 0x0000000089400000, 0x0000000089400000| Untracked 
| 121|0x0000000089500000, 0x0000000089500000, 0x0000000089600000|  0%| F|  |TAMS 0x0000000089500000, 0x0000000089500000| Untracked 
| 122|0x0000000089600000, 0x0000000089600000, 0x0000000089700000|  0%| F|  |TAMS 0x0000000089600000, 0x0000000089600000| Untracked 
| 123|0x0000000089700000, 0x0000000089700000, 0x0000000089800000|  0%| F|  |TAMS 0x0000000089700000, 0x0000000089700000| Untracked 
| 124|0x0000000089800000, 0x0000000089800000, 0x0000000089900000|  0%| F|  |TAMS 0x0000000089800000, 0x0000000089800000| Untracked 
| 125|0x0000000089900000, 0x000000008994a3c8, 0x0000000089a00000| 28%| E|  |TAMS 0x0000000089900000, 0x0000000089900000| Complete 
| 126|0x0000000089a00000, 0x0000000089b00000, 0x0000000089b00000|100%| E|CS|TAMS 0x0000000089a00000, 0x0000000089a00000| Complete 
| 127|0x0000000089b00000, 0x0000000089c00000, 0x0000000089c00000|100%| E|CS|TAMS 0x0000000089b00000, 0x0000000089b00000| Complete 

Card table byte_map: [0x0000021e7d720000,0x0000021e7db20000] _byte_map_base: 0x0000021e7d312000

Marking Bits (Prev, Next): (CMBitMap*) 0x0000021e7cf4bd60, (CMBitMap*) 0x0000021e7cf4bda0
 Prev Bits: [0x0000021e7df20000, 0x0000021e7feb0000)
 Next Bits: [0x0000021e166a0000, 0x0000021e18630000)

Polling page: 0x0000021e7af20000

Metaspace:

Usage:
  Non-class:     12.14 MB used.
      Class:      1.97 MB used.
       Both:     14.11 MB used.

Virtual space:
  Non-class space:       16.00 MB reserved,      12.31 MB ( 77%) committed,  2 nodes.
      Class space:        1.00 GB reserved,       2.06 MB ( <1%) committed,  1 nodes.
              Both:        1.02 GB reserved,      14.38 MB (  1%) committed. 

Chunk freelists:
   Non-Class:  3.17 MB
       Class:  1.89 MB
        Both:  5.06 MB

MaxMetaspaceSize: 17179869184.00 GB
CompressedClassSpaceSize: 1.00 GB
 - commit_granule_bytes: 65536.
 - commit_granule_words: 8192.
 - virtual_space_node_default_size: 1048576.
 - enlarge_chunks_in_place: 1.
 - new_chunks_are_fully_committed: 0.
 - uncommit_free_chunks: 1.
 - use_allocation_guard: 0.
 - handle_deallocations: 1.


Internal statistics:

num_allocs_failed_limit: 0.
num_arena_births: 208.
num_arena_deaths: 0.
num_vsnodes_births: 3.
num_vsnodes_deaths: 0.
num_space_committed: 230.
num_space_uncommitted: 0.
num_chunks_returned_to_freelist: 0.
num_chunks_taken_from_freelist: 722.
num_chunk_merges: 0.
num_chunk_splits: 477.
num_chunks_enlarged: 360.
num_purges: 0.

CodeHeap 'non-profiled nmethods': size=120000Kb used=993Kb max_used=993Kb free=119006Kb
 bounds [0x0000021e0f170000, 0x0000021e0f3e0000, 0x0000021e166a0000]
CodeHeap 'profiled nmethods': size=120000Kb used=4855Kb max_used=4855Kb free=115144Kb
 bounds [0x0000021e07c40000, 0x0000021e08100000, 0x0000021e0f170000]
CodeHeap 'non-nmethods': size=5760Kb used=1421Kb max_used=1467Kb free=4338Kb
 bounds [0x0000021e076a0000, 0x0000021e07910000, 0x0000021e07c40000]
 total_blobs=3427 nmethods=2645 adapters=693
 compilation: enabled
              stopped_count=0, restarted_count=0
 full_count=0

Compilation events (20 events):
Event: 65.241 Thread 0x0000021e1af17720 nmethod 2636 0x0000021e080f7f10 code [0x0000021e080f80c0, 0x0000021e080f82d8]
Event: 65.361 Thread 0x0000021e1af17720 2637       3       com.sun.javafx.geom.RoundRectangle2D::setRoundRect (34 bytes)
Event: 65.361 Thread 0x0000021e1af17720 nmethod 2637 0x0000021e080f8410 code [0x0000021e080f85a0, 0x0000021e080f86d8]
Event: 65.361 Thread 0x0000021e1af17720 2638       3       com.sun.javafx.geom.RoundRectangle2D::contains (189 bytes)
Event: 65.362 Thread 0x0000021e1af17720 nmethod 2638 0x0000021e080f8790 code [0x0000021e080f89e0, 0x0000021e080f9398]
Event: 65.362 Thread 0x0000021e1af17720 2639       3       com.sun.javafx.geom.RoundRectangle2D::isEmpty (24 bytes)
Event: 65.362 Thread 0x0000021e1af17720 nmethod 2639 0x0000021e080f9590 code [0x0000021e080f9720, 0x0000021e080f9918]
Event: 65.369 Thread 0x0000021e1af17720 2640       3       javafx.scene.shape.Rectangle::doConfigShape (92 bytes)
Event: 65.370 Thread 0x0000021e1af17720 nmethod 2640 0x0000021e080f9990 code [0x0000021e080f9d40, 0x0000021e080fc238]
Event: 66.216 Thread 0x0000021e1af17720 2641       3       com.sun.javafx.util.Logging::getInputLogger (18 bytes)
Event: 66.217 Thread 0x0000021e1af17720 nmethod 2641 0x0000021e080fcb90 code [0x0000021e080fcd40, 0x0000021e080fcf08]
Event: 85.770 Thread 0x0000021e1af16dd0 2642       4       com.sun.javafx.tk.quantum.QuantumToolkit::postPulse (133 bytes)
Event: 85.774 Thread 0x0000021e1af16dd0 nmethod 2642 0x0000021e0f266710 code [0x0000021e0f266900, 0x0000021e0f266f68]
Event: 86.554 Thread 0x0000021e1af16dd0 2644       4       com.sun.javafx.tk.quantum.QuantumToolkit$$Lambda$90/0x0000000800c330a8::run (8 bytes)
Event: 86.558 Thread 0x0000021e1af16dd0 nmethod 2644 0x0000021e0f267410 code [0x0000021e0f267600, 0x0000021e0f267cb0]
Event: 113.922 Thread 0x0000021e1af17720 2645       3       jdk.internal.loader.NativeLibraries::find (72 bytes)
Event: 113.923 Thread 0x0000021e1af16dd0 2647       4       java.util.concurrent.ConcurrentHashMap::spread (10 bytes)
Event: 113.923 Thread 0x0000021e1af17720 nmethod 2645 0x0000021e080fcf90 code [0x0000021e080fd1c0, 0x0000021e080fda58]
Event: 113.923 Thread 0x0000021e1af17720 2646   !   3       java.util.concurrent.ConcurrentHashMap::replaceNode (437 bytes)
Event: 113.923 Thread 0x0000021e1af16dd0 nmethod 2647 0x0000021e0f268210 code [0x0000021e0f268380, 0x0000021e0f2683f8]

GC Heap History (4 events):
Event: 0.656 GC heap before
{Heap before GC invocations=0 (full 0):
 garbage-first heap   total 131072K, used 22528K [0x0000000081c00000, 0x0000000100000000)
  region size 1024K, 23 young (23552K), 0 survivors (0K)
 Metaspace       used 6209K, committed 6336K, reserved 1056768K
  class space    used 763K, committed 832K, reserved 1048576K
}
Event: 0.659 GC heap after
{Heap after GC invocations=1 (full 0):
 garbage-first heap   total 131072K, used 2988K [0x0000000081c00000, 0x0000000100000000)
  region size 1024K, 3 young (3072K), 3 survivors (3072K)
 Metaspace       used 6209K, committed 6336K, reserved 1056768K
  class space    used 763K, committed 832K, reserved 1048576K
}
Event: 62.769 GC heap before
{Heap before GC invocations=1 (full 0):
 garbage-first heap   total 131072K, used 36780K [0x0000000081c00000, 0x0000000100000000)
  region size 1024K, 34 young (34816K), 3 survivors (3072K)
 Metaspace       used 14382K, committed 14592K, reserved 1064960K
  class space    used 2015K, committed 2112K, reserved 1048576K
}
Event: 62.774 GC heap after
{Heap after GC invocations=2 (full 0):
 garbage-first heap   total 131072K, used 9067K [0x0000000081c00000, 0x0000000100000000)
  region size 1024K, 4 young (4096K), 4 survivors (4096K)
 Metaspace       used 14382K, committed 14592K, reserved 1064960K
  class space    used 2015K, committed 2112K, reserved 1048576K
}

Deoptimization events (20 events):
Event: 46.970 Thread 0x0000021e1c2970d0 DEOPT PACKING pc=0x0000021e0f20ffd4 sp=0x0000004ebe7fcda0
Event: 46.970 Thread 0x0000021e1c2970d0 DEOPT UNPACKING pc=0x0000021e076ed72e sp=0x0000004ebe7fcd50 mode 2
Event: 46.972 Thread 0x0000021e1bd627f0 DEOPT PACKING pc=0x0000021e07faa5ff sp=0x0000004ebe4fd9c0
Event: 46.972 Thread 0x0000021e1bd627f0 DEOPT UNPACKING pc=0x0000021e076edece sp=0x0000004ebe4fcde0 mode 0
Event: 48.699 Thread 0x0000021e1c2970d0 Uncommon trap: trap_request=0xffffffde fr.pc=0x0000021e0f20ffd4 relative=0x00000000000004b4
Event: 48.699 Thread 0x0000021e1c2970d0 Uncommon trap: reason=class_check action=maybe_recompile pc=0x0000021e0f20ffd4 method=javafx.scene.Node.getLocalBounds(Lcom/sun/javafx/geom/BaseBounds;Lcom/sun/javafx/geom/transform/BaseTransform;)Lcom/sun/javafx/geom/BaseBounds; @ 22 c2
Event: 48.699 Thread 0x0000021e1c2970d0 DEOPT PACKING pc=0x0000021e0f20ffd4 sp=0x0000004ebe7fcdb0
Event: 48.699 Thread 0x0000021e1c2970d0 DEOPT UNPACKING pc=0x0000021e076ed72e sp=0x0000004ebe7fcd60 mode 2
Event: 48.780 Thread 0x0000021e1bd627f0 DEOPT PACKING pc=0x0000021e07edde42 sp=0x0000004ebe4fde00
Event: 48.780 Thread 0x0000021e1bd627f0 DEOPT UNPACKING pc=0x0000021e076edece sp=0x0000004ebe4fd290 mode 0
Event: 53.002 Thread 0x0000021e1c2970d0 Uncommon trap: trap_request=0xffffffde fr.pc=0x0000021e0f20ffd4 relative=0x00000000000004b4
Event: 53.002 Thread 0x0000021e1c2970d0 Uncommon trap: reason=class_check action=maybe_recompile pc=0x0000021e0f20ffd4 method=javafx.scene.Node.getLocalBounds(Lcom/sun/javafx/geom/BaseBounds;Lcom/sun/javafx/geom/transform/BaseTransform;)Lcom/sun/javafx/geom/BaseBounds; @ 22 c2
Event: 53.002 Thread 0x0000021e1c2970d0 DEOPT PACKING pc=0x0000021e0f20ffd4 sp=0x0000004ebe7fccc0
Event: 53.002 Thread 0x0000021e1c2970d0 DEOPT UNPACKING pc=0x0000021e076ed72e sp=0x0000004ebe7fcc70 mode 2
Event: 53.674 Thread 0x0000021e1bd627f0 DEOPT PACKING pc=0x0000021e07ff1504 sp=0x0000004ebe4fe340
Event: 53.674 Thread 0x0000021e1bd627f0 DEOPT UNPACKING pc=0x0000021e076edece sp=0x0000004ebe4fd778 mode 0
Event: 62.775 Thread 0x0000021e1c2970d0 Uncommon trap: trap_request=0xffffff45 fr.pc=0x0000021e0f20e4fc relative=0x000000000000005c
Event: 62.775 Thread 0x0000021e1c2970d0 Uncommon trap: reason=unstable_if action=reinterpret pc=0x0000021e0f20e4fc method=javafx.scene.Node.updateLocalToParentTransform()V @ 4 c2
Event: 62.775 Thread 0x0000021e1c2970d0 DEOPT PACKING pc=0x0000021e0f20e4fc sp=0x0000004ebe7fd7e0
Event: 62.775 Thread 0x0000021e1c2970d0 DEOPT UNPACKING pc=0x0000021e076ed72e sp=0x0000004ebe7fd738 mode 2

Classes unloaded (0 events):
No events

Classes redefined (0 events):
No events

Internal exceptions (20 events):
Event: 0.542 Thread 0x0000021e1c78c400 Exception <a 'java/lang/NoSuchMethodError'{0x0000000088debac0}: 'void java.lang.invoke.DirectMethodHandle$Holder.invokeStatic(java.lang.Object, java.lang.Object, java.lang.Object, java.lang.Object)'> (0x0000000088debac0) 
thrown [t:\workspace\open\src\hotspot\share\interpreter\linkResolver.cpp, line 790]
Event: 0.620 Thread 0x0000021e1c2970d0 Exception <a 'java/lang/NoSuchMethodError'{0x0000000088732d40}: 'java.lang.Object java.lang.invoke.DirectMethodHandle$Holder.invokeStaticInit(java.lang.Object, java.lang.Object, java.lang.Object, java.lang.Object)'> (0x0000000088732d40) 
thrown [t:\workspace\open\src\hotspot\share\interpreter\linkResolver.cpp, line 790]
Event: 0.621 Thread 0x0000021e1c2970d0 Exception <a 'java/lang/NullPointerException'{0x000000008873edf8}> (0x000000008873edf8) 
thrown [t:\workspace\open\src\hotspot\share\interpreter\linkResolver.cpp, line 1385]
Event: 0.624 Thread 0x0000021e1c2970d0 Exception <a 'java/lang/NoSuchMethodError'{0x0000000088763478}: 'void java.lang.invoke.DirectMethodHandle$Holder.invokeSpecial(java.lang.Object, java.lang.Object, java.lang.Object, java.lang.Object, java.lang.Object)'> (0x0000000088763478) 
thrown [t:\workspace\open\src\hotspot\share\interpreter\linkResolver.cpp, line 790]
Event: 0.715 Thread 0x0000021e1c2970d0 Exception <a 'java/lang/NoSuchMethodError'{0x0000000089784af8}: 'void java.lang.invoke.DirectMethodHandle$Holder.invokeStaticInit(java.lang.Object, java.lang.Object)'> (0x0000000089784af8) 
thrown [t:\workspace\open\src\hotspot\share\interpreter\linkResolver.cpp, line 790]
Event: 0.801 Thread 0x0000021e1c2970d0 Implicit null exception at 0x0000021e0f1c8e4c to 0x0000021e0f1c9564
Event: 0.802 Thread 0x0000021e1c2970d0 Implicit null exception at 0x0000021e0f1c4eaf to 0x0000021e0f1c5490
Event: 0.802 Thread 0x0000021e1c2970d0 Implicit null exception at 0x0000021e0f1980af to 0x0000021e0f198310
Event: 0.903 Thread 0x0000021e1c2970d0 Exception <a 'java/lang/NoSuchMethodError'{0x0000000088e838a8}: 'java.lang.Object java.lang.invoke.DirectMethodHandle$Holder.invokeInterface(java.lang.Object, java.lang.Object, java.lang.Object)'> (0x0000000088e838a8) 
thrown [t:\workspace\open\src\hotspot\share\interpreter\linkResolver.cpp, line 790]
Event: 0.903 Thread 0x0000021e1c2970d0 Exception <a 'java/lang/IncompatibleClassChangeError'{0x0000000088e87428}: Found class java.lang.Object, but interface was expected> (0x0000000088e87428) 
thrown [t:\workspace\open\src\hotspot\share\interpreter\linkResolver.cpp, line 857]
Event: 0.939 Thread 0x0000021e1c2970d0 Exception <a 'java/lang/ClassNotFoundException'{0x0000000088b0c910}: com/sun/javafx/scene/control/skin/resources/controls> (0x0000000088b0c910) 
thrown [t:\workspace\open\src\hotspot\share\prims\jni.cpp, line 600]
Event: 0.939 Thread 0x0000021e1c2970d0 Exception <a 'java/lang/ClassNotFoundException'{0x0000000088b1a410}: com/sun/javafx/scene/control/skin/resources/controls_en> (0x0000000088b1a410) 
thrown [t:\workspace\open\src\hotspot\share\prims\jni.cpp, line 600]
Event: 0.940 Thread 0x0000021e1c2970d0 Exception <a 'java/lang/ClassNotFoundException'{0x0000000088b1bac0}: com/sun/javafx/scene/control/skin/resources/controls_en_MY> (0x0000000088b1bac0) 
thrown [t:\workspace\open\src\hotspot\share\prims\jni.cpp, line 600]
Event: 0.966 Thread 0x0000021e1c2970d0 Exception <a 'java/lang/NoSuchMethodError'{0x0000000088aabb90}: 'void java.lang.invoke.DirectMethodHandle$Holder.invokeSpecial(java.lang.Object, java.lang.Object, java.lang.Object, java.lang.Object, java.lang.Object, java.lang.Object)'> (0x0000000088aabb90) 
thrown [t:\workspace\open\src\hotspot\share\interpreter\linkResolver.cpp, line 790]
Event: 1.042 Thread 0x0000021e1c2970d0 Exception <a 'java/lang/NoSuchMethodError'{0x000000008866cc80}: 'java.lang.Object java.lang.invoke.DirectMethodHandle$Holder.newInvokeSpecial(java.lang.Object, java.lang.Object, int)'> (0x000000008866cc80) 
thrown [t:\workspace\open\src\hotspot\share\interpreter\linkResolver.cpp, line 790]
Event: 1.060 Thread 0x0000021e1bd627f0 Exception <a 'java/lang/NoSuchMethodError'{0x000000008851a718}: 'int java.lang.invoke.DirectMethodHandle$Holder.invokeStaticInit(java.lang.Object, java.lang.Object)'> (0x000000008851a718) 
thrown [t:\workspace\open\src\hotspot\share\interpreter\linkResolver.cpp, line 790]
Event: 7.435 Thread 0x0000021e1c2970d0 Exception <a 'java/lang/NoSuchMethodError'{0x0000000087fbbd88}: 'long java.lang.invoke.DirectMethodHandle$Holder.invokeStatic(java.lang.Object, java.lang.Object, java.lang.Object)'> (0x0000000087fbbd88) 
thrown [t:\workspace\open\src\hotspot\share\interpreter\linkResolver.cpp, line 790]
Event: 7.435 Thread 0x0000021e1c2970d0 Exception <a 'java/lang/NoSuchMethodError'{0x0000000087fbf9e0}: 'long java.lang.invoke.DirectMethodHandle$Holder.invokeStaticInit(java.lang.Object, java.lang.Object, java.lang.Object)'> (0x0000000087fbf9e0) 
thrown [t:\workspace\open\src\hotspot\share\interpreter\linkResolver.cpp, line 790]
Event: 7.437 Thread 0x0000021e1c2970d0 Exception <a 'java/lang/NoSuchMethodError'{0x0000000087fd7df8}: 'java.lang.Object java.lang.invoke.DirectMethodHandle$Holder.newInvokeSpecial(java.lang.Object, java.lang.Object, long)'> (0x0000000087fd7df8) 
thrown [t:\workspace\open\src\hotspot\share\interpreter\linkResolver.cpp, line 790]
Event: 7.437 Thread 0x0000021e1c2970d0 Exception <a 'java/lang/NoSuchMethodError'{0x0000000087fdbb68}: 'java.lang.Object java.lang.invoke.Invokers$Holder.linkToTargetMethod(java.lang.Object, long, java.lang.Object)'> (0x0000000087fdbb68) 
thrown [t:\workspace\open\src\hotspot\share\interpreter\linkResolver.cpp, line 790]

Events (20 events):
Event: 55.032 Executing  VM operation: Cleanup done
Event: 56.033 Executing  VM operation: Cleanup
Event: 56.033 Executing  VM operation: Cleanup done
Event: 57.033 Executing  VM operation: Cleanup
Event: 57.034 Executing  VM operation: Cleanup done
Event: 59.034 Executing  VM operation: Cleanup
Event: 59.035 Executing  VM operation: Cleanup done
Event: 62.756 loading class jdk/internal/reflect/BootstrapConstructorAccessorImpl
Event: 62.756 loading class jdk/internal/reflect/BootstrapConstructorAccessorImpl done
Event: 62.769 Executing  VM operation: G1CollectForAllocation
Event: 62.775 Executing  VM operation: G1CollectForAllocation done
Event: 63.775 Executing  VM operation: Cleanup
Event: 63.776 Executing  VM operation: Cleanup done
Event: 65.776 Executing  VM operation: Cleanup
Event: 65.776 Executing  VM operation: Cleanup done
Event: 113.922 Thread 0x0000021e1c91f3f0 Thread added: 0x0000021e1c91f3f0
Event: 113.922 Thread 0x0000021e1bcb7a20 Thread added: 0x0000021e1bcb7a20
Event: 113.922 Thread 0x0000021e1bcb7a20 Thread exited: 0x0000021e1bcb7a20
Event: 113.924 Thread 0x0000021e1c91f3f0 Thread exited: 0x0000021e1c91f3f0
Event: 113.924 Executing  VM operation: Exit


Dynamic libraries:
0x00007ff732020000 - 0x00007ff732030000 	C:\Program Files\Java\jdk-16.0.1\bin\javaw.exe
0x00007ffcdfd90000 - 0x00007ffcdff85000 	C:\WINDOWS\SYSTEM32\ntdll.dll
0x00007ffcde810000 - 0x00007ffcde8cd000 	C:\WINDOWS\System32\KERNEL32.DLL
0x00007ffcdd910000 - 0x00007ffcddbd9000 	C:\WINDOWS\System32\KERNELBASE.dll
0x00007ffcdd580000 - 0x00007ffcdd680000 	C:\WINDOWS\System32\ucrtbase.dll
0x00007ffcc7530000 - 0x00007ffcc7549000 	C:\Program Files\Java\jdk-16.0.1\bin\VCRUNTIME140.dll
0x00007ffcc71e0000 - 0x00007ffcc71f8000 	C:\Program Files\Java\jdk-16.0.1\bin\jli.dll
0x00007ffcdf5c0000 - 0x00007ffcdf66c000 	C:\WINDOWS\System32\ADVAPI32.dll
0x00007ffcdf1f0000 - 0x00007ffcdf28e000 	C:\WINDOWS\System32\msvcrt.dll
0x00007ffcdfb70000 - 0x00007ffcdfc0b000 	C:\WINDOWS\System32\sechost.dll
0x00007ffcdf290000 - 0x00007ffcdf3ba000 	C:\WINDOWS\System32\RPCRT4.dll
0x00007ffcde660000 - 0x00007ffcde800000 	C:\WINDOWS\System32\USER32.dll
0x00007ffcddd70000 - 0x00007ffcddd92000 	C:\WINDOWS\System32\win32u.dll
0x00007ffcbdb90000 - 0x00007ffcbde2a000 	C:\WINDOWS\WinSxS\amd64_microsoft.windows.common-controls_6595b64144ccf1df_6.0.19041.1110_none_60b5254171f9507e\COMCTL32.dll
0x00007ffcde940000 - 0x00007ffcde96a000 	C:\WINDOWS\System32\GDI32.dll
0x00007ffcdd800000 - 0x00007ffcdd90b000 	C:\WINDOWS\System32\gdi32full.dll
0x00007ffcdd760000 - 0x00007ffcdd7fd000 	C:\WINDOWS\System32\msvcp_win.dll
0x00007ffcd5fa0000 - 0x00007ffcd5faa000 	C:\WINDOWS\SYSTEM32\VERSION.dll
0x00007ffcdfd20000 - 0x00007ffcdfd50000 	C:\WINDOWS\System32\IMM32.DLL
0x00007ffcd7730000 - 0x00007ffcd773c000 	C:\Program Files\Java\jdk-16.0.1\bin\vcruntime140_1.dll
0x00007ffcac8d0000 - 0x00007ffcac961000 	C:\Program Files\Java\jdk-16.0.1\bin\msvcp140.dll
0x00007ffc81160000 - 0x00007ffc81d0b000 	C:\Program Files\Java\jdk-16.0.1\bin\server\jvm.dll
0x00007ffcdf670000 - 0x00007ffcdf678000 	C:\WINDOWS\System32\PSAPI.DLL
0x00007ffcc8820000 - 0x00007ffcc8829000 	C:\WINDOWS\SYSTEM32\WSOCK32.dll
0x00007ffcd3b50000 - 0x00007ffcd3b77000 	C:\WINDOWS\SYSTEM32\WINMM.dll
0x00007ffcde8d0000 - 0x00007ffcde93b000 	C:\WINDOWS\System32\WS2_32.dll
0x00007ffcdbd70000 - 0x00007ffcdbd82000 	C:\WINDOWS\SYSTEM32\kernel.appcore.dll
0x00007ffcd6770000 - 0x00007ffcd677a000 	C:\Program Files\Java\jdk-16.0.1\bin\jimage.dll
0x00007ffcdb220000 - 0x00007ffcdb404000 	C:\WINDOWS\SYSTEM32\DBGHELP.DLL
0x00007ffcd47c0000 - 0x00007ffcd47ec000 	C:\WINDOWS\SYSTEM32\dbgcore.DLL
0x00007ffcdd680000 - 0x00007ffcdd703000 	C:\WINDOWS\System32\bcryptPrimitives.dll
0x00007ffcb74c0000 - 0x00007ffcb74e5000 	C:\Program Files\Java\jdk-16.0.1\bin\java.dll
0x00007ffcde980000 - 0x00007ffcdf0bf000 	C:\WINDOWS\System32\SHELL32.dll
0x00007ffcdb5c0000 - 0x00007ffcdbd51000 	C:\WINDOWS\SYSTEM32\windows.storage.dll
0x00007ffcdf680000 - 0x00007ffcdf9d5000 	C:\WINDOWS\System32\combase.dll
0x00007ffcdcf40000 - 0x00007ffcdcf6c000 	C:\WINDOWS\SYSTEM32\Wldp.dll
0x00007ffcdfac0000 - 0x00007ffcdfb6e000 	C:\WINDOWS\System32\SHCORE.dll
0x00007ffcdde00000 - 0x00007ffcdde55000 	C:\WINDOWS\System32\shlwapi.dll
0x00007ffcdd410000 - 0x00007ffcdd42f000 	C:\WINDOWS\SYSTEM32\profapi.dll
0x00007ffcc6f40000 - 0x00007ffcc6f59000 	C:\Program Files\Java\jdk-16.0.1\bin\net.dll
0x00007ffcd7330000 - 0x00007ffcd743a000 	C:\WINDOWS\SYSTEM32\WINHTTP.dll
0x00007ffcdcca0000 - 0x00007ffcdcd0a000 	C:\WINDOWS\system32\mswsock.dll
0x00007ffcc4ff0000 - 0x00007ffcc5003000 	C:\Program Files\Java\jdk-16.0.1\bin\nio.dll
0x00007ffcc3fb0000 - 0x00007ffcc3fc8000 	C:\Program Files\Java\jdk-16.0.1\bin\zip.dll
0x0000021e1afb0000 - 0x0000021e1afb3000 	C:\Users\farha\Downloads\openjfx-16_windows-x64_bin-sdk\javafx-sdk-16\bin\api-ms-win-core-console-l1-1-0.dll
0x0000021e1afc0000 - 0x0000021e1afc3000 	C:\Users\farha\Downloads\openjfx-16_windows-x64_bin-sdk\javafx-sdk-16\bin\api-ms-win-core-console-l1-2-0.dll
0x0000021e1afd0000 - 0x0000021e1afd3000 	C:\Users\farha\Downloads\openjfx-16_windows-x64_bin-sdk\javafx-sdk-16\bin\api-ms-win-core-datetime-l1-1-0.dll
0x0000021e1afe0000 - 0x0000021e1afe3000 	C:\Users\farha\Downloads\openjfx-16_windows-x64_bin-sdk\javafx-sdk-16\bin\api-ms-win-core-debug-l1-1-0.dll
0x0000021e1aff0000 - 0x0000021e1aff3000 	C:\Users\farha\Downloads\openjfx-16_windows-x64_bin-sdk\javafx-sdk-16\bin\api-ms-win-core-errorhandling-l1-1-0.dll
0x0000021e1d4d0000 - 0x0000021e1d4d4000 	C:\Users\farha\Downloads\openjfx-16_windows-x64_bin-sdk\javafx-sdk-16\bin\api-ms-win-core-file-l1-1-0.dll
0x0000021e1d4e0000 - 0x0000021e1d4e3000 	C:\Users\farha\Downloads\openjfx-16_windows-x64_bin-sdk\javafx-sdk-16\bin\api-ms-win-core-file-l1-2-0.dll
0x0000021e1d4f0000 - 0x0000021e1d4f3000 	C:\Users\farha\Downloads\openjfx-16_windows-x64_bin-sdk\javafx-sdk-16\bin\api-ms-win-core-file-l2-1-0.dll
0x0000021e1d500000 - 0x0000021e1d503000 	C:\Users\farha\Downloads\openjfx-16_windows-x64_bin-sdk\javafx-sdk-16\bin\api-ms-win-core-handle-l1-1-0.dll
0x0000021e1d510000 - 0x0000021e1d513000 	C:\Users\farha\Downloads\openjfx-16_windows-x64_bin-sdk\javafx-sdk-16\bin\api-ms-win-core-heap-l1-1-0.dll
0x0000021e1d520000 - 0x0000021e1d523000 	C:\Users\farha\Downloads\openjfx-16_windows-x64_bin-sdk\javafx-sdk-16\bin\api-ms-win-core-interlocked-l1-1-0.dll
0x0000021e1d530000 - 0x0000021e1d533000 	C:\Users\farha\Downloads\openjfx-16_windows-x64_bin-sdk\javafx-sdk-16\bin\api-ms-win-core-libraryloader-l1-1-0.dll
0x0000021e1d540000 - 0x0000021e1d543000 	C:\Users\farha\Downloads\openjfx-16_windows-x64_bin-sdk\javafx-sdk-16\bin\api-ms-win-core-localization-l1-2-0.dll
0x0000021e1d550000 - 0x0000021e1d553000 	C:\Users\farha\Downloads\openjfx-16_windows-x64_bin-sdk\javafx-sdk-16\bin\api-ms-win-core-memory-l1-1-0.dll
0x0000021e1d560000 - 0x0000021e1d563000 	C:\Users\farha\Downloads\openjfx-16_windows-x64_bin-sdk\javafx-sdk-16\bin\api-ms-win-core-namedpipe-l1-1-0.dll
0x0000021e1d570000 - 0x0000021e1d573000 	C:\Users\farha\Downloads\openjfx-16_windows-x64_bin-sdk\javafx-sdk-16\bin\api-ms-win-core-processenvironment-l1-1-0.dll
0x0000021e1d580000 - 0x0000021e1d583000 	C:\Users\farha\Downloads\openjfx-16_windows-x64_bin-sdk\javafx-sdk-16\bin\api-ms-win-core-processthreads-l1-1-0.dll
0x0000021e1d590000 - 0x0000021e1d593000 	C:\Users\farha\Downloads\openjfx-16_windows-x64_bin-sdk\javafx-sdk-16\bin\api-ms-win-core-processthreads-l1-1-1.dll
0x0000021e1d5a0000 - 0x0000021e1d5a3000 	C:\Users\farha\Downloads\openjfx-16_windows-x64_bin-sdk\javafx-sdk-16\bin\api-ms-win-core-profile-l1-1-0.dll
0x0000021e1d5b0000 - 0x0000021e1d5b3000 	C:\Users\farha\Downloads\openjfx-16_windows-x64_bin-sdk\javafx-sdk-16\bin\api-ms-win-core-rtlsupport-l1-1-0.dll
0x0000021e1d5c0000 - 0x0000021e1d5c3000 	C:\Users\farha\Downloads\openjfx-16_windows-x64_bin-sdk\javafx-sdk-16\bin\api-ms-win-core-string-l1-1-0.dll
0x0000021e1d5d0000 - 0x0000021e1d5d3000 	C:\Users\farha\Downloads\openjfx-16_windows-x64_bin-sdk\javafx-sdk-16\bin\api-ms-win-core-synch-l1-1-0.dll
0x0000021e1d5e0000 - 0x0000021e1d5e3000 	C:\Users\farha\Downloads\openjfx-16_windows-x64_bin-sdk\javafx-sdk-16\bin\api-ms-win-core-synch-l1-2-0.dll
0x0000021e1d5f0000 - 0x0000021e1d5f3000 	C:\Users\farha\Downloads\openjfx-16_windows-x64_bin-sdk\javafx-sdk-16\bin\api-ms-win-core-sysinfo-l1-1-0.dll
0x0000021e1d600000 - 0x0000021e1d603000 	C:\Users\farha\Downloads\openjfx-16_windows-x64_bin-sdk\javafx-sdk-16\bin\api-ms-win-core-timezone-l1-1-0.dll
0x0000021e1d610000 - 0x0000021e1d613000 	C:\Users\farha\Downloads\openjfx-16_windows-x64_bin-sdk\javafx-sdk-16\bin\api-ms-win-core-util-l1-1-0.dll
0x0000021e1d620000 - 0x0000021e1d623000 	C:\Users\farha\Downloads\openjfx-16_windows-x64_bin-sdk\javafx-sdk-16\bin\api-ms-win-crt-conio-l1-1-0.dll
0x0000021e1d630000 - 0x0000021e1d634000 	C:\Users\farha\Downloads\openjfx-16_windows-x64_bin-sdk\javafx-sdk-16\bin\api-ms-win-crt-convert-l1-1-0.dll
0x0000021e1d640000 - 0x0000021e1d643000 	C:\Users\farha\Downloads\openjfx-16_windows-x64_bin-sdk\javafx-sdk-16\bin\api-ms-win-crt-environment-l1-1-0.dll
0x0000021e1d650000 - 0x0000021e1d653000 	C:\Users\farha\Downloads\openjfx-16_windows-x64_bin-sdk\javafx-sdk-16\bin\api-ms-win-crt-filesystem-l1-1-0.dll
0x0000021e1d660000 - 0x0000021e1d663000 	C:\Users\farha\Downloads\openjfx-16_windows-x64_bin-sdk\javafx-sdk-16\bin\api-ms-win-crt-heap-l1-1-0.dll
0x0000021e1d670000 - 0x0000021e1d673000 	C:\Users\farha\Downloads\openjfx-16_windows-x64_bin-sdk\javafx-sdk-16\bin\api-ms-win-crt-locale-l1-1-0.dll
0x0000021e1d680000 - 0x0000021e1d685000 	C:\Users\farha\Downloads\openjfx-16_windows-x64_bin-sdk\javafx-sdk-16\bin\api-ms-win-crt-math-l1-1-0.dll
0x0000021e1d690000 - 0x0000021e1d695000 	C:\Users\farha\Downloads\openjfx-16_windows-x64_bin-sdk\javafx-sdk-16\bin\api-ms-win-crt-multibyte-l1-1-0.dll
0x0000021e1d6a0000 - 0x0000021e1d6b0000 	C:\Users\farha\Downloads\openjfx-16_windows-x64_bin-sdk\javafx-sdk-16\bin\api-ms-win-crt-private-l1-1-0.dll
0x0000021e1d6b0000 - 0x0000021e1d6b3000 	C:\Users\farha\Downloads\openjfx-16_windows-x64_bin-sdk\javafx-sdk-16\bin\api-ms-win-crt-process-l1-1-0.dll
0x0000021e1d6c0000 - 0x0000021e1d6c4000 	C:\Users\farha\Downloads\openjfx-16_windows-x64_bin-sdk\javafx-sdk-16\bin\api-ms-win-crt-runtime-l1-1-0.dll
0x0000021e1d6d0000 - 0x0000021e1d6d4000 	C:\Users\farha\Downloads\openjfx-16_windows-x64_bin-sdk\javafx-sdk-16\bin\api-ms-win-crt-stdio-l1-1-0.dll
0x0000021e1d6e0000 - 0x0000021e1d6e4000 	C:\Users\farha\Downloads\openjfx-16_windows-x64_bin-sdk\javafx-sdk-16\bin\api-ms-win-crt-string-l1-1-0.dll
0x0000021e1d6f0000 - 0x0000021e1d6f3000 	C:\Users\farha\Downloads\openjfx-16_windows-x64_bin-sdk\javafx-sdk-16\bin\api-ms-win-crt-time-l1-1-0.dll
0x0000021e1d700000 - 0x0000021e1d703000 	C:\Users\farha\Downloads\openjfx-16_windows-x64_bin-sdk\javafx-sdk-16\bin\api-ms-win-crt-utility-l1-1-0.dll
0x00007ffc98510000 - 0x00007ffc9860c000 	C:\Users\farha\Downloads\openjfx-16_windows-x64_bin-sdk\javafx-sdk-16\bin\ucrtbase.dll
0x00007ffcc38f0000 - 0x00007ffcc3909000 	C:\Users\farha\Downloads\openjfx-16_windows-x64_bin-sdk\javafx-sdk-16\bin\vcruntime140.dll
0x00007ffcd66e0000 - 0x00007ffcd66ec000 	C:\Users\farha\Downloads\openjfx-16_windows-x64_bin-sdk\javafx-sdk-16\bin\vcruntime140_1.dll
0x00007ffca5020000 - 0x00007ffca50b1000 	C:\Users\farha\Downloads\openjfx-16_windows-x64_bin-sdk\javafx-sdk-16\bin\msvcp140.dll
0x00007ffcb7490000 - 0x00007ffcb74b7000 	C:\Users\farha\Downloads\openjfx-16_windows-x64_bin-sdk\javafx-sdk-16\bin\prism_d3d.dll
0x00007ffc87a80000 - 0x00007ffc87c4e000 	C:\WINDOWS\system32\d3d9.dll
0x00007ffcdada0000 - 0x00007ffcdadcf000 	C:\WINDOWS\SYSTEM32\dwmapi.dll
0x00007ffcdaac0000 - 0x00007ffcdab5e000 	C:\WINDOWS\system32\uxtheme.dll
0x00007ffcddbe0000 - 0x00007ffcddc07000 	C:\WINDOWS\System32\bcrypt.dll
0x00007ffcddc10000 - 0x00007ffcddd6f000 	C:\WINDOWS\System32\crypt32.dll
0x00007ffcd5680000 - 0x00007ffcd56b1000 	C:\WINDOWS\SYSTEM32\cryptnet.dll
0x00007ffcdcea0000 - 0x00007ffcdceac000 	C:\WINDOWS\SYSTEM32\cryptbase.dll
0x00007ffcdd0c0000 - 0x00007ffcdd0d2000 	C:\WINDOWS\SYSTEM32\MSASN1.dll
0x00007ffcdce80000 - 0x00007ffcdce98000 	C:\WINDOWS\SYSTEM32\CRYPTSP.dll
0x00007ffcdc5d0000 - 0x00007ffcdc604000 	C:\WINDOWS\system32\rsaenh.dll
0x00007ffcac420000 - 0x00007ffcac462000 	C:\Users\farha\Downloads\openjfx-16_windows-x64_bin-sdk\javafx-sdk-16\bin\glass.dll
0x00007ffcdf3c0000 - 0x00007ffcdf49a000 	C:\WINDOWS\System32\COMDLG32.dll
0x00007ffcdf0c0000 - 0x00007ffcdf1ea000 	C:\WINDOWS\System32\ole32.dll
0x00007ffcddee0000 - 0x00007ffcddfad000 	C:\WINDOWS\System32\OLEAUT32.dll
0x00007ffcdf4a0000 - 0x00007ffcdf5b5000 	C:\WINDOWS\System32\MSCTF.dll
0x00007ffcd1420000 - 0x00007ffcd145b000 	C:\WINDOWS\SYSTEM32\dxcore.dll
0x00007ffcdd710000 - 0x00007ffcdd75e000 	C:\WINDOWS\System32\cfgmgr32.dll
0x00007ffcc1240000 - 0x00007ffcc1254000 	C:\Users\farha\Downloads\openjfx-16_windows-x64_bin-sdk\javafx-sdk-16\bin\javafx_font.dll
0x00007ffcc9320000 - 0x00007ffcc959f000 	C:\WINDOWS\SYSTEM32\dwrite.dll
0x00007ffcdfc10000 - 0x00007ffcdfcb9000 	C:\WINDOWS\System32\clbcatq.dll
0x00007ffcd3eb0000 - 0x00007ffcd4064000 	C:\WINDOWS\SYSTEM32\WindowsCodecs.dll
0x00007ffcc0900000 - 0x00007ffcc093e000 	C:\WINDOWS\system32\dataexchange.dll
0x00007ffcd8dd0000 - 0x00007ffcd9034000 	C:\WINDOWS\system32\d3d11.dll
0x00007ffcd9d20000 - 0x00007ffcd9f06000 	C:\WINDOWS\system32\dcomp.dll
0x00007ffcdbde0000 - 0x00007ffcdbed4000 	C:\WINDOWS\system32\dxgi.dll
0x00007ffcd4860000 - 0x00007ffcd4a61000 	C:\WINDOWS\system32\twinapi.appcore.dll
0x00007ffca9db0000 - 0x00007ffca9de4000 	C:\Program Files\Common Files\Microsoft Shared\Ink\rtscom.dll
0x00007ffccbc90000 - 0x00007ffccbd89000 	C:\WINDOWS\SYSTEM32\textinputframework.dll
0x00007ffcda2c0000 - 0x00007ffcda61e000 	C:\WINDOWS\System32\CoreUIComponents.dll
0x00007ffcda620000 - 0x00007ffcda712000 	C:\WINDOWS\System32\CoreMessaging.dll
0x00007ffcdc1e0000 - 0x00007ffcdc213000 	C:\WINDOWS\SYSTEM32\ntmarta.dll
0x00007ffcd9bc0000 - 0x00007ffcd9d14000 	C:\WINDOWS\SYSTEM32\wintypes.dll

dbghelp: loaded successfully - version: 4.0.5 - missing functions: none
symbol engine: initialized successfully - sym options: 0x614 - pdb path: .;C:\Program Files\Java\jdk-16.0.1\bin;C:\WINDOWS\SYSTEM32;C:\WINDOWS\WinSxS\amd64_microsoft.windows.common-controls_6595b64144ccf1df_6.0.19041.1110_none_60b5254171f9507e;C:\Program Files\Java\jdk-16.0.1\bin\server;C:\Users\farha\Downloads\openjfx-16_windows-x64_bin-sdk\javafx-sdk-16\bin;C:\WINDOWS\System32\DriverStore\FileRepository\nvami.inf_amd64_8592088b0b875d85;C:\WINDOWS\System32\DriverStore\FileRepository\iigd_dch.inf_amd64_93cd1ac04c27c7e5;C:\Program Files\Common Files\Microsoft Shared\Ink

VM Arguments:
jvm_args: --module-path=C:\Users\farha\Downloads\openjfx-16_windows-x64_bin-sdk\javafx-sdk-16\lib --add-modules=javafx.controls,javafx.fxml -Dfile.encoding=Cp1252 --module-path=C:\Users\farha\.p2\pool\plugins\org.eclipse.fx.ide.css.jfx8_3.7.0.202010120832.jar;C:\Users\farha\Downloads\openjfx-16_windows-x64_bin-sdk\javafx-sdk-16\lib\javafx.base.jar;C:\Users\farha\Downloads\openjfx-16_windows-x64_bin-sdk\javafx-sdk-16\lib\javafx.controls.jar;C:\Users\farha\Downloads\openjfx-16_windows-x64_bin-sdk\javafx-sdk-16\lib\javafx.fxml.jar;C:\Users\farha\Downloads\openjfx-16_windows-x64_bin-sdk\javafx-sdk-16\lib\javafx.graphics.jar;C:\Users\farha\Downloads\openjfx-16_windows-x64_bin-sdk\javafx-sdk-16\lib\javafx.media.jar;C:\Users\farha\Downloads\openjfx-16_windows-x64_bin-sdk\javafx-sdk-16\lib\javafx.swing.jar;C:\Users\farha\Downloads\openjfx-16_windows-x64_bin-sdk\javafx-sdk-16\lib\javafx.web.jar;C:\Users\farha\Downloads\openjfx-16_windows-x64_bin-sdk\javafx-sdk-16\lib\javafx-swt.jar -XX:+ShowCodeDetailsInExceptionMessages 
java_command: application.SystemManager
java_class_path (initial): C:\Users\farha\OneDrive\Documents\GitHub\OOPProjectTicTacToe\OOPHW10\bin
Launcher Type: SUN_STANDARD

[Global flags]
     intx CICompilerCount                          = 4                                         {product} {ergonomic}
     uint ConcGCThreads                            = 2                                         {product} {ergonomic}
     uint G1ConcRefinementThreads                  = 8                                         {product} {ergonomic}
   size_t G1HeapRegionSize                         = 1048576                                   {product} {ergonomic}
    uintx GCDrainStackTargetSize                   = 64                                        {product} {ergonomic}
   size_t InitialHeapSize                          = 134217728                                 {product} {ergonomic}
   size_t MarkStackSize                            = 4194304                                   {product} {ergonomic}
   size_t MaxHeapSize                              = 2118123520                                {product} {ergonomic}
   size_t MaxNewSize                               = 1270874112                                {product} {ergonomic}
   size_t MinHeapDeltaBytes                        = 1048576                                   {product} {ergonomic}
   size_t MinHeapSize                              = 8388608                                   {product} {ergonomic}
    uintx NonNMethodCodeHeapSize                   = 5839372                                {pd product} {ergonomic}
    uintx NonProfiledCodeHeapSize                  = 122909434                              {pd product} {ergonomic}
    uintx ProfiledCodeHeapSize                     = 122909434                              {pd product} {ergonomic}
    uintx ReservedCodeCacheSize                    = 251658240                              {pd product} {ergonomic}
     bool SegmentedCodeCache                       = true                                      {product} {ergonomic}
     bool ShowCodeDetailsInExceptionMessages       = true                                   {manageable} {command line}
   size_t SoftMaxHeapSize                          = 2118123520                             {manageable} {ergonomic}
     bool UseCompressedClassPointers               = true                           {product lp64_product} {ergonomic}
     bool UseCompressedOops                        = true                           {product lp64_product} {ergonomic}
     bool UseG1GC                                  = true                                      {product} {ergonomic}
     bool UseLargePagesIndividualAllocation        = false                                  {pd product} {ergonomic}

Logging:
Log output configuration:
 #0: stdout all=off uptime,level,tags
 #1: stderr all=off uptime,level,tags

Environment Variables:
JAVA_HOME=C:\Program Files\Java\jdk1.8.0_291
PATH=C:/Users/farha/.p2/pool/plugins/org.eclipse.justj.openjdk.hotspot.jre.full.win32.x86_64_15.0.2.v20210201-0955/jre/bin/server;C:/Users/farha/.p2/pool/plugins/org.eclipse.justj.openjdk.hotspot.jre.full.win32.x86_64_15.0.2.v20210201-0955/jre/bin;C:\MinGW\bin;C:\Users\farha\AppData\Local\Microsoft\WindowsApps;C:\Program Files\JetBrains\CLion 2020.3.1\bin;;C:\android\platform-tools;C:\ffmpeg\bin;C:\Users\farha\AppData\Local\GitHubDesktop\bin;C:\Program Files\Graphviz\bin;;C:\WINDOWS\system32;
USERNAME=farhanrs7
OS=Windows_NT
PROCESSOR_IDENTIFIER=Intel64 Family 6 Model 142 Stepping 10, GenuineIntel



---------------  S Y S T E M  ---------------

OS:
 Windows 10 , 64 bit Build 19041 (10.0.19041.1023)
OS uptime: 1 days 21:51 hours

CPU: total 8 (initial active 8) (4 cores per cpu, 2 threads per core) family 6 model 142 stepping 10 microcode 0xb4, cx8, cmov, fxsr, ht, mmx, 3dnowpref, sse, sse2, sse3, ssse3, sse4.1, sse4.2, popcnt, lzcnt, tsc, tscinvbit, avx, avx2, aes, erms, clmul, bmi1, bmi2, adx, fma, vzeroupper, clflush, clflushopt

Memory: 4k page, system-wide physical 8074M (1442M free)
TotalPageFile size 13450M (AvailPageFile size 2327M)
current process WorkingSet (physical memory assigned to process): 117M, peak: 135M
current process commit charge ("private bytes"): 270M, peak: 294M

vm_info: Java HotSpot(TM) 64-Bit Server VM (16.0.1+9-24) for windows-amd64 JRE (16.0.1+9-24), built on Mar 26 2021 19:31:42 by "mach5one" with MS VC++ 16.7 (VS2019)

END.
